<?xml version="1.0" encoding="UTF-8"?>
<testsuite name="org.example.springboot.repository.PhotoRepositoryTest" tests="1" skipped="0" failures="0" errors="0" timestamp="2025-05-09T11:52:37.033Z" hostname="bagbyeongchan-ui-MacBook-Pro.local" time="0.022">
  <properties/>
  <testcase name="사진 등록 및 조회 테스트" classname="org.example.springboot.repository.PhotoRepositoryTest" time="0.022"/>
  <system-out><![CDATA[2025-05-09T20:52:37.030+09:00  INFO 31616 --- [    Test worker] t.c.s.AnnotationConfigContextLoaderUtils : Could not detect default configuration classes for test class [org.example.springboot.repository.PhotoRepositoryTest]: PhotoRepositoryTest does not declare any static, non-private, non-final, nested classes annotated with @Configuration.
2025-05-09T20:52:37.031+09:00  INFO 31616 --- [    Test worker] .b.t.c.SpringBootTestContextBootstrapper : Found @SpringBootConfiguration org.example.springboot.Application for test class org.example.springboot.repository.PhotoRepositoryTest
2025-05-09T20:52:37.035+09:00 DEBUG 31616 --- [    Test worker] org.hibernate.SQL                        : 
    insert 
    into
        users
        (created_at, email, name, nickname, password, phone, profile, profile_img_path, role) 
    values
        (?, ?, ?, ?, ?, ?, ?, ?, ?)
Hibernate: 
    insert 
    into
        users
        (created_at, email, name, nickname, password, phone, profile, profile_img_path, role) 
    values
        (?, ?, ?, ?, ?, ?, ?, ?, ?)
2025-05-09T20:52:37.036+09:00 DEBUG 31616 --- [    Test worker] org.hibernate.SQL                        : 
    insert 
    into
        posts
        (content, created_at, status, title, updated_at, user_id) 
    values
        (?, ?, ?, ?, ?, ?)
Hibernate: 
    insert 
    into
        posts
        (content, created_at, status, title, updated_at, user_id) 
    values
        (?, ?, ?, ?, ?, ?)
2025-05-09T20:52:37.038+09:00 DEBUG 31616 --- [    Test worker] org.hibernate.SQL                        : 
    insert 
    into
        posts
        (content, created_at, status, title, updated_at, user_id) 
    values
        (?, ?, ?, ?, ?, ?)
Hibernate: 
    insert 
    into
        posts
        (content, created_at, status, title, updated_at, user_id) 
    values
        (?, ?, ?, ?, ?, ?)
2025-05-09T20:52:37.040+09:00 DEBUG 31616 --- [    Test worker] org.hibernate.SQL                        : 
    insert 
    into
        photos
        (created_at, path, post_id) 
    values
        (?, ?, ?)
Hibernate: 
    insert 
    into
        photos
        (created_at, path, post_id) 
    values
        (?, ?, ?)
2025-05-09T20:52:37.042+09:00 DEBUG 31616 --- [    Test worker] org.hibernate.SQL                        : 
    insert 
    into
        photos
        (created_at, path, post_id) 
    values
        (?, ?, ?)
Hibernate: 
    insert 
    into
        photos
        (created_at, path, post_id) 
    values
        (?, ?, ?)
2025-05-09T20:52:37.043+09:00 DEBUG 31616 --- [    Test worker] org.hibernate.SQL                        : 
    insert 
    into
        photos
        (created_at, path, post_id) 
    values
        (?, ?, ?)
Hibernate: 
    insert 
    into
        photos
        (created_at, path, post_id) 
    values
        (?, ?, ?)
2025-05-09T20:52:37.044+09:00 DEBUG 31616 --- [    Test worker] org.hibernate.SQL                        : 
    insert 
    into
        photos
        (created_at, path, post_id) 
    values
        (?, ?, ?)
Hibernate: 
    insert 
    into
        photos
        (created_at, path, post_id) 
    values
        (?, ?, ?)
2025-05-09T20:52:37.046+09:00 DEBUG 31616 --- [    Test worker] org.hibernate.SQL                        : 
    insert 
    into
        photos
        (created_at, path, post_id) 
    values
        (?, ?, ?)
Hibernate: 
    insert 
    into
        photos
        (created_at, path, post_id) 
    values
        (?, ?, ?)
2025-05-09T20:52:37.048+09:00 DEBUG 31616 --- [    Test worker] org.hibernate.SQL                        : 
    select
        p1_0.image_id,
        p1_0.created_at,
        p1_0.path,
        p1_0.post_id 
    from
        photos p1_0
Hibernate: 
    select
        p1_0.image_id,
        p1_0.created_at,
        p1_0.path,
        p1_0.post_id 
    from
        photos p1_0
2025-05-09T20:52:37.050+09:00 DEBUG 31616 --- [    Test worker] org.hibernate.SQL                        : 
    select
        p1_0.image_id,
        p1_0.created_at,
        p1_0.path,
        p1_0.post_id 
    from
        photos p1_0 
    where
        p1_0.post_id=?
Hibernate: 
    select
        p1_0.image_id,
        p1_0.created_at,
        p1_0.path,
        p1_0.post_id 
    from
        photos p1_0 
    where
        p1_0.post_id=?
2025-05-09T20:52:37.052+09:00 DEBUG 31616 --- [    Test worker] org.hibernate.SQL                        : 
    select
        p1_0.image_id,
        p1_0.created_at,
        p1_0.path,
        p1_0.post_id 
    from
        photos p1_0 
    where
        p1_0.post_id=?
Hibernate: 
    select
        p1_0.image_id,
        p1_0.created_at,
        p1_0.path,
        p1_0.post_id 
    from
        photos p1_0 
    where
        p1_0.post_id=?
]]></system-out>
  <system-err><![CDATA[]]></system-err>
</testsuite>
