<?xml version="1.0" encoding="UTF-8"?>
<testsuite name="org.example.springboot.repository.CommentRepositoryTest" tests="1" skipped="0" failures="0" errors="0" timestamp="2025-05-09T11:52:37.002Z" hostname="bagbyeongchan-ui-MacBook-Pro.local" time="0.026">
  <properties/>
  <testcase name="댓글 등록 및 조회 테스트" classname="org.example.springboot.repository.CommentRepositoryTest" time="0.026"/>
  <system-out><![CDATA[2025-05-09T20:52:37.000+09:00  INFO 31616 --- [    Test worker] t.c.s.AnnotationConfigContextLoaderUtils : Could not detect default configuration classes for test class [org.example.springboot.repository.CommentRepositoryTest]: CommentRepositoryTest does not declare any static, non-private, non-final, nested classes annotated with @Configuration.
2025-05-09T20:52:37.001+09:00  INFO 31616 --- [    Test worker] .b.t.c.SpringBootTestContextBootstrapper : Found @SpringBootConfiguration org.example.springboot.Application for test class org.example.springboot.repository.CommentRepositoryTest
2025-05-09T20:52:37.004+09:00 DEBUG 31616 --- [    Test worker] org.hibernate.SQL                        : 
    insert 
    into
        users
        (created_at, email, name, nickname, password, phone, profile, profile_img_path, role) 
    values
        (?, ?, ?, ?, ?, ?, ?, ?, ?)
Hibernate: 
    insert 
    into
        users
        (created_at, email, name, nickname, password, phone, profile, profile_img_path, role) 
    values
        (?, ?, ?, ?, ?, ?, ?, ?, ?)
2025-05-09T20:52:37.006+09:00 DEBUG 31616 --- [    Test worker] org.hibernate.SQL                        : 
    insert 
    into
        users
        (created_at, email, name, nickname, password, phone, profile, profile_img_path, role) 
    values
        (?, ?, ?, ?, ?, ?, ?, ?, ?)
Hibernate: 
    insert 
    into
        users
        (created_at, email, name, nickname, password, phone, profile, profile_img_path, role) 
    values
        (?, ?, ?, ?, ?, ?, ?, ?, ?)
2025-05-09T20:52:37.008+09:00 DEBUG 31616 --- [    Test worker] org.hibernate.SQL                        : 
    insert 
    into
        posts
        (content, created_at, status, title, updated_at, user_id) 
    values
        (?, ?, ?, ?, ?, ?)
Hibernate: 
    insert 
    into
        posts
        (content, created_at, status, title, updated_at, user_id) 
    values
        (?, ?, ?, ?, ?, ?)
2025-05-09T20:52:37.010+09:00 DEBUG 31616 --- [    Test worker] org.hibernate.SQL                        : 
    insert 
    into
        comments
        (content, created_at, parent_comment_id, post_id, updated_at, user_id) 
    values
        (?, ?, ?, ?, ?, ?)
Hibernate: 
    insert 
    into
        comments
        (content, created_at, parent_comment_id, post_id, updated_at, user_id) 
    values
        (?, ?, ?, ?, ?, ?)
2025-05-09T20:52:37.012+09:00 DEBUG 31616 --- [    Test worker] org.hibernate.SQL                        : 
    insert 
    into
        comments
        (content, created_at, parent_comment_id, post_id, updated_at, user_id) 
    values
        (?, ?, ?, ?, ?, ?)
Hibernate: 
    insert 
    into
        comments
        (content, created_at, parent_comment_id, post_id, updated_at, user_id) 
    values
        (?, ?, ?, ?, ?, ?)
2025-05-09T20:52:37.013+09:00 DEBUG 31616 --- [    Test worker] org.hibernate.SQL                        : 
    insert 
    into
        comments
        (content, created_at, parent_comment_id, post_id, updated_at, user_id) 
    values
        (?, ?, ?, ?, ?, ?)
Hibernate: 
    insert 
    into
        comments
        (content, created_at, parent_comment_id, post_id, updated_at, user_id) 
    values
        (?, ?, ?, ?, ?, ?)
2025-05-09T20:52:37.015+09:00 DEBUG 31616 --- [    Test worker] org.hibernate.SQL                        : 
    insert 
    into
        comments
        (content, created_at, parent_comment_id, post_id, updated_at, user_id) 
    values
        (?, ?, ?, ?, ?, ?)
Hibernate: 
    insert 
    into
        comments
        (content, created_at, parent_comment_id, post_id, updated_at, user_id) 
    values
        (?, ?, ?, ?, ?, ?)
2025-05-09T20:52:37.017+09:00 DEBUG 31616 --- [    Test worker] org.hibernate.SQL                        : 
    select
        c1_0.comment_id,
        c1_0.content,
        c1_0.created_at,
        c1_0.parent_comment_id,
        c1_0.post_id,
        c1_0.updated_at,
        c1_0.user_id 
    from
        comments c1_0 
    where
        c1_0.post_id=?
Hibernate: 
    select
        c1_0.comment_id,
        c1_0.content,
        c1_0.created_at,
        c1_0.parent_comment_id,
        c1_0.post_id,
        c1_0.updated_at,
        c1_0.user_id 
    from
        comments c1_0 
    where
        c1_0.post_id=?
2025-05-09T20:52:37.021+09:00 DEBUG 31616 --- [    Test worker] org.hibernate.SQL                        : 
    select
        c1_0.comment_id,
        c1_0.content,
        c1_0.created_at,
        c1_0.parent_comment_id,
        c1_0.post_id,
        c1_0.updated_at,
        c1_0.user_id 
    from
        comments c1_0 
    where
        c1_0.post_id=? 
        and c1_0.parent_comment_id is null
Hibernate: 
    select
        c1_0.comment_id,
        c1_0.content,
        c1_0.created_at,
        c1_0.parent_comment_id,
        c1_0.post_id,
        c1_0.updated_at,
        c1_0.user_id 
    from
        comments c1_0 
    where
        c1_0.post_id=? 
        and c1_0.parent_comment_id is null
2025-05-09T20:52:37.025+09:00 DEBUG 31616 --- [    Test worker] org.hibernate.SQL                        : 
    select
        c1_0.comment_id,
        c1_0.content,
        c1_0.created_at,
        c1_0.parent_comment_id,
        c1_0.post_id,
        c1_0.updated_at,
        c1_0.user_id 
    from
        comments c1_0 
    where
        c1_0.parent_comment_id=?
Hibernate: 
    select
        c1_0.comment_id,
        c1_0.content,
        c1_0.created_at,
        c1_0.parent_comment_id,
        c1_0.post_id,
        c1_0.updated_at,
        c1_0.user_id 
    from
        comments c1_0 
    where
        c1_0.parent_comment_id=?
]]></system-out>
  <system-err><![CDATA[]]></system-err>
</testsuite>
