<?xml version="1.0" encoding="UTF-8"?>
<testsuite name="org.example.springboot.repository.ChattingRepositoryTest" tests="1" skipped="0" failures="0" errors="0" timestamp="2025-05-09T11:52:36.550Z" hostname="bagbyeongchan-ui-MacBook-Pro.local" time="0.409">
  <properties/>
  <testcase name="채팅 메시지 등록 및 조회 테스트" classname="org.example.springboot.repository.ChattingRepositoryTest" time="0.409"/>
  <system-out><![CDATA[20:52:34.647 [Test worker] INFO org.springframework.test.context.support.AnnotationConfigContextLoaderUtils -- Could not detect default configuration classes for test class [org.example.springboot.repository.ChattingRepositoryTest]: ChattingRepositoryTest does not declare any static, non-private, non-final, nested classes annotated with @Configuration.
20:52:34.687 [Test worker] INFO org.springframework.boot.test.context.SpringBootTestContextBootstrapper -- Found @SpringBootConfiguration org.example.springboot.Application for test class org.example.springboot.repository.ChattingRepositoryTest

  .   ____          _            __ _ _
 /\\ / ___'_ __ _ _(_)_ __  __ _ \ \ \ \
( ( )\___ | '_ | '_| | '_ \/ _` | \ \ \ \
 \\/  ___)| |_)| | | | | || (_| |  ) ) ) )
  '  |____| .__|_| |_|_| |_\__, | / / / /
 =========|_|==============|___/=/_/_/_/

 :: Spring Boot ::                (v3.4.5)

2025-05-09T20:52:34.832+09:00  INFO 31616 --- [    Test worker] o.e.s.repository.ChattingRepositoryTest  : Starting ChattingRepositoryTest using Java 21.0.7 with PID 31616 (started by chane in /Users/chane/SSAFY/spring-daangn)
2025-05-09T20:52:34.832+09:00  INFO 31616 --- [    Test worker] o.e.s.repository.ChattingRepositoryTest  : No active profile set, falling back to 1 default profile: "default"
2025-05-09T20:52:35.027+09:00  INFO 31616 --- [    Test worker] .s.d.r.c.RepositoryConfigurationDelegate : Bootstrapping Spring Data JPA repositories in DEFAULT mode.
2025-05-09T20:52:35.051+09:00  INFO 31616 --- [    Test worker] .s.d.r.c.RepositoryConfigurationDelegate : Finished Spring Data repository scanning in 20 ms. Found 7 JPA repository interfaces.
2025-05-09T20:52:35.176+09:00  INFO 31616 --- [    Test worker] o.hibernate.jpa.internal.util.LogHelper  : HHH000204: Processing PersistenceUnitInfo [name: default]
2025-05-09T20:52:35.193+09:00  INFO 31616 --- [    Test worker] org.hibernate.Version                    : HHH000412: Hibernate ORM core version 6.6.13.Final
2025-05-09T20:52:35.203+09:00  INFO 31616 --- [    Test worker] o.h.c.internal.RegionFactoryInitiator    : HHH000026: Second-level cache disabled
2025-05-09T20:52:35.299+09:00  INFO 31616 --- [    Test worker] o.s.o.j.p.SpringPersistenceUnitInfo      : No LoadTimeWeaver setup: ignoring JPA class transformer
2025-05-09T20:52:35.309+09:00  INFO 31616 --- [    Test worker] com.zaxxer.hikari.HikariDataSource       : HikariPool-1 - Starting...
2025-05-09T20:52:35.451+09:00  INFO 31616 --- [    Test worker] com.zaxxer.hikari.pool.HikariPool        : HikariPool-1 - Added connection com.mysql.cj.jdbc.ConnectionImpl@51cca357
2025-05-09T20:52:35.452+09:00  INFO 31616 --- [    Test worker] com.zaxxer.hikari.HikariDataSource       : HikariPool-1 - Start completed.
2025-05-09T20:52:35.485+09:00  INFO 31616 --- [    Test worker] org.hibernate.orm.connections.pooling    : HHH10001005: Database info:
	Database JDBC URL [Connecting through datasource 'HikariDataSource (HikariPool-1)']
	Database driver: undefined/unknown
	Database version: 8.0.41
	Autocommit mode: undefined/unknown
	Isolation level: undefined/unknown
	Minimum pool size: undefined/unknown
	Maximum pool size: undefined/unknown
2025-05-09T20:52:35.832+09:00  INFO 31616 --- [    Test worker] o.h.e.t.j.p.i.JtaPlatformInitiator       : HHH000489: No JTA platform available (set 'hibernate.transaction.jta.platform' to enable JTA platform integration)
2025-05-09T20:52:35.911+09:00  INFO 31616 --- [    Test worker] j.LocalContainerEntityManagerFactoryBean : Initialized JPA EntityManagerFactory for persistence unit 'default'
2025-05-09T20:52:35.968+09:00  WARN 31616 --- [    Test worker] JpaBaseConfiguration$JpaWebConfiguration : spring.jpa.open-in-view is enabled by default. Therefore, database queries may be performed during view rendering. Explicitly configure spring.jpa.open-in-view to disable this warning
2025-05-09T20:52:36.195+09:00  INFO 31616 --- [    Test worker] o.s.d.j.r.query.QueryEnhancerFactory     : Hibernate is in classpath; If applicable, HQL parser will be used.
2025-05-09T20:52:36.545+09:00  INFO 31616 --- [    Test worker] o.e.s.repository.ChattingRepositoryTest  : Started ChattingRepositoryTest in 1.808 seconds (process running for 2.194)
2025-05-09T20:52:36.836+09:00 DEBUG 31616 --- [    Test worker] org.hibernate.SQL                        : 
    insert 
    into
        users
        (created_at, email, name, nickname, password, phone, profile, profile_img_path, role) 
    values
        (?, ?, ?, ?, ?, ?, ?, ?, ?)
Hibernate: 
    insert 
    into
        users
        (created_at, email, name, nickname, password, phone, profile, profile_img_path, role) 
    values
        (?, ?, ?, ?, ?, ?, ?, ?, ?)
2025-05-09T20:52:36.851+09:00 DEBUG 31616 --- [    Test worker] org.hibernate.SQL                        : 
    insert 
    into
        users
        (created_at, email, name, nickname, password, phone, profile, profile_img_path, role) 
    values
        (?, ?, ?, ?, ?, ?, ?, ?, ?)
Hibernate: 
    insert 
    into
        users
        (created_at, email, name, nickname, password, phone, profile, profile_img_path, role) 
    values
        (?, ?, ?, ?, ?, ?, ?, ?, ?)
2025-05-09T20:52:36.854+09:00 DEBUG 31616 --- [    Test worker] org.hibernate.SQL                        : 
    insert 
    into
        posts
        (content, created_at, status, title, updated_at, user_id) 
    values
        (?, ?, ?, ?, ?, ?)
Hibernate: 
    insert 
    into
        posts
        (content, created_at, status, title, updated_at, user_id) 
    values
        (?, ?, ?, ?, ?, ?)
2025-05-09T20:52:36.857+09:00 DEBUG 31616 --- [    Test worker] org.hibernate.SQL                        : 
    insert 
    into
        chattingrooms
        (created_at, post_id, updated_at, user_id) 
    values
        (?, ?, ?, ?)
Hibernate: 
    insert 
    into
        chattingrooms
        (created_at, post_id, updated_at, user_id) 
    values
        (?, ?, ?, ?)
2025-05-09T20:52:36.860+09:00 DEBUG 31616 --- [    Test worker] org.hibernate.SQL                        : 
    insert 
    into
        chattings
        (chattingroom_id, content, created_at, user_id) 
    values
        (?, ?, ?, ?)
Hibernate: 
    insert 
    into
        chattings
        (chattingroom_id, content, created_at, user_id) 
    values
        (?, ?, ?, ?)
2025-05-09T20:52:36.861+09:00 DEBUG 31616 --- [    Test worker] org.hibernate.SQL                        : 
    insert 
    into
        chattings
        (chattingroom_id, content, created_at, user_id) 
    values
        (?, ?, ?, ?)
Hibernate: 
    insert 
    into
        chattings
        (chattingroom_id, content, created_at, user_id) 
    values
        (?, ?, ?, ?)
2025-05-09T20:52:36.864+09:00 DEBUG 31616 --- [    Test worker] org.hibernate.SQL                        : 
    insert 
    into
        chattings
        (chattingroom_id, content, created_at, user_id) 
    values
        (?, ?, ?, ?)
Hibernate: 
    insert 
    into
        chattings
        (chattingroom_id, content, created_at, user_id) 
    values
        (?, ?, ?, ?)
2025-05-09T20:52:36.866+09:00 DEBUG 31616 --- [    Test worker] org.hibernate.SQL                        : 
    insert 
    into
        chattings
        (chattingroom_id, content, created_at, user_id) 
    values
        (?, ?, ?, ?)
Hibernate: 
    insert 
    into
        chattings
        (chattingroom_id, content, created_at, user_id) 
    values
        (?, ?, ?, ?)
2025-05-09T20:52:36.904+09:00 DEBUG 31616 --- [    Test worker] org.hibernate.SQL                        : 
    select
        c1_0.chatting_id,
        c1_0.chattingroom_id,
        c1_0.content,
        c1_0.created_at,
        c1_0.user_id 
    from
        chattings c1_0
Hibernate: 
    select
        c1_0.chatting_id,
        c1_0.chattingroom_id,
        c1_0.content,
        c1_0.created_at,
        c1_0.user_id 
    from
        chattings c1_0
2025-05-09T20:52:36.943+09:00 DEBUG 31616 --- [    Test worker] org.hibernate.SQL                        : 
    select
        c1_0.chatting_id,
        c1_0.chattingroom_id,
        c1_0.content,
        c1_0.created_at,
        c1_0.user_id 
    from
        chattings c1_0 
    where
        c1_0.chattingroom_id=?
Hibernate: 
    select
        c1_0.chatting_id,
        c1_0.chattingroom_id,
        c1_0.content,
        c1_0.created_at,
        c1_0.user_id 
    from
        chattings c1_0 
    where
        c1_0.chattingroom_id=?
2025-05-09T20:52:36.949+09:00 DEBUG 31616 --- [    Test worker] org.hibernate.SQL                        : 
    select
        c1_0.chatting_id,
        c1_0.chattingroom_id,
        c1_0.content,
        c1_0.created_at,
        c1_0.user_id 
    from
        chattings c1_0 
    where
        c1_0.chattingroom_id=? 
    order by
        c1_0.created_at
Hibernate: 
    select
        c1_0.chatting_id,
        c1_0.chattingroom_id,
        c1_0.content,
        c1_0.created_at,
        c1_0.user_id 
    from
        chattings c1_0 
    where
        c1_0.chattingroom_id=? 
    order by
        c1_0.created_at
]]></system-out>
  <system-err><![CDATA[Mockito is currently self-attaching to enable the inline-mock-maker. This will no longer work in future releases of the JDK. Please add Mockito as an agent to your build what is described in Mockito's documentation: https://javadoc.io/doc/org.mockito/mockito-core/latest/org/mockito/Mockito.html#0.3
WARNING: A Java agent has been loaded dynamically (/Users/chane/.gradle/caches/modules-2/files-2.1/net.bytebuddy/byte-buddy-agent/1.15.11/a38b16385e867f59a641330f0362ebe742788ed8/byte-buddy-agent-1.15.11.jar)
WARNING: If a serviceability tool is in use, please run with -XX:+EnableDynamicAgentLoading to hide this warning
WARNING: If a serviceability tool is not in use, please run with -Djdk.instrument.traceUsage for more information
WARNING: Dynamic loading of agents will be disallowed by default in a future release
]]></system-err>
</testsuite>
