<?xml version="1.0" encoding="UTF-8"?>
<testsuite name="com.example.daangn.repository.UserRepositoryTest" tests="1" skipped="0" failures="0" errors="0" timestamp="2025-05-09T09:20:50.890Z" hostname="hongjeong-in-ui-MacBookAir.local" time="0.489">
  <properties/>
  <testcase name="사용자 3명 저장" classname="com.example.daangn.repository.UserRepositoryTest" time="0.489"/>
  <system-out><![CDATA[18:20:48.810 [Test worker] INFO org.springframework.test.context.support.AnnotationConfigContextLoaderUtils -- Could not detect default configuration classes for test class [com.example.daangn.repository.UserRepositoryTest]: UserRepositoryTest does not declare any static, non-private, non-final, nested classes annotated with @Configuration.
18:20:48.868 [Test worker] INFO org.springframework.boot.test.context.SpringBootTestContextBootstrapper -- Found @SpringBootConfiguration com.example.daangn.DaangnApplication for test class com.example.daangn.repository.UserRepositoryTest

  .   ____          _            __ _ _
 /\\ / ___'_ __ _ _(_)_ __  __ _ \ \ \ \
( ( )\___ | '_ | '_| | '_ \/ _` | \ \ \ \
 \\/  ___)| |_)| | | | | || (_| |  ) ) ) )
  '  |____| .__|_| |_|_| |_\__, | / / / /
 =========|_|==============|___/=/_/_/_/

 :: Spring Boot ::                (v3.4.5)

2025-05-09T18:20:49.103+09:00  INFO 1461 --- [    Test worker] c.e.d.repository.UserRepositoryTest      : Starting UserRepositoryTest using Java 21.0.5 with PID 1461 (started by hongjungin in /Users/hongjungin/IdeaProjects/daangn)
2025-05-09T18:20:49.104+09:00  INFO 1461 --- [    Test worker] c.e.d.repository.UserRepositoryTest      : No active profile set, falling back to 1 default profile: "default"
2025-05-09T18:20:49.410+09:00  INFO 1461 --- [    Test worker] .s.d.r.c.RepositoryConfigurationDelegate : Bootstrapping Spring Data JPA repositories in DEFAULT mode.
2025-05-09T18:20:49.437+09:00  INFO 1461 --- [    Test worker] .s.d.r.c.RepositoryConfigurationDelegate : Finished Spring Data repository scanning in 21 ms. Found 1 JPA repository interface.
2025-05-09T18:20:49.622+09:00  INFO 1461 --- [    Test worker] o.hibernate.jpa.internal.util.LogHelper  : HHH000204: Processing PersistenceUnitInfo [name: default]
2025-05-09T18:20:49.654+09:00  INFO 1461 --- [    Test worker] org.hibernate.Version                    : HHH000412: Hibernate ORM core version 6.6.13.Final
2025-05-09T18:20:49.675+09:00  INFO 1461 --- [    Test worker] o.h.c.internal.RegionFactoryInitiator    : HHH000026: Second-level cache disabled
2025-05-09T18:20:49.827+09:00  INFO 1461 --- [    Test worker] o.s.o.j.p.SpringPersistenceUnitInfo      : No LoadTimeWeaver setup: ignoring JPA class transformer
2025-05-09T18:20:49.844+09:00  INFO 1461 --- [    Test worker] com.zaxxer.hikari.HikariDataSource       : HikariPool-1 - Starting...
2025-05-09T18:20:49.942+09:00  INFO 1461 --- [    Test worker] com.zaxxer.hikari.pool.HikariPool        : HikariPool-1 - Added connection com.mysql.cj.jdbc.ConnectionImpl@704c3bdf
2025-05-09T18:20:49.943+09:00  INFO 1461 --- [    Test worker] com.zaxxer.hikari.HikariDataSource       : HikariPool-1 - Start completed.
2025-05-09T18:20:49.972+09:00  WARN 1461 --- [    Test worker] org.hibernate.orm.deprecation            : HHH90000025: MySQL8Dialect does not need to be specified explicitly using 'hibernate.dialect' (remove the property setting and it will be selected by default)
2025-05-09T18:20:49.972+09:00  WARN 1461 --- [    Test worker] org.hibernate.orm.deprecation            : HHH90000026: MySQL8Dialect has been deprecated; use org.hibernate.dialect.MySQLDialect instead
2025-05-09T18:20:49.983+09:00  INFO 1461 --- [    Test worker] org.hibernate.orm.connections.pooling    : HHH10001005: Database info:
	Database JDBC URL [Connecting through datasource 'HikariDataSource (HikariPool-1)']
	Database driver: undefined/unknown
	Database version: 8.0
	Autocommit mode: undefined/unknown
	Isolation level: undefined/unknown
	Minimum pool size: undefined/unknown
	Maximum pool size: undefined/unknown
2025-05-09T18:20:50.407+09:00  INFO 1461 --- [    Test worker] o.h.e.t.j.p.i.JtaPlatformInitiator       : HHH000489: No JTA platform available (set 'hibernate.transaction.jta.platform' to enable JTA platform integration)
2025-05-09T18:20:50.440+09:00  INFO 1461 --- [    Test worker] j.LocalContainerEntityManagerFactoryBean : Initialized JPA EntityManagerFactory for persistence unit 'default'
2025-05-09T18:20:50.527+09:00  WARN 1461 --- [    Test worker] JpaBaseConfiguration$JpaWebConfiguration : spring.jpa.open-in-view is enabled by default. Therefore, database queries may be performed during view rendering. Explicitly configure spring.jpa.open-in-view to disable this warning
2025-05-09T18:20:50.881+09:00  INFO 1461 --- [    Test worker] c.e.d.repository.UserRepositoryTest      : Started UserRepositoryTest in 1.935 seconds (process running for 2.535)
2025-05-09T18:20:51.231+09:00 DEBUG 1461 --- [    Test worker] org.hibernate.SQL                        : 
    select
        next_val as id_val 
    from
        user_seq for update
Hibernate: 
    select
        next_val as id_val 
    from
        user_seq for update
2025-05-09T18:20:51.234+09:00 DEBUG 1461 --- [    Test worker] org.hibernate.SQL                        : 
    update
        user_seq 
    set
        next_val= ? 
    where
        next_val=?
Hibernate: 
    update
        user_seq 
    set
        next_val= ? 
    where
        next_val=?
2025-05-09T18:20:51.305+09:00 DEBUG 1461 --- [    Test worker] org.hibernate.SQL                        : 
    insert 
    into
        user
        (created_at, email, nickname, password, role, updated_at, user_id) 
    values
        (?, ?, ?, ?, ?, ?, ?)
Hibernate: 
    insert 
    into
        user
        (created_at, email, nickname, password, role, updated_at, user_id) 
    values
        (?, ?, ?, ?, ?, ?, ?)
2025-05-09T18:20:51.311+09:00 DEBUG 1461 --- [    Test worker] org.hibernate.SQL                        : 
    insert 
    into
        user
        (created_at, email, nickname, password, role, updated_at, user_id) 
    values
        (?, ?, ?, ?, ?, ?, ?)
Hibernate: 
    insert 
    into
        user
        (created_at, email, nickname, password, role, updated_at, user_id) 
    values
        (?, ?, ?, ?, ?, ?, ?)
2025-05-09T18:20:51.312+09:00 DEBUG 1461 --- [    Test worker] org.hibernate.SQL                        : 
    insert 
    into
        user
        (created_at, email, nickname, password, role, updated_at, user_id) 
    values
        (?, ?, ?, ?, ?, ?, ?)
Hibernate: 
    insert 
    into
        user
        (created_at, email, nickname, password, role, updated_at, user_id) 
    values
        (?, ?, ?, ?, ?, ?, ?)
2025-05-09T18:20:51.324+09:00 DEBUG 1461 --- [    Test worker] org.hibernate.SQL                        : 
    select
        u1_0.user_id,
        u1_0.created_at,
        u1_0.email,
        u1_0.nickname,
        u1_0.password,
        u1_0.role,
        u1_0.updated_at 
    from
        user u1_0 
    where
        u1_0.email=?
Hibernate: 
    select
        u1_0.user_id,
        u1_0.created_at,
        u1_0.email,
        u1_0.nickname,
        u1_0.password,
        u1_0.role,
        u1_0.updated_at 
    from
        user u1_0 
    where
        u1_0.email=?
]]></system-out>
  <system-err><![CDATA[Mockito is currently self-attaching to enable the inline-mock-maker. This will no longer work in future releases of the JDK. Please add Mockito as an agent to your build what is described in Mockito's documentation: https://javadoc.io/doc/org.mockito/mockito-core/latest/org/mockito/Mockito.html#0.3
WARNING: A Java agent has been loaded dynamically (/Users/hongjungin/.gradle/caches/modules-2/files-2.1/net.bytebuddy/byte-buddy-agent/1.15.11/a38b16385e867f59a641330f0362ebe742788ed8/byte-buddy-agent-1.15.11.jar)
WARNING: If a serviceability tool is in use, please run with -XX:+EnableDynamicAgentLoading to hide this warning
WARNING: If a serviceability tool is not in use, please run with -Djdk.instrument.traceUsage for more information
WARNING: Dynamic loading of agents will be disallowed by default in a future release
]]></system-err>
</testsuite>
