<?xml version="1.0" encoding="UTF-8"?>
<testsuite name="org.example.springboot.service.PostServiceNPlus1Test" tests="1" skipped="0" failures="0" errors="0" timestamp="2025-05-16T11:30:51.177Z" hostname="bagbyeongchan-ui-MacBook-Pro.local" time="0.461">
  <properties/>
  <testcase name="N+1 문제 발생과 해결 테스트" classname="org.example.springboot.service.PostServiceNPlus1Test" time="0.461"/>
  <system-out><![CDATA[20:30:48.643 [Test worker] INFO org.springframework.test.context.support.AnnotationConfigContextLoaderUtils -- Could not detect default configuration classes for test class [org.example.springboot.service.PostServiceNPlus1Test]: PostServiceNPlus1Test does not declare any static, non-private, non-final, nested classes annotated with @Configuration.
20:30:48.684 [Test worker] INFO org.springframework.boot.test.context.SpringBootTestContextBootstrapper -- Found @SpringBootConfiguration org.example.springboot.Application for test class org.example.springboot.service.PostServiceNPlus1Test

  .   ____          _            __ _ _
 /\\ / ___'_ __ _ _(_)_ __  __ _ \ \ \ \
( ( )\___ | '_ | '_| | '_ \/ _` | \ \ \ \
 \\/  ___)| |_)| | | | | || (_| |  ) ) ) )
  '  |____| .__|_| |_|_| |_\__, | / / / /
 =========|_|==============|___/=/_/_/_/

 :: Spring Boot ::                (v3.4.5)

2025-05-16T20:30:48.887+09:00  INFO 22264 --- [    Test worker] o.e.s.service.PostServiceNPlus1Test      : Starting PostServiceNPlus1Test using Java 21.0.7 with PID 22264 (started by chane in /Users/chane/SSAFY/spring-daangn)
2025-05-16T20:30:48.887+09:00 DEBUG 22264 --- [    Test worker] o.e.s.service.PostServiceNPlus1Test      : Running with Spring Boot v3.4.5, Spring v6.2.6
2025-05-16T20:30:48.887+09:00  INFO 22264 --- [    Test worker] o.e.s.service.PostServiceNPlus1Test      : No active profile set, falling back to 1 default profile: "default"
2025-05-16T20:30:49.128+09:00  INFO 22264 --- [    Test worker] .s.d.r.c.RepositoryConfigurationDelegate : Bootstrapping Spring Data JPA repositories in DEFAULT mode.
2025-05-16T20:30:49.153+09:00  INFO 22264 --- [    Test worker] .s.d.r.c.RepositoryConfigurationDelegate : Finished Spring Data repository scanning in 21 ms. Found 7 JPA repository interfaces.
2025-05-16T20:30:49.336+09:00  INFO 22264 --- [    Test worker] o.hibernate.jpa.internal.util.LogHelper  : HHH000204: Processing PersistenceUnitInfo [name: default]
2025-05-16T20:30:49.353+09:00  INFO 22264 --- [    Test worker] org.hibernate.Version                    : HHH000412: Hibernate ORM core version 6.6.13.Final
2025-05-16T20:30:49.365+09:00  INFO 22264 --- [    Test worker] o.h.c.internal.RegionFactoryInitiator    : HHH000026: Second-level cache disabled
2025-05-16T20:30:49.394+09:00 DEBUG 22264 --- [    Test worker] org.hibernate.type.BasicTypeRegistry     : Adding type registration boolean -> org.hibernate.type.BasicTypeReference@647fb583
2025-05-16T20:30:49.394+09:00 DEBUG 22264 --- [    Test worker] org.hibernate.type.BasicTypeRegistry     : Adding type registration boolean -> org.hibernate.type.BasicTypeReference@647fb583
2025-05-16T20:30:49.394+09:00 DEBUG 22264 --- [    Test worker] org.hibernate.type.BasicTypeRegistry     : Adding type registration java.lang.Boolean -> org.hibernate.type.BasicTypeReference@647fb583
2025-05-16T20:30:49.394+09:00 DEBUG 22264 --- [    Test worker] org.hibernate.type.BasicTypeRegistry     : Adding type registration numeric_boolean -> org.hibernate.type.BasicTypeReference@7cd3e0da
2025-05-16T20:30:49.394+09:00 DEBUG 22264 --- [    Test worker] org.hibernate.type.BasicTypeRegistry     : Adding type registration org.hibernate.type.NumericBooleanConverter -> org.hibernate.type.BasicTypeReference@7cd3e0da
2025-05-16T20:30:49.394+09:00 DEBUG 22264 --- [    Test worker] org.hibernate.type.BasicTypeRegistry     : Adding type registration true_false -> org.hibernate.type.BasicTypeReference@919086
2025-05-16T20:30:49.394+09:00 DEBUG 22264 --- [    Test worker] org.hibernate.type.BasicTypeRegistry     : Adding type registration org.hibernate.type.TrueFalseConverter -> org.hibernate.type.BasicTypeReference@919086
2025-05-16T20:30:49.394+09:00 DEBUG 22264 --- [    Test worker] org.hibernate.type.BasicTypeRegistry     : Adding type registration yes_no -> org.hibernate.type.BasicTypeReference@67e77f52
2025-05-16T20:30:49.394+09:00 DEBUG 22264 --- [    Test worker] org.hibernate.type.BasicTypeRegistry     : Adding type registration org.hibernate.type.YesNoConverter -> org.hibernate.type.BasicTypeReference@67e77f52
2025-05-16T20:30:49.394+09:00 DEBUG 22264 --- [    Test worker] org.hibernate.type.BasicTypeRegistry     : Adding type registration byte -> org.hibernate.type.BasicTypeReference@7ead1d80
2025-05-16T20:30:49.394+09:00 DEBUG 22264 --- [    Test worker] org.hibernate.type.BasicTypeRegistry     : Adding type registration byte -> org.hibernate.type.BasicTypeReference@7ead1d80
2025-05-16T20:30:49.394+09:00 DEBUG 22264 --- [    Test worker] org.hibernate.type.BasicTypeRegistry     : Adding type registration java.lang.Byte -> org.hibernate.type.BasicTypeReference@7ead1d80
2025-05-16T20:30:49.394+09:00 DEBUG 22264 --- [    Test worker] org.hibernate.type.BasicTypeRegistry     : Adding type registration binary -> org.hibernate.type.BasicTypeReference@1d1bf7bf
2025-05-16T20:30:49.394+09:00 DEBUG 22264 --- [    Test worker] org.hibernate.type.BasicTypeRegistry     : Adding type registration byte[] -> org.hibernate.type.BasicTypeReference@1d1bf7bf
2025-05-16T20:30:49.394+09:00 DEBUG 22264 --- [    Test worker] org.hibernate.type.BasicTypeRegistry     : Adding type registration [B -> org.hibernate.type.BasicTypeReference@1d1bf7bf
2025-05-16T20:30:49.395+09:00 DEBUG 22264 --- [    Test worker] org.hibernate.type.BasicTypeRegistry     : Adding type registration binary_wrapper -> org.hibernate.type.BasicTypeReference@1182413a
2025-05-16T20:30:49.395+09:00 DEBUG 22264 --- [    Test worker] org.hibernate.type.BasicTypeRegistry     : Adding type registration wrapper-binary -> org.hibernate.type.BasicTypeReference@1182413a
2025-05-16T20:30:49.395+09:00 DEBUG 22264 --- [    Test worker] org.hibernate.type.BasicTypeRegistry     : Adding type registration image -> org.hibernate.type.BasicTypeReference@4d43a1b7
2025-05-16T20:30:49.395+09:00 DEBUG 22264 --- [    Test worker] org.hibernate.type.BasicTypeRegistry     : Adding type registration blob -> org.hibernate.type.BasicTypeReference@5b14f482
2025-05-16T20:30:49.395+09:00 DEBUG 22264 --- [    Test worker] org.hibernate.type.BasicTypeRegistry     : Adding type registration java.sql.Blob -> org.hibernate.type.BasicTypeReference@5b14f482
2025-05-16T20:30:49.395+09:00 DEBUG 22264 --- [    Test worker] org.hibernate.type.BasicTypeRegistry     : Adding type registration materialized_blob -> org.hibernate.type.BasicTypeReference@19705650
2025-05-16T20:30:49.395+09:00 DEBUG 22264 --- [    Test worker] org.hibernate.type.BasicTypeRegistry     : Adding type registration materialized_blob_wrapper -> org.hibernate.type.BasicTypeReference@1a785fd5
2025-05-16T20:30:49.396+09:00 DEBUG 22264 --- [    Test worker] org.hibernate.type.BasicTypeRegistry     : Adding type registration short -> org.hibernate.type.BasicTypeReference@4a660b34
2025-05-16T20:30:49.396+09:00 DEBUG 22264 --- [    Test worker] org.hibernate.type.BasicTypeRegistry     : Adding type registration short -> org.hibernate.type.BasicTypeReference@4a660b34
2025-05-16T20:30:49.396+09:00 DEBUG 22264 --- [    Test worker] org.hibernate.type.BasicTypeRegistry     : Adding type registration java.lang.Short -> org.hibernate.type.BasicTypeReference@4a660b34
2025-05-16T20:30:49.396+09:00 DEBUG 22264 --- [    Test worker] org.hibernate.type.BasicTypeRegistry     : Adding type registration integer -> org.hibernate.type.BasicTypeReference@362a561e
2025-05-16T20:30:49.396+09:00 DEBUG 22264 --- [    Test worker] org.hibernate.type.BasicTypeRegistry     : Adding type registration int -> org.hibernate.type.BasicTypeReference@362a561e
2025-05-16T20:30:49.396+09:00 DEBUG 22264 --- [    Test worker] org.hibernate.type.BasicTypeRegistry     : Adding type registration java.lang.Integer -> org.hibernate.type.BasicTypeReference@362a561e
2025-05-16T20:30:49.396+09:00 DEBUG 22264 --- [    Test worker] org.hibernate.type.BasicTypeRegistry     : Adding type registration long -> org.hibernate.type.BasicTypeReference@2df3545d
2025-05-16T20:30:49.396+09:00 DEBUG 22264 --- [    Test worker] org.hibernate.type.BasicTypeRegistry     : Adding type registration long -> org.hibernate.type.BasicTypeReference@2df3545d
2025-05-16T20:30:49.396+09:00 DEBUG 22264 --- [    Test worker] org.hibernate.type.BasicTypeRegistry     : Adding type registration java.lang.Long -> org.hibernate.type.BasicTypeReference@2df3545d
2025-05-16T20:30:49.396+09:00 DEBUG 22264 --- [    Test worker] org.hibernate.type.BasicTypeRegistry     : Adding type registration float -> org.hibernate.type.BasicTypeReference@75ad30c1
2025-05-16T20:30:49.396+09:00 DEBUG 22264 --- [    Test worker] org.hibernate.type.BasicTypeRegistry     : Adding type registration float -> org.hibernate.type.BasicTypeReference@75ad30c1
2025-05-16T20:30:49.396+09:00 DEBUG 22264 --- [    Test worker] org.hibernate.type.BasicTypeRegistry     : Adding type registration java.lang.Float -> org.hibernate.type.BasicTypeReference@75ad30c1
2025-05-16T20:30:49.396+09:00 DEBUG 22264 --- [    Test worker] org.hibernate.type.BasicTypeRegistry     : Adding type registration double -> org.hibernate.type.BasicTypeReference@fe8aaeb
2025-05-16T20:30:49.398+09:00 DEBUG 22264 --- [    Test worker] org.hibernate.type.BasicTypeRegistry     : Adding type registration double -> org.hibernate.type.BasicTypeReference@fe8aaeb
2025-05-16T20:30:49.398+09:00 DEBUG 22264 --- [    Test worker] org.hibernate.type.BasicTypeRegistry     : Adding type registration java.lang.Double -> org.hibernate.type.BasicTypeReference@fe8aaeb
2025-05-16T20:30:49.398+09:00 DEBUG 22264 --- [    Test worker] org.hibernate.type.BasicTypeRegistry     : Adding type registration big_integer -> org.hibernate.type.BasicTypeReference@6b9697ae
2025-05-16T20:30:49.398+09:00 DEBUG 22264 --- [    Test worker] org.hibernate.type.BasicTypeRegistry     : Adding type registration java.math.BigInteger -> org.hibernate.type.BasicTypeReference@6b9697ae
2025-05-16T20:30:49.399+09:00 DEBUG 22264 --- [    Test worker] org.hibernate.type.BasicTypeRegistry     : Adding type registration big_decimal -> org.hibernate.type.BasicTypeReference@5cf0673d
2025-05-16T20:30:49.399+09:00 DEBUG 22264 --- [    Test worker] org.hibernate.type.BasicTypeRegistry     : Adding type registration java.math.BigDecimal -> org.hibernate.type.BasicTypeReference@5cf0673d
2025-05-16T20:30:49.399+09:00 DEBUG 22264 --- [    Test worker] org.hibernate.type.BasicTypeRegistry     : Adding type registration character -> org.hibernate.type.BasicTypeReference@40c76f5a
2025-05-16T20:30:49.399+09:00 DEBUG 22264 --- [    Test worker] org.hibernate.type.BasicTypeRegistry     : Adding type registration char -> org.hibernate.type.BasicTypeReference@40c76f5a
2025-05-16T20:30:49.399+09:00 DEBUG 22264 --- [    Test worker] org.hibernate.type.BasicTypeRegistry     : Adding type registration java.lang.Character -> org.hibernate.type.BasicTypeReference@40c76f5a
2025-05-16T20:30:49.399+09:00 DEBUG 22264 --- [    Test worker] org.hibernate.type.BasicTypeRegistry     : Adding type registration character_nchar -> org.hibernate.type.BasicTypeReference@a323a5b
2025-05-16T20:30:49.399+09:00 DEBUG 22264 --- [    Test worker] org.hibernate.type.BasicTypeRegistry     : Adding type registration string -> org.hibernate.type.BasicTypeReference@5546e754
2025-05-16T20:30:49.399+09:00 DEBUG 22264 --- [    Test worker] org.hibernate.type.BasicTypeRegistry     : Adding type registration java.lang.String -> org.hibernate.type.BasicTypeReference@5546e754
2025-05-16T20:30:49.399+09:00 DEBUG 22264 --- [    Test worker] org.hibernate.type.BasicTypeRegistry     : Adding type registration nstring -> org.hibernate.type.BasicTypeReference@ad0bb4e
2025-05-16T20:30:49.399+09:00 DEBUG 22264 --- [    Test worker] org.hibernate.type.BasicTypeRegistry     : Adding type registration characters -> org.hibernate.type.BasicTypeReference@7196a8f1
2025-05-16T20:30:49.399+09:00 DEBUG 22264 --- [    Test worker] org.hibernate.type.BasicTypeRegistry     : Adding type registration char[] -> org.hibernate.type.BasicTypeReference@7196a8f1
2025-05-16T20:30:49.399+09:00 DEBUG 22264 --- [    Test worker] org.hibernate.type.BasicTypeRegistry     : Adding type registration [C -> org.hibernate.type.BasicTypeReference@7196a8f1
2025-05-16T20:30:49.399+09:00 DEBUG 22264 --- [    Test worker] org.hibernate.type.BasicTypeRegistry     : Adding type registration wrapper-characters -> org.hibernate.type.BasicTypeReference@6a6da47a
2025-05-16T20:30:49.399+09:00 DEBUG 22264 --- [    Test worker] org.hibernate.type.BasicTypeRegistry     : Adding type registration text -> org.hibernate.type.BasicTypeReference@8f39224
2025-05-16T20:30:49.399+09:00 DEBUG 22264 --- [    Test worker] org.hibernate.type.BasicTypeRegistry     : Adding type registration ntext -> org.hibernate.type.BasicTypeReference@7f642bf
2025-05-16T20:30:49.399+09:00 DEBUG 22264 --- [    Test worker] org.hibernate.type.BasicTypeRegistry     : Adding type registration clob -> org.hibernate.type.BasicTypeReference@43e3a390
2025-05-16T20:30:49.400+09:00 DEBUG 22264 --- [    Test worker] org.hibernate.type.BasicTypeRegistry     : Adding type registration java.sql.Clob -> org.hibernate.type.BasicTypeReference@43e3a390
2025-05-16T20:30:49.400+09:00 DEBUG 22264 --- [    Test worker] org.hibernate.type.BasicTypeRegistry     : Adding type registration nclob -> org.hibernate.type.BasicTypeReference@44aa91e2
2025-05-16T20:30:49.400+09:00 DEBUG 22264 --- [    Test worker] org.hibernate.type.BasicTypeRegistry     : Adding type registration java.sql.NClob -> org.hibernate.type.BasicTypeReference@44aa91e2
2025-05-16T20:30:49.400+09:00 DEBUG 22264 --- [    Test worker] org.hibernate.type.BasicTypeRegistry     : Adding type registration materialized_clob -> org.hibernate.type.BasicTypeReference@50dc49e1
2025-05-16T20:30:49.400+09:00 DEBUG 22264 --- [    Test worker] org.hibernate.type.BasicTypeRegistry     : Adding type registration materialized_clob_char_array -> org.hibernate.type.BasicTypeReference@650a1aff
2025-05-16T20:30:49.400+09:00 DEBUG 22264 --- [    Test worker] org.hibernate.type.BasicTypeRegistry     : Adding type registration materialized_clob_character_array -> org.hibernate.type.BasicTypeReference@3babcaed
2025-05-16T20:30:49.400+09:00 DEBUG 22264 --- [    Test worker] org.hibernate.type.BasicTypeRegistry     : Adding type registration materialized_nclob -> org.hibernate.type.BasicTypeReference@2b9e69fb
2025-05-16T20:30:49.400+09:00 DEBUG 22264 --- [    Test worker] org.hibernate.type.BasicTypeRegistry     : Adding type registration materialized_nclob_character_array -> org.hibernate.type.BasicTypeReference@19bfbe28
2025-05-16T20:30:49.400+09:00 DEBUG 22264 --- [    Test worker] org.hibernate.type.BasicTypeRegistry     : Adding type registration materialized_nclob_char_array -> org.hibernate.type.BasicTypeReference@2c579202
2025-05-16T20:30:49.400+09:00 DEBUG 22264 --- [    Test worker] org.hibernate.type.BasicTypeRegistry     : Adding type registration Duration -> org.hibernate.type.BasicTypeReference@49ced9c7
2025-05-16T20:30:49.400+09:00 DEBUG 22264 --- [    Test worker] org.hibernate.type.BasicTypeRegistry     : Adding type registration java.time.Duration -> org.hibernate.type.BasicTypeReference@49ced9c7
2025-05-16T20:30:49.400+09:00 DEBUG 22264 --- [    Test worker] org.hibernate.type.BasicTypeRegistry     : Adding type registration LocalDateTime -> org.hibernate.type.BasicTypeReference@11c7a0b4
2025-05-16T20:30:49.400+09:00 DEBUG 22264 --- [    Test worker] org.hibernate.type.BasicTypeRegistry     : Adding type registration java.time.LocalDateTime -> org.hibernate.type.BasicTypeReference@11c7a0b4
2025-05-16T20:30:49.400+09:00 DEBUG 22264 --- [    Test worker] org.hibernate.type.BasicTypeRegistry     : Adding type registration LocalDate -> org.hibernate.type.BasicTypeReference@75ed125a
2025-05-16T20:30:49.400+09:00 DEBUG 22264 --- [    Test worker] org.hibernate.type.BasicTypeRegistry     : Adding type registration java.time.LocalDate -> org.hibernate.type.BasicTypeReference@75ed125a
2025-05-16T20:30:49.400+09:00 DEBUG 22264 --- [    Test worker] org.hibernate.type.BasicTypeRegistry     : Adding type registration LocalTime -> org.hibernate.type.BasicTypeReference@653a5967
2025-05-16T20:30:49.400+09:00 DEBUG 22264 --- [    Test worker] org.hibernate.type.BasicTypeRegistry     : Adding type registration java.time.LocalTime -> org.hibernate.type.BasicTypeReference@653a5967
2025-05-16T20:30:49.400+09:00 DEBUG 22264 --- [    Test worker] org.hibernate.type.BasicTypeRegistry     : Adding type registration OffsetDateTime -> org.hibernate.type.BasicTypeReference@5a85b4e6
2025-05-16T20:30:49.400+09:00 DEBUG 22264 --- [    Test worker] org.hibernate.type.BasicTypeRegistry     : Adding type registration java.time.OffsetDateTime -> org.hibernate.type.BasicTypeReference@5a85b4e6
2025-05-16T20:30:49.400+09:00 DEBUG 22264 --- [    Test worker] org.hibernate.type.BasicTypeRegistry     : Adding type registration OffsetDateTimeWithTimezone -> org.hibernate.type.BasicTypeReference@766b6d02
2025-05-16T20:30:49.401+09:00 DEBUG 22264 --- [    Test worker] org.hibernate.type.BasicTypeRegistry     : Adding type registration OffsetDateTimeWithoutTimezone -> org.hibernate.type.BasicTypeReference@6b09ce57
2025-05-16T20:30:49.401+09:00 DEBUG 22264 --- [    Test worker] org.hibernate.type.BasicTypeRegistry     : Adding type registration OffsetTime -> org.hibernate.type.BasicTypeReference@5c4f4330
2025-05-16T20:30:49.401+09:00 DEBUG 22264 --- [    Test worker] org.hibernate.type.BasicTypeRegistry     : Adding type registration java.time.OffsetTime -> org.hibernate.type.BasicTypeReference@5c4f4330
2025-05-16T20:30:49.401+09:00 DEBUG 22264 --- [    Test worker] org.hibernate.type.BasicTypeRegistry     : Adding type registration OffsetTimeUtc -> org.hibernate.type.BasicTypeReference@2b9aeedb
2025-05-16T20:30:49.401+09:00 DEBUG 22264 --- [    Test worker] org.hibernate.type.BasicTypeRegistry     : Adding type registration OffsetTimeWithTimezone -> org.hibernate.type.BasicTypeReference@63485d7
2025-05-16T20:30:49.401+09:00 DEBUG 22264 --- [    Test worker] org.hibernate.type.BasicTypeRegistry     : Adding type registration OffsetTimeWithoutTimezone -> org.hibernate.type.BasicTypeReference@23ea8830
2025-05-16T20:30:49.401+09:00 DEBUG 22264 --- [    Test worker] org.hibernate.type.BasicTypeRegistry     : Adding type registration ZonedDateTime -> org.hibernate.type.BasicTypeReference@59a09be
2025-05-16T20:30:49.401+09:00 DEBUG 22264 --- [    Test worker] org.hibernate.type.BasicTypeRegistry     : Adding type registration java.time.ZonedDateTime -> org.hibernate.type.BasicTypeReference@59a09be
2025-05-16T20:30:49.401+09:00 DEBUG 22264 --- [    Test worker] org.hibernate.type.BasicTypeRegistry     : Adding type registration ZonedDateTimeWithTimezone -> org.hibernate.type.BasicTypeReference@790ac3e0
2025-05-16T20:30:49.401+09:00 DEBUG 22264 --- [    Test worker] org.hibernate.type.BasicTypeRegistry     : Adding type registration ZonedDateTimeWithoutTimezone -> org.hibernate.type.BasicTypeReference@5bb2fb2b
2025-05-16T20:30:49.401+09:00 DEBUG 22264 --- [    Test worker] org.hibernate.type.BasicTypeRegistry     : Adding type registration date -> org.hibernate.type.BasicTypeReference@2cee5365
2025-05-16T20:30:49.401+09:00 DEBUG 22264 --- [    Test worker] org.hibernate.type.BasicTypeRegistry     : Adding type registration java.sql.Date -> org.hibernate.type.BasicTypeReference@2cee5365
2025-05-16T20:30:49.401+09:00 DEBUG 22264 --- [    Test worker] org.hibernate.type.BasicTypeRegistry     : Adding type registration time -> org.hibernate.type.BasicTypeReference@796c68bf
2025-05-16T20:30:49.402+09:00 DEBUG 22264 --- [    Test worker] org.hibernate.type.BasicTypeRegistry     : Adding type registration java.sql.Time -> org.hibernate.type.BasicTypeReference@796c68bf
2025-05-16T20:30:49.402+09:00 DEBUG 22264 --- [    Test worker] org.hibernate.type.BasicTypeRegistry     : Adding type registration timestamp -> org.hibernate.type.BasicTypeReference@56d6a1b1
2025-05-16T20:30:49.402+09:00 DEBUG 22264 --- [    Test worker] org.hibernate.type.BasicTypeRegistry     : Adding type registration java.sql.Timestamp -> org.hibernate.type.BasicTypeReference@56d6a1b1
2025-05-16T20:30:49.402+09:00 DEBUG 22264 --- [    Test worker] org.hibernate.type.BasicTypeRegistry     : Adding type registration java.util.Date -> org.hibernate.type.BasicTypeReference@56d6a1b1
2025-05-16T20:30:49.402+09:00 DEBUG 22264 --- [    Test worker] org.hibernate.type.BasicTypeRegistry     : Adding type registration calendar -> org.hibernate.type.BasicTypeReference@1a7163e3
2025-05-16T20:30:49.402+09:00 DEBUG 22264 --- [    Test worker] org.hibernate.type.BasicTypeRegistry     : Adding type registration java.util.Calendar -> org.hibernate.type.BasicTypeReference@1a7163e3
2025-05-16T20:30:49.402+09:00 DEBUG 22264 --- [    Test worker] org.hibernate.type.BasicTypeRegistry     : Adding type registration java.util.GregorianCalendar -> org.hibernate.type.BasicTypeReference@1a7163e3
2025-05-16T20:30:49.402+09:00 DEBUG 22264 --- [    Test worker] org.hibernate.type.BasicTypeRegistry     : Adding type registration calendar_date -> org.hibernate.type.BasicTypeReference@44da7eb3
2025-05-16T20:30:49.402+09:00 DEBUG 22264 --- [    Test worker] org.hibernate.type.BasicTypeRegistry     : Adding type registration calendar_time -> org.hibernate.type.BasicTypeReference@5e69cf07
2025-05-16T20:30:49.402+09:00 DEBUG 22264 --- [    Test worker] org.hibernate.type.BasicTypeRegistry     : Adding type registration instant -> org.hibernate.type.BasicTypeReference@3d512652
2025-05-16T20:30:49.402+09:00 DEBUG 22264 --- [    Test worker] org.hibernate.type.BasicTypeRegistry     : Adding type registration java.time.Instant -> org.hibernate.type.BasicTypeReference@3d512652
2025-05-16T20:30:49.402+09:00 DEBUG 22264 --- [    Test worker] org.hibernate.type.BasicTypeRegistry     : Adding type registration uuid -> org.hibernate.type.BasicTypeReference@2c2e3460
2025-05-16T20:30:49.402+09:00 DEBUG 22264 --- [    Test worker] org.hibernate.type.BasicTypeRegistry     : Adding type registration java.util.UUID -> org.hibernate.type.BasicTypeReference@2c2e3460
2025-05-16T20:30:49.402+09:00 DEBUG 22264 --- [    Test worker] org.hibernate.type.BasicTypeRegistry     : Adding type registration pg-uuid -> org.hibernate.type.BasicTypeReference@2c2e3460
2025-05-16T20:30:49.402+09:00 DEBUG 22264 --- [    Test worker] org.hibernate.type.BasicTypeRegistry     : Adding type registration uuid-binary -> org.hibernate.type.BasicTypeReference@3b96f8b0
2025-05-16T20:30:49.402+09:00 DEBUG 22264 --- [    Test worker] org.hibernate.type.BasicTypeRegistry     : Adding type registration uuid-char -> org.hibernate.type.BasicTypeReference@2b170932
2025-05-16T20:30:49.402+09:00 DEBUG 22264 --- [    Test worker] org.hibernate.type.BasicTypeRegistry     : Adding type registration class -> org.hibernate.type.BasicTypeReference@1fc0d9b4
2025-05-16T20:30:49.402+09:00 DEBUG 22264 --- [    Test worker] org.hibernate.type.BasicTypeRegistry     : Adding type registration java.lang.Class -> org.hibernate.type.BasicTypeReference@1fc0d9b4
2025-05-16T20:30:49.402+09:00 DEBUG 22264 --- [    Test worker] org.hibernate.type.BasicTypeRegistry     : Adding type registration currency -> org.hibernate.type.BasicTypeReference@42107318
2025-05-16T20:30:49.402+09:00 DEBUG 22264 --- [    Test worker] org.hibernate.type.BasicTypeRegistry     : Adding type registration Currency -> org.hibernate.type.BasicTypeReference@42107318
2025-05-16T20:30:49.402+09:00 DEBUG 22264 --- [    Test worker] org.hibernate.type.BasicTypeRegistry     : Adding type registration java.util.Currency -> org.hibernate.type.BasicTypeReference@42107318
2025-05-16T20:30:49.402+09:00 DEBUG 22264 --- [    Test worker] org.hibernate.type.BasicTypeRegistry     : Adding type registration locale -> org.hibernate.type.BasicTypeReference@4e4f4092
2025-05-16T20:30:49.402+09:00 DEBUG 22264 --- [    Test worker] org.hibernate.type.BasicTypeRegistry     : Adding type registration java.util.Locale -> org.hibernate.type.BasicTypeReference@4e4f4092
2025-05-16T20:30:49.402+09:00 DEBUG 22264 --- [    Test worker] org.hibernate.type.BasicTypeRegistry     : Adding type registration serializable -> org.hibernate.type.BasicTypeReference@5d829ef0
2025-05-16T20:30:49.403+09:00 DEBUG 22264 --- [    Test worker] org.hibernate.type.BasicTypeRegistry     : Adding type registration java.io.Serializable -> org.hibernate.type.BasicTypeReference@5d829ef0
2025-05-16T20:30:49.403+09:00 DEBUG 22264 --- [    Test worker] org.hibernate.type.BasicTypeRegistry     : Adding type registration timezone -> org.hibernate.type.BasicTypeReference@4416e18d
2025-05-16T20:30:49.403+09:00 DEBUG 22264 --- [    Test worker] org.hibernate.type.BasicTypeRegistry     : Adding type registration java.util.TimeZone -> org.hibernate.type.BasicTypeReference@4416e18d
2025-05-16T20:30:49.403+09:00 DEBUG 22264 --- [    Test worker] org.hibernate.type.BasicTypeRegistry     : Adding type registration ZoneOffset -> org.hibernate.type.BasicTypeReference@5dfc2a4
2025-05-16T20:30:49.403+09:00 DEBUG 22264 --- [    Test worker] org.hibernate.type.BasicTypeRegistry     : Adding type registration java.time.ZoneOffset -> org.hibernate.type.BasicTypeReference@5dfc2a4
2025-05-16T20:30:49.403+09:00 DEBUG 22264 --- [    Test worker] org.hibernate.type.BasicTypeRegistry     : Adding type registration url -> org.hibernate.type.BasicTypeReference@3120495d
2025-05-16T20:30:49.403+09:00 DEBUG 22264 --- [    Test worker] org.hibernate.type.BasicTypeRegistry     : Adding type registration java.net.URL -> org.hibernate.type.BasicTypeReference@3120495d
2025-05-16T20:30:49.403+09:00 DEBUG 22264 --- [    Test worker] org.hibernate.type.BasicTypeRegistry     : Adding type registration vector -> org.hibernate.type.BasicTypeReference@781c2497
2025-05-16T20:30:49.403+09:00 DEBUG 22264 --- [    Test worker] org.hibernate.type.BasicTypeRegistry     : Adding type registration float_vector -> org.hibernate.type.BasicTypeReference@b75b890
2025-05-16T20:30:49.403+09:00 DEBUG 22264 --- [    Test worker] org.hibernate.type.BasicTypeRegistry     : Adding type registration double_vector -> org.hibernate.type.BasicTypeReference@70c491b8
2025-05-16T20:30:49.403+09:00 DEBUG 22264 --- [    Test worker] org.hibernate.type.BasicTypeRegistry     : Adding type registration byte_vector -> org.hibernate.type.BasicTypeReference@439d545c
2025-05-16T20:30:49.403+09:00 DEBUG 22264 --- [    Test worker] org.hibernate.type.BasicTypeRegistry     : Adding type registration row_version -> org.hibernate.type.BasicTypeReference@5a3cf824
2025-05-16T20:30:49.405+09:00 DEBUG 22264 --- [    Test worker] org.hibernate.type.BasicTypeRegistry     : Adding type registration object -> org.hibernate.type.JavaObjectType@4cb24e2
2025-05-16T20:30:49.405+09:00 DEBUG 22264 --- [    Test worker] org.hibernate.type.BasicTypeRegistry     : Adding type registration java.lang.Object -> org.hibernate.type.JavaObjectType@4cb24e2
2025-05-16T20:30:49.406+09:00 DEBUG 22264 --- [    Test worker] org.hibernate.type.BasicTypeRegistry     : Adding type registration null -> org.hibernate.type.NullType@25218a4d
2025-05-16T20:30:49.406+09:00 DEBUG 22264 --- [    Test worker] org.hibernate.type.BasicTypeRegistry     : Adding type registration imm_date -> org.hibernate.type.BasicTypeReference@bf2aa32
2025-05-16T20:30:49.406+09:00 DEBUG 22264 --- [    Test worker] org.hibernate.type.BasicTypeRegistry     : Adding type registration imm_time -> org.hibernate.type.BasicTypeReference@56da96b3
2025-05-16T20:30:49.406+09:00 DEBUG 22264 --- [    Test worker] org.hibernate.type.BasicTypeRegistry     : Adding type registration imm_timestamp -> org.hibernate.type.BasicTypeReference@6b3d9c38
2025-05-16T20:30:49.406+09:00 DEBUG 22264 --- [    Test worker] org.hibernate.type.BasicTypeRegistry     : Adding type registration imm_calendar -> org.hibernate.type.BasicTypeReference@426710f0
2025-05-16T20:30:49.406+09:00 DEBUG 22264 --- [    Test worker] org.hibernate.type.BasicTypeRegistry     : Adding type registration imm_calendar_date -> org.hibernate.type.BasicTypeReference@5c5a91b4
2025-05-16T20:30:49.406+09:00 DEBUG 22264 --- [    Test worker] org.hibernate.type.BasicTypeRegistry     : Adding type registration imm_calendar_time -> org.hibernate.type.BasicTypeReference@5e37fb82
2025-05-16T20:30:49.406+09:00 DEBUG 22264 --- [    Test worker] org.hibernate.type.BasicTypeRegistry     : Adding type registration imm_binary -> org.hibernate.type.BasicTypeReference@59ec7020
2025-05-16T20:30:49.406+09:00 DEBUG 22264 --- [    Test worker] org.hibernate.type.BasicTypeRegistry     : Adding type registration imm_serializable -> org.hibernate.type.BasicTypeReference@23f60b7d
2025-05-16T20:30:49.482+09:00  INFO 22264 --- [    Test worker] o.s.o.j.p.SpringPersistenceUnitInfo      : No LoadTimeWeaver setup: ignoring JPA class transformer
2025-05-16T20:30:49.491+09:00  INFO 22264 --- [    Test worker] com.zaxxer.hikari.HikariDataSource       : HikariPool-1 - Starting...
2025-05-16T20:30:49.642+09:00  INFO 22264 --- [    Test worker] com.zaxxer.hikari.pool.HikariPool        : HikariPool-1 - Added connection com.mysql.cj.jdbc.ConnectionImpl@3a1a0bc
2025-05-16T20:30:49.643+09:00  INFO 22264 --- [    Test worker] com.zaxxer.hikari.HikariDataSource       : HikariPool-1 - Start completed.
2025-05-16T20:30:49.672+09:00  INFO 22264 --- [    Test worker] org.hibernate.orm.connections.pooling    : HHH10001005: Database info:
	Database JDBC URL [Connecting through datasource 'HikariDataSource (HikariPool-1)']
	Database driver: undefined/unknown
	Database version: 8.0.41
	Autocommit mode: undefined/unknown
	Isolation level: undefined/unknown
	Minimum pool size: undefined/unknown
	Maximum pool size: undefined/unknown
2025-05-16T20:30:49.675+09:00 DEBUG 22264 --- [    Test worker] o.h.t.d.sql.spi.DdlTypeRegistry          : addDescriptor(12, org.hibernate.type.descriptor.sql.internal.CapacityDependentDdlType@d190639) replaced previous registration(org.hibernate.type.descriptor.sql.internal.CapacityDependentDdlType@5f82209e)
2025-05-16T20:30:49.675+09:00 DEBUG 22264 --- [    Test worker] o.h.t.d.sql.spi.DdlTypeRegistry          : addDescriptor(-9, org.hibernate.type.descriptor.sql.internal.CapacityDependentDdlType@515c732d) replaced previous registration(org.hibernate.type.descriptor.sql.internal.CapacityDependentDdlType@5ae87de0)
2025-05-16T20:30:49.675+09:00 DEBUG 22264 --- [    Test worker] o.h.t.d.sql.spi.DdlTypeRegistry          : addDescriptor(-3, org.hibernate.type.descriptor.sql.internal.CapacityDependentDdlType@1f85904a) replaced previous registration(org.hibernate.type.descriptor.sql.internal.CapacityDependentDdlType@514dc5f4)
2025-05-16T20:30:49.675+09:00 DEBUG 22264 --- [    Test worker] o.h.t.d.sql.spi.DdlTypeRegistry          : addDescriptor(4003, org.hibernate.type.descriptor.sql.internal.DdlTypeImpl@633a11eb) replaced previous registration(org.hibernate.type.descriptor.sql.internal.DdlTypeImpl@7a247711)
2025-05-16T20:30:49.675+09:00 DEBUG 22264 --- [    Test worker] o.h.t.d.sql.spi.DdlTypeRegistry          : addDescriptor(4001, org.hibernate.type.descriptor.sql.internal.DdlTypeImpl@4910afdf) replaced previous registration(org.hibernate.type.descriptor.sql.internal.DdlTypeImpl@764db16c)
2025-05-16T20:30:49.675+09:00 DEBUG 22264 --- [    Test worker] o.h.t.d.sql.spi.DdlTypeRegistry          : addDescriptor(4002, org.hibernate.type.descriptor.sql.internal.DdlTypeImpl@45cb5307) replaced previous registration(org.hibernate.type.descriptor.sql.internal.DdlTypeImpl@1c8e2850)
2025-05-16T20:30:49.675+09:00 DEBUG 22264 --- [    Test worker] o.h.t.d.sql.spi.DdlTypeRegistry          : addDescriptor(2004, org.hibernate.type.descriptor.sql.internal.CapacityDependentDdlType@50ac1249) replaced previous registration(org.hibernate.type.descriptor.sql.internal.DdlTypeImpl@4bf10fe1)
2025-05-16T20:30:49.676+09:00 DEBUG 22264 --- [    Test worker] o.h.t.d.sql.spi.DdlTypeRegistry          : addDescriptor(2005, org.hibernate.type.descriptor.sql.internal.CapacityDependentDdlType@543d2ef3) replaced previous registration(org.hibernate.type.descriptor.sql.internal.DdlTypeImpl@399c408c)
2025-05-16T20:30:49.676+09:00 DEBUG 22264 --- [    Test worker] o.h.t.d.sql.spi.DdlTypeRegistry          : addDescriptor(2011, org.hibernate.type.descriptor.sql.internal.CapacityDependentDdlType@99223ac) replaced previous registration(org.hibernate.type.descriptor.sql.internal.DdlTypeImpl@4a5fab78)
2025-05-16T20:30:49.676+09:00 DEBUG 22264 --- [    Test worker] o.h.t.d.jdbc.spi.JdbcTypeRegistry        : addDescriptor(NCharTypeDescriptor) replaced previous registration(CharTypeDescriptor)
2025-05-16T20:30:49.676+09:00 DEBUG 22264 --- [    Test worker] o.h.t.d.jdbc.spi.JdbcTypeRegistry        : addDescriptor(NVarcharTypeDescriptor) replaced previous registration(VarcharTypeDescriptor)
2025-05-16T20:30:49.676+09:00 DEBUG 22264 --- [    Test worker] o.h.t.d.jdbc.spi.JdbcTypeRegistry        : addDescriptor(LongNVarcharTypeDescriptor) replaced previous registration(LongVarcharTypeDescriptor)
2025-05-16T20:30:49.677+09:00 DEBUG 22264 --- [    Test worker] o.h.t.d.jdbc.spi.JdbcTypeRegistry        : addDescriptor(NClobTypeDescriptor(DEFAULT)) replaced previous registration(ClobTypeDescriptor(DEFAULT))
2025-05-16T20:30:49.678+09:00 DEBUG 22264 --- [    Test worker] org.hibernate.type.BasicTypeRegistry     : Adding type registration null -> org.hibernate.type.NullType@6159fb3c
2025-05-16T20:30:49.678+09:00 DEBUG 22264 --- [    Test worker] org.hibernate.type.BasicTypeRegistry     : Type registration key [null] overrode previous entry : `org.hibernate.type.NullType@25218a4d`
2025-05-16T20:30:49.680+09:00 DEBUG 22264 --- [    Test worker] org.hibernate.type.BasicTypeRegistry     : Adding type registration org.hibernate.type.DurationType -> basicType@1(java.time.Duration,3015)
2025-05-16T20:30:49.680+09:00 DEBUG 22264 --- [    Test worker] org.hibernate.type.BasicTypeRegistry     : Adding type registration Duration -> basicType@1(java.time.Duration,3015)
2025-05-16T20:30:49.680+09:00 DEBUG 22264 --- [    Test worker] org.hibernate.type.BasicTypeRegistry     : Adding type registration java.time.Duration -> basicType@1(java.time.Duration,3015)
2025-05-16T20:30:49.681+09:00 DEBUG 22264 --- [    Test worker] org.hibernate.type.BasicTypeRegistry     : Adding type registration org.hibernate.type.OffsetDateTimeType -> basicType@2(java.time.OffsetDateTime,3003)
2025-05-16T20:30:49.681+09:00 DEBUG 22264 --- [    Test worker] org.hibernate.type.BasicTypeRegistry     : Adding type registration OffsetDateTime -> basicType@2(java.time.OffsetDateTime,3003)
2025-05-16T20:30:49.681+09:00 DEBUG 22264 --- [    Test worker] org.hibernate.type.BasicTypeRegistry     : Adding type registration java.time.OffsetDateTime -> basicType@2(java.time.OffsetDateTime,3003)
2025-05-16T20:30:49.681+09:00 DEBUG 22264 --- [    Test worker] org.hibernate.type.BasicTypeRegistry     : Adding type registration org.hibernate.type.ZonedDateTimeType -> basicType@3(java.time.ZonedDateTime,3003)
2025-05-16T20:30:49.681+09:00 DEBUG 22264 --- [    Test worker] org.hibernate.type.BasicTypeRegistry     : Adding type registration ZonedDateTime -> basicType@3(java.time.ZonedDateTime,3003)
2025-05-16T20:30:49.681+09:00 DEBUG 22264 --- [    Test worker] org.hibernate.type.BasicTypeRegistry     : Adding type registration java.time.ZonedDateTime -> basicType@3(java.time.ZonedDateTime,3003)
2025-05-16T20:30:49.682+09:00 DEBUG 22264 --- [    Test worker] org.hibernate.type.BasicTypeRegistry     : Adding type registration org.hibernate.type.OffsetTimeType -> basicType@4(java.time.OffsetTime,3007)
2025-05-16T20:30:49.682+09:00 DEBUG 22264 --- [    Test worker] org.hibernate.type.BasicTypeRegistry     : Adding type registration OffsetTime -> basicType@4(java.time.OffsetTime,3007)
2025-05-16T20:30:49.682+09:00 DEBUG 22264 --- [    Test worker] org.hibernate.type.BasicTypeRegistry     : Adding type registration java.time.OffsetTime -> basicType@4(java.time.OffsetTime,3007)
2025-05-16T20:30:49.683+09:00 DEBUG 22264 --- [    Test worker] o.h.type.spi.TypeConfiguration$Scope     : Scoping TypeConfiguration [org.hibernate.type.spi.TypeConfiguration@b5ff70b] to MetadataBuildingContext [org.hibernate.boot.internal.MetadataBuildingContextRootImpl@5709e10b]
2025-05-16T20:30:50.174+09:00  INFO 22264 --- [    Test worker] o.h.e.t.j.p.i.JtaPlatformInitiator       : HHH000489: No JTA platform available (set 'hibernate.transaction.jta.platform' to enable JTA platform integration)
2025-05-16T20:30:50.174+09:00 DEBUG 22264 --- [    Test worker] o.h.type.spi.TypeConfiguration$Scope     : Scoping TypeConfiguration [org.hibernate.type.spi.TypeConfiguration@b5ff70b] to SessionFactoryImplementor [org.hibernate.internal.SessionFactoryImpl@14af57c3]
2025-05-16T20:30:50.178+09:00 DEBUG 22264 --- [    Test worker] org.hibernate.SQL                        : 
    alter table chattingrooms 
       drop 
       foreign key FK7hevsmkvn545ybx5s6xo100xy
Hibernate: 
    alter table chattingrooms 
       drop 
       foreign key FK7hevsmkvn545ybx5s6xo100xy
2025-05-16T20:30:50.190+09:00 DEBUG 22264 --- [    Test worker] org.hibernate.SQL                        : 
    alter table chattings 
       drop 
       foreign key FKpsak8o1h14n3n5f2vgsuecsi5
Hibernate: 
    alter table chattings 
       drop 
       foreign key FKpsak8o1h14n3n5f2vgsuecsi5
2025-05-16T20:30:50.196+09:00 DEBUG 22264 --- [    Test worker] org.hibernate.SQL                        : 
    alter table chattings 
       drop 
       foreign key FKoty43uguxbn6j3hbqoi7bk33j
Hibernate: 
    alter table chattings 
       drop 
       foreign key FKoty43uguxbn6j3hbqoi7bk33j
2025-05-16T20:30:50.202+09:00 DEBUG 22264 --- [    Test worker] org.hibernate.SQL                        : 
    alter table comments 
       drop 
       foreign key FK7h839m3lkvhbyv3bcdv7sm4fj
Hibernate: 
    alter table comments 
       drop 
       foreign key FK7h839m3lkvhbyv3bcdv7sm4fj
2025-05-16T20:30:50.208+09:00 DEBUG 22264 --- [    Test worker] org.hibernate.SQL                        : 
    alter table comments 
       drop 
       foreign key FKh4c7lvsc298whoyd4w9ta25cr
Hibernate: 
    alter table comments 
       drop 
       foreign key FKh4c7lvsc298whoyd4w9ta25cr
2025-05-16T20:30:50.212+09:00 DEBUG 22264 --- [    Test worker] org.hibernate.SQL                        : 
    alter table comments 
       drop 
       foreign key FK8omq0tc18jd43bu5tjh6jvraq
Hibernate: 
    alter table comments 
       drop 
       foreign key FK8omq0tc18jd43bu5tjh6jvraq
2025-05-16T20:30:50.215+09:00 DEBUG 22264 --- [    Test worker] org.hibernate.SQL                        : 
    alter table photos 
       drop 
       foreign key FK6y417rkxpq0v9rurdmrj96034
Hibernate: 
    alter table photos 
       drop 
       foreign key FK6y417rkxpq0v9rurdmrj96034
2025-05-16T20:30:50.218+09:00 DEBUG 22264 --- [    Test worker] org.hibernate.SQL                        : 
    alter table postlikes 
       drop 
       foreign key FKh1nd330g5xtxwwpw99sb1433s
Hibernate: 
    alter table postlikes 
       drop 
       foreign key FKh1nd330g5xtxwwpw99sb1433s
2025-05-16T20:30:50.221+09:00 DEBUG 22264 --- [    Test worker] org.hibernate.SQL                        : 
    alter table postlikes 
       drop 
       foreign key FKk1m5jsipv2u4j638smcmn7ujv
Hibernate: 
    alter table postlikes 
       drop 
       foreign key FKk1m5jsipv2u4j638smcmn7ujv
2025-05-16T20:30:50.223+09:00 DEBUG 22264 --- [    Test worker] org.hibernate.SQL                        : 
    alter table posts 
       drop 
       foreign key FK5lidm6cqbc7u4xhqpxm898qme
Hibernate: 
    alter table posts 
       drop 
       foreign key FK5lidm6cqbc7u4xhqpxm898qme
2025-05-16T20:30:50.230+09:00 DEBUG 22264 --- [    Test worker] org.hibernate.SQL                        : 
    drop table if exists chattingrooms
Hibernate: 
    drop table if exists chattingrooms
2025-05-16T20:30:50.233+09:00 DEBUG 22264 --- [    Test worker] org.hibernate.SQL                        : 
    drop table if exists chattings
Hibernate: 
    drop table if exists chattings
2025-05-16T20:30:50.239+09:00 DEBUG 22264 --- [    Test worker] org.hibernate.SQL                        : 
    drop table if exists comments
Hibernate: 
    drop table if exists comments
2025-05-16T20:30:50.243+09:00 DEBUG 22264 --- [    Test worker] org.hibernate.SQL                        : 
    drop table if exists photos
Hibernate: 
    drop table if exists photos
2025-05-16T20:30:50.245+09:00 DEBUG 22264 --- [    Test worker] org.hibernate.SQL                        : 
    drop table if exists postlikes
Hibernate: 
    drop table if exists postlikes
2025-05-16T20:30:50.247+09:00 DEBUG 22264 --- [    Test worker] org.hibernate.SQL                        : 
    drop table if exists posts
Hibernate: 
    drop table if exists posts
2025-05-16T20:30:50.248+09:00 DEBUG 22264 --- [    Test worker] org.hibernate.SQL                        : 
    drop table if exists users
Hibernate: 
    drop table if exists users
2025-05-16T20:30:50.253+09:00 DEBUG 22264 --- [    Test worker] org.hibernate.SQL                        : 
    create table chattingrooms (
        chattingroom_id bigint not null auto_increment,
        created_at datetime(6),
        post_id bigint not null,
        updated_at datetime(6),
        user_id bigint not null,
        primary key (chattingroom_id)
    ) engine=InnoDB
Hibernate: 
    create table chattingrooms (
        chattingroom_id bigint not null auto_increment,
        created_at datetime(6),
        post_id bigint not null,
        updated_at datetime(6),
        user_id bigint not null,
        primary key (chattingroom_id)
    ) engine=InnoDB
2025-05-16T20:30:50.256+09:00 DEBUG 22264 --- [    Test worker] org.hibernate.SQL                        : 
    create table chattings (
        chatting_id bigint not null auto_increment,
        chattingroom_id bigint not null,
        created_at datetime(6),
        user_id bigint not null,
        content TEXT,
        primary key (chatting_id)
    ) engine=InnoDB
Hibernate: 
    create table chattings (
        chatting_id bigint not null auto_increment,
        chattingroom_id bigint not null,
        created_at datetime(6),
        user_id bigint not null,
        content TEXT,
        primary key (chatting_id)
    ) engine=InnoDB
2025-05-16T20:30:50.259+09:00 DEBUG 22264 --- [    Test worker] org.hibernate.SQL                        : 
    create table comments (
        comment_id bigint not null auto_increment,
        created_at datetime(6),
        parent_comment_id bigint,
        post_id bigint not null,
        updated_at datetime(6),
        user_id bigint not null,
        content TEXT not null,
        primary key (comment_id)
    ) engine=InnoDB
Hibernate: 
    create table comments (
        comment_id bigint not null auto_increment,
        created_at datetime(6),
        parent_comment_id bigint,
        post_id bigint not null,
        updated_at datetime(6),
        user_id bigint not null,
        content TEXT not null,
        primary key (comment_id)
    ) engine=InnoDB
2025-05-16T20:30:50.261+09:00 DEBUG 22264 --- [    Test worker] org.hibernate.SQL                        : 
    create table photos (
        created_at datetime(6),
        image_id bigint not null auto_increment,
        post_id bigint,
        path varchar(255) not null,
        primary key (image_id)
    ) engine=InnoDB
Hibernate: 
    create table photos (
        created_at datetime(6),
        image_id bigint not null auto_increment,
        post_id bigint,
        path varchar(255) not null,
        primary key (image_id)
    ) engine=InnoDB
2025-05-16T20:30:50.264+09:00 DEBUG 22264 --- [    Test worker] org.hibernate.SQL                        : 
    create table postlikes (
        id bigint not null auto_increment,
        post_id bigint not null,
        user_id bigint not null,
        primary key (id)
    ) engine=InnoDB
Hibernate: 
    create table postlikes (
        id bigint not null auto_increment,
        post_id bigint not null,
        user_id bigint not null,
        primary key (id)
    ) engine=InnoDB
2025-05-16T20:30:50.267+09:00 DEBUG 22264 --- [    Test worker] org.hibernate.SQL                        : 
    create table posts (
        created_at datetime(6),
        post_id bigint not null auto_increment,
        updated_at datetime(6),
        user_id bigint not null,
        content TEXT not null,
        status varchar(255) not null,
        title varchar(255) not null,
        primary key (post_id)
    ) engine=InnoDB
Hibernate: 
    create table posts (
        created_at datetime(6),
        post_id bigint not null auto_increment,
        updated_at datetime(6),
        user_id bigint not null,
        content TEXT not null,
        status varchar(255) not null,
        title varchar(255) not null,
        primary key (post_id)
    ) engine=InnoDB
2025-05-16T20:30:50.269+09:00 DEBUG 22264 --- [    Test worker] org.hibernate.SQL                        : 
    create table users (
        created_at datetime(6),
        user_id bigint not null auto_increment,
        email varchar(255) not null,
        name varchar(255) not null,
        nickname varchar(255) not null,
        password varchar(255) not null,
        phone varchar(255) not null,
        profile varchar(255) not null,
        profile_img_path varchar(255) not null,
        role varchar(255) not null,
        primary key (user_id)
    ) engine=InnoDB
Hibernate: 
    create table users (
        created_at datetime(6),
        user_id bigint not null auto_increment,
        email varchar(255) not null,
        name varchar(255) not null,
        nickname varchar(255) not null,
        password varchar(255) not null,
        phone varchar(255) not null,
        profile varchar(255) not null,
        profile_img_path varchar(255) not null,
        role varchar(255) not null,
        primary key (user_id)
    ) engine=InnoDB
2025-05-16T20:30:50.273+09:00 DEBUG 22264 --- [    Test worker] org.hibernate.SQL                        : 
    alter table postlikes 
       add constraint UKg0hmclnodtacjhr4y1jwl59jg unique (post_id, user_id)
Hibernate: 
    alter table postlikes 
       add constraint UKg0hmclnodtacjhr4y1jwl59jg unique (post_id, user_id)
2025-05-16T20:30:50.276+09:00 DEBUG 22264 --- [    Test worker] org.hibernate.SQL                        : 
    alter table chattingrooms 
       add constraint FK7hevsmkvn545ybx5s6xo100xy 
       foreign key (user_id) 
       references users (user_id)
Hibernate: 
    alter table chattingrooms 
       add constraint FK7hevsmkvn545ybx5s6xo100xy 
       foreign key (user_id) 
       references users (user_id)
2025-05-16T20:30:50.282+09:00 DEBUG 22264 --- [    Test worker] org.hibernate.SQL                        : 
    alter table chattings 
       add constraint FKpsak8o1h14n3n5f2vgsuecsi5 
       foreign key (chattingroom_id) 
       references chattingrooms (chattingroom_id)
Hibernate: 
    alter table chattings 
       add constraint FKpsak8o1h14n3n5f2vgsuecsi5 
       foreign key (chattingroom_id) 
       references chattingrooms (chattingroom_id)
2025-05-16T20:30:50.288+09:00 DEBUG 22264 --- [    Test worker] org.hibernate.SQL                        : 
    alter table chattings 
       add constraint FKoty43uguxbn6j3hbqoi7bk33j 
       foreign key (user_id) 
       references users (user_id)
Hibernate: 
    alter table chattings 
       add constraint FKoty43uguxbn6j3hbqoi7bk33j 
       foreign key (user_id) 
       references users (user_id)
2025-05-16T20:30:50.296+09:00 DEBUG 22264 --- [    Test worker] org.hibernate.SQL                        : 
    alter table comments 
       add constraint FK7h839m3lkvhbyv3bcdv7sm4fj 
       foreign key (parent_comment_id) 
       references comments (comment_id)
Hibernate: 
    alter table comments 
       add constraint FK7h839m3lkvhbyv3bcdv7sm4fj 
       foreign key (parent_comment_id) 
       references comments (comment_id)
2025-05-16T20:30:50.302+09:00 DEBUG 22264 --- [    Test worker] org.hibernate.SQL                        : 
    alter table comments 
       add constraint FKh4c7lvsc298whoyd4w9ta25cr 
       foreign key (post_id) 
       references posts (post_id)
Hibernate: 
    alter table comments 
       add constraint FKh4c7lvsc298whoyd4w9ta25cr 
       foreign key (post_id) 
       references posts (post_id)
2025-05-16T20:30:50.308+09:00 DEBUG 22264 --- [    Test worker] org.hibernate.SQL                        : 
    alter table comments 
       add constraint FK8omq0tc18jd43bu5tjh6jvraq 
       foreign key (user_id) 
       references users (user_id)
Hibernate: 
    alter table comments 
       add constraint FK8omq0tc18jd43bu5tjh6jvraq 
       foreign key (user_id) 
       references users (user_id)
2025-05-16T20:30:50.317+09:00 DEBUG 22264 --- [    Test worker] org.hibernate.SQL                        : 
    alter table photos 
       add constraint FK6y417rkxpq0v9rurdmrj96034 
       foreign key (post_id) 
       references posts (post_id)
Hibernate: 
    alter table photos 
       add constraint FK6y417rkxpq0v9rurdmrj96034 
       foreign key (post_id) 
       references posts (post_id)
2025-05-16T20:30:50.324+09:00 DEBUG 22264 --- [    Test worker] org.hibernate.SQL                        : 
    alter table postlikes 
       add constraint FKh1nd330g5xtxwwpw99sb1433s 
       foreign key (post_id) 
       references posts (post_id)
Hibernate: 
    alter table postlikes 
       add constraint FKh1nd330g5xtxwwpw99sb1433s 
       foreign key (post_id) 
       references posts (post_id)
2025-05-16T20:30:50.331+09:00 DEBUG 22264 --- [    Test worker] org.hibernate.SQL                        : 
    alter table postlikes 
       add constraint FKk1m5jsipv2u4j638smcmn7ujv 
       foreign key (user_id) 
       references users (user_id)
Hibernate: 
    alter table postlikes 
       add constraint FKk1m5jsipv2u4j638smcmn7ujv 
       foreign key (user_id) 
       references users (user_id)
2025-05-16T20:30:50.338+09:00 DEBUG 22264 --- [    Test worker] org.hibernate.SQL                        : 
    alter table posts 
       add constraint FK5lidm6cqbc7u4xhqpxm898qme 
       foreign key (user_id) 
       references users (user_id)
Hibernate: 
    alter table posts 
       add constraint FK5lidm6cqbc7u4xhqpxm898qme 
       foreign key (user_id) 
       references users (user_id)
2025-05-16T20:30:50.346+09:00 TRACE 22264 --- [    Test worker] o.h.type.spi.TypeConfiguration$Scope     : Handling #sessionFactoryCreated from [org.hibernate.internal.SessionFactoryImpl@14af57c3] for TypeConfiguration
2025-05-16T20:30:50.346+09:00  INFO 22264 --- [    Test worker] j.LocalContainerEntityManagerFactoryBean : Initialized JPA EntityManagerFactory for persistence unit 'default'
2025-05-16T20:30:50.401+09:00 DEBUG 22264 --- [    Test worker] o.h.stat.internal.StatisticsInitiator    : Statistics initialized [enabled=true]
2025-05-16T20:30:50.403+09:00  INFO 22264 --- [    Test worker] i.StatisticalLoggingSessionEventListener : Session Metrics {
    0 nanoseconds spent acquiring 0 JDBC connections;
    0 nanoseconds spent releasing 0 JDBC connections;
    0 nanoseconds spent preparing 0 JDBC statements;
    0 nanoseconds spent executing 0 JDBC statements;
    0 nanoseconds spent executing 0 JDBC batches;
    0 nanoseconds spent performing 0 L2C puts;
    0 nanoseconds spent performing 0 L2C hits;
    0 nanoseconds spent performing 0 L2C misses;
    0 nanoseconds spent executing 0 flushes (flushing a total of 0 entities and 0 collections);
    0 nanoseconds spent executing 0 pre-partial-flushes;
    0 nanoseconds spent executing 0 partial-flushes (flushing a total of 0 entities and 0 collections)
}
2025-05-16T20:30:50.403+09:00 TRACE 22264 --- [    Test worker] o.h.e.jdbc.internal.JdbcCoordinatorImpl  : Closing JDBC container [org.hibernate.engine.jdbc.internal.JdbcCoordinatorImpl@186e254]
2025-05-16T20:30:50.403+09:00 TRACE 22264 --- [    Test worker] o.h.r.j.i.ResourceRegistryStandardImpl   : Releasing JDBC resources
2025-05-16T20:30:50.403+09:00  INFO 22264 --- [    Test worker] i.StatisticalLoggingSessionEventListener : Session Metrics {
    0 nanoseconds spent acquiring 0 JDBC connections;
    0 nanoseconds spent releasing 0 JDBC connections;
    0 nanoseconds spent preparing 0 JDBC statements;
    0 nanoseconds spent executing 0 JDBC statements;
    0 nanoseconds spent executing 0 JDBC batches;
    0 nanoseconds spent performing 0 L2C puts;
    0 nanoseconds spent performing 0 L2C hits;
    0 nanoseconds spent performing 0 L2C misses;
    0 nanoseconds spent executing 0 flushes (flushing a total of 0 entities and 0 collections);
    0 nanoseconds spent executing 0 pre-partial-flushes;
    0 nanoseconds spent executing 0 partial-flushes (flushing a total of 0 entities and 0 collections)
}
2025-05-16T20:30:50.403+09:00 TRACE 22264 --- [    Test worker] o.h.e.jdbc.internal.JdbcCoordinatorImpl  : Closing JDBC container [org.hibernate.engine.jdbc.internal.JdbcCoordinatorImpl@39ee07a9]
2025-05-16T20:30:50.403+09:00 TRACE 22264 --- [    Test worker] o.h.r.j.i.ResourceRegistryStandardImpl   : Releasing JDBC resources
2025-05-16T20:30:50.430+09:00  INFO 22264 --- [    Test worker] i.StatisticalLoggingSessionEventListener : Session Metrics {
    0 nanoseconds spent acquiring 0 JDBC connections;
    0 nanoseconds spent releasing 0 JDBC connections;
    0 nanoseconds spent preparing 0 JDBC statements;
    0 nanoseconds spent executing 0 JDBC statements;
    0 nanoseconds spent executing 0 JDBC batches;
    0 nanoseconds spent performing 0 L2C puts;
    0 nanoseconds spent performing 0 L2C hits;
    0 nanoseconds spent performing 0 L2C misses;
    0 nanoseconds spent executing 0 flushes (flushing a total of 0 entities and 0 collections);
    0 nanoseconds spent executing 0 pre-partial-flushes;
    0 nanoseconds spent executing 0 partial-flushes (flushing a total of 0 entities and 0 collections)
}
2025-05-16T20:30:50.430+09:00 TRACE 22264 --- [    Test worker] o.h.e.jdbc.internal.JdbcCoordinatorImpl  : Closing JDBC container [org.hibernate.engine.jdbc.internal.JdbcCoordinatorImpl@732fa176]
2025-05-16T20:30:50.430+09:00 TRACE 22264 --- [    Test worker] o.h.r.j.i.ResourceRegistryStandardImpl   : Releasing JDBC resources
2025-05-16T20:30:50.445+09:00  INFO 22264 --- [    Test worker] i.StatisticalLoggingSessionEventListener : Session Metrics {
    0 nanoseconds spent acquiring 0 JDBC connections;
    0 nanoseconds spent releasing 0 JDBC connections;
    0 nanoseconds spent preparing 0 JDBC statements;
    0 nanoseconds spent executing 0 JDBC statements;
    0 nanoseconds spent executing 0 JDBC batches;
    0 nanoseconds spent performing 0 L2C puts;
    0 nanoseconds spent performing 0 L2C hits;
    0 nanoseconds spent performing 0 L2C misses;
    0 nanoseconds spent executing 0 flushes (flushing a total of 0 entities and 0 collections);
    0 nanoseconds spent executing 0 pre-partial-flushes;
    0 nanoseconds spent executing 0 partial-flushes (flushing a total of 0 entities and 0 collections)
}
2025-05-16T20:30:50.445+09:00 TRACE 22264 --- [    Test worker] o.h.e.jdbc.internal.JdbcCoordinatorImpl  : Closing JDBC container [org.hibernate.engine.jdbc.internal.JdbcCoordinatorImpl@3ddc5a75]
2025-05-16T20:30:50.445+09:00 TRACE 22264 --- [    Test worker] o.h.r.j.i.ResourceRegistryStandardImpl   : Releasing JDBC resources
2025-05-16T20:30:50.445+09:00  INFO 22264 --- [    Test worker] i.StatisticalLoggingSessionEventListener : Session Metrics {
    0 nanoseconds spent acquiring 0 JDBC connections;
    0 nanoseconds spent releasing 0 JDBC connections;
    0 nanoseconds spent preparing 0 JDBC statements;
    0 nanoseconds spent executing 0 JDBC statements;
    0 nanoseconds spent executing 0 JDBC batches;
    0 nanoseconds spent performing 0 L2C puts;
    0 nanoseconds spent performing 0 L2C hits;
    0 nanoseconds spent performing 0 L2C misses;
    0 nanoseconds spent executing 0 flushes (flushing a total of 0 entities and 0 collections);
    0 nanoseconds spent executing 0 pre-partial-flushes;
    0 nanoseconds spent executing 0 partial-flushes (flushing a total of 0 entities and 0 collections)
}
2025-05-16T20:30:50.445+09:00 TRACE 22264 --- [    Test worker] o.h.e.jdbc.internal.JdbcCoordinatorImpl  : Closing JDBC container [org.hibernate.engine.jdbc.internal.JdbcCoordinatorImpl@65192f16]
2025-05-16T20:30:50.445+09:00 TRACE 22264 --- [    Test worker] o.h.r.j.i.ResourceRegistryStandardImpl   : Releasing JDBC resources
2025-05-16T20:30:50.452+09:00  INFO 22264 --- [    Test worker] o.s.d.j.r.query.QueryEnhancerFactory     : Hibernate is in classpath; If applicable, HQL parser will be used.
2025-05-16T20:30:50.635+09:00  INFO 22264 --- [    Test worker] i.StatisticalLoggingSessionEventListener : Session Metrics {
    0 nanoseconds spent acquiring 0 JDBC connections;
    0 nanoseconds spent releasing 0 JDBC connections;
    0 nanoseconds spent preparing 0 JDBC statements;
    0 nanoseconds spent executing 0 JDBC statements;
    0 nanoseconds spent executing 0 JDBC batches;
    0 nanoseconds spent performing 0 L2C puts;
    0 nanoseconds spent performing 0 L2C hits;
    0 nanoseconds spent performing 0 L2C misses;
    0 nanoseconds spent executing 0 flushes (flushing a total of 0 entities and 0 collections);
    0 nanoseconds spent executing 0 pre-partial-flushes;
    0 nanoseconds spent executing 0 partial-flushes (flushing a total of 0 entities and 0 collections)
}
2025-05-16T20:30:50.635+09:00 TRACE 22264 --- [    Test worker] o.h.e.jdbc.internal.JdbcCoordinatorImpl  : Closing JDBC container [org.hibernate.engine.jdbc.internal.JdbcCoordinatorImpl@377a1763]
2025-05-16T20:30:50.635+09:00 TRACE 22264 --- [    Test worker] o.h.r.j.i.ResourceRegistryStandardImpl   : Releasing JDBC resources
2025-05-16T20:30:50.636+09:00  INFO 22264 --- [    Test worker] i.StatisticalLoggingSessionEventListener : Session Metrics {
    0 nanoseconds spent acquiring 0 JDBC connections;
    0 nanoseconds spent releasing 0 JDBC connections;
    0 nanoseconds spent preparing 0 JDBC statements;
    0 nanoseconds spent executing 0 JDBC statements;
    0 nanoseconds spent executing 0 JDBC batches;
    0 nanoseconds spent performing 0 L2C puts;
    0 nanoseconds spent performing 0 L2C hits;
    0 nanoseconds spent performing 0 L2C misses;
    0 nanoseconds spent executing 0 flushes (flushing a total of 0 entities and 0 collections);
    0 nanoseconds spent executing 0 pre-partial-flushes;
    0 nanoseconds spent executing 0 partial-flushes (flushing a total of 0 entities and 0 collections)
}
2025-05-16T20:30:50.636+09:00 TRACE 22264 --- [    Test worker] o.h.e.jdbc.internal.JdbcCoordinatorImpl  : Closing JDBC container [org.hibernate.engine.jdbc.internal.JdbcCoordinatorImpl@15932faf]
2025-05-16T20:30:50.636+09:00 TRACE 22264 --- [    Test worker] o.h.r.j.i.ResourceRegistryStandardImpl   : Releasing JDBC resources
2025-05-16T20:30:50.636+09:00  INFO 22264 --- [    Test worker] i.StatisticalLoggingSessionEventListener : Session Metrics {
    0 nanoseconds spent acquiring 0 JDBC connections;
    0 nanoseconds spent releasing 0 JDBC connections;
    0 nanoseconds spent preparing 0 JDBC statements;
    0 nanoseconds spent executing 0 JDBC statements;
    0 nanoseconds spent executing 0 JDBC batches;
    0 nanoseconds spent performing 0 L2C puts;
    0 nanoseconds spent performing 0 L2C hits;
    0 nanoseconds spent performing 0 L2C misses;
    0 nanoseconds spent executing 0 flushes (flushing a total of 0 entities and 0 collections);
    0 nanoseconds spent executing 0 pre-partial-flushes;
    0 nanoseconds spent executing 0 partial-flushes (flushing a total of 0 entities and 0 collections)
}
2025-05-16T20:30:50.636+09:00 TRACE 22264 --- [    Test worker] o.h.e.jdbc.internal.JdbcCoordinatorImpl  : Closing JDBC container [org.hibernate.engine.jdbc.internal.JdbcCoordinatorImpl@7066c00a]
2025-05-16T20:30:50.636+09:00 TRACE 22264 --- [    Test worker] o.h.r.j.i.ResourceRegistryStandardImpl   : Releasing JDBC resources
2025-05-16T20:30:50.647+09:00  INFO 22264 --- [    Test worker] i.StatisticalLoggingSessionEventListener : Session Metrics {
    0 nanoseconds spent acquiring 0 JDBC connections;
    0 nanoseconds spent releasing 0 JDBC connections;
    0 nanoseconds spent preparing 0 JDBC statements;
    0 nanoseconds spent executing 0 JDBC statements;
    0 nanoseconds spent executing 0 JDBC batches;
    0 nanoseconds spent performing 0 L2C puts;
    0 nanoseconds spent performing 0 L2C hits;
    0 nanoseconds spent performing 0 L2C misses;
    0 nanoseconds spent executing 0 flushes (flushing a total of 0 entities and 0 collections);
    0 nanoseconds spent executing 0 pre-partial-flushes;
    0 nanoseconds spent executing 0 partial-flushes (flushing a total of 0 entities and 0 collections)
}
2025-05-16T20:30:50.647+09:00 TRACE 22264 --- [    Test worker] o.h.e.jdbc.internal.JdbcCoordinatorImpl  : Closing JDBC container [org.hibernate.engine.jdbc.internal.JdbcCoordinatorImpl@7c3bac88]
2025-05-16T20:30:50.647+09:00 TRACE 22264 --- [    Test worker] o.h.r.j.i.ResourceRegistryStandardImpl   : Releasing JDBC resources
2025-05-16T20:30:50.648+09:00  INFO 22264 --- [    Test worker] i.StatisticalLoggingSessionEventListener : Session Metrics {
    0 nanoseconds spent acquiring 0 JDBC connections;
    0 nanoseconds spent releasing 0 JDBC connections;
    0 nanoseconds spent preparing 0 JDBC statements;
    0 nanoseconds spent executing 0 JDBC statements;
    0 nanoseconds spent executing 0 JDBC batches;
    0 nanoseconds spent performing 0 L2C puts;
    0 nanoseconds spent performing 0 L2C hits;
    0 nanoseconds spent performing 0 L2C misses;
    0 nanoseconds spent executing 0 flushes (flushing a total of 0 entities and 0 collections);
    0 nanoseconds spent executing 0 pre-partial-flushes;
    0 nanoseconds spent executing 0 partial-flushes (flushing a total of 0 entities and 0 collections)
}
2025-05-16T20:30:50.648+09:00 TRACE 22264 --- [    Test worker] o.h.e.jdbc.internal.JdbcCoordinatorImpl  : Closing JDBC container [org.hibernate.engine.jdbc.internal.JdbcCoordinatorImpl@4c3c1963]
2025-05-16T20:30:50.648+09:00 TRACE 22264 --- [    Test worker] o.h.r.j.i.ResourceRegistryStandardImpl   : Releasing JDBC resources
2025-05-16T20:30:50.648+09:00  INFO 22264 --- [    Test worker] i.StatisticalLoggingSessionEventListener : Session Metrics {
    0 nanoseconds spent acquiring 0 JDBC connections;
    0 nanoseconds spent releasing 0 JDBC connections;
    0 nanoseconds spent preparing 0 JDBC statements;
    0 nanoseconds spent executing 0 JDBC statements;
    0 nanoseconds spent executing 0 JDBC batches;
    0 nanoseconds spent performing 0 L2C puts;
    0 nanoseconds spent performing 0 L2C hits;
    0 nanoseconds spent performing 0 L2C misses;
    0 nanoseconds spent executing 0 flushes (flushing a total of 0 entities and 0 collections);
    0 nanoseconds spent executing 0 pre-partial-flushes;
    0 nanoseconds spent executing 0 partial-flushes (flushing a total of 0 entities and 0 collections)
}
2025-05-16T20:30:50.648+09:00 TRACE 22264 --- [    Test worker] o.h.e.jdbc.internal.JdbcCoordinatorImpl  : Closing JDBC container [org.hibernate.engine.jdbc.internal.JdbcCoordinatorImpl@78652c15]
2025-05-16T20:30:50.648+09:00 TRACE 22264 --- [    Test worker] o.h.r.j.i.ResourceRegistryStandardImpl   : Releasing JDBC resources
2025-05-16T20:30:50.666+09:00  INFO 22264 --- [    Test worker] i.StatisticalLoggingSessionEventListener : Session Metrics {
    0 nanoseconds spent acquiring 0 JDBC connections;
    0 nanoseconds spent releasing 0 JDBC connections;
    0 nanoseconds spent preparing 0 JDBC statements;
    0 nanoseconds spent executing 0 JDBC statements;
    0 nanoseconds spent executing 0 JDBC batches;
    0 nanoseconds spent performing 0 L2C puts;
    0 nanoseconds spent performing 0 L2C hits;
    0 nanoseconds spent performing 0 L2C misses;
    0 nanoseconds spent executing 0 flushes (flushing a total of 0 entities and 0 collections);
    0 nanoseconds spent executing 0 pre-partial-flushes;
    0 nanoseconds spent executing 0 partial-flushes (flushing a total of 0 entities and 0 collections)
}
2025-05-16T20:30:50.666+09:00 TRACE 22264 --- [    Test worker] o.h.e.jdbc.internal.JdbcCoordinatorImpl  : Closing JDBC container [org.hibernate.engine.jdbc.internal.JdbcCoordinatorImpl@65067d90]
2025-05-16T20:30:50.666+09:00 TRACE 22264 --- [    Test worker] o.h.r.j.i.ResourceRegistryStandardImpl   : Releasing JDBC resources
2025-05-16T20:30:50.666+09:00  INFO 22264 --- [    Test worker] i.StatisticalLoggingSessionEventListener : Session Metrics {
    0 nanoseconds spent acquiring 0 JDBC connections;
    0 nanoseconds spent releasing 0 JDBC connections;
    0 nanoseconds spent preparing 0 JDBC statements;
    0 nanoseconds spent executing 0 JDBC statements;
    0 nanoseconds spent executing 0 JDBC batches;
    0 nanoseconds spent performing 0 L2C puts;
    0 nanoseconds spent performing 0 L2C hits;
    0 nanoseconds spent performing 0 L2C misses;
    0 nanoseconds spent executing 0 flushes (flushing a total of 0 entities and 0 collections);
    0 nanoseconds spent executing 0 pre-partial-flushes;
    0 nanoseconds spent executing 0 partial-flushes (flushing a total of 0 entities and 0 collections)
}
2025-05-16T20:30:50.666+09:00 TRACE 22264 --- [    Test worker] o.h.e.jdbc.internal.JdbcCoordinatorImpl  : Closing JDBC container [org.hibernate.engine.jdbc.internal.JdbcCoordinatorImpl@2380e8d4]
2025-05-16T20:30:50.666+09:00 TRACE 22264 --- [    Test worker] o.h.r.j.i.ResourceRegistryStandardImpl   : Releasing JDBC resources
2025-05-16T20:30:50.668+09:00  INFO 22264 --- [    Test worker] i.StatisticalLoggingSessionEventListener : Session Metrics {
    0 nanoseconds spent acquiring 0 JDBC connections;
    0 nanoseconds spent releasing 0 JDBC connections;
    0 nanoseconds spent preparing 0 JDBC statements;
    0 nanoseconds spent executing 0 JDBC statements;
    0 nanoseconds spent executing 0 JDBC batches;
    0 nanoseconds spent performing 0 L2C puts;
    0 nanoseconds spent performing 0 L2C hits;
    0 nanoseconds spent performing 0 L2C misses;
    0 nanoseconds spent executing 0 flushes (flushing a total of 0 entities and 0 collections);
    0 nanoseconds spent executing 0 pre-partial-flushes;
    0 nanoseconds spent executing 0 partial-flushes (flushing a total of 0 entities and 0 collections)
}
2025-05-16T20:30:50.668+09:00 TRACE 22264 --- [    Test worker] o.h.e.jdbc.internal.JdbcCoordinatorImpl  : Closing JDBC container [org.hibernate.engine.jdbc.internal.JdbcCoordinatorImpl@776d50d6]
2025-05-16T20:30:50.668+09:00 TRACE 22264 --- [    Test worker] o.h.r.j.i.ResourceRegistryStandardImpl   : Releasing JDBC resources
2025-05-16T20:30:50.668+09:00  INFO 22264 --- [    Test worker] i.StatisticalLoggingSessionEventListener : Session Metrics {
    0 nanoseconds spent acquiring 0 JDBC connections;
    0 nanoseconds spent releasing 0 JDBC connections;
    0 nanoseconds spent preparing 0 JDBC statements;
    0 nanoseconds spent executing 0 JDBC statements;
    0 nanoseconds spent executing 0 JDBC batches;
    0 nanoseconds spent performing 0 L2C puts;
    0 nanoseconds spent performing 0 L2C hits;
    0 nanoseconds spent performing 0 L2C misses;
    0 nanoseconds spent executing 0 flushes (flushing a total of 0 entities and 0 collections);
    0 nanoseconds spent executing 0 pre-partial-flushes;
    0 nanoseconds spent executing 0 partial-flushes (flushing a total of 0 entities and 0 collections)
}
2025-05-16T20:30:50.668+09:00 TRACE 22264 --- [    Test worker] o.h.e.jdbc.internal.JdbcCoordinatorImpl  : Closing JDBC container [org.hibernate.engine.jdbc.internal.JdbcCoordinatorImpl@43815bc]
2025-05-16T20:30:50.668+09:00 TRACE 22264 --- [    Test worker] o.h.r.j.i.ResourceRegistryStandardImpl   : Releasing JDBC resources
2025-05-16T20:30:50.714+09:00  INFO 22264 --- [    Test worker] i.StatisticalLoggingSessionEventListener : Session Metrics {
    0 nanoseconds spent acquiring 0 JDBC connections;
    0 nanoseconds spent releasing 0 JDBC connections;
    0 nanoseconds spent preparing 0 JDBC statements;
    0 nanoseconds spent executing 0 JDBC statements;
    0 nanoseconds spent executing 0 JDBC batches;
    0 nanoseconds spent performing 0 L2C puts;
    0 nanoseconds spent performing 0 L2C hits;
    0 nanoseconds spent performing 0 L2C misses;
    0 nanoseconds spent executing 0 flushes (flushing a total of 0 entities and 0 collections);
    0 nanoseconds spent executing 0 pre-partial-flushes;
    0 nanoseconds spent executing 0 partial-flushes (flushing a total of 0 entities and 0 collections)
}
2025-05-16T20:30:50.714+09:00 TRACE 22264 --- [    Test worker] o.h.e.jdbc.internal.JdbcCoordinatorImpl  : Closing JDBC container [org.hibernate.engine.jdbc.internal.JdbcCoordinatorImpl@7574d30b]
2025-05-16T20:30:50.714+09:00 TRACE 22264 --- [    Test worker] o.h.r.j.i.ResourceRegistryStandardImpl   : Releasing JDBC resources
2025-05-16T20:30:50.714+09:00  INFO 22264 --- [    Test worker] i.StatisticalLoggingSessionEventListener : Session Metrics {
    0 nanoseconds spent acquiring 0 JDBC connections;
    0 nanoseconds spent releasing 0 JDBC connections;
    0 nanoseconds spent preparing 0 JDBC statements;
    0 nanoseconds spent executing 0 JDBC statements;
    0 nanoseconds spent executing 0 JDBC batches;
    0 nanoseconds spent performing 0 L2C puts;
    0 nanoseconds spent performing 0 L2C hits;
    0 nanoseconds spent performing 0 L2C misses;
    0 nanoseconds spent executing 0 flushes (flushing a total of 0 entities and 0 collections);
    0 nanoseconds spent executing 0 pre-partial-flushes;
    0 nanoseconds spent executing 0 partial-flushes (flushing a total of 0 entities and 0 collections)
}
2025-05-16T20:30:50.715+09:00 TRACE 22264 --- [    Test worker] o.h.e.jdbc.internal.JdbcCoordinatorImpl  : Closing JDBC container [org.hibernate.engine.jdbc.internal.JdbcCoordinatorImpl@6723626f]
2025-05-16T20:30:50.715+09:00 TRACE 22264 --- [    Test worker] o.h.r.j.i.ResourceRegistryStandardImpl   : Releasing JDBC resources
2025-05-16T20:30:50.715+09:00  INFO 22264 --- [    Test worker] i.StatisticalLoggingSessionEventListener : Session Metrics {
    0 nanoseconds spent acquiring 0 JDBC connections;
    0 nanoseconds spent releasing 0 JDBC connections;
    0 nanoseconds spent preparing 0 JDBC statements;
    0 nanoseconds spent executing 0 JDBC statements;
    0 nanoseconds spent executing 0 JDBC batches;
    0 nanoseconds spent performing 0 L2C puts;
    0 nanoseconds spent performing 0 L2C hits;
    0 nanoseconds spent performing 0 L2C misses;
    0 nanoseconds spent executing 0 flushes (flushing a total of 0 entities and 0 collections);
    0 nanoseconds spent executing 0 pre-partial-flushes;
    0 nanoseconds spent executing 0 partial-flushes (flushing a total of 0 entities and 0 collections)
}
2025-05-16T20:30:50.715+09:00 TRACE 22264 --- [    Test worker] o.h.e.jdbc.internal.JdbcCoordinatorImpl  : Closing JDBC container [org.hibernate.engine.jdbc.internal.JdbcCoordinatorImpl@411bed55]
2025-05-16T20:30:50.715+09:00 TRACE 22264 --- [    Test worker] o.h.r.j.i.ResourceRegistryStandardImpl   : Releasing JDBC resources
2025-05-16T20:30:50.717+09:00  INFO 22264 --- [    Test worker] i.StatisticalLoggingSessionEventListener : Session Metrics {
    0 nanoseconds spent acquiring 0 JDBC connections;
    0 nanoseconds spent releasing 0 JDBC connections;
    0 nanoseconds spent preparing 0 JDBC statements;
    0 nanoseconds spent executing 0 JDBC statements;
    0 nanoseconds spent executing 0 JDBC batches;
    0 nanoseconds spent performing 0 L2C puts;
    0 nanoseconds spent performing 0 L2C hits;
    0 nanoseconds spent performing 0 L2C misses;
    0 nanoseconds spent executing 0 flushes (flushing a total of 0 entities and 0 collections);
    0 nanoseconds spent executing 0 pre-partial-flushes;
    0 nanoseconds spent executing 0 partial-flushes (flushing a total of 0 entities and 0 collections)
}
2025-05-16T20:30:50.717+09:00 TRACE 22264 --- [    Test worker] o.h.e.jdbc.internal.JdbcCoordinatorImpl  : Closing JDBC container [org.hibernate.engine.jdbc.internal.JdbcCoordinatorImpl@612e1c6e]
2025-05-16T20:30:50.717+09:00 TRACE 22264 --- [    Test worker] o.h.r.j.i.ResourceRegistryStandardImpl   : Releasing JDBC resources
2025-05-16T20:30:50.718+09:00  INFO 22264 --- [    Test worker] i.StatisticalLoggingSessionEventListener : Session Metrics {
    0 nanoseconds spent acquiring 0 JDBC connections;
    0 nanoseconds spent releasing 0 JDBC connections;
    0 nanoseconds spent preparing 0 JDBC statements;
    0 nanoseconds spent executing 0 JDBC statements;
    0 nanoseconds spent executing 0 JDBC batches;
    0 nanoseconds spent performing 0 L2C puts;
    0 nanoseconds spent performing 0 L2C hits;
    0 nanoseconds spent performing 0 L2C misses;
    0 nanoseconds spent executing 0 flushes (flushing a total of 0 entities and 0 collections);
    0 nanoseconds spent executing 0 pre-partial-flushes;
    0 nanoseconds spent executing 0 partial-flushes (flushing a total of 0 entities and 0 collections)
}
2025-05-16T20:30:50.718+09:00 TRACE 22264 --- [    Test worker] o.h.e.jdbc.internal.JdbcCoordinatorImpl  : Closing JDBC container [org.hibernate.engine.jdbc.internal.JdbcCoordinatorImpl@1cf45f46]
2025-05-16T20:30:50.718+09:00 TRACE 22264 --- [    Test worker] o.h.r.j.i.ResourceRegistryStandardImpl   : Releasing JDBC resources
2025-05-16T20:30:50.718+09:00  INFO 22264 --- [    Test worker] i.StatisticalLoggingSessionEventListener : Session Metrics {
    0 nanoseconds spent acquiring 0 JDBC connections;
    0 nanoseconds spent releasing 0 JDBC connections;
    0 nanoseconds spent preparing 0 JDBC statements;
    0 nanoseconds spent executing 0 JDBC statements;
    0 nanoseconds spent executing 0 JDBC batches;
    0 nanoseconds spent performing 0 L2C puts;
    0 nanoseconds spent performing 0 L2C hits;
    0 nanoseconds spent performing 0 L2C misses;
    0 nanoseconds spent executing 0 flushes (flushing a total of 0 entities and 0 collections);
    0 nanoseconds spent executing 0 pre-partial-flushes;
    0 nanoseconds spent executing 0 partial-flushes (flushing a total of 0 entities and 0 collections)
}
2025-05-16T20:30:50.718+09:00 TRACE 22264 --- [    Test worker] o.h.e.jdbc.internal.JdbcCoordinatorImpl  : Closing JDBC container [org.hibernate.engine.jdbc.internal.JdbcCoordinatorImpl@15045e40]
2025-05-16T20:30:50.718+09:00 TRACE 22264 --- [    Test worker] o.h.r.j.i.ResourceRegistryStandardImpl   : Releasing JDBC resources
2025-05-16T20:30:50.719+09:00  INFO 22264 --- [    Test worker] i.StatisticalLoggingSessionEventListener : Session Metrics {
    0 nanoseconds spent acquiring 0 JDBC connections;
    0 nanoseconds spent releasing 0 JDBC connections;
    0 nanoseconds spent preparing 0 JDBC statements;
    0 nanoseconds spent executing 0 JDBC statements;
    0 nanoseconds spent executing 0 JDBC batches;
    0 nanoseconds spent performing 0 L2C puts;
    0 nanoseconds spent performing 0 L2C hits;
    0 nanoseconds spent performing 0 L2C misses;
    0 nanoseconds spent executing 0 flushes (flushing a total of 0 entities and 0 collections);
    0 nanoseconds spent executing 0 pre-partial-flushes;
    0 nanoseconds spent executing 0 partial-flushes (flushing a total of 0 entities and 0 collections)
}
2025-05-16T20:30:50.719+09:00 TRACE 22264 --- [    Test worker] o.h.e.jdbc.internal.JdbcCoordinatorImpl  : Closing JDBC container [org.hibernate.engine.jdbc.internal.JdbcCoordinatorImpl@7625bfbd]
2025-05-16T20:30:50.719+09:00 TRACE 22264 --- [    Test worker] o.h.r.j.i.ResourceRegistryStandardImpl   : Releasing JDBC resources
2025-05-16T20:30:50.723+09:00  INFO 22264 --- [    Test worker] i.StatisticalLoggingSessionEventListener : Session Metrics {
    0 nanoseconds spent acquiring 0 JDBC connections;
    0 nanoseconds spent releasing 0 JDBC connections;
    0 nanoseconds spent preparing 0 JDBC statements;
    0 nanoseconds spent executing 0 JDBC statements;
    0 nanoseconds spent executing 0 JDBC batches;
    0 nanoseconds spent performing 0 L2C puts;
    0 nanoseconds spent performing 0 L2C hits;
    0 nanoseconds spent performing 0 L2C misses;
    0 nanoseconds spent executing 0 flushes (flushing a total of 0 entities and 0 collections);
    0 nanoseconds spent executing 0 pre-partial-flushes;
    0 nanoseconds spent executing 0 partial-flushes (flushing a total of 0 entities and 0 collections)
}
2025-05-16T20:30:50.723+09:00 TRACE 22264 --- [    Test worker] o.h.e.jdbc.internal.JdbcCoordinatorImpl  : Closing JDBC container [org.hibernate.engine.jdbc.internal.JdbcCoordinatorImpl@53bc8c7e]
2025-05-16T20:30:50.723+09:00 TRACE 22264 --- [    Test worker] o.h.r.j.i.ResourceRegistryStandardImpl   : Releasing JDBC resources
2025-05-16T20:30:50.723+09:00  INFO 22264 --- [    Test worker] i.StatisticalLoggingSessionEventListener : Session Metrics {
    0 nanoseconds spent acquiring 0 JDBC connections;
    0 nanoseconds spent releasing 0 JDBC connections;
    0 nanoseconds spent preparing 0 JDBC statements;
    0 nanoseconds spent executing 0 JDBC statements;
    0 nanoseconds spent executing 0 JDBC batches;
    0 nanoseconds spent performing 0 L2C puts;
    0 nanoseconds spent performing 0 L2C hits;
    0 nanoseconds spent performing 0 L2C misses;
    0 nanoseconds spent executing 0 flushes (flushing a total of 0 entities and 0 collections);
    0 nanoseconds spent executing 0 pre-partial-flushes;
    0 nanoseconds spent executing 0 partial-flushes (flushing a total of 0 entities and 0 collections)
}
2025-05-16T20:30:50.724+09:00 TRACE 22264 --- [    Test worker] o.h.e.jdbc.internal.JdbcCoordinatorImpl  : Closing JDBC container [org.hibernate.engine.jdbc.internal.JdbcCoordinatorImpl@8ff4795]
2025-05-16T20:30:50.724+09:00 TRACE 22264 --- [    Test worker] o.h.r.j.i.ResourceRegistryStandardImpl   : Releasing JDBC resources
2025-05-16T20:30:50.725+09:00  INFO 22264 --- [    Test worker] i.StatisticalLoggingSessionEventListener : Session Metrics {
    0 nanoseconds spent acquiring 0 JDBC connections;
    0 nanoseconds spent releasing 0 JDBC connections;
    0 nanoseconds spent preparing 0 JDBC statements;
    0 nanoseconds spent executing 0 JDBC statements;
    0 nanoseconds spent executing 0 JDBC batches;
    0 nanoseconds spent performing 0 L2C puts;
    0 nanoseconds spent performing 0 L2C hits;
    0 nanoseconds spent performing 0 L2C misses;
    0 nanoseconds spent executing 0 flushes (flushing a total of 0 entities and 0 collections);
    0 nanoseconds spent executing 0 pre-partial-flushes;
    0 nanoseconds spent executing 0 partial-flushes (flushing a total of 0 entities and 0 collections)
}
2025-05-16T20:30:50.725+09:00 TRACE 22264 --- [    Test worker] o.h.e.jdbc.internal.JdbcCoordinatorImpl  : Closing JDBC container [org.hibernate.engine.jdbc.internal.JdbcCoordinatorImpl@78e3bebd]
2025-05-16T20:30:50.725+09:00 TRACE 22264 --- [    Test worker] o.h.r.j.i.ResourceRegistryStandardImpl   : Releasing JDBC resources
2025-05-16T20:30:50.725+09:00  INFO 22264 --- [    Test worker] i.StatisticalLoggingSessionEventListener : Session Metrics {
    0 nanoseconds spent acquiring 0 JDBC connections;
    0 nanoseconds spent releasing 0 JDBC connections;
    0 nanoseconds spent preparing 0 JDBC statements;
    0 nanoseconds spent executing 0 JDBC statements;
    0 nanoseconds spent executing 0 JDBC batches;
    0 nanoseconds spent performing 0 L2C puts;
    0 nanoseconds spent performing 0 L2C hits;
    0 nanoseconds spent performing 0 L2C misses;
    0 nanoseconds spent executing 0 flushes (flushing a total of 0 entities and 0 collections);
    0 nanoseconds spent executing 0 pre-partial-flushes;
    0 nanoseconds spent executing 0 partial-flushes (flushing a total of 0 entities and 0 collections)
}
2025-05-16T20:30:50.725+09:00 TRACE 22264 --- [    Test worker] o.h.e.jdbc.internal.JdbcCoordinatorImpl  : Closing JDBC container [org.hibernate.engine.jdbc.internal.JdbcCoordinatorImpl@4f0b02a3]
2025-05-16T20:30:50.725+09:00 TRACE 22264 --- [    Test worker] o.h.r.j.i.ResourceRegistryStandardImpl   : Releasing JDBC resources
2025-05-16T20:30:50.725+09:00  INFO 22264 --- [    Test worker] i.StatisticalLoggingSessionEventListener : Session Metrics {
    0 nanoseconds spent acquiring 0 JDBC connections;
    0 nanoseconds spent releasing 0 JDBC connections;
    0 nanoseconds spent preparing 0 JDBC statements;
    0 nanoseconds spent executing 0 JDBC statements;
    0 nanoseconds spent executing 0 JDBC batches;
    0 nanoseconds spent performing 0 L2C puts;
    0 nanoseconds spent performing 0 L2C hits;
    0 nanoseconds spent performing 0 L2C misses;
    0 nanoseconds spent executing 0 flushes (flushing a total of 0 entities and 0 collections);
    0 nanoseconds spent executing 0 pre-partial-flushes;
    0 nanoseconds spent executing 0 partial-flushes (flushing a total of 0 entities and 0 collections)
}
2025-05-16T20:30:50.725+09:00 TRACE 22264 --- [    Test worker] o.h.e.jdbc.internal.JdbcCoordinatorImpl  : Closing JDBC container [org.hibernate.engine.jdbc.internal.JdbcCoordinatorImpl@3d3a3738]
2025-05-16T20:30:50.725+09:00 TRACE 22264 --- [    Test worker] o.h.r.j.i.ResourceRegistryStandardImpl   : Releasing JDBC resources
2025-05-16T20:30:50.725+09:00  INFO 22264 --- [    Test worker] i.StatisticalLoggingSessionEventListener : Session Metrics {
    0 nanoseconds spent acquiring 0 JDBC connections;
    0 nanoseconds spent releasing 0 JDBC connections;
    0 nanoseconds spent preparing 0 JDBC statements;
    0 nanoseconds spent executing 0 JDBC statements;
    0 nanoseconds spent executing 0 JDBC batches;
    0 nanoseconds spent performing 0 L2C puts;
    0 nanoseconds spent performing 0 L2C hits;
    0 nanoseconds spent performing 0 L2C misses;
    0 nanoseconds spent executing 0 flushes (flushing a total of 0 entities and 0 collections);
    0 nanoseconds spent executing 0 pre-partial-flushes;
    0 nanoseconds spent executing 0 partial-flushes (flushing a total of 0 entities and 0 collections)
}
2025-05-16T20:30:50.725+09:00 TRACE 22264 --- [    Test worker] o.h.e.jdbc.internal.JdbcCoordinatorImpl  : Closing JDBC container [org.hibernate.engine.jdbc.internal.JdbcCoordinatorImpl@4ba056ab]
2025-05-16T20:30:50.725+09:00 TRACE 22264 --- [    Test worker] o.h.r.j.i.ResourceRegistryStandardImpl   : Releasing JDBC resources
2025-05-16T20:30:50.726+09:00  INFO 22264 --- [    Test worker] i.StatisticalLoggingSessionEventListener : Session Metrics {
    0 nanoseconds spent acquiring 0 JDBC connections;
    0 nanoseconds spent releasing 0 JDBC connections;
    0 nanoseconds spent preparing 0 JDBC statements;
    0 nanoseconds spent executing 0 JDBC statements;
    0 nanoseconds spent executing 0 JDBC batches;
    0 nanoseconds spent performing 0 L2C puts;
    0 nanoseconds spent performing 0 L2C hits;
    0 nanoseconds spent performing 0 L2C misses;
    0 nanoseconds spent executing 0 flushes (flushing a total of 0 entities and 0 collections);
    0 nanoseconds spent executing 0 pre-partial-flushes;
    0 nanoseconds spent executing 0 partial-flushes (flushing a total of 0 entities and 0 collections)
}
2025-05-16T20:30:50.726+09:00 TRACE 22264 --- [    Test worker] o.h.e.jdbc.internal.JdbcCoordinatorImpl  : Closing JDBC container [org.hibernate.engine.jdbc.internal.JdbcCoordinatorImpl@2e530f34]
2025-05-16T20:30:50.726+09:00 TRACE 22264 --- [    Test worker] o.h.r.j.i.ResourceRegistryStandardImpl   : Releasing JDBC resources
2025-05-16T20:30:50.726+09:00  INFO 22264 --- [    Test worker] i.StatisticalLoggingSessionEventListener : Session Metrics {
    0 nanoseconds spent acquiring 0 JDBC connections;
    0 nanoseconds spent releasing 0 JDBC connections;
    0 nanoseconds spent preparing 0 JDBC statements;
    0 nanoseconds spent executing 0 JDBC statements;
    0 nanoseconds spent executing 0 JDBC batches;
    0 nanoseconds spent performing 0 L2C puts;
    0 nanoseconds spent performing 0 L2C hits;
    0 nanoseconds spent performing 0 L2C misses;
    0 nanoseconds spent executing 0 flushes (flushing a total of 0 entities and 0 collections);
    0 nanoseconds spent executing 0 pre-partial-flushes;
    0 nanoseconds spent executing 0 partial-flushes (flushing a total of 0 entities and 0 collections)
}
2025-05-16T20:30:50.726+09:00 TRACE 22264 --- [    Test worker] o.h.e.jdbc.internal.JdbcCoordinatorImpl  : Closing JDBC container [org.hibernate.engine.jdbc.internal.JdbcCoordinatorImpl@39da0e47]
2025-05-16T20:30:50.726+09:00 TRACE 22264 --- [    Test worker] o.h.r.j.i.ResourceRegistryStandardImpl   : Releasing JDBC resources
2025-05-16T20:30:50.727+09:00  INFO 22264 --- [    Test worker] i.StatisticalLoggingSessionEventListener : Session Metrics {
    0 nanoseconds spent acquiring 0 JDBC connections;
    0 nanoseconds spent releasing 0 JDBC connections;
    0 nanoseconds spent preparing 0 JDBC statements;
    0 nanoseconds spent executing 0 JDBC statements;
    0 nanoseconds spent executing 0 JDBC batches;
    0 nanoseconds spent performing 0 L2C puts;
    0 nanoseconds spent performing 0 L2C hits;
    0 nanoseconds spent performing 0 L2C misses;
    0 nanoseconds spent executing 0 flushes (flushing a total of 0 entities and 0 collections);
    0 nanoseconds spent executing 0 pre-partial-flushes;
    0 nanoseconds spent executing 0 partial-flushes (flushing a total of 0 entities and 0 collections)
}
2025-05-16T20:30:50.727+09:00 TRACE 22264 --- [    Test worker] o.h.e.jdbc.internal.JdbcCoordinatorImpl  : Closing JDBC container [org.hibernate.engine.jdbc.internal.JdbcCoordinatorImpl@75c2a35]
2025-05-16T20:30:50.727+09:00 TRACE 22264 --- [    Test worker] o.h.r.j.i.ResourceRegistryStandardImpl   : Releasing JDBC resources
2025-05-16T20:30:50.727+09:00  INFO 22264 --- [    Test worker] i.StatisticalLoggingSessionEventListener : Session Metrics {
    0 nanoseconds spent acquiring 0 JDBC connections;
    0 nanoseconds spent releasing 0 JDBC connections;
    0 nanoseconds spent preparing 0 JDBC statements;
    0 nanoseconds spent executing 0 JDBC statements;
    0 nanoseconds spent executing 0 JDBC batches;
    0 nanoseconds spent performing 0 L2C puts;
    0 nanoseconds spent performing 0 L2C hits;
    0 nanoseconds spent performing 0 L2C misses;
    0 nanoseconds spent executing 0 flushes (flushing a total of 0 entities and 0 collections);
    0 nanoseconds spent executing 0 pre-partial-flushes;
    0 nanoseconds spent executing 0 partial-flushes (flushing a total of 0 entities and 0 collections)
}
2025-05-16T20:30:50.727+09:00 TRACE 22264 --- [    Test worker] o.h.e.jdbc.internal.JdbcCoordinatorImpl  : Closing JDBC container [org.hibernate.engine.jdbc.internal.JdbcCoordinatorImpl@a9e31e8]
2025-05-16T20:30:50.727+09:00 TRACE 22264 --- [    Test worker] o.h.r.j.i.ResourceRegistryStandardImpl   : Releasing JDBC resources
2025-05-16T20:30:50.760+09:00  WARN 22264 --- [    Test worker] JpaBaseConfiguration$JpaWebConfiguration : spring.jpa.open-in-view is enabled by default. Therefore, database queries may be performed during view rendering. Explicitly configure spring.jpa.open-in-view to disable this warning
2025-05-16T20:30:50.792+09:00  WARN 22264 --- [    Test worker] .s.s.UserDetailsServiceAutoConfiguration : 

Using generated security password: 80e2902c-8e94-47b0-b66d-d07377cc6a77

This generated password is for development use only. Your security configuration must be updated before running your application in production.

2025-05-16T20:30:50.799+09:00  INFO 22264 --- [    Test worker] r$InitializeUserDetailsManagerConfigurer : Global AuthenticationManager configured with UserDetailsService bean with name inMemoryUserDetailsManager
2025-05-16T20:30:51.034+09:00  INFO 22264 --- [    Test worker] i.StatisticalLoggingSessionEventListener : Session Metrics {
    0 nanoseconds spent acquiring 0 JDBC connections;
    0 nanoseconds spent releasing 0 JDBC connections;
    0 nanoseconds spent preparing 0 JDBC statements;
    0 nanoseconds spent executing 0 JDBC statements;
    0 nanoseconds spent executing 0 JDBC batches;
    0 nanoseconds spent performing 0 L2C puts;
    0 nanoseconds spent performing 0 L2C hits;
    0 nanoseconds spent performing 0 L2C misses;
    0 nanoseconds spent executing 0 flushes (flushing a total of 0 entities and 0 collections);
    0 nanoseconds spent executing 0 pre-partial-flushes;
    0 nanoseconds spent executing 0 partial-flushes (flushing a total of 0 entities and 0 collections)
}
2025-05-16T20:30:51.034+09:00 TRACE 22264 --- [    Test worker] o.h.e.jdbc.internal.JdbcCoordinatorImpl  : Closing JDBC container [org.hibernate.engine.jdbc.internal.JdbcCoordinatorImpl@1cd25514]
2025-05-16T20:30:51.034+09:00 TRACE 22264 --- [    Test worker] o.h.r.j.i.ResourceRegistryStandardImpl   : Releasing JDBC resources
2025-05-16T20:30:51.034+09:00  INFO 22264 --- [    Test worker] i.StatisticalLoggingSessionEventListener : Session Metrics {
    0 nanoseconds spent acquiring 0 JDBC connections;
    0 nanoseconds spent releasing 0 JDBC connections;
    0 nanoseconds spent preparing 0 JDBC statements;
    0 nanoseconds spent executing 0 JDBC statements;
    0 nanoseconds spent executing 0 JDBC batches;
    0 nanoseconds spent performing 0 L2C puts;
    0 nanoseconds spent performing 0 L2C hits;
    0 nanoseconds spent performing 0 L2C misses;
    0 nanoseconds spent executing 0 flushes (flushing a total of 0 entities and 0 collections);
    0 nanoseconds spent executing 0 pre-partial-flushes;
    0 nanoseconds spent executing 0 partial-flushes (flushing a total of 0 entities and 0 collections)
}
2025-05-16T20:30:51.034+09:00 TRACE 22264 --- [    Test worker] o.h.e.jdbc.internal.JdbcCoordinatorImpl  : Closing JDBC container [org.hibernate.engine.jdbc.internal.JdbcCoordinatorImpl@6bd01b0e]
2025-05-16T20:30:51.034+09:00 TRACE 22264 --- [    Test worker] o.h.r.j.i.ResourceRegistryStandardImpl   : Releasing JDBC resources
2025-05-16T20:30:51.035+09:00  INFO 22264 --- [    Test worker] i.StatisticalLoggingSessionEventListener : Session Metrics {
    0 nanoseconds spent acquiring 0 JDBC connections;
    0 nanoseconds spent releasing 0 JDBC connections;
    0 nanoseconds spent preparing 0 JDBC statements;
    0 nanoseconds spent executing 0 JDBC statements;
    0 nanoseconds spent executing 0 JDBC batches;
    0 nanoseconds spent performing 0 L2C puts;
    0 nanoseconds spent performing 0 L2C hits;
    0 nanoseconds spent performing 0 L2C misses;
    0 nanoseconds spent executing 0 flushes (flushing a total of 0 entities and 0 collections);
    0 nanoseconds spent executing 0 pre-partial-flushes;
    0 nanoseconds spent executing 0 partial-flushes (flushing a total of 0 entities and 0 collections)
}
2025-05-16T20:30:51.035+09:00 TRACE 22264 --- [    Test worker] o.h.e.jdbc.internal.JdbcCoordinatorImpl  : Closing JDBC container [org.hibernate.engine.jdbc.internal.JdbcCoordinatorImpl@4ff2ac2d]
2025-05-16T20:30:51.035+09:00 TRACE 22264 --- [    Test worker] o.h.r.j.i.ResourceRegistryStandardImpl   : Releasing JDBC resources
2025-05-16T20:30:51.036+09:00  INFO 22264 --- [    Test worker] i.StatisticalLoggingSessionEventListener : Session Metrics {
    0 nanoseconds spent acquiring 0 JDBC connections;
    0 nanoseconds spent releasing 0 JDBC connections;
    0 nanoseconds spent preparing 0 JDBC statements;
    0 nanoseconds spent executing 0 JDBC statements;
    0 nanoseconds spent executing 0 JDBC batches;
    0 nanoseconds spent performing 0 L2C puts;
    0 nanoseconds spent performing 0 L2C hits;
    0 nanoseconds spent performing 0 L2C misses;
    0 nanoseconds spent executing 0 flushes (flushing a total of 0 entities and 0 collections);
    0 nanoseconds spent executing 0 pre-partial-flushes;
    0 nanoseconds spent executing 0 partial-flushes (flushing a total of 0 entities and 0 collections)
}
2025-05-16T20:30:51.036+09:00 TRACE 22264 --- [    Test worker] o.h.e.jdbc.internal.JdbcCoordinatorImpl  : Closing JDBC container [org.hibernate.engine.jdbc.internal.JdbcCoordinatorImpl@41862a32]
2025-05-16T20:30:51.036+09:00 TRACE 22264 --- [    Test worker] o.h.r.j.i.ResourceRegistryStandardImpl   : Releasing JDBC resources
2025-05-16T20:30:51.036+09:00  INFO 22264 --- [    Test worker] i.StatisticalLoggingSessionEventListener : Session Metrics {
    0 nanoseconds spent acquiring 0 JDBC connections;
    0 nanoseconds spent releasing 0 JDBC connections;
    0 nanoseconds spent preparing 0 JDBC statements;
    0 nanoseconds spent executing 0 JDBC statements;
    0 nanoseconds spent executing 0 JDBC batches;
    0 nanoseconds spent performing 0 L2C puts;
    0 nanoseconds spent performing 0 L2C hits;
    0 nanoseconds spent performing 0 L2C misses;
    0 nanoseconds spent executing 0 flushes (flushing a total of 0 entities and 0 collections);
    0 nanoseconds spent executing 0 pre-partial-flushes;
    0 nanoseconds spent executing 0 partial-flushes (flushing a total of 0 entities and 0 collections)
}
2025-05-16T20:30:51.036+09:00 TRACE 22264 --- [    Test worker] o.h.e.jdbc.internal.JdbcCoordinatorImpl  : Closing JDBC container [org.hibernate.engine.jdbc.internal.JdbcCoordinatorImpl@2a654167]
2025-05-16T20:30:51.036+09:00 TRACE 22264 --- [    Test worker] o.h.r.j.i.ResourceRegistryStandardImpl   : Releasing JDBC resources
2025-05-16T20:30:51.036+09:00  INFO 22264 --- [    Test worker] i.StatisticalLoggingSessionEventListener : Session Metrics {
    0 nanoseconds spent acquiring 0 JDBC connections;
    0 nanoseconds spent releasing 0 JDBC connections;
    0 nanoseconds spent preparing 0 JDBC statements;
    0 nanoseconds spent executing 0 JDBC statements;
    0 nanoseconds spent executing 0 JDBC batches;
    0 nanoseconds spent performing 0 L2C puts;
    0 nanoseconds spent performing 0 L2C hits;
    0 nanoseconds spent performing 0 L2C misses;
    0 nanoseconds spent executing 0 flushes (flushing a total of 0 entities and 0 collections);
    0 nanoseconds spent executing 0 pre-partial-flushes;
    0 nanoseconds spent executing 0 partial-flushes (flushing a total of 0 entities and 0 collections)
}
2025-05-16T20:30:51.036+09:00 TRACE 22264 --- [    Test worker] o.h.e.jdbc.internal.JdbcCoordinatorImpl  : Closing JDBC container [org.hibernate.engine.jdbc.internal.JdbcCoordinatorImpl@15e8e884]
2025-05-16T20:30:51.036+09:00 TRACE 22264 --- [    Test worker] o.h.r.j.i.ResourceRegistryStandardImpl   : Releasing JDBC resources
2025-05-16T20:30:51.040+09:00  INFO 22264 --- [    Test worker] i.StatisticalLoggingSessionEventListener : Session Metrics {
    0 nanoseconds spent acquiring 0 JDBC connections;
    0 nanoseconds spent releasing 0 JDBC connections;
    0 nanoseconds spent preparing 0 JDBC statements;
    0 nanoseconds spent executing 0 JDBC statements;
    0 nanoseconds spent executing 0 JDBC batches;
    0 nanoseconds spent performing 0 L2C puts;
    0 nanoseconds spent performing 0 L2C hits;
    0 nanoseconds spent performing 0 L2C misses;
    0 nanoseconds spent executing 0 flushes (flushing a total of 0 entities and 0 collections);
    0 nanoseconds spent executing 0 pre-partial-flushes;
    0 nanoseconds spent executing 0 partial-flushes (flushing a total of 0 entities and 0 collections)
}
2025-05-16T20:30:51.040+09:00 TRACE 22264 --- [    Test worker] o.h.e.jdbc.internal.JdbcCoordinatorImpl  : Closing JDBC container [org.hibernate.engine.jdbc.internal.JdbcCoordinatorImpl@373efaa2]
2025-05-16T20:30:51.040+09:00 TRACE 22264 --- [    Test worker] o.h.r.j.i.ResourceRegistryStandardImpl   : Releasing JDBC resources
2025-05-16T20:30:51.044+09:00  INFO 22264 --- [    Test worker] i.StatisticalLoggingSessionEventListener : Session Metrics {
    0 nanoseconds spent acquiring 0 JDBC connections;
    0 nanoseconds spent releasing 0 JDBC connections;
    0 nanoseconds spent preparing 0 JDBC statements;
    0 nanoseconds spent executing 0 JDBC statements;
    0 nanoseconds spent executing 0 JDBC batches;
    0 nanoseconds spent performing 0 L2C puts;
    0 nanoseconds spent performing 0 L2C hits;
    0 nanoseconds spent performing 0 L2C misses;
    0 nanoseconds spent executing 0 flushes (flushing a total of 0 entities and 0 collections);
    0 nanoseconds spent executing 0 pre-partial-flushes;
    0 nanoseconds spent executing 0 partial-flushes (flushing a total of 0 entities and 0 collections)
}
2025-05-16T20:30:51.044+09:00 TRACE 22264 --- [    Test worker] o.h.e.jdbc.internal.JdbcCoordinatorImpl  : Closing JDBC container [org.hibernate.engine.jdbc.internal.JdbcCoordinatorImpl@8f7cbcc]
2025-05-16T20:30:51.044+09:00 TRACE 22264 --- [    Test worker] o.h.r.j.i.ResourceRegistryStandardImpl   : Releasing JDBC resources
2025-05-16T20:30:51.044+09:00  INFO 22264 --- [    Test worker] i.StatisticalLoggingSessionEventListener : Session Metrics {
    0 nanoseconds spent acquiring 0 JDBC connections;
    0 nanoseconds spent releasing 0 JDBC connections;
    0 nanoseconds spent preparing 0 JDBC statements;
    0 nanoseconds spent executing 0 JDBC statements;
    0 nanoseconds spent executing 0 JDBC batches;
    0 nanoseconds spent performing 0 L2C puts;
    0 nanoseconds spent performing 0 L2C hits;
    0 nanoseconds spent performing 0 L2C misses;
    0 nanoseconds spent executing 0 flushes (flushing a total of 0 entities and 0 collections);
    0 nanoseconds spent executing 0 pre-partial-flushes;
    0 nanoseconds spent executing 0 partial-flushes (flushing a total of 0 entities and 0 collections)
}
2025-05-16T20:30:51.044+09:00 TRACE 22264 --- [    Test worker] o.h.e.jdbc.internal.JdbcCoordinatorImpl  : Closing JDBC container [org.hibernate.engine.jdbc.internal.JdbcCoordinatorImpl@10b9956a]
2025-05-16T20:30:51.044+09:00 TRACE 22264 --- [    Test worker] o.h.r.j.i.ResourceRegistryStandardImpl   : Releasing JDBC resources
2025-05-16T20:30:51.045+09:00  INFO 22264 --- [    Test worker] i.StatisticalLoggingSessionEventListener : Session Metrics {
    0 nanoseconds spent acquiring 0 JDBC connections;
    0 nanoseconds spent releasing 0 JDBC connections;
    0 nanoseconds spent preparing 0 JDBC statements;
    0 nanoseconds spent executing 0 JDBC statements;
    0 nanoseconds spent executing 0 JDBC batches;
    0 nanoseconds spent performing 0 L2C puts;
    0 nanoseconds spent performing 0 L2C hits;
    0 nanoseconds spent performing 0 L2C misses;
    0 nanoseconds spent executing 0 flushes (flushing a total of 0 entities and 0 collections);
    0 nanoseconds spent executing 0 pre-partial-flushes;
    0 nanoseconds spent executing 0 partial-flushes (flushing a total of 0 entities and 0 collections)
}
2025-05-16T20:30:51.045+09:00 TRACE 22264 --- [    Test worker] o.h.e.jdbc.internal.JdbcCoordinatorImpl  : Closing JDBC container [org.hibernate.engine.jdbc.internal.JdbcCoordinatorImpl@f083345]
2025-05-16T20:30:51.045+09:00 TRACE 22264 --- [    Test worker] o.h.r.j.i.ResourceRegistryStandardImpl   : Releasing JDBC resources
2025-05-16T20:30:51.045+09:00  INFO 22264 --- [    Test worker] i.StatisticalLoggingSessionEventListener : Session Metrics {
    0 nanoseconds spent acquiring 0 JDBC connections;
    0 nanoseconds spent releasing 0 JDBC connections;
    0 nanoseconds spent preparing 0 JDBC statements;
    0 nanoseconds spent executing 0 JDBC statements;
    0 nanoseconds spent executing 0 JDBC batches;
    0 nanoseconds spent performing 0 L2C puts;
    0 nanoseconds spent performing 0 L2C hits;
    0 nanoseconds spent performing 0 L2C misses;
    0 nanoseconds spent executing 0 flushes (flushing a total of 0 entities and 0 collections);
    0 nanoseconds spent executing 0 pre-partial-flushes;
    0 nanoseconds spent executing 0 partial-flushes (flushing a total of 0 entities and 0 collections)
}
2025-05-16T20:30:51.045+09:00 TRACE 22264 --- [    Test worker] o.h.e.jdbc.internal.JdbcCoordinatorImpl  : Closing JDBC container [org.hibernate.engine.jdbc.internal.JdbcCoordinatorImpl@391720c3]
2025-05-16T20:30:51.045+09:00 TRACE 22264 --- [    Test worker] o.h.r.j.i.ResourceRegistryStandardImpl   : Releasing JDBC resources
2025-05-16T20:30:51.048+09:00  INFO 22264 --- [    Test worker] i.StatisticalLoggingSessionEventListener : Session Metrics {
    0 nanoseconds spent acquiring 0 JDBC connections;
    0 nanoseconds spent releasing 0 JDBC connections;
    0 nanoseconds spent preparing 0 JDBC statements;
    0 nanoseconds spent executing 0 JDBC statements;
    0 nanoseconds spent executing 0 JDBC batches;
    0 nanoseconds spent performing 0 L2C puts;
    0 nanoseconds spent performing 0 L2C hits;
    0 nanoseconds spent performing 0 L2C misses;
    0 nanoseconds spent executing 0 flushes (flushing a total of 0 entities and 0 collections);
    0 nanoseconds spent executing 0 pre-partial-flushes;
    0 nanoseconds spent executing 0 partial-flushes (flushing a total of 0 entities and 0 collections)
}
2025-05-16T20:30:51.048+09:00 TRACE 22264 --- [    Test worker] o.h.e.jdbc.internal.JdbcCoordinatorImpl  : Closing JDBC container [org.hibernate.engine.jdbc.internal.JdbcCoordinatorImpl@3052ce36]
2025-05-16T20:30:51.048+09:00 TRACE 22264 --- [    Test worker] o.h.r.j.i.ResourceRegistryStandardImpl   : Releasing JDBC resources
2025-05-16T20:30:51.049+09:00  INFO 22264 --- [    Test worker] i.StatisticalLoggingSessionEventListener : Session Metrics {
    0 nanoseconds spent acquiring 0 JDBC connections;
    0 nanoseconds spent releasing 0 JDBC connections;
    0 nanoseconds spent preparing 0 JDBC statements;
    0 nanoseconds spent executing 0 JDBC statements;
    0 nanoseconds spent executing 0 JDBC batches;
    0 nanoseconds spent performing 0 L2C puts;
    0 nanoseconds spent performing 0 L2C hits;
    0 nanoseconds spent performing 0 L2C misses;
    0 nanoseconds spent executing 0 flushes (flushing a total of 0 entities and 0 collections);
    0 nanoseconds spent executing 0 pre-partial-flushes;
    0 nanoseconds spent executing 0 partial-flushes (flushing a total of 0 entities and 0 collections)
}
2025-05-16T20:30:51.049+09:00 TRACE 22264 --- [    Test worker] o.h.e.jdbc.internal.JdbcCoordinatorImpl  : Closing JDBC container [org.hibernate.engine.jdbc.internal.JdbcCoordinatorImpl@6eefc125]
2025-05-16T20:30:51.049+09:00 TRACE 22264 --- [    Test worker] o.h.r.j.i.ResourceRegistryStandardImpl   : Releasing JDBC resources
2025-05-16T20:30:51.050+09:00  INFO 22264 --- [    Test worker] i.StatisticalLoggingSessionEventListener : Session Metrics {
    0 nanoseconds spent acquiring 0 JDBC connections;
    0 nanoseconds spent releasing 0 JDBC connections;
    0 nanoseconds spent preparing 0 JDBC statements;
    0 nanoseconds spent executing 0 JDBC statements;
    0 nanoseconds spent executing 0 JDBC batches;
    0 nanoseconds spent performing 0 L2C puts;
    0 nanoseconds spent performing 0 L2C hits;
    0 nanoseconds spent performing 0 L2C misses;
    0 nanoseconds spent executing 0 flushes (flushing a total of 0 entities and 0 collections);
    0 nanoseconds spent executing 0 pre-partial-flushes;
    0 nanoseconds spent executing 0 partial-flushes (flushing a total of 0 entities and 0 collections)
}
2025-05-16T20:30:51.050+09:00 TRACE 22264 --- [    Test worker] o.h.e.jdbc.internal.JdbcCoordinatorImpl  : Closing JDBC container [org.hibernate.engine.jdbc.internal.JdbcCoordinatorImpl@15c0c274]
2025-05-16T20:30:51.050+09:00 TRACE 22264 --- [    Test worker] o.h.r.j.i.ResourceRegistryStandardImpl   : Releasing JDBC resources
2025-05-16T20:30:51.050+09:00  INFO 22264 --- [    Test worker] i.StatisticalLoggingSessionEventListener : Session Metrics {
    0 nanoseconds spent acquiring 0 JDBC connections;
    0 nanoseconds spent releasing 0 JDBC connections;
    0 nanoseconds spent preparing 0 JDBC statements;
    0 nanoseconds spent executing 0 JDBC statements;
    0 nanoseconds spent executing 0 JDBC batches;
    0 nanoseconds spent performing 0 L2C puts;
    0 nanoseconds spent performing 0 L2C hits;
    0 nanoseconds spent performing 0 L2C misses;
    0 nanoseconds spent executing 0 flushes (flushing a total of 0 entities and 0 collections);
    0 nanoseconds spent executing 0 pre-partial-flushes;
    0 nanoseconds spent executing 0 partial-flushes (flushing a total of 0 entities and 0 collections)
}
2025-05-16T20:30:51.050+09:00 TRACE 22264 --- [    Test worker] o.h.e.jdbc.internal.JdbcCoordinatorImpl  : Closing JDBC container [org.hibernate.engine.jdbc.internal.JdbcCoordinatorImpl@33458d84]
2025-05-16T20:30:51.050+09:00 TRACE 22264 --- [    Test worker] o.h.r.j.i.ResourceRegistryStandardImpl   : Releasing JDBC resources
2025-05-16T20:30:51.051+09:00  INFO 22264 --- [    Test worker] i.StatisticalLoggingSessionEventListener : Session Metrics {
    0 nanoseconds spent acquiring 0 JDBC connections;
    0 nanoseconds spent releasing 0 JDBC connections;
    0 nanoseconds spent preparing 0 JDBC statements;
    0 nanoseconds spent executing 0 JDBC statements;
    0 nanoseconds spent executing 0 JDBC batches;
    0 nanoseconds spent performing 0 L2C puts;
    0 nanoseconds spent performing 0 L2C hits;
    0 nanoseconds spent performing 0 L2C misses;
    0 nanoseconds spent executing 0 flushes (flushing a total of 0 entities and 0 collections);
    0 nanoseconds spent executing 0 pre-partial-flushes;
    0 nanoseconds spent executing 0 partial-flushes (flushing a total of 0 entities and 0 collections)
}
2025-05-16T20:30:51.051+09:00 TRACE 22264 --- [    Test worker] o.h.e.jdbc.internal.JdbcCoordinatorImpl  : Closing JDBC container [org.hibernate.engine.jdbc.internal.JdbcCoordinatorImpl@23338420]
2025-05-16T20:30:51.051+09:00 TRACE 22264 --- [    Test worker] o.h.r.j.i.ResourceRegistryStandardImpl   : Releasing JDBC resources
2025-05-16T20:30:51.051+09:00  INFO 22264 --- [    Test worker] i.StatisticalLoggingSessionEventListener : Session Metrics {
    0 nanoseconds spent acquiring 0 JDBC connections;
    0 nanoseconds spent releasing 0 JDBC connections;
    0 nanoseconds spent preparing 0 JDBC statements;
    0 nanoseconds spent executing 0 JDBC statements;
    0 nanoseconds spent executing 0 JDBC batches;
    0 nanoseconds spent performing 0 L2C puts;
    0 nanoseconds spent performing 0 L2C hits;
    0 nanoseconds spent performing 0 L2C misses;
    0 nanoseconds spent executing 0 flushes (flushing a total of 0 entities and 0 collections);
    0 nanoseconds spent executing 0 pre-partial-flushes;
    0 nanoseconds spent executing 0 partial-flushes (flushing a total of 0 entities and 0 collections)
}
2025-05-16T20:30:51.051+09:00 TRACE 22264 --- [    Test worker] o.h.e.jdbc.internal.JdbcCoordinatorImpl  : Closing JDBC container [org.hibernate.engine.jdbc.internal.JdbcCoordinatorImpl@61231034]
2025-05-16T20:30:51.051+09:00 TRACE 22264 --- [    Test worker] o.h.r.j.i.ResourceRegistryStandardImpl   : Releasing JDBC resources
2025-05-16T20:30:51.052+09:00  INFO 22264 --- [    Test worker] i.StatisticalLoggingSessionEventListener : Session Metrics {
    0 nanoseconds spent acquiring 0 JDBC connections;
    0 nanoseconds spent releasing 0 JDBC connections;
    0 nanoseconds spent preparing 0 JDBC statements;
    0 nanoseconds spent executing 0 JDBC statements;
    0 nanoseconds spent executing 0 JDBC batches;
    0 nanoseconds spent performing 0 L2C puts;
    0 nanoseconds spent performing 0 L2C hits;
    0 nanoseconds spent performing 0 L2C misses;
    0 nanoseconds spent executing 0 flushes (flushing a total of 0 entities and 0 collections);
    0 nanoseconds spent executing 0 pre-partial-flushes;
    0 nanoseconds spent executing 0 partial-flushes (flushing a total of 0 entities and 0 collections)
}
2025-05-16T20:30:51.052+09:00 TRACE 22264 --- [    Test worker] o.h.e.jdbc.internal.JdbcCoordinatorImpl  : Closing JDBC container [org.hibernate.engine.jdbc.internal.JdbcCoordinatorImpl@1761b129]
2025-05-16T20:30:51.052+09:00 TRACE 22264 --- [    Test worker] o.h.r.j.i.ResourceRegistryStandardImpl   : Releasing JDBC resources
2025-05-16T20:30:51.052+09:00  INFO 22264 --- [    Test worker] i.StatisticalLoggingSessionEventListener : Session Metrics {
    0 nanoseconds spent acquiring 0 JDBC connections;
    0 nanoseconds spent releasing 0 JDBC connections;
    0 nanoseconds spent preparing 0 JDBC statements;
    0 nanoseconds spent executing 0 JDBC statements;
    0 nanoseconds spent executing 0 JDBC batches;
    0 nanoseconds spent performing 0 L2C puts;
    0 nanoseconds spent performing 0 L2C hits;
    0 nanoseconds spent performing 0 L2C misses;
    0 nanoseconds spent executing 0 flushes (flushing a total of 0 entities and 0 collections);
    0 nanoseconds spent executing 0 pre-partial-flushes;
    0 nanoseconds spent executing 0 partial-flushes (flushing a total of 0 entities and 0 collections)
}
2025-05-16T20:30:51.052+09:00 TRACE 22264 --- [    Test worker] o.h.e.jdbc.internal.JdbcCoordinatorImpl  : Closing JDBC container [org.hibernate.engine.jdbc.internal.JdbcCoordinatorImpl@21d131e7]
2025-05-16T20:30:51.052+09:00 TRACE 22264 --- [    Test worker] o.h.r.j.i.ResourceRegistryStandardImpl   : Releasing JDBC resources
2025-05-16T20:30:51.090+09:00  INFO 22264 --- [    Test worker] i.StatisticalLoggingSessionEventListener : Session Metrics {
    0 nanoseconds spent acquiring 0 JDBC connections;
    0 nanoseconds spent releasing 0 JDBC connections;
    0 nanoseconds spent preparing 0 JDBC statements;
    0 nanoseconds spent executing 0 JDBC statements;
    0 nanoseconds spent executing 0 JDBC batches;
    0 nanoseconds spent performing 0 L2C puts;
    0 nanoseconds spent performing 0 L2C hits;
    0 nanoseconds spent performing 0 L2C misses;
    0 nanoseconds spent executing 0 flushes (flushing a total of 0 entities and 0 collections);
    0 nanoseconds spent executing 0 pre-partial-flushes;
    0 nanoseconds spent executing 0 partial-flushes (flushing a total of 0 entities and 0 collections)
}
2025-05-16T20:30:51.090+09:00 TRACE 22264 --- [    Test worker] o.h.e.jdbc.internal.JdbcCoordinatorImpl  : Closing JDBC container [org.hibernate.engine.jdbc.internal.JdbcCoordinatorImpl@73cf33bd]
2025-05-16T20:30:51.090+09:00 TRACE 22264 --- [    Test worker] o.h.r.j.i.ResourceRegistryStandardImpl   : Releasing JDBC resources
2025-05-16T20:30:51.091+09:00  INFO 22264 --- [    Test worker] i.StatisticalLoggingSessionEventListener : Session Metrics {
    0 nanoseconds spent acquiring 0 JDBC connections;
    0 nanoseconds spent releasing 0 JDBC connections;
    0 nanoseconds spent preparing 0 JDBC statements;
    0 nanoseconds spent executing 0 JDBC statements;
    0 nanoseconds spent executing 0 JDBC batches;
    0 nanoseconds spent performing 0 L2C puts;
    0 nanoseconds spent performing 0 L2C hits;
    0 nanoseconds spent performing 0 L2C misses;
    0 nanoseconds spent executing 0 flushes (flushing a total of 0 entities and 0 collections);
    0 nanoseconds spent executing 0 pre-partial-flushes;
    0 nanoseconds spent executing 0 partial-flushes (flushing a total of 0 entities and 0 collections)
}
2025-05-16T20:30:51.091+09:00 TRACE 22264 --- [    Test worker] o.h.e.jdbc.internal.JdbcCoordinatorImpl  : Closing JDBC container [org.hibernate.engine.jdbc.internal.JdbcCoordinatorImpl@2f4847d9]
2025-05-16T20:30:51.091+09:00 TRACE 22264 --- [    Test worker] o.h.r.j.i.ResourceRegistryStandardImpl   : Releasing JDBC resources
2025-05-16T20:30:51.091+09:00  INFO 22264 --- [    Test worker] i.StatisticalLoggingSessionEventListener : Session Metrics {
    0 nanoseconds spent acquiring 0 JDBC connections;
    0 nanoseconds spent releasing 0 JDBC connections;
    0 nanoseconds spent preparing 0 JDBC statements;
    0 nanoseconds spent executing 0 JDBC statements;
    0 nanoseconds spent executing 0 JDBC batches;
    0 nanoseconds spent performing 0 L2C puts;
    0 nanoseconds spent performing 0 L2C hits;
    0 nanoseconds spent performing 0 L2C misses;
    0 nanoseconds spent executing 0 flushes (flushing a total of 0 entities and 0 collections);
    0 nanoseconds spent executing 0 pre-partial-flushes;
    0 nanoseconds spent executing 0 partial-flushes (flushing a total of 0 entities and 0 collections)
}
2025-05-16T20:30:51.091+09:00 TRACE 22264 --- [    Test worker] o.h.e.jdbc.internal.JdbcCoordinatorImpl  : Closing JDBC container [org.hibernate.engine.jdbc.internal.JdbcCoordinatorImpl@40a38a44]
2025-05-16T20:30:51.091+09:00 TRACE 22264 --- [    Test worker] o.h.r.j.i.ResourceRegistryStandardImpl   : Releasing JDBC resources
2025-05-16T20:30:51.094+09:00  INFO 22264 --- [    Test worker] i.StatisticalLoggingSessionEventListener : Session Metrics {
    0 nanoseconds spent acquiring 0 JDBC connections;
    0 nanoseconds spent releasing 0 JDBC connections;
    0 nanoseconds spent preparing 0 JDBC statements;
    0 nanoseconds spent executing 0 JDBC statements;
    0 nanoseconds spent executing 0 JDBC batches;
    0 nanoseconds spent performing 0 L2C puts;
    0 nanoseconds spent performing 0 L2C hits;
    0 nanoseconds spent performing 0 L2C misses;
    0 nanoseconds spent executing 0 flushes (flushing a total of 0 entities and 0 collections);
    0 nanoseconds spent executing 0 pre-partial-flushes;
    0 nanoseconds spent executing 0 partial-flushes (flushing a total of 0 entities and 0 collections)
}
2025-05-16T20:30:51.095+09:00 TRACE 22264 --- [    Test worker] o.h.e.jdbc.internal.JdbcCoordinatorImpl  : Closing JDBC container [org.hibernate.engine.jdbc.internal.JdbcCoordinatorImpl@a0c027a]
2025-05-16T20:30:51.095+09:00 TRACE 22264 --- [    Test worker] o.h.r.j.i.ResourceRegistryStandardImpl   : Releasing JDBC resources
2025-05-16T20:30:51.095+09:00  INFO 22264 --- [    Test worker] i.StatisticalLoggingSessionEventListener : Session Metrics {
    0 nanoseconds spent acquiring 0 JDBC connections;
    0 nanoseconds spent releasing 0 JDBC connections;
    0 nanoseconds spent preparing 0 JDBC statements;
    0 nanoseconds spent executing 0 JDBC statements;
    0 nanoseconds spent executing 0 JDBC batches;
    0 nanoseconds spent performing 0 L2C puts;
    0 nanoseconds spent performing 0 L2C hits;
    0 nanoseconds spent performing 0 L2C misses;
    0 nanoseconds spent executing 0 flushes (flushing a total of 0 entities and 0 collections);
    0 nanoseconds spent executing 0 pre-partial-flushes;
    0 nanoseconds spent executing 0 partial-flushes (flushing a total of 0 entities and 0 collections)
}
2025-05-16T20:30:51.095+09:00 TRACE 22264 --- [    Test worker] o.h.e.jdbc.internal.JdbcCoordinatorImpl  : Closing JDBC container [org.hibernate.engine.jdbc.internal.JdbcCoordinatorImpl@4ef55aa6]
2025-05-16T20:30:51.095+09:00 TRACE 22264 --- [    Test worker] o.h.r.j.i.ResourceRegistryStandardImpl   : Releasing JDBC resources
2025-05-16T20:30:51.096+09:00  INFO 22264 --- [    Test worker] i.StatisticalLoggingSessionEventListener : Session Metrics {
    0 nanoseconds spent acquiring 0 JDBC connections;
    0 nanoseconds spent releasing 0 JDBC connections;
    0 nanoseconds spent preparing 0 JDBC statements;
    0 nanoseconds spent executing 0 JDBC statements;
    0 nanoseconds spent executing 0 JDBC batches;
    0 nanoseconds spent performing 0 L2C puts;
    0 nanoseconds spent performing 0 L2C hits;
    0 nanoseconds spent performing 0 L2C misses;
    0 nanoseconds spent executing 0 flushes (flushing a total of 0 entities and 0 collections);
    0 nanoseconds spent executing 0 pre-partial-flushes;
    0 nanoseconds spent executing 0 partial-flushes (flushing a total of 0 entities and 0 collections)
}
2025-05-16T20:30:51.096+09:00 TRACE 22264 --- [    Test worker] o.h.e.jdbc.internal.JdbcCoordinatorImpl  : Closing JDBC container [org.hibernate.engine.jdbc.internal.JdbcCoordinatorImpl@4b6f196c]
2025-05-16T20:30:51.096+09:00 TRACE 22264 --- [    Test worker] o.h.r.j.i.ResourceRegistryStandardImpl   : Releasing JDBC resources
2025-05-16T20:30:51.096+09:00  INFO 22264 --- [    Test worker] i.StatisticalLoggingSessionEventListener : Session Metrics {
    0 nanoseconds spent acquiring 0 JDBC connections;
    0 nanoseconds spent releasing 0 JDBC connections;
    0 nanoseconds spent preparing 0 JDBC statements;
    0 nanoseconds spent executing 0 JDBC statements;
    0 nanoseconds spent executing 0 JDBC batches;
    0 nanoseconds spent performing 0 L2C puts;
    0 nanoseconds spent performing 0 L2C hits;
    0 nanoseconds spent performing 0 L2C misses;
    0 nanoseconds spent executing 0 flushes (flushing a total of 0 entities and 0 collections);
    0 nanoseconds spent executing 0 pre-partial-flushes;
    0 nanoseconds spent executing 0 partial-flushes (flushing a total of 0 entities and 0 collections)
}
2025-05-16T20:30:51.096+09:00 TRACE 22264 --- [    Test worker] o.h.e.jdbc.internal.JdbcCoordinatorImpl  : Closing JDBC container [org.hibernate.engine.jdbc.internal.JdbcCoordinatorImpl@219acda9]
2025-05-16T20:30:51.096+09:00 TRACE 22264 --- [    Test worker] o.h.r.j.i.ResourceRegistryStandardImpl   : Releasing JDBC resources
2025-05-16T20:30:51.097+09:00  INFO 22264 --- [    Test worker] i.StatisticalLoggingSessionEventListener : Session Metrics {
    0 nanoseconds spent acquiring 0 JDBC connections;
    0 nanoseconds spent releasing 0 JDBC connections;
    0 nanoseconds spent preparing 0 JDBC statements;
    0 nanoseconds spent executing 0 JDBC statements;
    0 nanoseconds spent executing 0 JDBC batches;
    0 nanoseconds spent performing 0 L2C puts;
    0 nanoseconds spent performing 0 L2C hits;
    0 nanoseconds spent performing 0 L2C misses;
    0 nanoseconds spent executing 0 flushes (flushing a total of 0 entities and 0 collections);
    0 nanoseconds spent executing 0 pre-partial-flushes;
    0 nanoseconds spent executing 0 partial-flushes (flushing a total of 0 entities and 0 collections)
}
2025-05-16T20:30:51.097+09:00 TRACE 22264 --- [    Test worker] o.h.e.jdbc.internal.JdbcCoordinatorImpl  : Closing JDBC container [org.hibernate.engine.jdbc.internal.JdbcCoordinatorImpl@455e8356]
2025-05-16T20:30:51.097+09:00 TRACE 22264 --- [    Test worker] o.h.r.j.i.ResourceRegistryStandardImpl   : Releasing JDBC resources
2025-05-16T20:30:51.097+09:00  INFO 22264 --- [    Test worker] i.StatisticalLoggingSessionEventListener : Session Metrics {
    0 nanoseconds spent acquiring 0 JDBC connections;
    0 nanoseconds spent releasing 0 JDBC connections;
    0 nanoseconds spent preparing 0 JDBC statements;
    0 nanoseconds spent executing 0 JDBC statements;
    0 nanoseconds spent executing 0 JDBC batches;
    0 nanoseconds spent performing 0 L2C puts;
    0 nanoseconds spent performing 0 L2C hits;
    0 nanoseconds spent performing 0 L2C misses;
    0 nanoseconds spent executing 0 flushes (flushing a total of 0 entities and 0 collections);
    0 nanoseconds spent executing 0 pre-partial-flushes;
    0 nanoseconds spent executing 0 partial-flushes (flushing a total of 0 entities and 0 collections)
}
2025-05-16T20:30:51.097+09:00 TRACE 22264 --- [    Test worker] o.h.e.jdbc.internal.JdbcCoordinatorImpl  : Closing JDBC container [org.hibernate.engine.jdbc.internal.JdbcCoordinatorImpl@5b9037b6]
2025-05-16T20:30:51.097+09:00 TRACE 22264 --- [    Test worker] o.h.r.j.i.ResourceRegistryStandardImpl   : Releasing JDBC resources
2025-05-16T20:30:51.098+09:00  INFO 22264 --- [    Test worker] i.StatisticalLoggingSessionEventListener : Session Metrics {
    0 nanoseconds spent acquiring 0 JDBC connections;
    0 nanoseconds spent releasing 0 JDBC connections;
    0 nanoseconds spent preparing 0 JDBC statements;
    0 nanoseconds spent executing 0 JDBC statements;
    0 nanoseconds spent executing 0 JDBC batches;
    0 nanoseconds spent performing 0 L2C puts;
    0 nanoseconds spent performing 0 L2C hits;
    0 nanoseconds spent performing 0 L2C misses;
    0 nanoseconds spent executing 0 flushes (flushing a total of 0 entities and 0 collections);
    0 nanoseconds spent executing 0 pre-partial-flushes;
    0 nanoseconds spent executing 0 partial-flushes (flushing a total of 0 entities and 0 collections)
}
2025-05-16T20:30:51.098+09:00 TRACE 22264 --- [    Test worker] o.h.e.jdbc.internal.JdbcCoordinatorImpl  : Closing JDBC container [org.hibernate.engine.jdbc.internal.JdbcCoordinatorImpl@6887e1d1]
2025-05-16T20:30:51.098+09:00 TRACE 22264 --- [    Test worker] o.h.r.j.i.ResourceRegistryStandardImpl   : Releasing JDBC resources
2025-05-16T20:30:51.098+09:00  INFO 22264 --- [    Test worker] i.StatisticalLoggingSessionEventListener : Session Metrics {
    0 nanoseconds spent acquiring 0 JDBC connections;
    0 nanoseconds spent releasing 0 JDBC connections;
    0 nanoseconds spent preparing 0 JDBC statements;
    0 nanoseconds spent executing 0 JDBC statements;
    0 nanoseconds spent executing 0 JDBC batches;
    0 nanoseconds spent performing 0 L2C puts;
    0 nanoseconds spent performing 0 L2C hits;
    0 nanoseconds spent performing 0 L2C misses;
    0 nanoseconds spent executing 0 flushes (flushing a total of 0 entities and 0 collections);
    0 nanoseconds spent executing 0 pre-partial-flushes;
    0 nanoseconds spent executing 0 partial-flushes (flushing a total of 0 entities and 0 collections)
}
2025-05-16T20:30:51.098+09:00 TRACE 22264 --- [    Test worker] o.h.e.jdbc.internal.JdbcCoordinatorImpl  : Closing JDBC container [org.hibernate.engine.jdbc.internal.JdbcCoordinatorImpl@1f878eed]
2025-05-16T20:30:51.098+09:00 TRACE 22264 --- [    Test worker] o.h.r.j.i.ResourceRegistryStandardImpl   : Releasing JDBC resources
2025-05-16T20:30:51.099+09:00  INFO 22264 --- [    Test worker] i.StatisticalLoggingSessionEventListener : Session Metrics {
    0 nanoseconds spent acquiring 0 JDBC connections;
    0 nanoseconds spent releasing 0 JDBC connections;
    0 nanoseconds spent preparing 0 JDBC statements;
    0 nanoseconds spent executing 0 JDBC statements;
    0 nanoseconds spent executing 0 JDBC batches;
    0 nanoseconds spent performing 0 L2C puts;
    0 nanoseconds spent performing 0 L2C hits;
    0 nanoseconds spent performing 0 L2C misses;
    0 nanoseconds spent executing 0 flushes (flushing a total of 0 entities and 0 collections);
    0 nanoseconds spent executing 0 pre-partial-flushes;
    0 nanoseconds spent executing 0 partial-flushes (flushing a total of 0 entities and 0 collections)
}
2025-05-16T20:30:51.099+09:00 TRACE 22264 --- [    Test worker] o.h.e.jdbc.internal.JdbcCoordinatorImpl  : Closing JDBC container [org.hibernate.engine.jdbc.internal.JdbcCoordinatorImpl@2ef2fa78]
2025-05-16T20:30:51.099+09:00 TRACE 22264 --- [    Test worker] o.h.r.j.i.ResourceRegistryStandardImpl   : Releasing JDBC resources
2025-05-16T20:30:51.099+09:00  INFO 22264 --- [    Test worker] i.StatisticalLoggingSessionEventListener : Session Metrics {
    0 nanoseconds spent acquiring 0 JDBC connections;
    0 nanoseconds spent releasing 0 JDBC connections;
    0 nanoseconds spent preparing 0 JDBC statements;
    0 nanoseconds spent executing 0 JDBC statements;
    0 nanoseconds spent executing 0 JDBC batches;
    0 nanoseconds spent performing 0 L2C puts;
    0 nanoseconds spent performing 0 L2C hits;
    0 nanoseconds spent performing 0 L2C misses;
    0 nanoseconds spent executing 0 flushes (flushing a total of 0 entities and 0 collections);
    0 nanoseconds spent executing 0 pre-partial-flushes;
    0 nanoseconds spent executing 0 partial-flushes (flushing a total of 0 entities and 0 collections)
}
2025-05-16T20:30:51.099+09:00 TRACE 22264 --- [    Test worker] o.h.e.jdbc.internal.JdbcCoordinatorImpl  : Closing JDBC container [org.hibernate.engine.jdbc.internal.JdbcCoordinatorImpl@74055597]
2025-05-16T20:30:51.099+09:00 TRACE 22264 --- [    Test worker] o.h.r.j.i.ResourceRegistryStandardImpl   : Releasing JDBC resources
2025-05-16T20:30:51.121+09:00  INFO 22264 --- [    Test worker] i.StatisticalLoggingSessionEventListener : Session Metrics {
    0 nanoseconds spent acquiring 0 JDBC connections;
    0 nanoseconds spent releasing 0 JDBC connections;
    0 nanoseconds spent preparing 0 JDBC statements;
    0 nanoseconds spent executing 0 JDBC statements;
    0 nanoseconds spent executing 0 JDBC batches;
    0 nanoseconds spent performing 0 L2C puts;
    0 nanoseconds spent performing 0 L2C hits;
    0 nanoseconds spent performing 0 L2C misses;
    0 nanoseconds spent executing 0 flushes (flushing a total of 0 entities and 0 collections);
    0 nanoseconds spent executing 0 pre-partial-flushes;
    0 nanoseconds spent executing 0 partial-flushes (flushing a total of 0 entities and 0 collections)
}
2025-05-16T20:30:51.122+09:00 TRACE 22264 --- [    Test worker] o.h.e.jdbc.internal.JdbcCoordinatorImpl  : Closing JDBC container [org.hibernate.engine.jdbc.internal.JdbcCoordinatorImpl@79360eff]
2025-05-16T20:30:51.122+09:00 TRACE 22264 --- [    Test worker] o.h.r.j.i.ResourceRegistryStandardImpl   : Releasing JDBC resources
2025-05-16T20:30:51.122+09:00  INFO 22264 --- [    Test worker] i.StatisticalLoggingSessionEventListener : Session Metrics {
    0 nanoseconds spent acquiring 0 JDBC connections;
    0 nanoseconds spent releasing 0 JDBC connections;
    0 nanoseconds spent preparing 0 JDBC statements;
    0 nanoseconds spent executing 0 JDBC statements;
    0 nanoseconds spent executing 0 JDBC batches;
    0 nanoseconds spent performing 0 L2C puts;
    0 nanoseconds spent performing 0 L2C hits;
    0 nanoseconds spent performing 0 L2C misses;
    0 nanoseconds spent executing 0 flushes (flushing a total of 0 entities and 0 collections);
    0 nanoseconds spent executing 0 pre-partial-flushes;
    0 nanoseconds spent executing 0 partial-flushes (flushing a total of 0 entities and 0 collections)
}
2025-05-16T20:30:51.122+09:00 TRACE 22264 --- [    Test worker] o.h.e.jdbc.internal.JdbcCoordinatorImpl  : Closing JDBC container [org.hibernate.engine.jdbc.internal.JdbcCoordinatorImpl@28ee138c]
2025-05-16T20:30:51.122+09:00 TRACE 22264 --- [    Test worker] o.h.r.j.i.ResourceRegistryStandardImpl   : Releasing JDBC resources
2025-05-16T20:30:51.122+09:00  INFO 22264 --- [    Test worker] i.StatisticalLoggingSessionEventListener : Session Metrics {
    0 nanoseconds spent acquiring 0 JDBC connections;
    0 nanoseconds spent releasing 0 JDBC connections;
    0 nanoseconds spent preparing 0 JDBC statements;
    0 nanoseconds spent executing 0 JDBC statements;
    0 nanoseconds spent executing 0 JDBC batches;
    0 nanoseconds spent performing 0 L2C puts;
    0 nanoseconds spent performing 0 L2C hits;
    0 nanoseconds spent performing 0 L2C misses;
    0 nanoseconds spent executing 0 flushes (flushing a total of 0 entities and 0 collections);
    0 nanoseconds spent executing 0 pre-partial-flushes;
    0 nanoseconds spent executing 0 partial-flushes (flushing a total of 0 entities and 0 collections)
}
2025-05-16T20:30:51.122+09:00 TRACE 22264 --- [    Test worker] o.h.e.jdbc.internal.JdbcCoordinatorImpl  : Closing JDBC container [org.hibernate.engine.jdbc.internal.JdbcCoordinatorImpl@3683c47f]
2025-05-16T20:30:51.122+09:00 TRACE 22264 --- [    Test worker] o.h.r.j.i.ResourceRegistryStandardImpl   : Releasing JDBC resources
2025-05-16T20:30:51.123+09:00  INFO 22264 --- [    Test worker] i.StatisticalLoggingSessionEventListener : Session Metrics {
    0 nanoseconds spent acquiring 0 JDBC connections;
    0 nanoseconds spent releasing 0 JDBC connections;
    0 nanoseconds spent preparing 0 JDBC statements;
    0 nanoseconds spent executing 0 JDBC statements;
    0 nanoseconds spent executing 0 JDBC batches;
    0 nanoseconds spent performing 0 L2C puts;
    0 nanoseconds spent performing 0 L2C hits;
    0 nanoseconds spent performing 0 L2C misses;
    0 nanoseconds spent executing 0 flushes (flushing a total of 0 entities and 0 collections);
    0 nanoseconds spent executing 0 pre-partial-flushes;
    0 nanoseconds spent executing 0 partial-flushes (flushing a total of 0 entities and 0 collections)
}
2025-05-16T20:30:51.123+09:00 TRACE 22264 --- [    Test worker] o.h.e.jdbc.internal.JdbcCoordinatorImpl  : Closing JDBC container [org.hibernate.engine.jdbc.internal.JdbcCoordinatorImpl@84fd359]
2025-05-16T20:30:51.123+09:00 TRACE 22264 --- [    Test worker] o.h.r.j.i.ResourceRegistryStandardImpl   : Releasing JDBC resources
2025-05-16T20:30:51.123+09:00  INFO 22264 --- [    Test worker] i.StatisticalLoggingSessionEventListener : Session Metrics {
    0 nanoseconds spent acquiring 0 JDBC connections;
    0 nanoseconds spent releasing 0 JDBC connections;
    0 nanoseconds spent preparing 0 JDBC statements;
    0 nanoseconds spent executing 0 JDBC statements;
    0 nanoseconds spent executing 0 JDBC batches;
    0 nanoseconds spent performing 0 L2C puts;
    0 nanoseconds spent performing 0 L2C hits;
    0 nanoseconds spent performing 0 L2C misses;
    0 nanoseconds spent executing 0 flushes (flushing a total of 0 entities and 0 collections);
    0 nanoseconds spent executing 0 pre-partial-flushes;
    0 nanoseconds spent executing 0 partial-flushes (flushing a total of 0 entities and 0 collections)
}
2025-05-16T20:30:51.123+09:00 TRACE 22264 --- [    Test worker] o.h.e.jdbc.internal.JdbcCoordinatorImpl  : Closing JDBC container [org.hibernate.engine.jdbc.internal.JdbcCoordinatorImpl@41c77559]
2025-05-16T20:30:51.123+09:00 TRACE 22264 --- [    Test worker] o.h.r.j.i.ResourceRegistryStandardImpl   : Releasing JDBC resources
2025-05-16T20:30:51.126+09:00  INFO 22264 --- [    Test worker] i.StatisticalLoggingSessionEventListener : Session Metrics {
    0 nanoseconds spent acquiring 0 JDBC connections;
    0 nanoseconds spent releasing 0 JDBC connections;
    0 nanoseconds spent preparing 0 JDBC statements;
    0 nanoseconds spent executing 0 JDBC statements;
    0 nanoseconds spent executing 0 JDBC batches;
    0 nanoseconds spent performing 0 L2C puts;
    0 nanoseconds spent performing 0 L2C hits;
    0 nanoseconds spent performing 0 L2C misses;
    0 nanoseconds spent executing 0 flushes (flushing a total of 0 entities and 0 collections);
    0 nanoseconds spent executing 0 pre-partial-flushes;
    0 nanoseconds spent executing 0 partial-flushes (flushing a total of 0 entities and 0 collections)
}
2025-05-16T20:30:51.126+09:00 TRACE 22264 --- [    Test worker] o.h.e.jdbc.internal.JdbcCoordinatorImpl  : Closing JDBC container [org.hibernate.engine.jdbc.internal.JdbcCoordinatorImpl@2b84d474]
2025-05-16T20:30:51.126+09:00 TRACE 22264 --- [    Test worker] o.h.r.j.i.ResourceRegistryStandardImpl   : Releasing JDBC resources
2025-05-16T20:30:51.126+09:00  INFO 22264 --- [    Test worker] i.StatisticalLoggingSessionEventListener : Session Metrics {
    0 nanoseconds spent acquiring 0 JDBC connections;
    0 nanoseconds spent releasing 0 JDBC connections;
    0 nanoseconds spent preparing 0 JDBC statements;
    0 nanoseconds spent executing 0 JDBC statements;
    0 nanoseconds spent executing 0 JDBC batches;
    0 nanoseconds spent performing 0 L2C puts;
    0 nanoseconds spent performing 0 L2C hits;
    0 nanoseconds spent performing 0 L2C misses;
    0 nanoseconds spent executing 0 flushes (flushing a total of 0 entities and 0 collections);
    0 nanoseconds spent executing 0 pre-partial-flushes;
    0 nanoseconds spent executing 0 partial-flushes (flushing a total of 0 entities and 0 collections)
}
2025-05-16T20:30:51.126+09:00 TRACE 22264 --- [    Test worker] o.h.e.jdbc.internal.JdbcCoordinatorImpl  : Closing JDBC container [org.hibernate.engine.jdbc.internal.JdbcCoordinatorImpl@1d458c1e]
2025-05-16T20:30:51.126+09:00 TRACE 22264 --- [    Test worker] o.h.r.j.i.ResourceRegistryStandardImpl   : Releasing JDBC resources
2025-05-16T20:30:51.128+09:00  INFO 22264 --- [    Test worker] i.StatisticalLoggingSessionEventListener : Session Metrics {
    0 nanoseconds spent acquiring 0 JDBC connections;
    0 nanoseconds spent releasing 0 JDBC connections;
    0 nanoseconds spent preparing 0 JDBC statements;
    0 nanoseconds spent executing 0 JDBC statements;
    0 nanoseconds spent executing 0 JDBC batches;
    0 nanoseconds spent performing 0 L2C puts;
    0 nanoseconds spent performing 0 L2C hits;
    0 nanoseconds spent performing 0 L2C misses;
    0 nanoseconds spent executing 0 flushes (flushing a total of 0 entities and 0 collections);
    0 nanoseconds spent executing 0 pre-partial-flushes;
    0 nanoseconds spent executing 0 partial-flushes (flushing a total of 0 entities and 0 collections)
}
2025-05-16T20:30:51.128+09:00 TRACE 22264 --- [    Test worker] o.h.e.jdbc.internal.JdbcCoordinatorImpl  : Closing JDBC container [org.hibernate.engine.jdbc.internal.JdbcCoordinatorImpl@6283ac9]
2025-05-16T20:30:51.128+09:00 TRACE 22264 --- [    Test worker] o.h.r.j.i.ResourceRegistryStandardImpl   : Releasing JDBC resources
2025-05-16T20:30:51.128+09:00  INFO 22264 --- [    Test worker] i.StatisticalLoggingSessionEventListener : Session Metrics {
    0 nanoseconds spent acquiring 0 JDBC connections;
    0 nanoseconds spent releasing 0 JDBC connections;
    0 nanoseconds spent preparing 0 JDBC statements;
    0 nanoseconds spent executing 0 JDBC statements;
    0 nanoseconds spent executing 0 JDBC batches;
    0 nanoseconds spent performing 0 L2C puts;
    0 nanoseconds spent performing 0 L2C hits;
    0 nanoseconds spent performing 0 L2C misses;
    0 nanoseconds spent executing 0 flushes (flushing a total of 0 entities and 0 collections);
    0 nanoseconds spent executing 0 pre-partial-flushes;
    0 nanoseconds spent executing 0 partial-flushes (flushing a total of 0 entities and 0 collections)
}
2025-05-16T20:30:51.128+09:00 TRACE 22264 --- [    Test worker] o.h.e.jdbc.internal.JdbcCoordinatorImpl  : Closing JDBC container [org.hibernate.engine.jdbc.internal.JdbcCoordinatorImpl@5d4b0fac]
2025-05-16T20:30:51.128+09:00 TRACE 22264 --- [    Test worker] o.h.r.j.i.ResourceRegistryStandardImpl   : Releasing JDBC resources
2025-05-16T20:30:51.128+09:00  INFO 22264 --- [    Test worker] i.StatisticalLoggingSessionEventListener : Session Metrics {
    0 nanoseconds spent acquiring 0 JDBC connections;
    0 nanoseconds spent releasing 0 JDBC connections;
    0 nanoseconds spent preparing 0 JDBC statements;
    0 nanoseconds spent executing 0 JDBC statements;
    0 nanoseconds spent executing 0 JDBC batches;
    0 nanoseconds spent performing 0 L2C puts;
    0 nanoseconds spent performing 0 L2C hits;
    0 nanoseconds spent performing 0 L2C misses;
    0 nanoseconds spent executing 0 flushes (flushing a total of 0 entities and 0 collections);
    0 nanoseconds spent executing 0 pre-partial-flushes;
    0 nanoseconds spent executing 0 partial-flushes (flushing a total of 0 entities and 0 collections)
}
2025-05-16T20:30:51.128+09:00 TRACE 22264 --- [    Test worker] o.h.e.jdbc.internal.JdbcCoordinatorImpl  : Closing JDBC container [org.hibernate.engine.jdbc.internal.JdbcCoordinatorImpl@1534fd96]
2025-05-16T20:30:51.128+09:00 TRACE 22264 --- [    Test worker] o.h.r.j.i.ResourceRegistryStandardImpl   : Releasing JDBC resources
2025-05-16T20:30:51.128+09:00  INFO 22264 --- [    Test worker] i.StatisticalLoggingSessionEventListener : Session Metrics {
    0 nanoseconds spent acquiring 0 JDBC connections;
    0 nanoseconds spent releasing 0 JDBC connections;
    0 nanoseconds spent preparing 0 JDBC statements;
    0 nanoseconds spent executing 0 JDBC statements;
    0 nanoseconds spent executing 0 JDBC batches;
    0 nanoseconds spent performing 0 L2C puts;
    0 nanoseconds spent performing 0 L2C hits;
    0 nanoseconds spent performing 0 L2C misses;
    0 nanoseconds spent executing 0 flushes (flushing a total of 0 entities and 0 collections);
    0 nanoseconds spent executing 0 pre-partial-flushes;
    0 nanoseconds spent executing 0 partial-flushes (flushing a total of 0 entities and 0 collections)
}
2025-05-16T20:30:51.128+09:00 TRACE 22264 --- [    Test worker] o.h.e.jdbc.internal.JdbcCoordinatorImpl  : Closing JDBC container [org.hibernate.engine.jdbc.internal.JdbcCoordinatorImpl@4b969bd9]
2025-05-16T20:30:51.128+09:00 TRACE 22264 --- [    Test worker] o.h.r.j.i.ResourceRegistryStandardImpl   : Releasing JDBC resources
2025-05-16T20:30:51.138+09:00  INFO 22264 --- [    Test worker] i.StatisticalLoggingSessionEventListener : Session Metrics {
    0 nanoseconds spent acquiring 0 JDBC connections;
    0 nanoseconds spent releasing 0 JDBC connections;
    0 nanoseconds spent preparing 0 JDBC statements;
    0 nanoseconds spent executing 0 JDBC statements;
    0 nanoseconds spent executing 0 JDBC batches;
    0 nanoseconds spent performing 0 L2C puts;
    0 nanoseconds spent performing 0 L2C hits;
    0 nanoseconds spent performing 0 L2C misses;
    0 nanoseconds spent executing 0 flushes (flushing a total of 0 entities and 0 collections);
    0 nanoseconds spent executing 0 pre-partial-flushes;
    0 nanoseconds spent executing 0 partial-flushes (flushing a total of 0 entities and 0 collections)
}
2025-05-16T20:30:51.138+09:00 TRACE 22264 --- [    Test worker] o.h.e.jdbc.internal.JdbcCoordinatorImpl  : Closing JDBC container [org.hibernate.engine.jdbc.internal.JdbcCoordinatorImpl@671ba0dc]
2025-05-16T20:30:51.138+09:00 TRACE 22264 --- [    Test worker] o.h.r.j.i.ResourceRegistryStandardImpl   : Releasing JDBC resources
2025-05-16T20:30:51.138+09:00  INFO 22264 --- [    Test worker] i.StatisticalLoggingSessionEventListener : Session Metrics {
    0 nanoseconds spent acquiring 0 JDBC connections;
    0 nanoseconds spent releasing 0 JDBC connections;
    0 nanoseconds spent preparing 0 JDBC statements;
    0 nanoseconds spent executing 0 JDBC statements;
    0 nanoseconds spent executing 0 JDBC batches;
    0 nanoseconds spent performing 0 L2C puts;
    0 nanoseconds spent performing 0 L2C hits;
    0 nanoseconds spent performing 0 L2C misses;
    0 nanoseconds spent executing 0 flushes (flushing a total of 0 entities and 0 collections);
    0 nanoseconds spent executing 0 pre-partial-flushes;
    0 nanoseconds spent executing 0 partial-flushes (flushing a total of 0 entities and 0 collections)
}
2025-05-16T20:30:51.138+09:00 TRACE 22264 --- [    Test worker] o.h.e.jdbc.internal.JdbcCoordinatorImpl  : Closing JDBC container [org.hibernate.engine.jdbc.internal.JdbcCoordinatorImpl@3e242f6e]
2025-05-16T20:30:51.138+09:00 TRACE 22264 --- [    Test worker] o.h.r.j.i.ResourceRegistryStandardImpl   : Releasing JDBC resources
2025-05-16T20:30:51.139+09:00  INFO 22264 --- [    Test worker] i.StatisticalLoggingSessionEventListener : Session Metrics {
    0 nanoseconds spent acquiring 0 JDBC connections;
    0 nanoseconds spent releasing 0 JDBC connections;
    0 nanoseconds spent preparing 0 JDBC statements;
    0 nanoseconds spent executing 0 JDBC statements;
    0 nanoseconds spent executing 0 JDBC batches;
    0 nanoseconds spent performing 0 L2C puts;
    0 nanoseconds spent performing 0 L2C hits;
    0 nanoseconds spent performing 0 L2C misses;
    0 nanoseconds spent executing 0 flushes (flushing a total of 0 entities and 0 collections);
    0 nanoseconds spent executing 0 pre-partial-flushes;
    0 nanoseconds spent executing 0 partial-flushes (flushing a total of 0 entities and 0 collections)
}
2025-05-16T20:30:51.139+09:00 TRACE 22264 --- [    Test worker] o.h.e.jdbc.internal.JdbcCoordinatorImpl  : Closing JDBC container [org.hibernate.engine.jdbc.internal.JdbcCoordinatorImpl@23f41ce3]
2025-05-16T20:30:51.139+09:00 TRACE 22264 --- [    Test worker] o.h.r.j.i.ResourceRegistryStandardImpl   : Releasing JDBC resources
2025-05-16T20:30:51.139+09:00  INFO 22264 --- [    Test worker] i.StatisticalLoggingSessionEventListener : Session Metrics {
    0 nanoseconds spent acquiring 0 JDBC connections;
    0 nanoseconds spent releasing 0 JDBC connections;
    0 nanoseconds spent preparing 0 JDBC statements;
    0 nanoseconds spent executing 0 JDBC statements;
    0 nanoseconds spent executing 0 JDBC batches;
    0 nanoseconds spent performing 0 L2C puts;
    0 nanoseconds spent performing 0 L2C hits;
    0 nanoseconds spent performing 0 L2C misses;
    0 nanoseconds spent executing 0 flushes (flushing a total of 0 entities and 0 collections);
    0 nanoseconds spent executing 0 pre-partial-flushes;
    0 nanoseconds spent executing 0 partial-flushes (flushing a total of 0 entities and 0 collections)
}
2025-05-16T20:30:51.139+09:00 TRACE 22264 --- [    Test worker] o.h.e.jdbc.internal.JdbcCoordinatorImpl  : Closing JDBC container [org.hibernate.engine.jdbc.internal.JdbcCoordinatorImpl@580882fb]
2025-05-16T20:30:51.139+09:00 TRACE 22264 --- [    Test worker] o.h.r.j.i.ResourceRegistryStandardImpl   : Releasing JDBC resources
2025-05-16T20:30:51.140+09:00  INFO 22264 --- [    Test worker] i.StatisticalLoggingSessionEventListener : Session Metrics {
    0 nanoseconds spent acquiring 0 JDBC connections;
    0 nanoseconds spent releasing 0 JDBC connections;
    0 nanoseconds spent preparing 0 JDBC statements;
    0 nanoseconds spent executing 0 JDBC statements;
    0 nanoseconds spent executing 0 JDBC batches;
    0 nanoseconds spent performing 0 L2C puts;
    0 nanoseconds spent performing 0 L2C hits;
    0 nanoseconds spent performing 0 L2C misses;
    0 nanoseconds spent executing 0 flushes (flushing a total of 0 entities and 0 collections);
    0 nanoseconds spent executing 0 pre-partial-flushes;
    0 nanoseconds spent executing 0 partial-flushes (flushing a total of 0 entities and 0 collections)
}
2025-05-16T20:30:51.140+09:00 TRACE 22264 --- [    Test worker] o.h.e.jdbc.internal.JdbcCoordinatorImpl  : Closing JDBC container [org.hibernate.engine.jdbc.internal.JdbcCoordinatorImpl@5b989e1d]
2025-05-16T20:30:51.140+09:00 TRACE 22264 --- [    Test worker] o.h.r.j.i.ResourceRegistryStandardImpl   : Releasing JDBC resources
2025-05-16T20:30:51.140+09:00  INFO 22264 --- [    Test worker] i.StatisticalLoggingSessionEventListener : Session Metrics {
    0 nanoseconds spent acquiring 0 JDBC connections;
    0 nanoseconds spent releasing 0 JDBC connections;
    0 nanoseconds spent preparing 0 JDBC statements;
    0 nanoseconds spent executing 0 JDBC statements;
    0 nanoseconds spent executing 0 JDBC batches;
    0 nanoseconds spent performing 0 L2C puts;
    0 nanoseconds spent performing 0 L2C hits;
    0 nanoseconds spent performing 0 L2C misses;
    0 nanoseconds spent executing 0 flushes (flushing a total of 0 entities and 0 collections);
    0 nanoseconds spent executing 0 pre-partial-flushes;
    0 nanoseconds spent executing 0 partial-flushes (flushing a total of 0 entities and 0 collections)
}
2025-05-16T20:30:51.140+09:00 TRACE 22264 --- [    Test worker] o.h.e.jdbc.internal.JdbcCoordinatorImpl  : Closing JDBC container [org.hibernate.engine.jdbc.internal.JdbcCoordinatorImpl@58b472b4]
2025-05-16T20:30:51.140+09:00 TRACE 22264 --- [    Test worker] o.h.r.j.i.ResourceRegistryStandardImpl   : Releasing JDBC resources
2025-05-16T20:30:51.170+09:00  INFO 22264 --- [    Test worker] o.e.s.service.PostServiceNPlus1Test      : Started PostServiceNPlus1Test in 2.435 seconds (process running for 2.838)
2025-05-16T20:30:51.180+09:00 DEBUG 22264 --- [    Test worker] o.h.e.t.internal.TransactionImpl         : On TransactionImpl creation, JpaCompliance#isJpaTransactionComplianceEnabled == false
2025-05-16T20:30:51.180+09:00 DEBUG 22264 --- [    Test worker] o.h.e.t.internal.TransactionImpl         : begin


===== 테스트 데이터 준비 =====
2025-05-16T20:30:51.448+09:00 DEBUG 22264 --- [    Test worker] org.hibernate.SQL                        : 
    /* insert for
        org.example.springboot.domain.User */insert 
    into
        users (created_at, email, name, nickname, password, phone, profile, profile_img_path, role) 
    values
        (?, ?, ?, ?, ?, ?, ?, ?, ?)
Hibernate: 
    /* insert for
        org.example.springboot.domain.User */insert 
    into
        users (created_at, email, name, nickname, password, phone, profile, profile_img_path, role) 
    values
        (?, ?, ?, ?, ?, ?, ?, ?, ?)
2025-05-16T20:30:51.452+09:00 TRACE 22264 --- [    Test worker] o.h.r.j.i.ResourceRegistryStandardImpl   : Registering statement [HikariProxyPreparedStatement@1471794823 wrapping com.mysql.cj.jdbc.ClientPreparedStatement: /* insert for org.example.springboot.domain.User */insert into users (created_at,email,name,nickname,password,phone,profile,profile_img_path,role) values (** NOT SPECIFIED **,** NOT SPECIFIED **,** NOT SPECIFIED **,** NOT SPECIFIED **,** NOT SPECIFIED **,** NOT SPECIFIED **,** NOT SPECIFIED **,** NOT SPECIFIED **,** NOT SPECIFIED **)]
2025-05-16T20:30:51.452+09:00 TRACE 22264 --- [    Test worker] o.h.r.j.i.ResourceRegistryStandardImpl   : Registering result set [null]
2025-05-16T20:30:51.452+09:00 TRACE 22264 --- [    Test worker] org.hibernate.orm.jdbc.bind              : binding parameter (1:TIMESTAMP) <- [2025-05-16T20:30:51.445865]
2025-05-16T20:30:51.453+09:00 TRACE 22264 --- [    Test worker] org.hibernate.orm.jdbc.bind              : binding parameter (2:VARCHAR) <- [user0@example.com]
2025-05-16T20:30:51.453+09:00 TRACE 22264 --- [    Test worker] org.hibernate.orm.jdbc.bind              : binding parameter (3:VARCHAR) <- [사용자0]
2025-05-16T20:30:51.453+09:00 TRACE 22264 --- [    Test worker] org.hibernate.orm.jdbc.bind              : binding parameter (4:VARCHAR) <- [닉네임0]
2025-05-16T20:30:51.453+09:00 TRACE 22264 --- [    Test worker] org.hibernate.orm.jdbc.bind              : binding parameter (5:VARCHAR) <- [password0]
2025-05-16T20:30:51.453+09:00 TRACE 22264 --- [    Test worker] org.hibernate.orm.jdbc.bind              : binding parameter (6:VARCHAR) <- [010-1111-1110]
2025-05-16T20:30:51.453+09:00 TRACE 22264 --- [    Test worker] org.hibernate.orm.jdbc.bind              : binding parameter (7:VARCHAR) <- [안녕하세요 사용자0입니다.]
2025-05-16T20:30:51.453+09:00 TRACE 22264 --- [    Test worker] org.hibernate.orm.jdbc.bind              : binding parameter (8:VARCHAR) <- [/images/profile0.jpg]
2025-05-16T20:30:51.453+09:00 TRACE 22264 --- [    Test worker] org.hibernate.orm.jdbc.bind              : binding parameter (9:VARCHAR) <- [USER]
2025-05-16T20:30:51.457+09:00 TRACE 22264 --- [    Test worker] o.h.r.j.i.ResourceRegistryStandardImpl   : Registering result set [HikariProxyResultSet@1002469873 wrapping com.mysql.cj.jdbc.result.ResultSetImpl@2385ee72]
2025-05-16T20:30:51.462+09:00 TRACE 22264 --- [    Test worker] o.h.r.j.i.ResourceRegistryStandardImpl   : Releasing result set [HikariProxyResultSet@1002469873 wrapping com.mysql.cj.jdbc.result.ResultSetImpl@2385ee72]
2025-05-16T20:30:51.462+09:00 TRACE 22264 --- [    Test worker] o.h.r.j.i.ResourceRegistryStandardImpl   : Closing result set [HikariProxyResultSet@1002469873 wrapping com.mysql.cj.jdbc.result.ResultSetImpl@2385ee72]
2025-05-16T20:30:51.463+09:00 TRACE 22264 --- [    Test worker] o.h.r.j.i.ResourceRegistryStandardImpl   : Releasing result set [HikariProxyResultSet@1002469873 wrapping Result set representing update count of -1]
2025-05-16T20:30:51.463+09:00 TRACE 22264 --- [    Test worker] o.h.r.j.i.ResourceRegistryStandardImpl   : Closing result set [HikariProxyResultSet@1002469873 wrapping Result set representing update count of -1]
2025-05-16T20:30:51.463+09:00 TRACE 22264 --- [    Test worker] o.h.r.j.i.ResourceRegistryStandardImpl   : Releasing statement [HikariProxyPreparedStatement@1471794823 wrapping com.mysql.cj.jdbc.ClientPreparedStatement: /* insert for org.example.springboot.domain.User */insert into users (created_at,email,name,nickname,password,phone,profile,profile_img_path,role) values ('2025-05-16 20:30:51.445865','user0@example.com','사용자0','닉네임0','password0','010-1111-1110','안녕하세요 사용자0입니다.','/images/profile0.jpg','USER')]
2025-05-16T20:30:51.463+09:00 TRACE 22264 --- [    Test worker] o.h.r.j.i.ResourceRegistryStandardImpl   : Closing result set [null]
2025-05-16T20:30:51.463+09:00 TRACE 22264 --- [    Test worker] o.h.r.j.i.ResourceRegistryStandardImpl   : Closing prepared statement [HikariProxyPreparedStatement@1471794823 wrapping com.mysql.cj.jdbc.ClientPreparedStatement: /* insert for org.example.springboot.domain.User */insert into users (created_at,email,name,nickname,password,phone,profile,profile_img_path,role) values ('2025-05-16 20:30:51.445865','user0@example.com','사용자0','닉네임0','password0','010-1111-1110','안녕하세요 사용자0입니다.','/images/profile0.jpg','USER')]
2025-05-16T20:30:51.463+09:00 TRACE 22264 --- [    Test worker] o.h.e.jdbc.internal.JdbcCoordinatorImpl  : Starting after statement execution processing [ON_CLOSE]
2025-05-16T20:30:51.465+09:00 DEBUG 22264 --- [    Test worker] org.hibernate.SQL                        : 
    /* insert for
        org.example.springboot.domain.User */insert 
    into
        users (created_at, email, name, nickname, password, phone, profile, profile_img_path, role) 
    values
        (?, ?, ?, ?, ?, ?, ?, ?, ?)
Hibernate: 
    /* insert for
        org.example.springboot.domain.User */insert 
    into
        users (created_at, email, name, nickname, password, phone, profile, profile_img_path, role) 
    values
        (?, ?, ?, ?, ?, ?, ?, ?, ?)
2025-05-16T20:30:51.466+09:00 TRACE 22264 --- [    Test worker] o.h.r.j.i.ResourceRegistryStandardImpl   : Registering statement [HikariProxyPreparedStatement@1435763287 wrapping com.mysql.cj.jdbc.ClientPreparedStatement: /* insert for org.example.springboot.domain.User */insert into users (created_at,email,name,nickname,password,phone,profile,profile_img_path,role) values (** NOT SPECIFIED **,** NOT SPECIFIED **,** NOT SPECIFIED **,** NOT SPECIFIED **,** NOT SPECIFIED **,** NOT SPECIFIED **,** NOT SPECIFIED **,** NOT SPECIFIED **,** NOT SPECIFIED **)]
2025-05-16T20:30:51.466+09:00 TRACE 22264 --- [    Test worker] o.h.r.j.i.ResourceRegistryStandardImpl   : Registering result set [null]
2025-05-16T20:30:51.466+09:00 TRACE 22264 --- [    Test worker] org.hibernate.orm.jdbc.bind              : binding parameter (1:TIMESTAMP) <- [2025-05-16T20:30:51.465452]
2025-05-16T20:30:51.466+09:00 TRACE 22264 --- [    Test worker] org.hibernate.orm.jdbc.bind              : binding parameter (2:VARCHAR) <- [user1@example.com]
2025-05-16T20:30:51.466+09:00 TRACE 22264 --- [    Test worker] org.hibernate.orm.jdbc.bind              : binding parameter (3:VARCHAR) <- [사용자1]
2025-05-16T20:30:51.466+09:00 TRACE 22264 --- [    Test worker] org.hibernate.orm.jdbc.bind              : binding parameter (4:VARCHAR) <- [닉네임1]
2025-05-16T20:30:51.466+09:00 TRACE 22264 --- [    Test worker] org.hibernate.orm.jdbc.bind              : binding parameter (5:VARCHAR) <- [password1]
2025-05-16T20:30:51.466+09:00 TRACE 22264 --- [    Test worker] org.hibernate.orm.jdbc.bind              : binding parameter (6:VARCHAR) <- [010-1111-1111]
2025-05-16T20:30:51.466+09:00 TRACE 22264 --- [    Test worker] org.hibernate.orm.jdbc.bind              : binding parameter (7:VARCHAR) <- [안녕하세요 사용자1입니다.]
2025-05-16T20:30:51.466+09:00 TRACE 22264 --- [    Test worker] org.hibernate.orm.jdbc.bind              : binding parameter (8:VARCHAR) <- [/images/profile1.jpg]
2025-05-16T20:30:51.466+09:00 TRACE 22264 --- [    Test worker] org.hibernate.orm.jdbc.bind              : binding parameter (9:VARCHAR) <- [USER]
2025-05-16T20:30:51.467+09:00 TRACE 22264 --- [    Test worker] o.h.r.j.i.ResourceRegistryStandardImpl   : Registering result set [HikariProxyResultSet@1809348710 wrapping com.mysql.cj.jdbc.result.ResultSetImpl@307b954]
2025-05-16T20:30:51.467+09:00 TRACE 22264 --- [    Test worker] o.h.r.j.i.ResourceRegistryStandardImpl   : Releasing result set [HikariProxyResultSet@1809348710 wrapping com.mysql.cj.jdbc.result.ResultSetImpl@307b954]
2025-05-16T20:30:51.467+09:00 TRACE 22264 --- [    Test worker] o.h.r.j.i.ResourceRegistryStandardImpl   : Closing result set [HikariProxyResultSet@1809348710 wrapping com.mysql.cj.jdbc.result.ResultSetImpl@307b954]
2025-05-16T20:30:51.467+09:00 TRACE 22264 --- [    Test worker] o.h.r.j.i.ResourceRegistryStandardImpl   : Releasing result set [HikariProxyResultSet@1809348710 wrapping Result set representing update count of -1]
2025-05-16T20:30:51.467+09:00 TRACE 22264 --- [    Test worker] o.h.r.j.i.ResourceRegistryStandardImpl   : Closing result set [HikariProxyResultSet@1809348710 wrapping Result set representing update count of -1]
2025-05-16T20:30:51.467+09:00 TRACE 22264 --- [    Test worker] o.h.r.j.i.ResourceRegistryStandardImpl   : Releasing statement [HikariProxyPreparedStatement@1435763287 wrapping com.mysql.cj.jdbc.ClientPreparedStatement: /* insert for org.example.springboot.domain.User */insert into users (created_at,email,name,nickname,password,phone,profile,profile_img_path,role) values ('2025-05-16 20:30:51.465452','user1@example.com','사용자1','닉네임1','password1','010-1111-1111','안녕하세요 사용자1입니다.','/images/profile1.jpg','USER')]
2025-05-16T20:30:51.467+09:00 TRACE 22264 --- [    Test worker] o.h.r.j.i.ResourceRegistryStandardImpl   : Closing result set [null]
2025-05-16T20:30:51.467+09:00 TRACE 22264 --- [    Test worker] o.h.r.j.i.ResourceRegistryStandardImpl   : Closing prepared statement [HikariProxyPreparedStatement@1435763287 wrapping com.mysql.cj.jdbc.ClientPreparedStatement: /* insert for org.example.springboot.domain.User */insert into users (created_at,email,name,nickname,password,phone,profile,profile_img_path,role) values ('2025-05-16 20:30:51.465452','user1@example.com','사용자1','닉네임1','password1','010-1111-1111','안녕하세요 사용자1입니다.','/images/profile1.jpg','USER')]
2025-05-16T20:30:51.467+09:00 TRACE 22264 --- [    Test worker] o.h.e.jdbc.internal.JdbcCoordinatorImpl  : Starting after statement execution processing [ON_CLOSE]
2025-05-16T20:30:51.468+09:00 DEBUG 22264 --- [    Test worker] org.hibernate.SQL                        : 
    /* insert for
        org.example.springboot.domain.User */insert 
    into
        users (created_at, email, name, nickname, password, phone, profile, profile_img_path, role) 
    values
        (?, ?, ?, ?, ?, ?, ?, ?, ?)
Hibernate: 
    /* insert for
        org.example.springboot.domain.User */insert 
    into
        users (created_at, email, name, nickname, password, phone, profile, profile_img_path, role) 
    values
        (?, ?, ?, ?, ?, ?, ?, ?, ?)
2025-05-16T20:30:51.468+09:00 TRACE 22264 --- [    Test worker] o.h.r.j.i.ResourceRegistryStandardImpl   : Registering statement [HikariProxyPreparedStatement@988716259 wrapping com.mysql.cj.jdbc.ClientPreparedStatement: /* insert for org.example.springboot.domain.User */insert into users (created_at,email,name,nickname,password,phone,profile,profile_img_path,role) values (** NOT SPECIFIED **,** NOT SPECIFIED **,** NOT SPECIFIED **,** NOT SPECIFIED **,** NOT SPECIFIED **,** NOT SPECIFIED **,** NOT SPECIFIED **,** NOT SPECIFIED **,** NOT SPECIFIED **)]
2025-05-16T20:30:51.468+09:00 TRACE 22264 --- [    Test worker] o.h.r.j.i.ResourceRegistryStandardImpl   : Registering result set [null]
2025-05-16T20:30:51.468+09:00 TRACE 22264 --- [    Test worker] org.hibernate.orm.jdbc.bind              : binding parameter (1:TIMESTAMP) <- [2025-05-16T20:30:51.468195]
2025-05-16T20:30:51.468+09:00 TRACE 22264 --- [    Test worker] org.hibernate.orm.jdbc.bind              : binding parameter (2:VARCHAR) <- [user2@example.com]
2025-05-16T20:30:51.468+09:00 TRACE 22264 --- [    Test worker] org.hibernate.orm.jdbc.bind              : binding parameter (3:VARCHAR) <- [사용자2]
2025-05-16T20:30:51.468+09:00 TRACE 22264 --- [    Test worker] org.hibernate.orm.jdbc.bind              : binding parameter (4:VARCHAR) <- [닉네임2]
2025-05-16T20:30:51.468+09:00 TRACE 22264 --- [    Test worker] org.hibernate.orm.jdbc.bind              : binding parameter (5:VARCHAR) <- [password2]
2025-05-16T20:30:51.468+09:00 TRACE 22264 --- [    Test worker] org.hibernate.orm.jdbc.bind              : binding parameter (6:VARCHAR) <- [010-1111-1112]
2025-05-16T20:30:51.468+09:00 TRACE 22264 --- [    Test worker] org.hibernate.orm.jdbc.bind              : binding parameter (7:VARCHAR) <- [안녕하세요 사용자2입니다.]
2025-05-16T20:30:51.468+09:00 TRACE 22264 --- [    Test worker] org.hibernate.orm.jdbc.bind              : binding parameter (8:VARCHAR) <- [/images/profile2.jpg]
2025-05-16T20:30:51.468+09:00 TRACE 22264 --- [    Test worker] org.hibernate.orm.jdbc.bind              : binding parameter (9:VARCHAR) <- [USER]
2025-05-16T20:30:51.469+09:00 TRACE 22264 --- [    Test worker] o.h.r.j.i.ResourceRegistryStandardImpl   : Registering result set [HikariProxyResultSet@2107277272 wrapping com.mysql.cj.jdbc.result.ResultSetImpl@786f8cd2]
2025-05-16T20:30:51.469+09:00 TRACE 22264 --- [    Test worker] o.h.r.j.i.ResourceRegistryStandardImpl   : Releasing result set [HikariProxyResultSet@2107277272 wrapping com.mysql.cj.jdbc.result.ResultSetImpl@786f8cd2]
2025-05-16T20:30:51.469+09:00 TRACE 22264 --- [    Test worker] o.h.r.j.i.ResourceRegistryStandardImpl   : Closing result set [HikariProxyResultSet@2107277272 wrapping com.mysql.cj.jdbc.result.ResultSetImpl@786f8cd2]
2025-05-16T20:30:51.469+09:00 TRACE 22264 --- [    Test worker] o.h.r.j.i.ResourceRegistryStandardImpl   : Releasing result set [HikariProxyResultSet@2107277272 wrapping Result set representing update count of -1]
2025-05-16T20:30:51.469+09:00 TRACE 22264 --- [    Test worker] o.h.r.j.i.ResourceRegistryStandardImpl   : Closing result set [HikariProxyResultSet@2107277272 wrapping Result set representing update count of -1]
2025-05-16T20:30:51.469+09:00 TRACE 22264 --- [    Test worker] o.h.r.j.i.ResourceRegistryStandardImpl   : Releasing statement [HikariProxyPreparedStatement@988716259 wrapping com.mysql.cj.jdbc.ClientPreparedStatement: /* insert for org.example.springboot.domain.User */insert into users (created_at,email,name,nickname,password,phone,profile,profile_img_path,role) values ('2025-05-16 20:30:51.468195','user2@example.com','사용자2','닉네임2','password2','010-1111-1112','안녕하세요 사용자2입니다.','/images/profile2.jpg','USER')]
2025-05-16T20:30:51.469+09:00 TRACE 22264 --- [    Test worker] o.h.r.j.i.ResourceRegistryStandardImpl   : Closing result set [null]
2025-05-16T20:30:51.469+09:00 TRACE 22264 --- [    Test worker] o.h.r.j.i.ResourceRegistryStandardImpl   : Closing prepared statement [HikariProxyPreparedStatement@988716259 wrapping com.mysql.cj.jdbc.ClientPreparedStatement: /* insert for org.example.springboot.domain.User */insert into users (created_at,email,name,nickname,password,phone,profile,profile_img_path,role) values ('2025-05-16 20:30:51.468195','user2@example.com','사용자2','닉네임2','password2','010-1111-1112','안녕하세요 사용자2입니다.','/images/profile2.jpg','USER')]
2025-05-16T20:30:51.469+09:00 TRACE 22264 --- [    Test worker] o.h.e.jdbc.internal.JdbcCoordinatorImpl  : Starting after statement execution processing [ON_CLOSE]
2025-05-16T20:30:51.470+09:00 DEBUG 22264 --- [    Test worker] org.hibernate.SQL                        : 
    /* insert for
        org.example.springboot.domain.User */insert 
    into
        users (created_at, email, name, nickname, password, phone, profile, profile_img_path, role) 
    values
        (?, ?, ?, ?, ?, ?, ?, ?, ?)
Hibernate: 
    /* insert for
        org.example.springboot.domain.User */insert 
    into
        users (created_at, email, name, nickname, password, phone, profile, profile_img_path, role) 
    values
        (?, ?, ?, ?, ?, ?, ?, ?, ?)
2025-05-16T20:30:51.470+09:00 TRACE 22264 --- [    Test worker] o.h.r.j.i.ResourceRegistryStandardImpl   : Registering statement [HikariProxyPreparedStatement@23356402 wrapping com.mysql.cj.jdbc.ClientPreparedStatement: /* insert for org.example.springboot.domain.User */insert into users (created_at,email,name,nickname,password,phone,profile,profile_img_path,role) values (** NOT SPECIFIED **,** NOT SPECIFIED **,** NOT SPECIFIED **,** NOT SPECIFIED **,** NOT SPECIFIED **,** NOT SPECIFIED **,** NOT SPECIFIED **,** NOT SPECIFIED **,** NOT SPECIFIED **)]
2025-05-16T20:30:51.470+09:00 TRACE 22264 --- [    Test worker] o.h.r.j.i.ResourceRegistryStandardImpl   : Registering result set [null]
2025-05-16T20:30:51.470+09:00 TRACE 22264 --- [    Test worker] org.hibernate.orm.jdbc.bind              : binding parameter (1:TIMESTAMP) <- [2025-05-16T20:30:51.470115]
2025-05-16T20:30:51.470+09:00 TRACE 22264 --- [    Test worker] org.hibernate.orm.jdbc.bind              : binding parameter (2:VARCHAR) <- [user3@example.com]
2025-05-16T20:30:51.470+09:00 TRACE 22264 --- [    Test worker] org.hibernate.orm.jdbc.bind              : binding parameter (3:VARCHAR) <- [사용자3]
2025-05-16T20:30:51.470+09:00 TRACE 22264 --- [    Test worker] org.hibernate.orm.jdbc.bind              : binding parameter (4:VARCHAR) <- [닉네임3]
2025-05-16T20:30:51.470+09:00 TRACE 22264 --- [    Test worker] org.hibernate.orm.jdbc.bind              : binding parameter (5:VARCHAR) <- [password3]
2025-05-16T20:30:51.470+09:00 TRACE 22264 --- [    Test worker] org.hibernate.orm.jdbc.bind              : binding parameter (6:VARCHAR) <- [010-1111-1113]
2025-05-16T20:30:51.470+09:00 TRACE 22264 --- [    Test worker] org.hibernate.orm.jdbc.bind              : binding parameter (7:VARCHAR) <- [안녕하세요 사용자3입니다.]
2025-05-16T20:30:51.470+09:00 TRACE 22264 --- [    Test worker] org.hibernate.orm.jdbc.bind              : binding parameter (8:VARCHAR) <- [/images/profile3.jpg]
2025-05-16T20:30:51.470+09:00 TRACE 22264 --- [    Test worker] org.hibernate.orm.jdbc.bind              : binding parameter (9:VARCHAR) <- [USER]
2025-05-16T20:30:51.471+09:00 TRACE 22264 --- [    Test worker] o.h.r.j.i.ResourceRegistryStandardImpl   : Registering result set [HikariProxyResultSet@2118277091 wrapping com.mysql.cj.jdbc.result.ResultSetImpl@3ab8f900]
2025-05-16T20:30:51.471+09:00 TRACE 22264 --- [    Test worker] o.h.r.j.i.ResourceRegistryStandardImpl   : Releasing result set [HikariProxyResultSet@2118277091 wrapping com.mysql.cj.jdbc.result.ResultSetImpl@3ab8f900]
2025-05-16T20:30:51.471+09:00 TRACE 22264 --- [    Test worker] o.h.r.j.i.ResourceRegistryStandardImpl   : Closing result set [HikariProxyResultSet@2118277091 wrapping com.mysql.cj.jdbc.result.ResultSetImpl@3ab8f900]
2025-05-16T20:30:51.471+09:00 TRACE 22264 --- [    Test worker] o.h.r.j.i.ResourceRegistryStandardImpl   : Releasing result set [HikariProxyResultSet@2118277091 wrapping Result set representing update count of -1]
2025-05-16T20:30:51.471+09:00 TRACE 22264 --- [    Test worker] o.h.r.j.i.ResourceRegistryStandardImpl   : Closing result set [HikariProxyResultSet@2118277091 wrapping Result set representing update count of -1]
2025-05-16T20:30:51.471+09:00 TRACE 22264 --- [    Test worker] o.h.r.j.i.ResourceRegistryStandardImpl   : Releasing statement [HikariProxyPreparedStatement@23356402 wrapping com.mysql.cj.jdbc.ClientPreparedStatement: /* insert for org.example.springboot.domain.User */insert into users (created_at,email,name,nickname,password,phone,profile,profile_img_path,role) values ('2025-05-16 20:30:51.470115','user3@example.com','사용자3','닉네임3','password3','010-1111-1113','안녕하세요 사용자3입니다.','/images/profile3.jpg','USER')]
2025-05-16T20:30:51.471+09:00 TRACE 22264 --- [    Test worker] o.h.r.j.i.ResourceRegistryStandardImpl   : Closing result set [null]
2025-05-16T20:30:51.471+09:00 TRACE 22264 --- [    Test worker] o.h.r.j.i.ResourceRegistryStandardImpl   : Closing prepared statement [HikariProxyPreparedStatement@23356402 wrapping com.mysql.cj.jdbc.ClientPreparedStatement: /* insert for org.example.springboot.domain.User */insert into users (created_at,email,name,nickname,password,phone,profile,profile_img_path,role) values ('2025-05-16 20:30:51.470115','user3@example.com','사용자3','닉네임3','password3','010-1111-1113','안녕하세요 사용자3입니다.','/images/profile3.jpg','USER')]
2025-05-16T20:30:51.471+09:00 TRACE 22264 --- [    Test worker] o.h.e.jdbc.internal.JdbcCoordinatorImpl  : Starting after statement execution processing [ON_CLOSE]
2025-05-16T20:30:51.471+09:00 DEBUG 22264 --- [    Test worker] org.hibernate.SQL                        : 
    /* insert for
        org.example.springboot.domain.User */insert 
    into
        users (created_at, email, name, nickname, password, phone, profile, profile_img_path, role) 
    values
        (?, ?, ?, ?, ?, ?, ?, ?, ?)
Hibernate: 
    /* insert for
        org.example.springboot.domain.User */insert 
    into
        users (created_at, email, name, nickname, password, phone, profile, profile_img_path, role) 
    values
        (?, ?, ?, ?, ?, ?, ?, ?, ?)
2025-05-16T20:30:51.472+09:00 TRACE 22264 --- [    Test worker] o.h.r.j.i.ResourceRegistryStandardImpl   : Registering statement [HikariProxyPreparedStatement@2053954016 wrapping com.mysql.cj.jdbc.ClientPreparedStatement: /* insert for org.example.springboot.domain.User */insert into users (created_at,email,name,nickname,password,phone,profile,profile_img_path,role) values (** NOT SPECIFIED **,** NOT SPECIFIED **,** NOT SPECIFIED **,** NOT SPECIFIED **,** NOT SPECIFIED **,** NOT SPECIFIED **,** NOT SPECIFIED **,** NOT SPECIFIED **,** NOT SPECIFIED **)]
2025-05-16T20:30:51.472+09:00 TRACE 22264 --- [    Test worker] o.h.r.j.i.ResourceRegistryStandardImpl   : Registering result set [null]
2025-05-16T20:30:51.472+09:00 TRACE 22264 --- [    Test worker] org.hibernate.orm.jdbc.bind              : binding parameter (1:TIMESTAMP) <- [2025-05-16T20:30:51.471882]
2025-05-16T20:30:51.472+09:00 TRACE 22264 --- [    Test worker] org.hibernate.orm.jdbc.bind              : binding parameter (2:VARCHAR) <- [user4@example.com]
2025-05-16T20:30:51.472+09:00 TRACE 22264 --- [    Test worker] org.hibernate.orm.jdbc.bind              : binding parameter (3:VARCHAR) <- [사용자4]
2025-05-16T20:30:51.472+09:00 TRACE 22264 --- [    Test worker] org.hibernate.orm.jdbc.bind              : binding parameter (4:VARCHAR) <- [닉네임4]
2025-05-16T20:30:51.472+09:00 TRACE 22264 --- [    Test worker] org.hibernate.orm.jdbc.bind              : binding parameter (5:VARCHAR) <- [password4]
2025-05-16T20:30:51.472+09:00 TRACE 22264 --- [    Test worker] org.hibernate.orm.jdbc.bind              : binding parameter (6:VARCHAR) <- [010-1111-1114]
2025-05-16T20:30:51.472+09:00 TRACE 22264 --- [    Test worker] org.hibernate.orm.jdbc.bind              : binding parameter (7:VARCHAR) <- [안녕하세요 사용자4입니다.]
2025-05-16T20:30:51.472+09:00 TRACE 22264 --- [    Test worker] org.hibernate.orm.jdbc.bind              : binding parameter (8:VARCHAR) <- [/images/profile4.jpg]
2025-05-16T20:30:51.472+09:00 TRACE 22264 --- [    Test worker] org.hibernate.orm.jdbc.bind              : binding parameter (9:VARCHAR) <- [USER]
2025-05-16T20:30:51.473+09:00 TRACE 22264 --- [    Test worker] o.h.r.j.i.ResourceRegistryStandardImpl   : Registering result set [HikariProxyResultSet@783953565 wrapping com.mysql.cj.jdbc.result.ResultSetImpl@7d7a13a7]
2025-05-16T20:30:51.473+09:00 TRACE 22264 --- [    Test worker] o.h.r.j.i.ResourceRegistryStandardImpl   : Releasing result set [HikariProxyResultSet@783953565 wrapping com.mysql.cj.jdbc.result.ResultSetImpl@7d7a13a7]
2025-05-16T20:30:51.473+09:00 TRACE 22264 --- [    Test worker] o.h.r.j.i.ResourceRegistryStandardImpl   : Closing result set [HikariProxyResultSet@783953565 wrapping com.mysql.cj.jdbc.result.ResultSetImpl@7d7a13a7]
2025-05-16T20:30:51.473+09:00 TRACE 22264 --- [    Test worker] o.h.r.j.i.ResourceRegistryStandardImpl   : Releasing result set [HikariProxyResultSet@783953565 wrapping Result set representing update count of -1]
2025-05-16T20:30:51.473+09:00 TRACE 22264 --- [    Test worker] o.h.r.j.i.ResourceRegistryStandardImpl   : Closing result set [HikariProxyResultSet@783953565 wrapping Result set representing update count of -1]
2025-05-16T20:30:51.474+09:00 TRACE 22264 --- [    Test worker] o.h.r.j.i.ResourceRegistryStandardImpl   : Releasing statement [HikariProxyPreparedStatement@2053954016 wrapping com.mysql.cj.jdbc.ClientPreparedStatement: /* insert for org.example.springboot.domain.User */insert into users (created_at,email,name,nickname,password,phone,profile,profile_img_path,role) values ('2025-05-16 20:30:51.471882','user4@example.com','사용자4','닉네임4','password4','010-1111-1114','안녕하세요 사용자4입니다.','/images/profile4.jpg','USER')]
2025-05-16T20:30:51.474+09:00 TRACE 22264 --- [    Test worker] o.h.r.j.i.ResourceRegistryStandardImpl   : Closing result set [null]
2025-05-16T20:30:51.474+09:00 TRACE 22264 --- [    Test worker] o.h.r.j.i.ResourceRegistryStandardImpl   : Closing prepared statement [HikariProxyPreparedStatement@2053954016 wrapping com.mysql.cj.jdbc.ClientPreparedStatement: /* insert for org.example.springboot.domain.User */insert into users (created_at,email,name,nickname,password,phone,profile,profile_img_path,role) values ('2025-05-16 20:30:51.471882','user4@example.com','사용자4','닉네임4','password4','010-1111-1114','안녕하세요 사용자4입니다.','/images/profile4.jpg','USER')]
2025-05-16T20:30:51.474+09:00 TRACE 22264 --- [    Test worker] o.h.e.jdbc.internal.JdbcCoordinatorImpl  : Starting after statement execution processing [ON_CLOSE]
2025-05-16T20:30:51.475+09:00 DEBUG 22264 --- [    Test worker] org.hibernate.SQL                        : 
    /* insert for
        org.example.springboot.domain.Post */insert 
    into
        posts (content, created_at, status, title, updated_at, user_id) 
    values
        (?, ?, ?, ?, ?, ?)
Hibernate: 
    /* insert for
        org.example.springboot.domain.Post */insert 
    into
        posts (content, created_at, status, title, updated_at, user_id) 
    values
        (?, ?, ?, ?, ?, ?)
2025-05-16T20:30:51.476+09:00 TRACE 22264 --- [    Test worker] o.h.r.j.i.ResourceRegistryStandardImpl   : Registering statement [HikariProxyPreparedStatement@1101629239 wrapping com.mysql.cj.jdbc.ClientPreparedStatement: /* insert for org.example.springboot.domain.Post */insert into posts (content,created_at,status,title,updated_at,user_id) values (** NOT SPECIFIED **,** NOT SPECIFIED **,** NOT SPECIFIED **,** NOT SPECIFIED **,** NOT SPECIFIED **,** NOT SPECIFIED **)]
2025-05-16T20:30:51.476+09:00 TRACE 22264 --- [    Test worker] o.h.r.j.i.ResourceRegistryStandardImpl   : Registering result set [null]
2025-05-16T20:30:51.476+09:00 TRACE 22264 --- [    Test worker] org.hibernate.orm.jdbc.bind              : binding parameter (1:VARCHAR) <- [게시글 내용 0-0]
2025-05-16T20:30:51.476+09:00 TRACE 22264 --- [    Test worker] org.hibernate.orm.jdbc.bind              : binding parameter (2:TIMESTAMP) <- [2025-05-16T20:30:51.475629]
2025-05-16T20:30:51.476+09:00 TRACE 22264 --- [    Test worker] org.hibernate.orm.jdbc.bind              : binding parameter (3:VARCHAR) <- [판매중]
2025-05-16T20:30:51.476+09:00 TRACE 22264 --- [    Test worker] org.hibernate.orm.jdbc.bind              : binding parameter (4:VARCHAR) <- [게시글 0-0]
2025-05-16T20:30:51.476+09:00 TRACE 22264 --- [    Test worker] org.hibernate.orm.jdbc.bind              : binding parameter (5:TIMESTAMP) <- [2025-05-16T20:30:51.475638]
2025-05-16T20:30:51.476+09:00 TRACE 22264 --- [    Test worker] org.hibernate.orm.jdbc.bind              : binding parameter (6:BIGINT) <- [1]
2025-05-16T20:30:51.477+09:00 TRACE 22264 --- [    Test worker] o.h.r.j.i.ResourceRegistryStandardImpl   : Registering result set [HikariProxyResultSet@881864678 wrapping com.mysql.cj.jdbc.result.ResultSetImpl@4748a39a]
2025-05-16T20:30:51.477+09:00 TRACE 22264 --- [    Test worker] o.h.r.j.i.ResourceRegistryStandardImpl   : Releasing result set [HikariProxyResultSet@881864678 wrapping com.mysql.cj.jdbc.result.ResultSetImpl@4748a39a]
2025-05-16T20:30:51.477+09:00 TRACE 22264 --- [    Test worker] o.h.r.j.i.ResourceRegistryStandardImpl   : Closing result set [HikariProxyResultSet@881864678 wrapping com.mysql.cj.jdbc.result.ResultSetImpl@4748a39a]
2025-05-16T20:30:51.477+09:00 TRACE 22264 --- [    Test worker] o.h.r.j.i.ResourceRegistryStandardImpl   : Releasing result set [HikariProxyResultSet@881864678 wrapping Result set representing update count of -1]
2025-05-16T20:30:51.477+09:00 TRACE 22264 --- [    Test worker] o.h.r.j.i.ResourceRegistryStandardImpl   : Closing result set [HikariProxyResultSet@881864678 wrapping Result set representing update count of -1]
2025-05-16T20:30:51.477+09:00 TRACE 22264 --- [    Test worker] o.h.r.j.i.ResourceRegistryStandardImpl   : Releasing statement [HikariProxyPreparedStatement@1101629239 wrapping com.mysql.cj.jdbc.ClientPreparedStatement: /* insert for org.example.springboot.domain.Post */insert into posts (content,created_at,status,title,updated_at,user_id) values ('게시글 내용 0-0','2025-05-16 20:30:51.475629','판매중','게시글 0-0','2025-05-16 20:30:51.475638',1)]
2025-05-16T20:30:51.477+09:00 TRACE 22264 --- [    Test worker] o.h.r.j.i.ResourceRegistryStandardImpl   : Closing result set [null]
2025-05-16T20:30:51.477+09:00 TRACE 22264 --- [    Test worker] o.h.r.j.i.ResourceRegistryStandardImpl   : Closing prepared statement [HikariProxyPreparedStatement@1101629239 wrapping com.mysql.cj.jdbc.ClientPreparedStatement: /* insert for org.example.springboot.domain.Post */insert into posts (content,created_at,status,title,updated_at,user_id) values ('게시글 내용 0-0','2025-05-16 20:30:51.475629','판매중','게시글 0-0','2025-05-16 20:30:51.475638',1)]
2025-05-16T20:30:51.477+09:00 TRACE 22264 --- [    Test worker] o.h.e.jdbc.internal.JdbcCoordinatorImpl  : Starting after statement execution processing [ON_CLOSE]
2025-05-16T20:30:51.478+09:00 DEBUG 22264 --- [    Test worker] org.hibernate.SQL                        : 
    /* insert for
        org.example.springboot.domain.Post */insert 
    into
        posts (content, created_at, status, title, updated_at, user_id) 
    values
        (?, ?, ?, ?, ?, ?)
Hibernate: 
    /* insert for
        org.example.springboot.domain.Post */insert 
    into
        posts (content, created_at, status, title, updated_at, user_id) 
    values
        (?, ?, ?, ?, ?, ?)
2025-05-16T20:30:51.478+09:00 TRACE 22264 --- [    Test worker] o.h.r.j.i.ResourceRegistryStandardImpl   : Registering statement [HikariProxyPreparedStatement@1376583991 wrapping com.mysql.cj.jdbc.ClientPreparedStatement: /* insert for org.example.springboot.domain.Post */insert into posts (content,created_at,status,title,updated_at,user_id) values (** NOT SPECIFIED **,** NOT SPECIFIED **,** NOT SPECIFIED **,** NOT SPECIFIED **,** NOT SPECIFIED **,** NOT SPECIFIED **)]
2025-05-16T20:30:51.478+09:00 TRACE 22264 --- [    Test worker] o.h.r.j.i.ResourceRegistryStandardImpl   : Registering result set [null]
2025-05-16T20:30:51.478+09:00 TRACE 22264 --- [    Test worker] org.hibernate.orm.jdbc.bind              : binding parameter (1:VARCHAR) <- [게시글 내용 0-1]
2025-05-16T20:30:51.478+09:00 TRACE 22264 --- [    Test worker] org.hibernate.orm.jdbc.bind              : binding parameter (2:TIMESTAMP) <- [2025-05-16T20:30:51.478415]
2025-05-16T20:30:51.478+09:00 TRACE 22264 --- [    Test worker] org.hibernate.orm.jdbc.bind              : binding parameter (3:VARCHAR) <- [판매중]
2025-05-16T20:30:51.478+09:00 TRACE 22264 --- [    Test worker] org.hibernate.orm.jdbc.bind              : binding parameter (4:VARCHAR) <- [게시글 0-1]
2025-05-16T20:30:51.478+09:00 TRACE 22264 --- [    Test worker] org.hibernate.orm.jdbc.bind              : binding parameter (5:TIMESTAMP) <- [2025-05-16T20:30:51.478422]
2025-05-16T20:30:51.478+09:00 TRACE 22264 --- [    Test worker] org.hibernate.orm.jdbc.bind              : binding parameter (6:BIGINT) <- [1]
2025-05-16T20:30:51.479+09:00 TRACE 22264 --- [    Test worker] o.h.r.j.i.ResourceRegistryStandardImpl   : Registering result set [HikariProxyResultSet@1945032624 wrapping com.mysql.cj.jdbc.result.ResultSetImpl@7568f5bc]
2025-05-16T20:30:51.479+09:00 TRACE 22264 --- [    Test worker] o.h.r.j.i.ResourceRegistryStandardImpl   : Releasing result set [HikariProxyResultSet@1945032624 wrapping com.mysql.cj.jdbc.result.ResultSetImpl@7568f5bc]
2025-05-16T20:30:51.479+09:00 TRACE 22264 --- [    Test worker] o.h.r.j.i.ResourceRegistryStandardImpl   : Closing result set [HikariProxyResultSet@1945032624 wrapping com.mysql.cj.jdbc.result.ResultSetImpl@7568f5bc]
2025-05-16T20:30:51.479+09:00 TRACE 22264 --- [    Test worker] o.h.r.j.i.ResourceRegistryStandardImpl   : Releasing result set [HikariProxyResultSet@1945032624 wrapping Result set representing update count of -1]
2025-05-16T20:30:51.479+09:00 TRACE 22264 --- [    Test worker] o.h.r.j.i.ResourceRegistryStandardImpl   : Closing result set [HikariProxyResultSet@1945032624 wrapping Result set representing update count of -1]
2025-05-16T20:30:51.479+09:00 TRACE 22264 --- [    Test worker] o.h.r.j.i.ResourceRegistryStandardImpl   : Releasing statement [HikariProxyPreparedStatement@1376583991 wrapping com.mysql.cj.jdbc.ClientPreparedStatement: /* insert for org.example.springboot.domain.Post */insert into posts (content,created_at,status,title,updated_at,user_id) values ('게시글 내용 0-1','2025-05-16 20:30:51.478415','판매중','게시글 0-1','2025-05-16 20:30:51.478422',1)]
2025-05-16T20:30:51.479+09:00 TRACE 22264 --- [    Test worker] o.h.r.j.i.ResourceRegistryStandardImpl   : Closing result set [null]
2025-05-16T20:30:51.479+09:00 TRACE 22264 --- [    Test worker] o.h.r.j.i.ResourceRegistryStandardImpl   : Closing prepared statement [HikariProxyPreparedStatement@1376583991 wrapping com.mysql.cj.jdbc.ClientPreparedStatement: /* insert for org.example.springboot.domain.Post */insert into posts (content,created_at,status,title,updated_at,user_id) values ('게시글 내용 0-1','2025-05-16 20:30:51.478415','판매중','게시글 0-1','2025-05-16 20:30:51.478422',1)]
2025-05-16T20:30:51.480+09:00 TRACE 22264 --- [    Test worker] o.h.e.jdbc.internal.JdbcCoordinatorImpl  : Starting after statement execution processing [ON_CLOSE]
2025-05-16T20:30:51.480+09:00 DEBUG 22264 --- [    Test worker] org.hibernate.SQL                        : 
    /* insert for
        org.example.springboot.domain.Post */insert 
    into
        posts (content, created_at, status, title, updated_at, user_id) 
    values
        (?, ?, ?, ?, ?, ?)
Hibernate: 
    /* insert for
        org.example.springboot.domain.Post */insert 
    into
        posts (content, created_at, status, title, updated_at, user_id) 
    values
        (?, ?, ?, ?, ?, ?)
2025-05-16T20:30:51.480+09:00 TRACE 22264 --- [    Test worker] o.h.r.j.i.ResourceRegistryStandardImpl   : Registering statement [HikariProxyPreparedStatement@1606380874 wrapping com.mysql.cj.jdbc.ClientPreparedStatement: /* insert for org.example.springboot.domain.Post */insert into posts (content,created_at,status,title,updated_at,user_id) values (** NOT SPECIFIED **,** NOT SPECIFIED **,** NOT SPECIFIED **,** NOT SPECIFIED **,** NOT SPECIFIED **,** NOT SPECIFIED **)]
2025-05-16T20:30:51.480+09:00 TRACE 22264 --- [    Test worker] o.h.r.j.i.ResourceRegistryStandardImpl   : Registering result set [null]
2025-05-16T20:30:51.481+09:00 TRACE 22264 --- [    Test worker] org.hibernate.orm.jdbc.bind              : binding parameter (1:VARCHAR) <- [게시글 내용 0-2]
2025-05-16T20:30:51.481+09:00 TRACE 22264 --- [    Test worker] org.hibernate.orm.jdbc.bind              : binding parameter (2:TIMESTAMP) <- [2025-05-16T20:30:51.480459]
2025-05-16T20:30:51.481+09:00 TRACE 22264 --- [    Test worker] org.hibernate.orm.jdbc.bind              : binding parameter (3:VARCHAR) <- [판매중]
2025-05-16T20:30:51.481+09:00 TRACE 22264 --- [    Test worker] org.hibernate.orm.jdbc.bind              : binding parameter (4:VARCHAR) <- [게시글 0-2]
2025-05-16T20:30:51.481+09:00 TRACE 22264 --- [    Test worker] org.hibernate.orm.jdbc.bind              : binding parameter (5:TIMESTAMP) <- [2025-05-16T20:30:51.480476]
2025-05-16T20:30:51.481+09:00 TRACE 22264 --- [    Test worker] org.hibernate.orm.jdbc.bind              : binding parameter (6:BIGINT) <- [1]
2025-05-16T20:30:51.482+09:00 TRACE 22264 --- [    Test worker] o.h.r.j.i.ResourceRegistryStandardImpl   : Registering result set [HikariProxyResultSet@969804474 wrapping com.mysql.cj.jdbc.result.ResultSetImpl@53e36530]
2025-05-16T20:30:51.482+09:00 TRACE 22264 --- [    Test worker] o.h.r.j.i.ResourceRegistryStandardImpl   : Releasing result set [HikariProxyResultSet@969804474 wrapping com.mysql.cj.jdbc.result.ResultSetImpl@53e36530]
2025-05-16T20:30:51.482+09:00 TRACE 22264 --- [    Test worker] o.h.r.j.i.ResourceRegistryStandardImpl   : Closing result set [HikariProxyResultSet@969804474 wrapping com.mysql.cj.jdbc.result.ResultSetImpl@53e36530]
2025-05-16T20:30:51.482+09:00 TRACE 22264 --- [    Test worker] o.h.r.j.i.ResourceRegistryStandardImpl   : Releasing result set [HikariProxyResultSet@969804474 wrapping Result set representing update count of -1]
2025-05-16T20:30:51.482+09:00 TRACE 22264 --- [    Test worker] o.h.r.j.i.ResourceRegistryStandardImpl   : Closing result set [HikariProxyResultSet@969804474 wrapping Result set representing update count of -1]
2025-05-16T20:30:51.482+09:00 TRACE 22264 --- [    Test worker] o.h.r.j.i.ResourceRegistryStandardImpl   : Releasing statement [HikariProxyPreparedStatement@1606380874 wrapping com.mysql.cj.jdbc.ClientPreparedStatement: /* insert for org.example.springboot.domain.Post */insert into posts (content,created_at,status,title,updated_at,user_id) values ('게시글 내용 0-2','2025-05-16 20:30:51.480459','판매중','게시글 0-2','2025-05-16 20:30:51.480476',1)]
2025-05-16T20:30:51.482+09:00 TRACE 22264 --- [    Test worker] o.h.r.j.i.ResourceRegistryStandardImpl   : Closing result set [null]
2025-05-16T20:30:51.482+09:00 TRACE 22264 --- [    Test worker] o.h.r.j.i.ResourceRegistryStandardImpl   : Closing prepared statement [HikariProxyPreparedStatement@1606380874 wrapping com.mysql.cj.jdbc.ClientPreparedStatement: /* insert for org.example.springboot.domain.Post */insert into posts (content,created_at,status,title,updated_at,user_id) values ('게시글 내용 0-2','2025-05-16 20:30:51.480459','판매중','게시글 0-2','2025-05-16 20:30:51.480476',1)]
2025-05-16T20:30:51.482+09:00 TRACE 22264 --- [    Test worker] o.h.e.jdbc.internal.JdbcCoordinatorImpl  : Starting after statement execution processing [ON_CLOSE]
2025-05-16T20:30:51.483+09:00 DEBUG 22264 --- [    Test worker] org.hibernate.SQL                        : 
    /* insert for
        org.example.springboot.domain.Post */insert 
    into
        posts (content, created_at, status, title, updated_at, user_id) 
    values
        (?, ?, ?, ?, ?, ?)
Hibernate: 
    /* insert for
        org.example.springboot.domain.Post */insert 
    into
        posts (content, created_at, status, title, updated_at, user_id) 
    values
        (?, ?, ?, ?, ?, ?)
2025-05-16T20:30:51.483+09:00 TRACE 22264 --- [    Test worker] o.h.r.j.i.ResourceRegistryStandardImpl   : Registering statement [HikariProxyPreparedStatement@1041410699 wrapping com.mysql.cj.jdbc.ClientPreparedStatement: /* insert for org.example.springboot.domain.Post */insert into posts (content,created_at,status,title,updated_at,user_id) values (** NOT SPECIFIED **,** NOT SPECIFIED **,** NOT SPECIFIED **,** NOT SPECIFIED **,** NOT SPECIFIED **,** NOT SPECIFIED **)]
2025-05-16T20:30:51.483+09:00 TRACE 22264 --- [    Test worker] o.h.r.j.i.ResourceRegistryStandardImpl   : Registering result set [null]
2025-05-16T20:30:51.483+09:00 TRACE 22264 --- [    Test worker] org.hibernate.orm.jdbc.bind              : binding parameter (1:VARCHAR) <- [게시글 내용 1-0]
2025-05-16T20:30:51.483+09:00 TRACE 22264 --- [    Test worker] org.hibernate.orm.jdbc.bind              : binding parameter (2:TIMESTAMP) <- [2025-05-16T20:30:51.482993]
2025-05-16T20:30:51.483+09:00 TRACE 22264 --- [    Test worker] org.hibernate.orm.jdbc.bind              : binding parameter (3:VARCHAR) <- [판매중]
2025-05-16T20:30:51.483+09:00 TRACE 22264 --- [    Test worker] org.hibernate.orm.jdbc.bind              : binding parameter (4:VARCHAR) <- [게시글 1-0]
2025-05-16T20:30:51.483+09:00 TRACE 22264 --- [    Test worker] org.hibernate.orm.jdbc.bind              : binding parameter (5:TIMESTAMP) <- [2025-05-16T20:30:51.483001]
2025-05-16T20:30:51.483+09:00 TRACE 22264 --- [    Test worker] org.hibernate.orm.jdbc.bind              : binding parameter (6:BIGINT) <- [2]
2025-05-16T20:30:51.484+09:00 TRACE 22264 --- [    Test worker] o.h.r.j.i.ResourceRegistryStandardImpl   : Registering result set [HikariProxyResultSet@701056976 wrapping com.mysql.cj.jdbc.result.ResultSetImpl@676a2d36]
2025-05-16T20:30:51.484+09:00 TRACE 22264 --- [    Test worker] o.h.r.j.i.ResourceRegistryStandardImpl   : Releasing result set [HikariProxyResultSet@701056976 wrapping com.mysql.cj.jdbc.result.ResultSetImpl@676a2d36]
2025-05-16T20:30:51.484+09:00 TRACE 22264 --- [    Test worker] o.h.r.j.i.ResourceRegistryStandardImpl   : Closing result set [HikariProxyResultSet@701056976 wrapping com.mysql.cj.jdbc.result.ResultSetImpl@676a2d36]
2025-05-16T20:30:51.484+09:00 TRACE 22264 --- [    Test worker] o.h.r.j.i.ResourceRegistryStandardImpl   : Releasing result set [HikariProxyResultSet@701056976 wrapping Result set representing update count of -1]
2025-05-16T20:30:51.484+09:00 TRACE 22264 --- [    Test worker] o.h.r.j.i.ResourceRegistryStandardImpl   : Closing result set [HikariProxyResultSet@701056976 wrapping Result set representing update count of -1]
2025-05-16T20:30:51.484+09:00 TRACE 22264 --- [    Test worker] o.h.r.j.i.ResourceRegistryStandardImpl   : Releasing statement [HikariProxyPreparedStatement@1041410699 wrapping com.mysql.cj.jdbc.ClientPreparedStatement: /* insert for org.example.springboot.domain.Post */insert into posts (content,created_at,status,title,updated_at,user_id) values ('게시글 내용 1-0','2025-05-16 20:30:51.482993','판매중','게시글 1-0','2025-05-16 20:30:51.483001',2)]
2025-05-16T20:30:51.484+09:00 TRACE 22264 --- [    Test worker] o.h.r.j.i.ResourceRegistryStandardImpl   : Closing result set [null]
2025-05-16T20:30:51.484+09:00 TRACE 22264 --- [    Test worker] o.h.r.j.i.ResourceRegistryStandardImpl   : Closing prepared statement [HikariProxyPreparedStatement@1041410699 wrapping com.mysql.cj.jdbc.ClientPreparedStatement: /* insert for org.example.springboot.domain.Post */insert into posts (content,created_at,status,title,updated_at,user_id) values ('게시글 내용 1-0','2025-05-16 20:30:51.482993','판매중','게시글 1-0','2025-05-16 20:30:51.483001',2)]
2025-05-16T20:30:51.484+09:00 TRACE 22264 --- [    Test worker] o.h.e.jdbc.internal.JdbcCoordinatorImpl  : Starting after statement execution processing [ON_CLOSE]
2025-05-16T20:30:51.484+09:00 DEBUG 22264 --- [    Test worker] org.hibernate.SQL                        : 
    /* insert for
        org.example.springboot.domain.Post */insert 
    into
        posts (content, created_at, status, title, updated_at, user_id) 
    values
        (?, ?, ?, ?, ?, ?)
Hibernate: 
    /* insert for
        org.example.springboot.domain.Post */insert 
    into
        posts (content, created_at, status, title, updated_at, user_id) 
    values
        (?, ?, ?, ?, ?, ?)
2025-05-16T20:30:51.485+09:00 TRACE 22264 --- [    Test worker] o.h.r.j.i.ResourceRegistryStandardImpl   : Registering statement [HikariProxyPreparedStatement@1423101361 wrapping com.mysql.cj.jdbc.ClientPreparedStatement: /* insert for org.example.springboot.domain.Post */insert into posts (content,created_at,status,title,updated_at,user_id) values (** NOT SPECIFIED **,** NOT SPECIFIED **,** NOT SPECIFIED **,** NOT SPECIFIED **,** NOT SPECIFIED **,** NOT SPECIFIED **)]
2025-05-16T20:30:51.485+09:00 TRACE 22264 --- [    Test worker] o.h.r.j.i.ResourceRegistryStandardImpl   : Registering result set [null]
2025-05-16T20:30:51.485+09:00 TRACE 22264 --- [    Test worker] org.hibernate.orm.jdbc.bind              : binding parameter (1:VARCHAR) <- [게시글 내용 1-1]
2025-05-16T20:30:51.485+09:00 TRACE 22264 --- [    Test worker] org.hibernate.orm.jdbc.bind              : binding parameter (2:TIMESTAMP) <- [2025-05-16T20:30:51.484763]
2025-05-16T20:30:51.485+09:00 TRACE 22264 --- [    Test worker] org.hibernate.orm.jdbc.bind              : binding parameter (3:VARCHAR) <- [판매중]
2025-05-16T20:30:51.485+09:00 TRACE 22264 --- [    Test worker] org.hibernate.orm.jdbc.bind              : binding parameter (4:VARCHAR) <- [게시글 1-1]
2025-05-16T20:30:51.485+09:00 TRACE 22264 --- [    Test worker] org.hibernate.orm.jdbc.bind              : binding parameter (5:TIMESTAMP) <- [2025-05-16T20:30:51.484770]
2025-05-16T20:30:51.485+09:00 TRACE 22264 --- [    Test worker] org.hibernate.orm.jdbc.bind              : binding parameter (6:BIGINT) <- [2]
2025-05-16T20:30:51.486+09:00 TRACE 22264 --- [    Test worker] o.h.r.j.i.ResourceRegistryStandardImpl   : Registering result set [HikariProxyResultSet@1865601023 wrapping com.mysql.cj.jdbc.result.ResultSetImpl@4eac6cb4]
2025-05-16T20:30:51.486+09:00 TRACE 22264 --- [    Test worker] o.h.r.j.i.ResourceRegistryStandardImpl   : Releasing result set [HikariProxyResultSet@1865601023 wrapping com.mysql.cj.jdbc.result.ResultSetImpl@4eac6cb4]
2025-05-16T20:30:51.486+09:00 TRACE 22264 --- [    Test worker] o.h.r.j.i.ResourceRegistryStandardImpl   : Closing result set [HikariProxyResultSet@1865601023 wrapping com.mysql.cj.jdbc.result.ResultSetImpl@4eac6cb4]
2025-05-16T20:30:51.486+09:00 TRACE 22264 --- [    Test worker] o.h.r.j.i.ResourceRegistryStandardImpl   : Releasing result set [HikariProxyResultSet@1865601023 wrapping Result set representing update count of -1]
2025-05-16T20:30:51.486+09:00 TRACE 22264 --- [    Test worker] o.h.r.j.i.ResourceRegistryStandardImpl   : Closing result set [HikariProxyResultSet@1865601023 wrapping Result set representing update count of -1]
2025-05-16T20:30:51.486+09:00 TRACE 22264 --- [    Test worker] o.h.r.j.i.ResourceRegistryStandardImpl   : Releasing statement [HikariProxyPreparedStatement@1423101361 wrapping com.mysql.cj.jdbc.ClientPreparedStatement: /* insert for org.example.springboot.domain.Post */insert into posts (content,created_at,status,title,updated_at,user_id) values ('게시글 내용 1-1','2025-05-16 20:30:51.484763','판매중','게시글 1-1','2025-05-16 20:30:51.48477',2)]
2025-05-16T20:30:51.486+09:00 TRACE 22264 --- [    Test worker] o.h.r.j.i.ResourceRegistryStandardImpl   : Closing result set [null]
2025-05-16T20:30:51.486+09:00 TRACE 22264 --- [    Test worker] o.h.r.j.i.ResourceRegistryStandardImpl   : Closing prepared statement [HikariProxyPreparedStatement@1423101361 wrapping com.mysql.cj.jdbc.ClientPreparedStatement: /* insert for org.example.springboot.domain.Post */insert into posts (content,created_at,status,title,updated_at,user_id) values ('게시글 내용 1-1','2025-05-16 20:30:51.484763','판매중','게시글 1-1','2025-05-16 20:30:51.48477',2)]
2025-05-16T20:30:51.486+09:00 TRACE 22264 --- [    Test worker] o.h.e.jdbc.internal.JdbcCoordinatorImpl  : Starting after statement execution processing [ON_CLOSE]
2025-05-16T20:30:51.486+09:00 DEBUG 22264 --- [    Test worker] org.hibernate.SQL                        : 
    /* insert for
        org.example.springboot.domain.Post */insert 
    into
        posts (content, created_at, status, title, updated_at, user_id) 
    values
        (?, ?, ?, ?, ?, ?)
Hibernate: 
    /* insert for
        org.example.springboot.domain.Post */insert 
    into
        posts (content, created_at, status, title, updated_at, user_id) 
    values
        (?, ?, ?, ?, ?, ?)
2025-05-16T20:30:51.486+09:00 TRACE 22264 --- [    Test worker] o.h.r.j.i.ResourceRegistryStandardImpl   : Registering statement [HikariProxyPreparedStatement@1156764053 wrapping com.mysql.cj.jdbc.ClientPreparedStatement: /* insert for org.example.springboot.domain.Post */insert into posts (content,created_at,status,title,updated_at,user_id) values (** NOT SPECIFIED **,** NOT SPECIFIED **,** NOT SPECIFIED **,** NOT SPECIFIED **,** NOT SPECIFIED **,** NOT SPECIFIED **)]
2025-05-16T20:30:51.486+09:00 TRACE 22264 --- [    Test worker] o.h.r.j.i.ResourceRegistryStandardImpl   : Registering result set [null]
2025-05-16T20:30:51.486+09:00 TRACE 22264 --- [    Test worker] org.hibernate.orm.jdbc.bind              : binding parameter (1:VARCHAR) <- [게시글 내용 1-2]
2025-05-16T20:30:51.487+09:00 TRACE 22264 --- [    Test worker] org.hibernate.orm.jdbc.bind              : binding parameter (2:TIMESTAMP) <- [2025-05-16T20:30:51.486722]
2025-05-16T20:30:51.487+09:00 TRACE 22264 --- [    Test worker] org.hibernate.orm.jdbc.bind              : binding parameter (3:VARCHAR) <- [판매중]
2025-05-16T20:30:51.487+09:00 TRACE 22264 --- [    Test worker] org.hibernate.orm.jdbc.bind              : binding parameter (4:VARCHAR) <- [게시글 1-2]
2025-05-16T20:30:51.487+09:00 TRACE 22264 --- [    Test worker] org.hibernate.orm.jdbc.bind              : binding parameter (5:TIMESTAMP) <- [2025-05-16T20:30:51.486729]
2025-05-16T20:30:51.487+09:00 TRACE 22264 --- [    Test worker] org.hibernate.orm.jdbc.bind              : binding parameter (6:BIGINT) <- [2]
2025-05-16T20:30:51.487+09:00 TRACE 22264 --- [    Test worker] o.h.r.j.i.ResourceRegistryStandardImpl   : Registering result set [HikariProxyResultSet@2005655362 wrapping com.mysql.cj.jdbc.result.ResultSetImpl@49f4792a]
2025-05-16T20:30:51.487+09:00 TRACE 22264 --- [    Test worker] o.h.r.j.i.ResourceRegistryStandardImpl   : Releasing result set [HikariProxyResultSet@2005655362 wrapping com.mysql.cj.jdbc.result.ResultSetImpl@49f4792a]
2025-05-16T20:30:51.487+09:00 TRACE 22264 --- [    Test worker] o.h.r.j.i.ResourceRegistryStandardImpl   : Closing result set [HikariProxyResultSet@2005655362 wrapping com.mysql.cj.jdbc.result.ResultSetImpl@49f4792a]
2025-05-16T20:30:51.488+09:00 TRACE 22264 --- [    Test worker] o.h.r.j.i.ResourceRegistryStandardImpl   : Releasing result set [HikariProxyResultSet@2005655362 wrapping Result set representing update count of -1]
2025-05-16T20:30:51.488+09:00 TRACE 22264 --- [    Test worker] o.h.r.j.i.ResourceRegistryStandardImpl   : Closing result set [HikariProxyResultSet@2005655362 wrapping Result set representing update count of -1]
2025-05-16T20:30:51.488+09:00 TRACE 22264 --- [    Test worker] o.h.r.j.i.ResourceRegistryStandardImpl   : Releasing statement [HikariProxyPreparedStatement@1156764053 wrapping com.mysql.cj.jdbc.ClientPreparedStatement: /* insert for org.example.springboot.domain.Post */insert into posts (content,created_at,status,title,updated_at,user_id) values ('게시글 내용 1-2','2025-05-16 20:30:51.486722','판매중','게시글 1-2','2025-05-16 20:30:51.486729',2)]
2025-05-16T20:30:51.488+09:00 TRACE 22264 --- [    Test worker] o.h.r.j.i.ResourceRegistryStandardImpl   : Closing result set [null]
2025-05-16T20:30:51.488+09:00 TRACE 22264 --- [    Test worker] o.h.r.j.i.ResourceRegistryStandardImpl   : Closing prepared statement [HikariProxyPreparedStatement@1156764053 wrapping com.mysql.cj.jdbc.ClientPreparedStatement: /* insert for org.example.springboot.domain.Post */insert into posts (content,created_at,status,title,updated_at,user_id) values ('게시글 내용 1-2','2025-05-16 20:30:51.486722','판매중','게시글 1-2','2025-05-16 20:30:51.486729',2)]
2025-05-16T20:30:51.488+09:00 TRACE 22264 --- [    Test worker] o.h.e.jdbc.internal.JdbcCoordinatorImpl  : Starting after statement execution processing [ON_CLOSE]
2025-05-16T20:30:51.488+09:00 DEBUG 22264 --- [    Test worker] org.hibernate.SQL                        : 
    /* insert for
        org.example.springboot.domain.Post */insert 
    into
        posts (content, created_at, status, title, updated_at, user_id) 
    values
        (?, ?, ?, ?, ?, ?)
Hibernate: 
    /* insert for
        org.example.springboot.domain.Post */insert 
    into
        posts (content, created_at, status, title, updated_at, user_id) 
    values
        (?, ?, ?, ?, ?, ?)
2025-05-16T20:30:51.488+09:00 TRACE 22264 --- [    Test worker] o.h.r.j.i.ResourceRegistryStandardImpl   : Registering statement [HikariProxyPreparedStatement@812823439 wrapping com.mysql.cj.jdbc.ClientPreparedStatement: /* insert for org.example.springboot.domain.Post */insert into posts (content,created_at,status,title,updated_at,user_id) values (** NOT SPECIFIED **,** NOT SPECIFIED **,** NOT SPECIFIED **,** NOT SPECIFIED **,** NOT SPECIFIED **,** NOT SPECIFIED **)]
2025-05-16T20:30:51.488+09:00 TRACE 22264 --- [    Test worker] o.h.r.j.i.ResourceRegistryStandardImpl   : Registering result set [null]
2025-05-16T20:30:51.488+09:00 TRACE 22264 --- [    Test worker] org.hibernate.orm.jdbc.bind              : binding parameter (1:VARCHAR) <- [게시글 내용 2-0]
2025-05-16T20:30:51.488+09:00 TRACE 22264 --- [    Test worker] org.hibernate.orm.jdbc.bind              : binding parameter (2:TIMESTAMP) <- [2025-05-16T20:30:51.488531]
2025-05-16T20:30:51.488+09:00 TRACE 22264 --- [    Test worker] org.hibernate.orm.jdbc.bind              : binding parameter (3:VARCHAR) <- [판매중]
2025-05-16T20:30:51.488+09:00 TRACE 22264 --- [    Test worker] org.hibernate.orm.jdbc.bind              : binding parameter (4:VARCHAR) <- [게시글 2-0]
2025-05-16T20:30:51.489+09:00 TRACE 22264 --- [    Test worker] org.hibernate.orm.jdbc.bind              : binding parameter (5:TIMESTAMP) <- [2025-05-16T20:30:51.488539]
2025-05-16T20:30:51.489+09:00 TRACE 22264 --- [    Test worker] org.hibernate.orm.jdbc.bind              : binding parameter (6:BIGINT) <- [3]
2025-05-16T20:30:51.489+09:00 TRACE 22264 --- [    Test worker] o.h.r.j.i.ResourceRegistryStandardImpl   : Registering result set [HikariProxyResultSet@1640215324 wrapping com.mysql.cj.jdbc.result.ResultSetImpl@623f27a9]
2025-05-16T20:30:51.489+09:00 TRACE 22264 --- [    Test worker] o.h.r.j.i.ResourceRegistryStandardImpl   : Releasing result set [HikariProxyResultSet@1640215324 wrapping com.mysql.cj.jdbc.result.ResultSetImpl@623f27a9]
2025-05-16T20:30:51.489+09:00 TRACE 22264 --- [    Test worker] o.h.r.j.i.ResourceRegistryStandardImpl   : Closing result set [HikariProxyResultSet@1640215324 wrapping com.mysql.cj.jdbc.result.ResultSetImpl@623f27a9]
2025-05-16T20:30:51.490+09:00 TRACE 22264 --- [    Test worker] o.h.r.j.i.ResourceRegistryStandardImpl   : Releasing result set [HikariProxyResultSet@1640215324 wrapping Result set representing update count of -1]
2025-05-16T20:30:51.490+09:00 TRACE 22264 --- [    Test worker] o.h.r.j.i.ResourceRegistryStandardImpl   : Closing result set [HikariProxyResultSet@1640215324 wrapping Result set representing update count of -1]
2025-05-16T20:30:51.490+09:00 TRACE 22264 --- [    Test worker] o.h.r.j.i.ResourceRegistryStandardImpl   : Releasing statement [HikariProxyPreparedStatement@812823439 wrapping com.mysql.cj.jdbc.ClientPreparedStatement: /* insert for org.example.springboot.domain.Post */insert into posts (content,created_at,status,title,updated_at,user_id) values ('게시글 내용 2-0','2025-05-16 20:30:51.488531','판매중','게시글 2-0','2025-05-16 20:30:51.488539',3)]
2025-05-16T20:30:51.490+09:00 TRACE 22264 --- [    Test worker] o.h.r.j.i.ResourceRegistryStandardImpl   : Closing result set [null]
2025-05-16T20:30:51.490+09:00 TRACE 22264 --- [    Test worker] o.h.r.j.i.ResourceRegistryStandardImpl   : Closing prepared statement [HikariProxyPreparedStatement@812823439 wrapping com.mysql.cj.jdbc.ClientPreparedStatement: /* insert for org.example.springboot.domain.Post */insert into posts (content,created_at,status,title,updated_at,user_id) values ('게시글 내용 2-0','2025-05-16 20:30:51.488531','판매중','게시글 2-0','2025-05-16 20:30:51.488539',3)]
2025-05-16T20:30:51.490+09:00 TRACE 22264 --- [    Test worker] o.h.e.jdbc.internal.JdbcCoordinatorImpl  : Starting after statement execution processing [ON_CLOSE]
2025-05-16T20:30:51.491+09:00 DEBUG 22264 --- [    Test worker] org.hibernate.SQL                        : 
    /* insert for
        org.example.springboot.domain.Post */insert 
    into
        posts (content, created_at, status, title, updated_at, user_id) 
    values
        (?, ?, ?, ?, ?, ?)
Hibernate: 
    /* insert for
        org.example.springboot.domain.Post */insert 
    into
        posts (content, created_at, status, title, updated_at, user_id) 
    values
        (?, ?, ?, ?, ?, ?)
2025-05-16T20:30:51.491+09:00 TRACE 22264 --- [    Test worker] o.h.r.j.i.ResourceRegistryStandardImpl   : Registering statement [HikariProxyPreparedStatement@1133495646 wrapping com.mysql.cj.jdbc.ClientPreparedStatement: /* insert for org.example.springboot.domain.Post */insert into posts (content,created_at,status,title,updated_at,user_id) values (** NOT SPECIFIED **,** NOT SPECIFIED **,** NOT SPECIFIED **,** NOT SPECIFIED **,** NOT SPECIFIED **,** NOT SPECIFIED **)]
2025-05-16T20:30:51.491+09:00 TRACE 22264 --- [    Test worker] o.h.r.j.i.ResourceRegistryStandardImpl   : Registering result set [null]
2025-05-16T20:30:51.491+09:00 TRACE 22264 --- [    Test worker] org.hibernate.orm.jdbc.bind              : binding parameter (1:VARCHAR) <- [게시글 내용 2-1]
2025-05-16T20:30:51.491+09:00 TRACE 22264 --- [    Test worker] org.hibernate.orm.jdbc.bind              : binding parameter (2:TIMESTAMP) <- [2025-05-16T20:30:51.490976]
2025-05-16T20:30:51.491+09:00 TRACE 22264 --- [    Test worker] org.hibernate.orm.jdbc.bind              : binding parameter (3:VARCHAR) <- [판매중]
2025-05-16T20:30:51.491+09:00 TRACE 22264 --- [    Test worker] org.hibernate.orm.jdbc.bind              : binding parameter (4:VARCHAR) <- [게시글 2-1]
2025-05-16T20:30:51.491+09:00 TRACE 22264 --- [    Test worker] org.hibernate.orm.jdbc.bind              : binding parameter (5:TIMESTAMP) <- [2025-05-16T20:30:51.490984]
2025-05-16T20:30:51.491+09:00 TRACE 22264 --- [    Test worker] org.hibernate.orm.jdbc.bind              : binding parameter (6:BIGINT) <- [3]
2025-05-16T20:30:51.492+09:00 TRACE 22264 --- [    Test worker] o.h.r.j.i.ResourceRegistryStandardImpl   : Registering result set [HikariProxyResultSet@1448509083 wrapping com.mysql.cj.jdbc.result.ResultSetImpl@130cad14]
2025-05-16T20:30:51.492+09:00 TRACE 22264 --- [    Test worker] o.h.r.j.i.ResourceRegistryStandardImpl   : Releasing result set [HikariProxyResultSet@1448509083 wrapping com.mysql.cj.jdbc.result.ResultSetImpl@130cad14]
2025-05-16T20:30:51.492+09:00 TRACE 22264 --- [    Test worker] o.h.r.j.i.ResourceRegistryStandardImpl   : Closing result set [HikariProxyResultSet@1448509083 wrapping com.mysql.cj.jdbc.result.ResultSetImpl@130cad14]
2025-05-16T20:30:51.492+09:00 TRACE 22264 --- [    Test worker] o.h.r.j.i.ResourceRegistryStandardImpl   : Releasing result set [HikariProxyResultSet@1448509083 wrapping Result set representing update count of -1]
2025-05-16T20:30:51.492+09:00 TRACE 22264 --- [    Test worker] o.h.r.j.i.ResourceRegistryStandardImpl   : Closing result set [HikariProxyResultSet@1448509083 wrapping Result set representing update count of -1]
2025-05-16T20:30:51.492+09:00 TRACE 22264 --- [    Test worker] o.h.r.j.i.ResourceRegistryStandardImpl   : Releasing statement [HikariProxyPreparedStatement@1133495646 wrapping com.mysql.cj.jdbc.ClientPreparedStatement: /* insert for org.example.springboot.domain.Post */insert into posts (content,created_at,status,title,updated_at,user_id) values ('게시글 내용 2-1','2025-05-16 20:30:51.490976','판매중','게시글 2-1','2025-05-16 20:30:51.490984',3)]
2025-05-16T20:30:51.492+09:00 TRACE 22264 --- [    Test worker] o.h.r.j.i.ResourceRegistryStandardImpl   : Closing result set [null]
2025-05-16T20:30:51.492+09:00 TRACE 22264 --- [    Test worker] o.h.r.j.i.ResourceRegistryStandardImpl   : Closing prepared statement [HikariProxyPreparedStatement@1133495646 wrapping com.mysql.cj.jdbc.ClientPreparedStatement: /* insert for org.example.springboot.domain.Post */insert into posts (content,created_at,status,title,updated_at,user_id) values ('게시글 내용 2-1','2025-05-16 20:30:51.490976','판매중','게시글 2-1','2025-05-16 20:30:51.490984',3)]
2025-05-16T20:30:51.492+09:00 TRACE 22264 --- [    Test worker] o.h.e.jdbc.internal.JdbcCoordinatorImpl  : Starting after statement execution processing [ON_CLOSE]
2025-05-16T20:30:51.492+09:00 DEBUG 22264 --- [    Test worker] org.hibernate.SQL                        : 
    /* insert for
        org.example.springboot.domain.Post */insert 
    into
        posts (content, created_at, status, title, updated_at, user_id) 
    values
        (?, ?, ?, ?, ?, ?)
Hibernate: 
    /* insert for
        org.example.springboot.domain.Post */insert 
    into
        posts (content, created_at, status, title, updated_at, user_id) 
    values
        (?, ?, ?, ?, ?, ?)
2025-05-16T20:30:51.493+09:00 TRACE 22264 --- [    Test worker] o.h.r.j.i.ResourceRegistryStandardImpl   : Registering statement [HikariProxyPreparedStatement@688779133 wrapping com.mysql.cj.jdbc.ClientPreparedStatement: /* insert for org.example.springboot.domain.Post */insert into posts (content,created_at,status,title,updated_at,user_id) values (** NOT SPECIFIED **,** NOT SPECIFIED **,** NOT SPECIFIED **,** NOT SPECIFIED **,** NOT SPECIFIED **,** NOT SPECIFIED **)]
2025-05-16T20:30:51.493+09:00 TRACE 22264 --- [    Test worker] o.h.r.j.i.ResourceRegistryStandardImpl   : Registering result set [null]
2025-05-16T20:30:51.493+09:00 TRACE 22264 --- [    Test worker] org.hibernate.orm.jdbc.bind              : binding parameter (1:VARCHAR) <- [게시글 내용 2-2]
2025-05-16T20:30:51.493+09:00 TRACE 22264 --- [    Test worker] org.hibernate.orm.jdbc.bind              : binding parameter (2:TIMESTAMP) <- [2025-05-16T20:30:51.492765]
2025-05-16T20:30:51.493+09:00 TRACE 22264 --- [    Test worker] org.hibernate.orm.jdbc.bind              : binding parameter (3:VARCHAR) <- [판매중]
2025-05-16T20:30:51.493+09:00 TRACE 22264 --- [    Test worker] org.hibernate.orm.jdbc.bind              : binding parameter (4:VARCHAR) <- [게시글 2-2]
2025-05-16T20:30:51.493+09:00 TRACE 22264 --- [    Test worker] org.hibernate.orm.jdbc.bind              : binding parameter (5:TIMESTAMP) <- [2025-05-16T20:30:51.492772]
2025-05-16T20:30:51.493+09:00 TRACE 22264 --- [    Test worker] org.hibernate.orm.jdbc.bind              : binding parameter (6:BIGINT) <- [3]
2025-05-16T20:30:51.493+09:00 TRACE 22264 --- [    Test worker] o.h.r.j.i.ResourceRegistryStandardImpl   : Registering result set [HikariProxyResultSet@283776852 wrapping com.mysql.cj.jdbc.result.ResultSetImpl@4c14b1bd]
2025-05-16T20:30:51.494+09:00 TRACE 22264 --- [    Test worker] o.h.r.j.i.ResourceRegistryStandardImpl   : Releasing result set [HikariProxyResultSet@283776852 wrapping com.mysql.cj.jdbc.result.ResultSetImpl@4c14b1bd]
2025-05-16T20:30:51.494+09:00 TRACE 22264 --- [    Test worker] o.h.r.j.i.ResourceRegistryStandardImpl   : Closing result set [HikariProxyResultSet@283776852 wrapping com.mysql.cj.jdbc.result.ResultSetImpl@4c14b1bd]
2025-05-16T20:30:51.494+09:00 TRACE 22264 --- [    Test worker] o.h.r.j.i.ResourceRegistryStandardImpl   : Releasing result set [HikariProxyResultSet@283776852 wrapping Result set representing update count of -1]
2025-05-16T20:30:51.494+09:00 TRACE 22264 --- [    Test worker] o.h.r.j.i.ResourceRegistryStandardImpl   : Closing result set [HikariProxyResultSet@283776852 wrapping Result set representing update count of -1]
2025-05-16T20:30:51.494+09:00 TRACE 22264 --- [    Test worker] o.h.r.j.i.ResourceRegistryStandardImpl   : Releasing statement [HikariProxyPreparedStatement@688779133 wrapping com.mysql.cj.jdbc.ClientPreparedStatement: /* insert for org.example.springboot.domain.Post */insert into posts (content,created_at,status,title,updated_at,user_id) values ('게시글 내용 2-2','2025-05-16 20:30:51.492765','판매중','게시글 2-2','2025-05-16 20:30:51.492772',3)]
2025-05-16T20:30:51.494+09:00 TRACE 22264 --- [    Test worker] o.h.r.j.i.ResourceRegistryStandardImpl   : Closing result set [null]
2025-05-16T20:30:51.494+09:00 TRACE 22264 --- [    Test worker] o.h.r.j.i.ResourceRegistryStandardImpl   : Closing prepared statement [HikariProxyPreparedStatement@688779133 wrapping com.mysql.cj.jdbc.ClientPreparedStatement: /* insert for org.example.springboot.domain.Post */insert into posts (content,created_at,status,title,updated_at,user_id) values ('게시글 내용 2-2','2025-05-16 20:30:51.492765','판매중','게시글 2-2','2025-05-16 20:30:51.492772',3)]
2025-05-16T20:30:51.494+09:00 TRACE 22264 --- [    Test worker] o.h.e.jdbc.internal.JdbcCoordinatorImpl  : Starting after statement execution processing [ON_CLOSE]
2025-05-16T20:30:51.495+09:00 DEBUG 22264 --- [    Test worker] org.hibernate.SQL                        : 
    /* insert for
        org.example.springboot.domain.Post */insert 
    into
        posts (content, created_at, status, title, updated_at, user_id) 
    values
        (?, ?, ?, ?, ?, ?)
Hibernate: 
    /* insert for
        org.example.springboot.domain.Post */insert 
    into
        posts (content, created_at, status, title, updated_at, user_id) 
    values
        (?, ?, ?, ?, ?, ?)
2025-05-16T20:30:51.495+09:00 TRACE 22264 --- [    Test worker] o.h.r.j.i.ResourceRegistryStandardImpl   : Registering statement [HikariProxyPreparedStatement@993068133 wrapping com.mysql.cj.jdbc.ClientPreparedStatement: /* insert for org.example.springboot.domain.Post */insert into posts (content,created_at,status,title,updated_at,user_id) values (** NOT SPECIFIED **,** NOT SPECIFIED **,** NOT SPECIFIED **,** NOT SPECIFIED **,** NOT SPECIFIED **,** NOT SPECIFIED **)]
2025-05-16T20:30:51.495+09:00 TRACE 22264 --- [    Test worker] o.h.r.j.i.ResourceRegistryStandardImpl   : Registering result set [null]
2025-05-16T20:30:51.495+09:00 TRACE 22264 --- [    Test worker] org.hibernate.orm.jdbc.bind              : binding parameter (1:VARCHAR) <- [게시글 내용 3-0]
2025-05-16T20:30:51.495+09:00 TRACE 22264 --- [    Test worker] org.hibernate.orm.jdbc.bind              : binding parameter (2:TIMESTAMP) <- [2025-05-16T20:30:51.495127]
2025-05-16T20:30:51.495+09:00 TRACE 22264 --- [    Test worker] org.hibernate.orm.jdbc.bind              : binding parameter (3:VARCHAR) <- [판매중]
2025-05-16T20:30:51.495+09:00 TRACE 22264 --- [    Test worker] org.hibernate.orm.jdbc.bind              : binding parameter (4:VARCHAR) <- [게시글 3-0]
2025-05-16T20:30:51.495+09:00 TRACE 22264 --- [    Test worker] org.hibernate.orm.jdbc.bind              : binding parameter (5:TIMESTAMP) <- [2025-05-16T20:30:51.495135]
2025-05-16T20:30:51.495+09:00 TRACE 22264 --- [    Test worker] org.hibernate.orm.jdbc.bind              : binding parameter (6:BIGINT) <- [4]
2025-05-16T20:30:51.496+09:00 TRACE 22264 --- [    Test worker] o.h.r.j.i.ResourceRegistryStandardImpl   : Registering result set [HikariProxyResultSet@1587633620 wrapping com.mysql.cj.jdbc.result.ResultSetImpl@543e228c]
2025-05-16T20:30:51.496+09:00 TRACE 22264 --- [    Test worker] o.h.r.j.i.ResourceRegistryStandardImpl   : Releasing result set [HikariProxyResultSet@1587633620 wrapping com.mysql.cj.jdbc.result.ResultSetImpl@543e228c]
2025-05-16T20:30:51.496+09:00 TRACE 22264 --- [    Test worker] o.h.r.j.i.ResourceRegistryStandardImpl   : Closing result set [HikariProxyResultSet@1587633620 wrapping com.mysql.cj.jdbc.result.ResultSetImpl@543e228c]
2025-05-16T20:30:51.496+09:00 TRACE 22264 --- [    Test worker] o.h.r.j.i.ResourceRegistryStandardImpl   : Releasing result set [HikariProxyResultSet@1587633620 wrapping Result set representing update count of -1]
2025-05-16T20:30:51.496+09:00 TRACE 22264 --- [    Test worker] o.h.r.j.i.ResourceRegistryStandardImpl   : Closing result set [HikariProxyResultSet@1587633620 wrapping Result set representing update count of -1]
2025-05-16T20:30:51.496+09:00 TRACE 22264 --- [    Test worker] o.h.r.j.i.ResourceRegistryStandardImpl   : Releasing statement [HikariProxyPreparedStatement@993068133 wrapping com.mysql.cj.jdbc.ClientPreparedStatement: /* insert for org.example.springboot.domain.Post */insert into posts (content,created_at,status,title,updated_at,user_id) values ('게시글 내용 3-0','2025-05-16 20:30:51.495127','판매중','게시글 3-0','2025-05-16 20:30:51.495135',4)]
2025-05-16T20:30:51.496+09:00 TRACE 22264 --- [    Test worker] o.h.r.j.i.ResourceRegistryStandardImpl   : Closing result set [null]
2025-05-16T20:30:51.496+09:00 TRACE 22264 --- [    Test worker] o.h.r.j.i.ResourceRegistryStandardImpl   : Closing prepared statement [HikariProxyPreparedStatement@993068133 wrapping com.mysql.cj.jdbc.ClientPreparedStatement: /* insert for org.example.springboot.domain.Post */insert into posts (content,created_at,status,title,updated_at,user_id) values ('게시글 내용 3-0','2025-05-16 20:30:51.495127','판매중','게시글 3-0','2025-05-16 20:30:51.495135',4)]
2025-05-16T20:30:51.496+09:00 TRACE 22264 --- [    Test worker] o.h.e.jdbc.internal.JdbcCoordinatorImpl  : Starting after statement execution processing [ON_CLOSE]
2025-05-16T20:30:51.497+09:00 DEBUG 22264 --- [    Test worker] org.hibernate.SQL                        : 
    /* insert for
        org.example.springboot.domain.Post */insert 
    into
        posts (content, created_at, status, title, updated_at, user_id) 
    values
        (?, ?, ?, ?, ?, ?)
Hibernate: 
    /* insert for
        org.example.springboot.domain.Post */insert 
    into
        posts (content, created_at, status, title, updated_at, user_id) 
    values
        (?, ?, ?, ?, ?, ?)
2025-05-16T20:30:51.497+09:00 TRACE 22264 --- [    Test worker] o.h.r.j.i.ResourceRegistryStandardImpl   : Registering statement [HikariProxyPreparedStatement@1120578276 wrapping com.mysql.cj.jdbc.ClientPreparedStatement: /* insert for org.example.springboot.domain.Post */insert into posts (content,created_at,status,title,updated_at,user_id) values (** NOT SPECIFIED **,** NOT SPECIFIED **,** NOT SPECIFIED **,** NOT SPECIFIED **,** NOT SPECIFIED **,** NOT SPECIFIED **)]
2025-05-16T20:30:51.497+09:00 TRACE 22264 --- [    Test worker] o.h.r.j.i.ResourceRegistryStandardImpl   : Registering result set [null]
2025-05-16T20:30:51.497+09:00 TRACE 22264 --- [    Test worker] org.hibernate.orm.jdbc.bind              : binding parameter (1:VARCHAR) <- [게시글 내용 3-1]
2025-05-16T20:30:51.497+09:00 TRACE 22264 --- [    Test worker] org.hibernate.orm.jdbc.bind              : binding parameter (2:TIMESTAMP) <- [2025-05-16T20:30:51.497199]
2025-05-16T20:30:51.497+09:00 TRACE 22264 --- [    Test worker] org.hibernate.orm.jdbc.bind              : binding parameter (3:VARCHAR) <- [판매중]
2025-05-16T20:30:51.497+09:00 TRACE 22264 --- [    Test worker] org.hibernate.orm.jdbc.bind              : binding parameter (4:VARCHAR) <- [게시글 3-1]
2025-05-16T20:30:51.497+09:00 TRACE 22264 --- [    Test worker] org.hibernate.orm.jdbc.bind              : binding parameter (5:TIMESTAMP) <- [2025-05-16T20:30:51.497208]
2025-05-16T20:30:51.497+09:00 TRACE 22264 --- [    Test worker] org.hibernate.orm.jdbc.bind              : binding parameter (6:BIGINT) <- [4]
2025-05-16T20:30:51.499+09:00 TRACE 22264 --- [    Test worker] o.h.r.j.i.ResourceRegistryStandardImpl   : Registering result set [HikariProxyResultSet@681905644 wrapping com.mysql.cj.jdbc.result.ResultSetImpl@1c8020c6]
2025-05-16T20:30:51.499+09:00 TRACE 22264 --- [    Test worker] o.h.r.j.i.ResourceRegistryStandardImpl   : Releasing result set [HikariProxyResultSet@681905644 wrapping com.mysql.cj.jdbc.result.ResultSetImpl@1c8020c6]
2025-05-16T20:30:51.499+09:00 TRACE 22264 --- [    Test worker] o.h.r.j.i.ResourceRegistryStandardImpl   : Closing result set [HikariProxyResultSet@681905644 wrapping com.mysql.cj.jdbc.result.ResultSetImpl@1c8020c6]
2025-05-16T20:30:51.499+09:00 TRACE 22264 --- [    Test worker] o.h.r.j.i.ResourceRegistryStandardImpl   : Releasing result set [HikariProxyResultSet@681905644 wrapping Result set representing update count of -1]
2025-05-16T20:30:51.499+09:00 TRACE 22264 --- [    Test worker] o.h.r.j.i.ResourceRegistryStandardImpl   : Closing result set [HikariProxyResultSet@681905644 wrapping Result set representing update count of -1]
2025-05-16T20:30:51.499+09:00 TRACE 22264 --- [    Test worker] o.h.r.j.i.ResourceRegistryStandardImpl   : Releasing statement [HikariProxyPreparedStatement@1120578276 wrapping com.mysql.cj.jdbc.ClientPreparedStatement: /* insert for org.example.springboot.domain.Post */insert into posts (content,created_at,status,title,updated_at,user_id) values ('게시글 내용 3-1','2025-05-16 20:30:51.497199','판매중','게시글 3-1','2025-05-16 20:30:51.497208',4)]
2025-05-16T20:30:51.499+09:00 TRACE 22264 --- [    Test worker] o.h.r.j.i.ResourceRegistryStandardImpl   : Closing result set [null]
2025-05-16T20:30:51.499+09:00 TRACE 22264 --- [    Test worker] o.h.r.j.i.ResourceRegistryStandardImpl   : Closing prepared statement [HikariProxyPreparedStatement@1120578276 wrapping com.mysql.cj.jdbc.ClientPreparedStatement: /* insert for org.example.springboot.domain.Post */insert into posts (content,created_at,status,title,updated_at,user_id) values ('게시글 내용 3-1','2025-05-16 20:30:51.497199','판매중','게시글 3-1','2025-05-16 20:30:51.497208',4)]
2025-05-16T20:30:51.499+09:00 TRACE 22264 --- [    Test worker] o.h.e.jdbc.internal.JdbcCoordinatorImpl  : Starting after statement execution processing [ON_CLOSE]
2025-05-16T20:30:51.499+09:00 DEBUG 22264 --- [    Test worker] org.hibernate.SQL                        : 
    /* insert for
        org.example.springboot.domain.Post */insert 
    into
        posts (content, created_at, status, title, updated_at, user_id) 
    values
        (?, ?, ?, ?, ?, ?)
Hibernate: 
    /* insert for
        org.example.springboot.domain.Post */insert 
    into
        posts (content, created_at, status, title, updated_at, user_id) 
    values
        (?, ?, ?, ?, ?, ?)
2025-05-16T20:30:51.500+09:00 TRACE 22264 --- [    Test worker] o.h.r.j.i.ResourceRegistryStandardImpl   : Registering statement [HikariProxyPreparedStatement@194373178 wrapping com.mysql.cj.jdbc.ClientPreparedStatement: /* insert for org.example.springboot.domain.Post */insert into posts (content,created_at,status,title,updated_at,user_id) values (** NOT SPECIFIED **,** NOT SPECIFIED **,** NOT SPECIFIED **,** NOT SPECIFIED **,** NOT SPECIFIED **,** NOT SPECIFIED **)]
2025-05-16T20:30:51.500+09:00 TRACE 22264 --- [    Test worker] o.h.r.j.i.ResourceRegistryStandardImpl   : Registering result set [null]
2025-05-16T20:30:51.500+09:00 TRACE 22264 --- [    Test worker] org.hibernate.orm.jdbc.bind              : binding parameter (1:VARCHAR) <- [게시글 내용 3-2]
2025-05-16T20:30:51.500+09:00 TRACE 22264 --- [    Test worker] org.hibernate.orm.jdbc.bind              : binding parameter (2:TIMESTAMP) <- [2025-05-16T20:30:51.499840]
2025-05-16T20:30:51.500+09:00 TRACE 22264 --- [    Test worker] org.hibernate.orm.jdbc.bind              : binding parameter (3:VARCHAR) <- [판매중]
2025-05-16T20:30:51.500+09:00 TRACE 22264 --- [    Test worker] org.hibernate.orm.jdbc.bind              : binding parameter (4:VARCHAR) <- [게시글 3-2]
2025-05-16T20:30:51.500+09:00 TRACE 22264 --- [    Test worker] org.hibernate.orm.jdbc.bind              : binding parameter (5:TIMESTAMP) <- [2025-05-16T20:30:51.499848]
2025-05-16T20:30:51.500+09:00 TRACE 22264 --- [    Test worker] org.hibernate.orm.jdbc.bind              : binding parameter (6:BIGINT) <- [4]
2025-05-16T20:30:51.500+09:00 TRACE 22264 --- [    Test worker] o.h.r.j.i.ResourceRegistryStandardImpl   : Registering result set [HikariProxyResultSet@711880974 wrapping com.mysql.cj.jdbc.result.ResultSetImpl@4a281ae0]
2025-05-16T20:30:51.500+09:00 TRACE 22264 --- [    Test worker] o.h.r.j.i.ResourceRegistryStandardImpl   : Releasing result set [HikariProxyResultSet@711880974 wrapping com.mysql.cj.jdbc.result.ResultSetImpl@4a281ae0]
2025-05-16T20:30:51.500+09:00 TRACE 22264 --- [    Test worker] o.h.r.j.i.ResourceRegistryStandardImpl   : Closing result set [HikariProxyResultSet@711880974 wrapping com.mysql.cj.jdbc.result.ResultSetImpl@4a281ae0]
2025-05-16T20:30:51.500+09:00 TRACE 22264 --- [    Test worker] o.h.r.j.i.ResourceRegistryStandardImpl   : Releasing result set [HikariProxyResultSet@711880974 wrapping Result set representing update count of -1]
2025-05-16T20:30:51.500+09:00 TRACE 22264 --- [    Test worker] o.h.r.j.i.ResourceRegistryStandardImpl   : Closing result set [HikariProxyResultSet@711880974 wrapping Result set representing update count of -1]
2025-05-16T20:30:51.501+09:00 TRACE 22264 --- [    Test worker] o.h.r.j.i.ResourceRegistryStandardImpl   : Releasing statement [HikariProxyPreparedStatement@194373178 wrapping com.mysql.cj.jdbc.ClientPreparedStatement: /* insert for org.example.springboot.domain.Post */insert into posts (content,created_at,status,title,updated_at,user_id) values ('게시글 내용 3-2','2025-05-16 20:30:51.49984','판매중','게시글 3-2','2025-05-16 20:30:51.499848',4)]
2025-05-16T20:30:51.501+09:00 TRACE 22264 --- [    Test worker] o.h.r.j.i.ResourceRegistryStandardImpl   : Closing result set [null]
2025-05-16T20:30:51.501+09:00 TRACE 22264 --- [    Test worker] o.h.r.j.i.ResourceRegistryStandardImpl   : Closing prepared statement [HikariProxyPreparedStatement@194373178 wrapping com.mysql.cj.jdbc.ClientPreparedStatement: /* insert for org.example.springboot.domain.Post */insert into posts (content,created_at,status,title,updated_at,user_id) values ('게시글 내용 3-2','2025-05-16 20:30:51.49984','판매중','게시글 3-2','2025-05-16 20:30:51.499848',4)]
2025-05-16T20:30:51.501+09:00 TRACE 22264 --- [    Test worker] o.h.e.jdbc.internal.JdbcCoordinatorImpl  : Starting after statement execution processing [ON_CLOSE]
2025-05-16T20:30:51.501+09:00 DEBUG 22264 --- [    Test worker] org.hibernate.SQL                        : 
    /* insert for
        org.example.springboot.domain.Post */insert 
    into
        posts (content, created_at, status, title, updated_at, user_id) 
    values
        (?, ?, ?, ?, ?, ?)
Hibernate: 
    /* insert for
        org.example.springboot.domain.Post */insert 
    into
        posts (content, created_at, status, title, updated_at, user_id) 
    values
        (?, ?, ?, ?, ?, ?)
2025-05-16T20:30:51.501+09:00 TRACE 22264 --- [    Test worker] o.h.r.j.i.ResourceRegistryStandardImpl   : Registering statement [HikariProxyPreparedStatement@40581100 wrapping com.mysql.cj.jdbc.ClientPreparedStatement: /* insert for org.example.springboot.domain.Post */insert into posts (content,created_at,status,title,updated_at,user_id) values (** NOT SPECIFIED **,** NOT SPECIFIED **,** NOT SPECIFIED **,** NOT SPECIFIED **,** NOT SPECIFIED **,** NOT SPECIFIED **)]
2025-05-16T20:30:51.501+09:00 TRACE 22264 --- [    Test worker] o.h.r.j.i.ResourceRegistryStandardImpl   : Registering result set [null]
2025-05-16T20:30:51.501+09:00 TRACE 22264 --- [    Test worker] org.hibernate.orm.jdbc.bind              : binding parameter (1:VARCHAR) <- [게시글 내용 4-0]
2025-05-16T20:30:51.501+09:00 TRACE 22264 --- [    Test worker] org.hibernate.orm.jdbc.bind              : binding parameter (2:TIMESTAMP) <- [2025-05-16T20:30:51.501410]
2025-05-16T20:30:51.501+09:00 TRACE 22264 --- [    Test worker] org.hibernate.orm.jdbc.bind              : binding parameter (3:VARCHAR) <- [판매중]
2025-05-16T20:30:51.501+09:00 TRACE 22264 --- [    Test worker] org.hibernate.orm.jdbc.bind              : binding parameter (4:VARCHAR) <- [게시글 4-0]
2025-05-16T20:30:51.501+09:00 TRACE 22264 --- [    Test worker] org.hibernate.orm.jdbc.bind              : binding parameter (5:TIMESTAMP) <- [2025-05-16T20:30:51.501416]
2025-05-16T20:30:51.501+09:00 TRACE 22264 --- [    Test worker] org.hibernate.orm.jdbc.bind              : binding parameter (6:BIGINT) <- [5]
2025-05-16T20:30:51.502+09:00 TRACE 22264 --- [    Test worker] o.h.r.j.i.ResourceRegistryStandardImpl   : Registering result set [HikariProxyResultSet@1933765459 wrapping com.mysql.cj.jdbc.result.ResultSetImpl@27bc13f4]
2025-05-16T20:30:51.502+09:00 TRACE 22264 --- [    Test worker] o.h.r.j.i.ResourceRegistryStandardImpl   : Releasing result set [HikariProxyResultSet@1933765459 wrapping com.mysql.cj.jdbc.result.ResultSetImpl@27bc13f4]
2025-05-16T20:30:51.502+09:00 TRACE 22264 --- [    Test worker] o.h.r.j.i.ResourceRegistryStandardImpl   : Closing result set [HikariProxyResultSet@1933765459 wrapping com.mysql.cj.jdbc.result.ResultSetImpl@27bc13f4]
2025-05-16T20:30:51.502+09:00 TRACE 22264 --- [    Test worker] o.h.r.j.i.ResourceRegistryStandardImpl   : Releasing result set [HikariProxyResultSet@1933765459 wrapping Result set representing update count of -1]
2025-05-16T20:30:51.502+09:00 TRACE 22264 --- [    Test worker] o.h.r.j.i.ResourceRegistryStandardImpl   : Closing result set [HikariProxyResultSet@1933765459 wrapping Result set representing update count of -1]
2025-05-16T20:30:51.502+09:00 TRACE 22264 --- [    Test worker] o.h.r.j.i.ResourceRegistryStandardImpl   : Releasing statement [HikariProxyPreparedStatement@40581100 wrapping com.mysql.cj.jdbc.ClientPreparedStatement: /* insert for org.example.springboot.domain.Post */insert into posts (content,created_at,status,title,updated_at,user_id) values ('게시글 내용 4-0','2025-05-16 20:30:51.50141','판매중','게시글 4-0','2025-05-16 20:30:51.501416',5)]
2025-05-16T20:30:51.502+09:00 TRACE 22264 --- [    Test worker] o.h.r.j.i.ResourceRegistryStandardImpl   : Closing result set [null]
2025-05-16T20:30:51.502+09:00 TRACE 22264 --- [    Test worker] o.h.r.j.i.ResourceRegistryStandardImpl   : Closing prepared statement [HikariProxyPreparedStatement@40581100 wrapping com.mysql.cj.jdbc.ClientPreparedStatement: /* insert for org.example.springboot.domain.Post */insert into posts (content,created_at,status,title,updated_at,user_id) values ('게시글 내용 4-0','2025-05-16 20:30:51.50141','판매중','게시글 4-0','2025-05-16 20:30:51.501416',5)]
2025-05-16T20:30:51.502+09:00 TRACE 22264 --- [    Test worker] o.h.e.jdbc.internal.JdbcCoordinatorImpl  : Starting after statement execution processing [ON_CLOSE]
2025-05-16T20:30:51.503+09:00 DEBUG 22264 --- [    Test worker] org.hibernate.SQL                        : 
    /* insert for
        org.example.springboot.domain.Post */insert 
    into
        posts (content, created_at, status, title, updated_at, user_id) 
    values
        (?, ?, ?, ?, ?, ?)
Hibernate: 
    /* insert for
        org.example.springboot.domain.Post */insert 
    into
        posts (content, created_at, status, title, updated_at, user_id) 
    values
        (?, ?, ?, ?, ?, ?)
2025-05-16T20:30:51.503+09:00 TRACE 22264 --- [    Test worker] o.h.r.j.i.ResourceRegistryStandardImpl   : Registering statement [HikariProxyPreparedStatement@1067004677 wrapping com.mysql.cj.jdbc.ClientPreparedStatement: /* insert for org.example.springboot.domain.Post */insert into posts (content,created_at,status,title,updated_at,user_id) values (** NOT SPECIFIED **,** NOT SPECIFIED **,** NOT SPECIFIED **,** NOT SPECIFIED **,** NOT SPECIFIED **,** NOT SPECIFIED **)]
2025-05-16T20:30:51.503+09:00 TRACE 22264 --- [    Test worker] o.h.r.j.i.ResourceRegistryStandardImpl   : Registering result set [null]
2025-05-16T20:30:51.503+09:00 TRACE 22264 --- [    Test worker] org.hibernate.orm.jdbc.bind              : binding parameter (1:VARCHAR) <- [게시글 내용 4-1]
2025-05-16T20:30:51.503+09:00 TRACE 22264 --- [    Test worker] org.hibernate.orm.jdbc.bind              : binding parameter (2:TIMESTAMP) <- [2025-05-16T20:30:51.503184]
2025-05-16T20:30:51.503+09:00 TRACE 22264 --- [    Test worker] org.hibernate.orm.jdbc.bind              : binding parameter (3:VARCHAR) <- [판매중]
2025-05-16T20:30:51.503+09:00 TRACE 22264 --- [    Test worker] org.hibernate.orm.jdbc.bind              : binding parameter (4:VARCHAR) <- [게시글 4-1]
2025-05-16T20:30:51.503+09:00 TRACE 22264 --- [    Test worker] org.hibernate.orm.jdbc.bind              : binding parameter (5:TIMESTAMP) <- [2025-05-16T20:30:51.503190]
2025-05-16T20:30:51.503+09:00 TRACE 22264 --- [    Test worker] org.hibernate.orm.jdbc.bind              : binding parameter (6:BIGINT) <- [5]
2025-05-16T20:30:51.504+09:00 TRACE 22264 --- [    Test worker] o.h.r.j.i.ResourceRegistryStandardImpl   : Registering result set [HikariProxyResultSet@574190505 wrapping com.mysql.cj.jdbc.result.ResultSetImpl@5c430208]
2025-05-16T20:30:51.504+09:00 TRACE 22264 --- [    Test worker] o.h.r.j.i.ResourceRegistryStandardImpl   : Releasing result set [HikariProxyResultSet@574190505 wrapping com.mysql.cj.jdbc.result.ResultSetImpl@5c430208]
2025-05-16T20:30:51.504+09:00 TRACE 22264 --- [    Test worker] o.h.r.j.i.ResourceRegistryStandardImpl   : Closing result set [HikariProxyResultSet@574190505 wrapping com.mysql.cj.jdbc.result.ResultSetImpl@5c430208]
2025-05-16T20:30:51.504+09:00 TRACE 22264 --- [    Test worker] o.h.r.j.i.ResourceRegistryStandardImpl   : Releasing result set [HikariProxyResultSet@574190505 wrapping Result set representing update count of -1]
2025-05-16T20:30:51.504+09:00 TRACE 22264 --- [    Test worker] o.h.r.j.i.ResourceRegistryStandardImpl   : Closing result set [HikariProxyResultSet@574190505 wrapping Result set representing update count of -1]
2025-05-16T20:30:51.504+09:00 TRACE 22264 --- [    Test worker] o.h.r.j.i.ResourceRegistryStandardImpl   : Releasing statement [HikariProxyPreparedStatement@1067004677 wrapping com.mysql.cj.jdbc.ClientPreparedStatement: /* insert for org.example.springboot.domain.Post */insert into posts (content,created_at,status,title,updated_at,user_id) values ('게시글 내용 4-1','2025-05-16 20:30:51.503184','판매중','게시글 4-1','2025-05-16 20:30:51.50319',5)]
2025-05-16T20:30:51.504+09:00 TRACE 22264 --- [    Test worker] o.h.r.j.i.ResourceRegistryStandardImpl   : Closing result set [null]
2025-05-16T20:30:51.504+09:00 TRACE 22264 --- [    Test worker] o.h.r.j.i.ResourceRegistryStandardImpl   : Closing prepared statement [HikariProxyPreparedStatement@1067004677 wrapping com.mysql.cj.jdbc.ClientPreparedStatement: /* insert for org.example.springboot.domain.Post */insert into posts (content,created_at,status,title,updated_at,user_id) values ('게시글 내용 4-1','2025-05-16 20:30:51.503184','판매중','게시글 4-1','2025-05-16 20:30:51.50319',5)]
2025-05-16T20:30:51.504+09:00 TRACE 22264 --- [    Test worker] o.h.e.jdbc.internal.JdbcCoordinatorImpl  : Starting after statement execution processing [ON_CLOSE]
2025-05-16T20:30:51.504+09:00 DEBUG 22264 --- [    Test worker] org.hibernate.SQL                        : 
    /* insert for
        org.example.springboot.domain.Post */insert 
    into
        posts (content, created_at, status, title, updated_at, user_id) 
    values
        (?, ?, ?, ?, ?, ?)
Hibernate: 
    /* insert for
        org.example.springboot.domain.Post */insert 
    into
        posts (content, created_at, status, title, updated_at, user_id) 
    values
        (?, ?, ?, ?, ?, ?)
2025-05-16T20:30:51.504+09:00 TRACE 22264 --- [    Test worker] o.h.r.j.i.ResourceRegistryStandardImpl   : Registering statement [HikariProxyPreparedStatement@1785421568 wrapping com.mysql.cj.jdbc.ClientPreparedStatement: /* insert for org.example.springboot.domain.Post */insert into posts (content,created_at,status,title,updated_at,user_id) values (** NOT SPECIFIED **,** NOT SPECIFIED **,** NOT SPECIFIED **,** NOT SPECIFIED **,** NOT SPECIFIED **,** NOT SPECIFIED **)]
2025-05-16T20:30:51.504+09:00 TRACE 22264 --- [    Test worker] o.h.r.j.i.ResourceRegistryStandardImpl   : Registering result set [null]
2025-05-16T20:30:51.504+09:00 TRACE 22264 --- [    Test worker] org.hibernate.orm.jdbc.bind              : binding parameter (1:VARCHAR) <- [게시글 내용 4-2]
2025-05-16T20:30:51.504+09:00 TRACE 22264 --- [    Test worker] org.hibernate.orm.jdbc.bind              : binding parameter (2:TIMESTAMP) <- [2025-05-16T20:30:51.504739]
2025-05-16T20:30:51.505+09:00 TRACE 22264 --- [    Test worker] org.hibernate.orm.jdbc.bind              : binding parameter (3:VARCHAR) <- [판매중]
2025-05-16T20:30:51.505+09:00 TRACE 22264 --- [    Test worker] org.hibernate.orm.jdbc.bind              : binding parameter (4:VARCHAR) <- [게시글 4-2]
2025-05-16T20:30:51.505+09:00 TRACE 22264 --- [    Test worker] org.hibernate.orm.jdbc.bind              : binding parameter (5:TIMESTAMP) <- [2025-05-16T20:30:51.504745]
2025-05-16T20:30:51.505+09:00 TRACE 22264 --- [    Test worker] org.hibernate.orm.jdbc.bind              : binding parameter (6:BIGINT) <- [5]
2025-05-16T20:30:51.505+09:00 TRACE 22264 --- [    Test worker] o.h.r.j.i.ResourceRegistryStandardImpl   : Registering result set [HikariProxyResultSet@1605786357 wrapping com.mysql.cj.jdbc.result.ResultSetImpl@166a81d9]
2025-05-16T20:30:51.505+09:00 TRACE 22264 --- [    Test worker] o.h.r.j.i.ResourceRegistryStandardImpl   : Releasing result set [HikariProxyResultSet@1605786357 wrapping com.mysql.cj.jdbc.result.ResultSetImpl@166a81d9]
2025-05-16T20:30:51.505+09:00 TRACE 22264 --- [    Test worker] o.h.r.j.i.ResourceRegistryStandardImpl   : Closing result set [HikariProxyResultSet@1605786357 wrapping com.mysql.cj.jdbc.result.ResultSetImpl@166a81d9]
2025-05-16T20:30:51.505+09:00 TRACE 22264 --- [    Test worker] o.h.r.j.i.ResourceRegistryStandardImpl   : Releasing result set [HikariProxyResultSet@1605786357 wrapping Result set representing update count of -1]
2025-05-16T20:30:51.505+09:00 TRACE 22264 --- [    Test worker] o.h.r.j.i.ResourceRegistryStandardImpl   : Closing result set [HikariProxyResultSet@1605786357 wrapping Result set representing update count of -1]
2025-05-16T20:30:51.505+09:00 TRACE 22264 --- [    Test worker] o.h.r.j.i.ResourceRegistryStandardImpl   : Releasing statement [HikariProxyPreparedStatement@1785421568 wrapping com.mysql.cj.jdbc.ClientPreparedStatement: /* insert for org.example.springboot.domain.Post */insert into posts (content,created_at,status,title,updated_at,user_id) values ('게시글 내용 4-2','2025-05-16 20:30:51.504739','판매중','게시글 4-2','2025-05-16 20:30:51.504745',5)]
2025-05-16T20:30:51.505+09:00 TRACE 22264 --- [    Test worker] o.h.r.j.i.ResourceRegistryStandardImpl   : Closing result set [null]
2025-05-16T20:30:51.505+09:00 TRACE 22264 --- [    Test worker] o.h.r.j.i.ResourceRegistryStandardImpl   : Closing prepared statement [HikariProxyPreparedStatement@1785421568 wrapping com.mysql.cj.jdbc.ClientPreparedStatement: /* insert for org.example.springboot.domain.Post */insert into posts (content,created_at,status,title,updated_at,user_id) values ('게시글 내용 4-2','2025-05-16 20:30:51.504739','판매중','게시글 4-2','2025-05-16 20:30:51.504745',5)]
2025-05-16T20:30:51.505+09:00 TRACE 22264 --- [    Test worker] o.h.e.jdbc.internal.JdbcCoordinatorImpl  : Starting after statement execution processing [ON_CLOSE]
===== 테스트 데이터 준비 완료 =====
총 사용자 수: 5
2025-05-16T20:30:51.530+09:00 TRACE 22264 --- [    Test worker] o.h.e.jdbc.internal.JdbcCoordinatorImpl  : Starting after statement execution processing [ON_CLOSE]
2025-05-16T20:30:51.534+09:00 DEBUG 22264 --- [    Test worker] org.hibernate.SQL                        : 
    /* select
        count(*) 
    from
        Post x */ select
            count(*) 
        from
            posts p1_0
Hibernate: 
    /* select
        count(*) 
    from
        Post x */ select
            count(*) 
        from
            posts p1_0
2025-05-16T20:30:51.534+09:00 TRACE 22264 --- [    Test worker] o.h.r.j.i.ResourceRegistryStandardImpl   : Registering statement [HikariProxyPreparedStatement@1922077832 wrapping com.mysql.cj.jdbc.ClientPreparedStatement: /* select count(*) from Post x */ select count(*) from posts p1_0]
2025-05-16T20:30:51.534+09:00 TRACE 22264 --- [    Test worker] o.h.e.jdbc.internal.JdbcCoordinatorImpl  : Registering last query statement [HikariProxyPreparedStatement@1922077832 wrapping com.mysql.cj.jdbc.ClientPreparedStatement: /* select count(*) from Post x */ select count(*) from posts p1_0]
2025-05-16T20:30:51.535+09:00 TRACE 22264 --- [    Test worker] o.h.r.j.i.ResourceRegistryStandardImpl   : Registering result set [HikariProxyResultSet@1954298581 wrapping com.mysql.cj.jdbc.result.ResultSetImpl@23ed406]
2025-05-16T20:30:51.536+09:00 TRACE 22264 --- [    Test worker] o.h.r.j.i.ResourceRegistryStandardImpl   : Releasing result set [HikariProxyResultSet@1954298581 wrapping com.mysql.cj.jdbc.result.ResultSetImpl@23ed406]
2025-05-16T20:30:51.536+09:00 TRACE 22264 --- [    Test worker] o.h.r.j.i.ResourceRegistryStandardImpl   : Closing result set [HikariProxyResultSet@1954298581 wrapping com.mysql.cj.jdbc.result.ResultSetImpl@23ed406]
2025-05-16T20:30:51.536+09:00 TRACE 22264 --- [    Test worker] o.h.r.j.i.ResourceRegistryStandardImpl   : Releasing statement [HikariProxyPreparedStatement@1922077832 wrapping com.mysql.cj.jdbc.ClientPreparedStatement: /* select count(*) from Post x */ select count(*) from posts p1_0]
2025-05-16T20:30:51.536+09:00 TRACE 22264 --- [    Test worker] o.h.r.j.i.ResourceRegistryStandardImpl   : Closing prepared statement [HikariProxyPreparedStatement@1922077832 wrapping com.mysql.cj.jdbc.ClientPreparedStatement: /* select count(*) from Post x */ select count(*) from posts p1_0]
2025-05-16T20:30:51.536+09:00 DEBUG 22264 --- [    Test worker] o.h.stat.internal.StatisticsImpl         : HHH000117: HQL: select count(*) from Post x, time: 0ms, rows: 1
총 게시글 수: 15

----- 영속성 컨텍스트 초기화 -----
2025-05-16T20:30:51.537+09:00 TRACE 22264 --- [    Test worker] o.h.e.jdbc.internal.JdbcCoordinatorImpl  : Starting after statement execution processing [ON_CLOSE]
----- 영속성 컨텍스트 초기화 완료 -----


===== N+1 문제 발생 케이스 =====
findAllPosts() 메서드 호출 - 게시글 조회 쿼리 1번 실행
SQL쿼리 예상: SELECT * FROM posts
2025-05-16T20:30:51.542+09:00 DEBUG 22264 --- [    Test worker] org.hibernate.SQL                        : 
    /* SELECT
        p 
    FROM
        Post p */ select
            p1_0.post_id,
            p1_0.content,
            p1_0.created_at,
            p1_0.status,
            p1_0.title,
            p1_0.updated_at,
            p1_0.user_id 
        from
            posts p1_0
Hibernate: 
    /* SELECT
        p 
    FROM
        Post p */ select
            p1_0.post_id,
            p1_0.content,
            p1_0.created_at,
            p1_0.status,
            p1_0.title,
            p1_0.updated_at,
            p1_0.user_id 
        from
            posts p1_0
2025-05-16T20:30:51.543+09:00 TRACE 22264 --- [    Test worker] o.h.r.j.i.ResourceRegistryStandardImpl   : Registering statement [HikariProxyPreparedStatement@807254402 wrapping com.mysql.cj.jdbc.ClientPreparedStatement: /* SELECT p FROM Post p */ select p1_0.post_id,p1_0.content,p1_0.created_at,p1_0.status,p1_0.title,p1_0.updated_at,p1_0.user_id from posts p1_0]
2025-05-16T20:30:51.543+09:00 TRACE 22264 --- [    Test worker] o.h.e.jdbc.internal.JdbcCoordinatorImpl  : Registering last query statement [HikariProxyPreparedStatement@807254402 wrapping com.mysql.cj.jdbc.ClientPreparedStatement: /* SELECT p FROM Post p */ select p1_0.post_id,p1_0.content,p1_0.created_at,p1_0.status,p1_0.title,p1_0.updated_at,p1_0.user_id from posts p1_0]
2025-05-16T20:30:51.544+09:00 TRACE 22264 --- [    Test worker] o.h.r.j.i.ResourceRegistryStandardImpl   : Registering result set [HikariProxyResultSet@1716342497 wrapping com.mysql.cj.jdbc.result.ResultSetImpl@28e7fbc4]
2025-05-16T20:30:51.554+09:00 TRACE 22264 --- [    Test worker] o.h.r.j.i.ResourceRegistryStandardImpl   : Releasing result set [HikariProxyResultSet@1716342497 wrapping com.mysql.cj.jdbc.result.ResultSetImpl@28e7fbc4]
2025-05-16T20:30:51.554+09:00 TRACE 22264 --- [    Test worker] o.h.r.j.i.ResourceRegistryStandardImpl   : Closing result set [HikariProxyResultSet@1716342497 wrapping com.mysql.cj.jdbc.result.ResultSetImpl@28e7fbc4]
2025-05-16T20:30:51.554+09:00 TRACE 22264 --- [    Test worker] o.h.r.j.i.ResourceRegistryStandardImpl   : Releasing statement [HikariProxyPreparedStatement@807254402 wrapping com.mysql.cj.jdbc.ClientPreparedStatement: /* SELECT p FROM Post p */ select p1_0.post_id,p1_0.content,p1_0.created_at,p1_0.status,p1_0.title,p1_0.updated_at,p1_0.user_id from posts p1_0]
2025-05-16T20:30:51.554+09:00 TRACE 22264 --- [    Test worker] o.h.r.j.i.ResourceRegistryStandardImpl   : Closing prepared statement [HikariProxyPreparedStatement@807254402 wrapping com.mysql.cj.jdbc.ClientPreparedStatement: /* SELECT p FROM Post p */ select p1_0.post_id,p1_0.content,p1_0.created_at,p1_0.status,p1_0.title,p1_0.updated_at,p1_0.user_id from posts p1_0]
2025-05-16T20:30:51.554+09:00 DEBUG 22264 --- [    Test worker] o.h.stat.internal.StatisticsImpl         : HHH000117: HQL: SELECT p FROM Post p, time: 9ms, rows: 15
게시글 조회 완료: 15개

----- 이제 각 게시글의 사용자 정보를 조회하며 N+1 문제 발생 -----
각 게시글마다 SELECT * FROM users WHERE user_id = ? 쿼리가 실행됨

=== [1/15] 게시글 ID: 1 사용자 정보 접근 시작 ===
이제 게시글 작성자 정보에 접근하면 지연 로딩으로 인해 추가 쿼리 발생:
--> 실행될 SQL: SELECT * FROM users WHERE user_id = 1
2025-05-16T20:30:51.557+09:00 DEBUG 22264 --- [    Test worker] org.hibernate.SQL                        : 
    select
        u1_0.user_id,
        u1_0.created_at,
        u1_0.email,
        u1_0.name,
        u1_0.nickname,
        u1_0.password,
        u1_0.phone,
        u1_0.profile,
        u1_0.profile_img_path,
        u1_0.role 
    from
        users u1_0 
    where
        u1_0.user_id=?
Hibernate: 
    select
        u1_0.user_id,
        u1_0.created_at,
        u1_0.email,
        u1_0.name,
        u1_0.nickname,
        u1_0.password,
        u1_0.phone,
        u1_0.profile,
        u1_0.profile_img_path,
        u1_0.role 
    from
        users u1_0 
    where
        u1_0.user_id=?
2025-05-16T20:30:51.557+09:00 TRACE 22264 --- [    Test worker] o.h.r.j.i.ResourceRegistryStandardImpl   : Registering statement [HikariProxyPreparedStatement@1908178206 wrapping com.mysql.cj.jdbc.ClientPreparedStatement: select u1_0.user_id,u1_0.created_at,u1_0.email,u1_0.name,u1_0.nickname,u1_0.password,u1_0.phone,u1_0.profile,u1_0.profile_img_path,u1_0.role from users u1_0 where u1_0.user_id=** NOT SPECIFIED **]
2025-05-16T20:30:51.557+09:00 TRACE 22264 --- [    Test worker] o.h.e.jdbc.internal.JdbcCoordinatorImpl  : Registering last query statement [HikariProxyPreparedStatement@1908178206 wrapping com.mysql.cj.jdbc.ClientPreparedStatement: select u1_0.user_id,u1_0.created_at,u1_0.email,u1_0.name,u1_0.nickname,u1_0.password,u1_0.phone,u1_0.profile,u1_0.profile_img_path,u1_0.role from users u1_0 where u1_0.user_id=** NOT SPECIFIED **]
2025-05-16T20:30:51.557+09:00 TRACE 22264 --- [    Test worker] org.hibernate.orm.jdbc.bind              : binding parameter (1:BIGINT) <- [1]
2025-05-16T20:30:51.558+09:00 TRACE 22264 --- [    Test worker] o.h.r.j.i.ResourceRegistryStandardImpl   : Registering result set [HikariProxyResultSet@1615855828 wrapping com.mysql.cj.jdbc.result.ResultSetImpl@260dca40]
2025-05-16T20:30:51.559+09:00 TRACE 22264 --- [    Test worker] o.h.r.j.i.ResourceRegistryStandardImpl   : Releasing result set [HikariProxyResultSet@1615855828 wrapping com.mysql.cj.jdbc.result.ResultSetImpl@260dca40]
2025-05-16T20:30:51.559+09:00 TRACE 22264 --- [    Test worker] o.h.r.j.i.ResourceRegistryStandardImpl   : Closing result set [HikariProxyResultSet@1615855828 wrapping com.mysql.cj.jdbc.result.ResultSetImpl@260dca40]
2025-05-16T20:30:51.559+09:00 TRACE 22264 --- [    Test worker] o.h.r.j.i.ResourceRegistryStandardImpl   : Releasing statement [HikariProxyPreparedStatement@1908178206 wrapping com.mysql.cj.jdbc.ClientPreparedStatement: select u1_0.user_id,u1_0.created_at,u1_0.email,u1_0.name,u1_0.nickname,u1_0.password,u1_0.phone,u1_0.profile,u1_0.profile_img_path,u1_0.role from users u1_0 where u1_0.user_id=1]
2025-05-16T20:30:51.559+09:00 TRACE 22264 --- [    Test worker] o.h.r.j.i.ResourceRegistryStandardImpl   : Closing prepared statement [HikariProxyPreparedStatement@1908178206 wrapping com.mysql.cj.jdbc.ClientPreparedStatement: select u1_0.user_id,u1_0.created_at,u1_0.email,u1_0.name,u1_0.nickname,u1_0.password,u1_0.phone,u1_0.profile,u1_0.profile_img_path,u1_0.role from users u1_0 where u1_0.user_id=1]
게시글: 게시글 0-0, 작성자: 닉네임0
=== 게시글 ID: 1 사용자 정보 접근 완료 ===

=== [2/15] 게시글 ID: 2 사용자 정보 접근 시작 ===
이제 게시글 작성자 정보에 접근하면 지연 로딩으로 인해 추가 쿼리 발생:
--> 실행될 SQL: SELECT * FROM users WHERE user_id = 1
게시글: 게시글 0-1, 작성자: 닉네임0
=== 게시글 ID: 2 사용자 정보 접근 완료 ===

=== [3/15] 게시글 ID: 3 사용자 정보 접근 시작 ===
이제 게시글 작성자 정보에 접근하면 지연 로딩으로 인해 추가 쿼리 발생:
--> 실행될 SQL: SELECT * FROM users WHERE user_id = 1
게시글: 게시글 0-2, 작성자: 닉네임0
=== 게시글 ID: 3 사용자 정보 접근 완료 ===

=== [4/15] 게시글 ID: 4 사용자 정보 접근 시작 ===
이제 게시글 작성자 정보에 접근하면 지연 로딩으로 인해 추가 쿼리 발생:
--> 실행될 SQL: SELECT * FROM users WHERE user_id = 2
2025-05-16T20:30:51.559+09:00 DEBUG 22264 --- [    Test worker] org.hibernate.SQL                        : 
    select
        u1_0.user_id,
        u1_0.created_at,
        u1_0.email,
        u1_0.name,
        u1_0.nickname,
        u1_0.password,
        u1_0.phone,
        u1_0.profile,
        u1_0.profile_img_path,
        u1_0.role 
    from
        users u1_0 
    where
        u1_0.user_id=?
Hibernate: 
    select
        u1_0.user_id,
        u1_0.created_at,
        u1_0.email,
        u1_0.name,
        u1_0.nickname,
        u1_0.password,
        u1_0.phone,
        u1_0.profile,
        u1_0.profile_img_path,
        u1_0.role 
    from
        users u1_0 
    where
        u1_0.user_id=?
2025-05-16T20:30:51.560+09:00 TRACE 22264 --- [    Test worker] o.h.r.j.i.ResourceRegistryStandardImpl   : Registering statement [HikariProxyPreparedStatement@710137206 wrapping com.mysql.cj.jdbc.ClientPreparedStatement: select u1_0.user_id,u1_0.created_at,u1_0.email,u1_0.name,u1_0.nickname,u1_0.password,u1_0.phone,u1_0.profile,u1_0.profile_img_path,u1_0.role from users u1_0 where u1_0.user_id=** NOT SPECIFIED **]
2025-05-16T20:30:51.560+09:00 TRACE 22264 --- [    Test worker] o.h.e.jdbc.internal.JdbcCoordinatorImpl  : Registering last query statement [HikariProxyPreparedStatement@710137206 wrapping com.mysql.cj.jdbc.ClientPreparedStatement: select u1_0.user_id,u1_0.created_at,u1_0.email,u1_0.name,u1_0.nickname,u1_0.password,u1_0.phone,u1_0.profile,u1_0.profile_img_path,u1_0.role from users u1_0 where u1_0.user_id=** NOT SPECIFIED **]
2025-05-16T20:30:51.560+09:00 TRACE 22264 --- [    Test worker] org.hibernate.orm.jdbc.bind              : binding parameter (1:BIGINT) <- [2]
2025-05-16T20:30:51.560+09:00 TRACE 22264 --- [    Test worker] o.h.r.j.i.ResourceRegistryStandardImpl   : Registering result set [HikariProxyResultSet@1751047062 wrapping com.mysql.cj.jdbc.result.ResultSetImpl@2ff19416]
2025-05-16T20:30:51.561+09:00 TRACE 22264 --- [    Test worker] o.h.r.j.i.ResourceRegistryStandardImpl   : Releasing result set [HikariProxyResultSet@1751047062 wrapping com.mysql.cj.jdbc.result.ResultSetImpl@2ff19416]
2025-05-16T20:30:51.561+09:00 TRACE 22264 --- [    Test worker] o.h.r.j.i.ResourceRegistryStandardImpl   : Closing result set [HikariProxyResultSet@1751047062 wrapping com.mysql.cj.jdbc.result.ResultSetImpl@2ff19416]
2025-05-16T20:30:51.561+09:00 TRACE 22264 --- [    Test worker] o.h.r.j.i.ResourceRegistryStandardImpl   : Releasing statement [HikariProxyPreparedStatement@710137206 wrapping com.mysql.cj.jdbc.ClientPreparedStatement: select u1_0.user_id,u1_0.created_at,u1_0.email,u1_0.name,u1_0.nickname,u1_0.password,u1_0.phone,u1_0.profile,u1_0.profile_img_path,u1_0.role from users u1_0 where u1_0.user_id=2]
2025-05-16T20:30:51.561+09:00 TRACE 22264 --- [    Test worker] o.h.r.j.i.ResourceRegistryStandardImpl   : Closing prepared statement [HikariProxyPreparedStatement@710137206 wrapping com.mysql.cj.jdbc.ClientPreparedStatement: select u1_0.user_id,u1_0.created_at,u1_0.email,u1_0.name,u1_0.nickname,u1_0.password,u1_0.phone,u1_0.profile,u1_0.profile_img_path,u1_0.role from users u1_0 where u1_0.user_id=2]
게시글: 게시글 1-0, 작성자: 닉네임1
=== 게시글 ID: 4 사용자 정보 접근 완료 ===

=== [5/15] 게시글 ID: 5 사용자 정보 접근 시작 ===
이제 게시글 작성자 정보에 접근하면 지연 로딩으로 인해 추가 쿼리 발생:
--> 실행될 SQL: SELECT * FROM users WHERE user_id = 2
게시글: 게시글 1-1, 작성자: 닉네임1
=== 게시글 ID: 5 사용자 정보 접근 완료 ===

=== [6/15] 게시글 ID: 6 사용자 정보 접근 시작 ===
이제 게시글 작성자 정보에 접근하면 지연 로딩으로 인해 추가 쿼리 발생:
--> 실행될 SQL: SELECT * FROM users WHERE user_id = 2
게시글: 게시글 1-2, 작성자: 닉네임1
=== 게시글 ID: 6 사용자 정보 접근 완료 ===

=== [7/15] 게시글 ID: 7 사용자 정보 접근 시작 ===
이제 게시글 작성자 정보에 접근하면 지연 로딩으로 인해 추가 쿼리 발생:
--> 실행될 SQL: SELECT * FROM users WHERE user_id = 3
2025-05-16T20:30:51.561+09:00 DEBUG 22264 --- [    Test worker] org.hibernate.SQL                        : 
    select
        u1_0.user_id,
        u1_0.created_at,
        u1_0.email,
        u1_0.name,
        u1_0.nickname,
        u1_0.password,
        u1_0.phone,
        u1_0.profile,
        u1_0.profile_img_path,
        u1_0.role 
    from
        users u1_0 
    where
        u1_0.user_id=?
Hibernate: 
    select
        u1_0.user_id,
        u1_0.created_at,
        u1_0.email,
        u1_0.name,
        u1_0.nickname,
        u1_0.password,
        u1_0.phone,
        u1_0.profile,
        u1_0.profile_img_path,
        u1_0.role 
    from
        users u1_0 
    where
        u1_0.user_id=?
2025-05-16T20:30:51.561+09:00 TRACE 22264 --- [    Test worker] o.h.r.j.i.ResourceRegistryStandardImpl   : Registering statement [HikariProxyPreparedStatement@1657365086 wrapping com.mysql.cj.jdbc.ClientPreparedStatement: select u1_0.user_id,u1_0.created_at,u1_0.email,u1_0.name,u1_0.nickname,u1_0.password,u1_0.phone,u1_0.profile,u1_0.profile_img_path,u1_0.role from users u1_0 where u1_0.user_id=** NOT SPECIFIED **]
2025-05-16T20:30:51.561+09:00 TRACE 22264 --- [    Test worker] o.h.e.jdbc.internal.JdbcCoordinatorImpl  : Registering last query statement [HikariProxyPreparedStatement@1657365086 wrapping com.mysql.cj.jdbc.ClientPreparedStatement: select u1_0.user_id,u1_0.created_at,u1_0.email,u1_0.name,u1_0.nickname,u1_0.password,u1_0.phone,u1_0.profile,u1_0.profile_img_path,u1_0.role from users u1_0 where u1_0.user_id=** NOT SPECIFIED **]
2025-05-16T20:30:51.561+09:00 TRACE 22264 --- [    Test worker] org.hibernate.orm.jdbc.bind              : binding parameter (1:BIGINT) <- [3]
2025-05-16T20:30:51.562+09:00 TRACE 22264 --- [    Test worker] o.h.r.j.i.ResourceRegistryStandardImpl   : Registering result set [HikariProxyResultSet@1381249101 wrapping com.mysql.cj.jdbc.result.ResultSetImpl@52b3a9c6]
2025-05-16T20:30:51.562+09:00 TRACE 22264 --- [    Test worker] o.h.r.j.i.ResourceRegistryStandardImpl   : Releasing result set [HikariProxyResultSet@1381249101 wrapping com.mysql.cj.jdbc.result.ResultSetImpl@52b3a9c6]
2025-05-16T20:30:51.562+09:00 TRACE 22264 --- [    Test worker] o.h.r.j.i.ResourceRegistryStandardImpl   : Closing result set [HikariProxyResultSet@1381249101 wrapping com.mysql.cj.jdbc.result.ResultSetImpl@52b3a9c6]
2025-05-16T20:30:51.562+09:00 TRACE 22264 --- [    Test worker] o.h.r.j.i.ResourceRegistryStandardImpl   : Releasing statement [HikariProxyPreparedStatement@1657365086 wrapping com.mysql.cj.jdbc.ClientPreparedStatement: select u1_0.user_id,u1_0.created_at,u1_0.email,u1_0.name,u1_0.nickname,u1_0.password,u1_0.phone,u1_0.profile,u1_0.profile_img_path,u1_0.role from users u1_0 where u1_0.user_id=3]
2025-05-16T20:30:51.562+09:00 TRACE 22264 --- [    Test worker] o.h.r.j.i.ResourceRegistryStandardImpl   : Closing prepared statement [HikariProxyPreparedStatement@1657365086 wrapping com.mysql.cj.jdbc.ClientPreparedStatement: select u1_0.user_id,u1_0.created_at,u1_0.email,u1_0.name,u1_0.nickname,u1_0.password,u1_0.phone,u1_0.profile,u1_0.profile_img_path,u1_0.role from users u1_0 where u1_0.user_id=3]
게시글: 게시글 2-0, 작성자: 닉네임2
=== 게시글 ID: 7 사용자 정보 접근 완료 ===

=== [8/15] 게시글 ID: 8 사용자 정보 접근 시작 ===
이제 게시글 작성자 정보에 접근하면 지연 로딩으로 인해 추가 쿼리 발생:
--> 실행될 SQL: SELECT * FROM users WHERE user_id = 3
게시글: 게시글 2-1, 작성자: 닉네임2
=== 게시글 ID: 8 사용자 정보 접근 완료 ===

=== [9/15] 게시글 ID: 9 사용자 정보 접근 시작 ===
이제 게시글 작성자 정보에 접근하면 지연 로딩으로 인해 추가 쿼리 발생:
--> 실행될 SQL: SELECT * FROM users WHERE user_id = 3
게시글: 게시글 2-2, 작성자: 닉네임2
=== 게시글 ID: 9 사용자 정보 접근 완료 ===

=== [10/15] 게시글 ID: 10 사용자 정보 접근 시작 ===
이제 게시글 작성자 정보에 접근하면 지연 로딩으로 인해 추가 쿼리 발생:
--> 실행될 SQL: SELECT * FROM users WHERE user_id = 4
2025-05-16T20:30:51.562+09:00 DEBUG 22264 --- [    Test worker] org.hibernate.SQL                        : 
    select
        u1_0.user_id,
        u1_0.created_at,
        u1_0.email,
        u1_0.name,
        u1_0.nickname,
        u1_0.password,
        u1_0.phone,
        u1_0.profile,
        u1_0.profile_img_path,
        u1_0.role 
    from
        users u1_0 
    where
        u1_0.user_id=?
Hibernate: 
    select
        u1_0.user_id,
        u1_0.created_at,
        u1_0.email,
        u1_0.name,
        u1_0.nickname,
        u1_0.password,
        u1_0.phone,
        u1_0.profile,
        u1_0.profile_img_path,
        u1_0.role 
    from
        users u1_0 
    where
        u1_0.user_id=?
2025-05-16T20:30:51.562+09:00 TRACE 22264 --- [    Test worker] o.h.r.j.i.ResourceRegistryStandardImpl   : Registering statement [HikariProxyPreparedStatement@1604251935 wrapping com.mysql.cj.jdbc.ClientPreparedStatement: select u1_0.user_id,u1_0.created_at,u1_0.email,u1_0.name,u1_0.nickname,u1_0.password,u1_0.phone,u1_0.profile,u1_0.profile_img_path,u1_0.role from users u1_0 where u1_0.user_id=** NOT SPECIFIED **]
2025-05-16T20:30:51.562+09:00 TRACE 22264 --- [    Test worker] o.h.e.jdbc.internal.JdbcCoordinatorImpl  : Registering last query statement [HikariProxyPreparedStatement@1604251935 wrapping com.mysql.cj.jdbc.ClientPreparedStatement: select u1_0.user_id,u1_0.created_at,u1_0.email,u1_0.name,u1_0.nickname,u1_0.password,u1_0.phone,u1_0.profile,u1_0.profile_img_path,u1_0.role from users u1_0 where u1_0.user_id=** NOT SPECIFIED **]
2025-05-16T20:30:51.562+09:00 TRACE 22264 --- [    Test worker] org.hibernate.orm.jdbc.bind              : binding parameter (1:BIGINT) <- [4]
2025-05-16T20:30:51.562+09:00 TRACE 22264 --- [    Test worker] o.h.r.j.i.ResourceRegistryStandardImpl   : Registering result set [HikariProxyResultSet@590584357 wrapping com.mysql.cj.jdbc.result.ResultSetImpl@37994ff]
2025-05-16T20:30:51.563+09:00 TRACE 22264 --- [    Test worker] o.h.r.j.i.ResourceRegistryStandardImpl   : Releasing result set [HikariProxyResultSet@590584357 wrapping com.mysql.cj.jdbc.result.ResultSetImpl@37994ff]
2025-05-16T20:30:51.563+09:00 TRACE 22264 --- [    Test worker] o.h.r.j.i.ResourceRegistryStandardImpl   : Closing result set [HikariProxyResultSet@590584357 wrapping com.mysql.cj.jdbc.result.ResultSetImpl@37994ff]
2025-05-16T20:30:51.563+09:00 TRACE 22264 --- [    Test worker] o.h.r.j.i.ResourceRegistryStandardImpl   : Releasing statement [HikariProxyPreparedStatement@1604251935 wrapping com.mysql.cj.jdbc.ClientPreparedStatement: select u1_0.user_id,u1_0.created_at,u1_0.email,u1_0.name,u1_0.nickname,u1_0.password,u1_0.phone,u1_0.profile,u1_0.profile_img_path,u1_0.role from users u1_0 where u1_0.user_id=4]
2025-05-16T20:30:51.563+09:00 TRACE 22264 --- [    Test worker] o.h.r.j.i.ResourceRegistryStandardImpl   : Closing prepared statement [HikariProxyPreparedStatement@1604251935 wrapping com.mysql.cj.jdbc.ClientPreparedStatement: select u1_0.user_id,u1_0.created_at,u1_0.email,u1_0.name,u1_0.nickname,u1_0.password,u1_0.phone,u1_0.profile,u1_0.profile_img_path,u1_0.role from users u1_0 where u1_0.user_id=4]
게시글: 게시글 3-0, 작성자: 닉네임3
=== 게시글 ID: 10 사용자 정보 접근 완료 ===

=== [11/15] 게시글 ID: 11 사용자 정보 접근 시작 ===
이제 게시글 작성자 정보에 접근하면 지연 로딩으로 인해 추가 쿼리 발생:
--> 실행될 SQL: SELECT * FROM users WHERE user_id = 4
게시글: 게시글 3-1, 작성자: 닉네임3
=== 게시글 ID: 11 사용자 정보 접근 완료 ===

=== [12/15] 게시글 ID: 12 사용자 정보 접근 시작 ===
이제 게시글 작성자 정보에 접근하면 지연 로딩으로 인해 추가 쿼리 발생:
--> 실행될 SQL: SELECT * FROM users WHERE user_id = 4
게시글: 게시글 3-2, 작성자: 닉네임3
=== 게시글 ID: 12 사용자 정보 접근 완료 ===

=== [13/15] 게시글 ID: 13 사용자 정보 접근 시작 ===
이제 게시글 작성자 정보에 접근하면 지연 로딩으로 인해 추가 쿼리 발생:
--> 실행될 SQL: SELECT * FROM users WHERE user_id = 5
2025-05-16T20:30:51.563+09:00 DEBUG 22264 --- [    Test worker] org.hibernate.SQL                        : 
    select
        u1_0.user_id,
        u1_0.created_at,
        u1_0.email,
        u1_0.name,
        u1_0.nickname,
        u1_0.password,
        u1_0.phone,
        u1_0.profile,
        u1_0.profile_img_path,
        u1_0.role 
    from
        users u1_0 
    where
        u1_0.user_id=?
Hibernate: 
    select
        u1_0.user_id,
        u1_0.created_at,
        u1_0.email,
        u1_0.name,
        u1_0.nickname,
        u1_0.password,
        u1_0.phone,
        u1_0.profile,
        u1_0.profile_img_path,
        u1_0.role 
    from
        users u1_0 
    where
        u1_0.user_id=?
2025-05-16T20:30:51.563+09:00 TRACE 22264 --- [    Test worker] o.h.r.j.i.ResourceRegistryStandardImpl   : Registering statement [HikariProxyPreparedStatement@1975752061 wrapping com.mysql.cj.jdbc.ClientPreparedStatement: select u1_0.user_id,u1_0.created_at,u1_0.email,u1_0.name,u1_0.nickname,u1_0.password,u1_0.phone,u1_0.profile,u1_0.profile_img_path,u1_0.role from users u1_0 where u1_0.user_id=** NOT SPECIFIED **]
2025-05-16T20:30:51.563+09:00 TRACE 22264 --- [    Test worker] o.h.e.jdbc.internal.JdbcCoordinatorImpl  : Registering last query statement [HikariProxyPreparedStatement@1975752061 wrapping com.mysql.cj.jdbc.ClientPreparedStatement: select u1_0.user_id,u1_0.created_at,u1_0.email,u1_0.name,u1_0.nickname,u1_0.password,u1_0.phone,u1_0.profile,u1_0.profile_img_path,u1_0.role from users u1_0 where u1_0.user_id=** NOT SPECIFIED **]
2025-05-16T20:30:51.563+09:00 TRACE 22264 --- [    Test worker] org.hibernate.orm.jdbc.bind              : binding parameter (1:BIGINT) <- [5]
2025-05-16T20:30:51.563+09:00 TRACE 22264 --- [    Test worker] o.h.r.j.i.ResourceRegistryStandardImpl   : Registering result set [HikariProxyResultSet@1551373349 wrapping com.mysql.cj.jdbc.result.ResultSetImpl@3766f910]
2025-05-16T20:30:51.564+09:00 TRACE 22264 --- [    Test worker] o.h.r.j.i.ResourceRegistryStandardImpl   : Releasing result set [HikariProxyResultSet@1551373349 wrapping com.mysql.cj.jdbc.result.ResultSetImpl@3766f910]
2025-05-16T20:30:51.564+09:00 TRACE 22264 --- [    Test worker] o.h.r.j.i.ResourceRegistryStandardImpl   : Closing result set [HikariProxyResultSet@1551373349 wrapping com.mysql.cj.jdbc.result.ResultSetImpl@3766f910]
2025-05-16T20:30:51.564+09:00 TRACE 22264 --- [    Test worker] o.h.r.j.i.ResourceRegistryStandardImpl   : Releasing statement [HikariProxyPreparedStatement@1975752061 wrapping com.mysql.cj.jdbc.ClientPreparedStatement: select u1_0.user_id,u1_0.created_at,u1_0.email,u1_0.name,u1_0.nickname,u1_0.password,u1_0.phone,u1_0.profile,u1_0.profile_img_path,u1_0.role from users u1_0 where u1_0.user_id=5]
2025-05-16T20:30:51.564+09:00 TRACE 22264 --- [    Test worker] o.h.r.j.i.ResourceRegistryStandardImpl   : Closing prepared statement [HikariProxyPreparedStatement@1975752061 wrapping com.mysql.cj.jdbc.ClientPreparedStatement: select u1_0.user_id,u1_0.created_at,u1_0.email,u1_0.name,u1_0.nickname,u1_0.password,u1_0.phone,u1_0.profile,u1_0.profile_img_path,u1_0.role from users u1_0 where u1_0.user_id=5]
게시글: 게시글 4-0, 작성자: 닉네임4
=== 게시글 ID: 13 사용자 정보 접근 완료 ===

=== [14/15] 게시글 ID: 14 사용자 정보 접근 시작 ===
이제 게시글 작성자 정보에 접근하면 지연 로딩으로 인해 추가 쿼리 발생:
--> 실행될 SQL: SELECT * FROM users WHERE user_id = 5
게시글: 게시글 4-1, 작성자: 닉네임4
=== 게시글 ID: 14 사용자 정보 접근 완료 ===

=== [15/15] 게시글 ID: 15 사용자 정보 접근 시작 ===
이제 게시글 작성자 정보에 접근하면 지연 로딩으로 인해 추가 쿼리 발생:
--> 실행될 SQL: SELECT * FROM users WHERE user_id = 5
게시글: 게시글 4-2, 작성자: 닉네임4
=== 게시글 ID: 15 사용자 정보 접근 완료 ===

N+1 문제 발생: 게시글 조회 쿼리 1번 + 사용자 조회 쿼리 15번 = 총 16번 쿼리 실행

----- 영속성 컨텍스트 초기화 -----
2025-05-16T20:30:51.565+09:00 TRACE 22264 --- [    Test worker] o.h.e.jdbc.internal.JdbcCoordinatorImpl  : Starting after statement execution processing [ON_CLOSE]
----- 영속성 컨텍스트 초기화 완료 -----


===== N+1 문제 해결 케이스 =====
findAllPostsWithUser() 메서드 호출 - Fetch Join으로 게시글과 사용자 함께 조회 쿼리 1번 실행
SQL쿼리 예상: SELECT p.*, u.* FROM posts p JOIN users u ON p.user_id = u.user_id
2025-05-16T20:30:51.570+09:00 DEBUG 22264 --- [    Test worker] org.hibernate.SQL                        : 
    /* SELECT
        p 
    FROM
        Post p 
    JOIN
        
    FETCH
        p.user */ select
            p1_0.post_id,
            p1_0.content,
            p1_0.created_at,
            p1_0.status,
            p1_0.title,
            p1_0.updated_at,
            p1_0.user_id,
            u1_0.user_id,
            u1_0.created_at,
            u1_0.email,
            u1_0.name,
            u1_0.nickname,
            u1_0.password,
            u1_0.phone,
            u1_0.profile,
            u1_0.profile_img_path,
            u1_0.role 
        from
            posts p1_0 
        join
            users u1_0 
                on u1_0.user_id=p1_0.user_id
Hibernate: 
    /* SELECT
        p 
    FROM
        Post p 
    JOIN
        
    FETCH
        p.user */ select
            p1_0.post_id,
            p1_0.content,
            p1_0.created_at,
            p1_0.status,
            p1_0.title,
            p1_0.updated_at,
            p1_0.user_id,
            u1_0.user_id,
            u1_0.created_at,
            u1_0.email,
            u1_0.name,
            u1_0.nickname,
            u1_0.password,
            u1_0.phone,
            u1_0.profile,
            u1_0.profile_img_path,
            u1_0.role 
        from
            posts p1_0 
        join
            users u1_0 
                on u1_0.user_id=p1_0.user_id
2025-05-16T20:30:51.570+09:00 TRACE 22264 --- [    Test worker] o.h.r.j.i.ResourceRegistryStandardImpl   : Registering statement [HikariProxyPreparedStatement@67657762 wrapping com.mysql.cj.jdbc.ClientPreparedStatement: /* SELECT p FROM Post p JOIN FETCH p.user */ select p1_0.post_id,p1_0.content,p1_0.created_at,p1_0.status,p1_0.title,p1_0.updated_at,p1_0.user_id,u1_0.user_id,u1_0.created_at,u1_0.email,u1_0.name,u1_0.nickname,u1_0.password,u1_0.phone,u1_0.profile,u1_0.profile_img_path,u1_0.role from posts p1_0 join users u1_0 on u1_0.user_id=p1_0.user_id]
2025-05-16T20:30:51.570+09:00 TRACE 22264 --- [    Test worker] o.h.e.jdbc.internal.JdbcCoordinatorImpl  : Registering last query statement [HikariProxyPreparedStatement@67657762 wrapping com.mysql.cj.jdbc.ClientPreparedStatement: /* SELECT p FROM Post p JOIN FETCH p.user */ select p1_0.post_id,p1_0.content,p1_0.created_at,p1_0.status,p1_0.title,p1_0.updated_at,p1_0.user_id,u1_0.user_id,u1_0.created_at,u1_0.email,u1_0.name,u1_0.nickname,u1_0.password,u1_0.phone,u1_0.profile,u1_0.profile_img_path,u1_0.role from posts p1_0 join users u1_0 on u1_0.user_id=p1_0.user_id]
2025-05-16T20:30:51.571+09:00 TRACE 22264 --- [    Test worker] o.h.r.j.i.ResourceRegistryStandardImpl   : Registering result set [HikariProxyResultSet@1278164801 wrapping com.mysql.cj.jdbc.result.ResultSetImpl@7679a54b]
2025-05-16T20:30:51.575+09:00 TRACE 22264 --- [    Test worker] o.h.r.j.i.ResourceRegistryStandardImpl   : Releasing result set [HikariProxyResultSet@1278164801 wrapping com.mysql.cj.jdbc.result.ResultSetImpl@7679a54b]
2025-05-16T20:30:51.575+09:00 TRACE 22264 --- [    Test worker] o.h.r.j.i.ResourceRegistryStandardImpl   : Closing result set [HikariProxyResultSet@1278164801 wrapping com.mysql.cj.jdbc.result.ResultSetImpl@7679a54b]
2025-05-16T20:30:51.575+09:00 TRACE 22264 --- [    Test worker] o.h.r.j.i.ResourceRegistryStandardImpl   : Releasing statement [HikariProxyPreparedStatement@67657762 wrapping com.mysql.cj.jdbc.ClientPreparedStatement: /* SELECT p FROM Post p JOIN FETCH p.user */ select p1_0.post_id,p1_0.content,p1_0.created_at,p1_0.status,p1_0.title,p1_0.updated_at,p1_0.user_id,u1_0.user_id,u1_0.created_at,u1_0.email,u1_0.name,u1_0.nickname,u1_0.password,u1_0.phone,u1_0.profile,u1_0.profile_img_path,u1_0.role from posts p1_0 join users u1_0 on u1_0.user_id=p1_0.user_id]
2025-05-16T20:30:51.575+09:00 TRACE 22264 --- [    Test worker] o.h.r.j.i.ResourceRegistryStandardImpl   : Closing prepared statement [HikariProxyPreparedStatement@67657762 wrapping com.mysql.cj.jdbc.ClientPreparedStatement: /* SELECT p FROM Post p JOIN FETCH p.user */ select p1_0.post_id,p1_0.content,p1_0.created_at,p1_0.status,p1_0.title,p1_0.updated_at,p1_0.user_id,u1_0.user_id,u1_0.created_at,u1_0.email,u1_0.name,u1_0.nickname,u1_0.password,u1_0.phone,u1_0.profile,u1_0.profile_img_path,u1_0.role from posts p1_0 join users u1_0 on u1_0.user_id=p1_0.user_id]
2025-05-16T20:30:51.575+09:00 DEBUG 22264 --- [    Test worker] o.h.stat.internal.StatisticsImpl         : HHH000117: HQL: SELECT p FROM Post p JOIN FETCH p.user, time: 3ms, rows: 15
게시글과 사용자 정보 조회 완료: 15개

----- 이제 각 게시글의 사용자 정보를 조회하지만 추가 쿼리 없음 -----
이미 모든 사용자 정보가 로딩되어 있으므로 추가 쿼리 발생하지 않음

=== [1/15] 게시글 ID: 1 사용자 정보 접근 시작 ===
이미 로딩된 사용자 정보에 접근 (추가 SQL 쿼리 없음):
게시글: 게시글 0-0, 작성자: 닉네임0
=== 게시글 ID: 1 사용자 정보 접근 완료 ===

=== [2/15] 게시글 ID: 2 사용자 정보 접근 시작 ===
이미 로딩된 사용자 정보에 접근 (추가 SQL 쿼리 없음):
게시글: 게시글 0-1, 작성자: 닉네임0
=== 게시글 ID: 2 사용자 정보 접근 완료 ===

=== [3/15] 게시글 ID: 3 사용자 정보 접근 시작 ===
이미 로딩된 사용자 정보에 접근 (추가 SQL 쿼리 없음):
게시글: 게시글 0-2, 작성자: 닉네임0
=== 게시글 ID: 3 사용자 정보 접근 완료 ===

=== [4/15] 게시글 ID: 4 사용자 정보 접근 시작 ===
이미 로딩된 사용자 정보에 접근 (추가 SQL 쿼리 없음):
게시글: 게시글 1-0, 작성자: 닉네임1
=== 게시글 ID: 4 사용자 정보 접근 완료 ===

=== [5/15] 게시글 ID: 5 사용자 정보 접근 시작 ===
이미 로딩된 사용자 정보에 접근 (추가 SQL 쿼리 없음):
게시글: 게시글 1-1, 작성자: 닉네임1
=== 게시글 ID: 5 사용자 정보 접근 완료 ===

=== [6/15] 게시글 ID: 6 사용자 정보 접근 시작 ===
이미 로딩된 사용자 정보에 접근 (추가 SQL 쿼리 없음):
게시글: 게시글 1-2, 작성자: 닉네임1
=== 게시글 ID: 6 사용자 정보 접근 완료 ===

=== [7/15] 게시글 ID: 7 사용자 정보 접근 시작 ===
이미 로딩된 사용자 정보에 접근 (추가 SQL 쿼리 없음):
게시글: 게시글 2-0, 작성자: 닉네임2
=== 게시글 ID: 7 사용자 정보 접근 완료 ===

=== [8/15] 게시글 ID: 8 사용자 정보 접근 시작 ===
이미 로딩된 사용자 정보에 접근 (추가 SQL 쿼리 없음):
게시글: 게시글 2-1, 작성자: 닉네임2
=== 게시글 ID: 8 사용자 정보 접근 완료 ===

=== [9/15] 게시글 ID: 9 사용자 정보 접근 시작 ===
이미 로딩된 사용자 정보에 접근 (추가 SQL 쿼리 없음):
게시글: 게시글 2-2, 작성자: 닉네임2
=== 게시글 ID: 9 사용자 정보 접근 완료 ===

=== [10/15] 게시글 ID: 10 사용자 정보 접근 시작 ===
이미 로딩된 사용자 정보에 접근 (추가 SQL 쿼리 없음):
게시글: 게시글 3-0, 작성자: 닉네임3
=== 게시글 ID: 10 사용자 정보 접근 완료 ===

=== [11/15] 게시글 ID: 11 사용자 정보 접근 시작 ===
이미 로딩된 사용자 정보에 접근 (추가 SQL 쿼리 없음):
게시글: 게시글 3-1, 작성자: 닉네임3
=== 게시글 ID: 11 사용자 정보 접근 완료 ===

=== [12/15] 게시글 ID: 12 사용자 정보 접근 시작 ===
이미 로딩된 사용자 정보에 접근 (추가 SQL 쿼리 없음):
게시글: 게시글 3-2, 작성자: 닉네임3
=== 게시글 ID: 12 사용자 정보 접근 완료 ===

=== [13/15] 게시글 ID: 13 사용자 정보 접근 시작 ===
이미 로딩된 사용자 정보에 접근 (추가 SQL 쿼리 없음):
게시글: 게시글 4-0, 작성자: 닉네임4
=== 게시글 ID: 13 사용자 정보 접근 완료 ===

=== [14/15] 게시글 ID: 14 사용자 정보 접근 시작 ===
이미 로딩된 사용자 정보에 접근 (추가 SQL 쿼리 없음):
게시글: 게시글 4-1, 작성자: 닉네임4
=== 게시글 ID: 14 사용자 정보 접근 완료 ===

=== [15/15] 게시글 ID: 15 사용자 정보 접근 시작 ===
이미 로딩된 사용자 정보에 접근 (추가 SQL 쿼리 없음):
게시글: 게시글 4-2, 작성자: 닉네임4
=== 게시글 ID: 15 사용자 정보 접근 완료 ===

N+1 문제 해결: Fetch Join으로 단 1번의 쿼리로 모든 데이터 조회 완료


===== 판매 상태 변경 테스트 =====
2025-05-16T20:30:51.586+09:00 DEBUG 22264 --- [    Test worker] org.hibernate.SQL                        : 
    /* <criteria> */ select
        p1_0.post_id,
        p1_0.content,
        p1_0.created_at,
        p1_0.status,
        p1_0.title,
        p1_0.updated_at,
        p1_0.user_id 
    from
        posts p1_0 
    where
        p1_0.user_id=?
Hibernate: 
    /* <criteria> */ select
        p1_0.post_id,
        p1_0.content,
        p1_0.created_at,
        p1_0.status,
        p1_0.title,
        p1_0.updated_at,
        p1_0.user_id 
    from
        posts p1_0 
    where
        p1_0.user_id=?
2025-05-16T20:30:51.586+09:00 TRACE 22264 --- [    Test worker] o.h.r.j.i.ResourceRegistryStandardImpl   : Registering statement [HikariProxyPreparedStatement@1146610503 wrapping com.mysql.cj.jdbc.ClientPreparedStatement: /* <criteria> */ select p1_0.post_id,p1_0.content,p1_0.created_at,p1_0.status,p1_0.title,p1_0.updated_at,p1_0.user_id from posts p1_0 where p1_0.user_id=** NOT SPECIFIED **]
2025-05-16T20:30:51.586+09:00 TRACE 22264 --- [    Test worker] o.h.e.jdbc.internal.JdbcCoordinatorImpl  : Registering last query statement [HikariProxyPreparedStatement@1146610503 wrapping com.mysql.cj.jdbc.ClientPreparedStatement: /* <criteria> */ select p1_0.post_id,p1_0.content,p1_0.created_at,p1_0.status,p1_0.title,p1_0.updated_at,p1_0.user_id from posts p1_0 where p1_0.user_id=** NOT SPECIFIED **]
2025-05-16T20:30:51.586+09:00 TRACE 22264 --- [    Test worker] org.hibernate.orm.jdbc.bind              : binding parameter (1:BIGINT) <- [1]
2025-05-16T20:30:51.587+09:00 TRACE 22264 --- [    Test worker] o.h.r.j.i.ResourceRegistryStandardImpl   : Registering result set [HikariProxyResultSet@1603358056 wrapping com.mysql.cj.jdbc.result.ResultSetImpl@177244f5]
2025-05-16T20:30:51.587+09:00 TRACE 22264 --- [    Test worker] o.h.r.j.i.ResourceRegistryStandardImpl   : Releasing result set [HikariProxyResultSet@1603358056 wrapping com.mysql.cj.jdbc.result.ResultSetImpl@177244f5]
2025-05-16T20:30:51.587+09:00 TRACE 22264 --- [    Test worker] o.h.r.j.i.ResourceRegistryStandardImpl   : Closing result set [HikariProxyResultSet@1603358056 wrapping com.mysql.cj.jdbc.result.ResultSetImpl@177244f5]
2025-05-16T20:30:51.587+09:00 TRACE 22264 --- [    Test worker] o.h.r.j.i.ResourceRegistryStandardImpl   : Releasing statement [HikariProxyPreparedStatement@1146610503 wrapping com.mysql.cj.jdbc.ClientPreparedStatement: /* <criteria> */ select p1_0.post_id,p1_0.content,p1_0.created_at,p1_0.status,p1_0.title,p1_0.updated_at,p1_0.user_id from posts p1_0 where p1_0.user_id=1]
2025-05-16T20:30:51.587+09:00 TRACE 22264 --- [    Test worker] o.h.r.j.i.ResourceRegistryStandardImpl   : Closing prepared statement [HikariProxyPreparedStatement@1146610503 wrapping com.mysql.cj.jdbc.ClientPreparedStatement: /* <criteria> */ select p1_0.post_id,p1_0.content,p1_0.created_at,p1_0.status,p1_0.title,p1_0.updated_at,p1_0.user_id from posts p1_0 where p1_0.user_id=1]
2025-05-16T20:30:51.587+09:00 DEBUG 22264 --- [    Test worker] o.h.stat.internal.StatisticsImpl         : HHH000117: HQL: [CRITERIA] select p1_0.post_id,p1_0.content,p1_0.created_at,p1_0.status,p1_0.title,p1_0.updated_at,p1_0.user_id from posts p1_0 where p1_0.user_id=?, time: 0ms, rows: 3
2025-05-16T20:30:51.595+09:00 TRACE 22264 --- [    Test worker] o.h.r.j.i.ResourceRegistryStandardImpl   : Registering statement [HikariProxyPreparedStatement@952879527 wrapping com.mysql.cj.jdbc.ClientPreparedStatement: /* update for org.example.springboot.domain.Post */update posts set content=** NOT SPECIFIED **,created_at=** NOT SPECIFIED **,status=** NOT SPECIFIED **,title=** NOT SPECIFIED **,updated_at=** NOT SPECIFIED **,user_id=** NOT SPECIFIED ** where post_id=** NOT SPECIFIED **]
2025-05-16T20:30:51.595+09:00 TRACE 22264 --- [    Test worker] o.h.r.j.i.ResourceRegistryStandardImpl   : Registering result set [null]
2025-05-16T20:30:51.595+09:00 DEBUG 22264 --- [    Test worker] org.hibernate.SQL                        : 
    /* update
        for org.example.springboot.domain.Post */update posts 
    set
        content=?,
        created_at=?,
        status=?,
        title=?,
        updated_at=?,
        user_id=? 
    where
        post_id=?
Hibernate: 
    /* update
        for org.example.springboot.domain.Post */update posts 
    set
        content=?,
        created_at=?,
        status=?,
        title=?,
        updated_at=?,
        user_id=? 
    where
        post_id=?
2025-05-16T20:30:51.595+09:00 TRACE 22264 --- [    Test worker] org.hibernate.orm.jdbc.bind              : binding parameter (1:VARCHAR) <- [게시글 내용 0-0]
2025-05-16T20:30:51.595+09:00 TRACE 22264 --- [    Test worker] org.hibernate.orm.jdbc.bind              : binding parameter (2:TIMESTAMP) <- [2025-05-16T20:30:51.475629]
2025-05-16T20:30:51.595+09:00 TRACE 22264 --- [    Test worker] org.hibernate.orm.jdbc.bind              : binding parameter (3:VARCHAR) <- [판매완료]
2025-05-16T20:30:51.595+09:00 TRACE 22264 --- [    Test worker] org.hibernate.orm.jdbc.bind              : binding parameter (4:VARCHAR) <- [게시글 0-0]
2025-05-16T20:30:51.595+09:00 TRACE 22264 --- [    Test worker] org.hibernate.orm.jdbc.bind              : binding parameter (5:TIMESTAMP) <- [2025-05-16T20:30:51.592734]
2025-05-16T20:30:51.595+09:00 TRACE 22264 --- [    Test worker] org.hibernate.orm.jdbc.bind              : binding parameter (6:BIGINT) <- [1]
2025-05-16T20:30:51.595+09:00 TRACE 22264 --- [    Test worker] org.hibernate.orm.jdbc.bind              : binding parameter (7:BIGINT) <- [1]
2025-05-16T20:30:51.597+09:00 TRACE 22264 --- [    Test worker] o.h.r.j.i.ResourceRegistryStandardImpl   : Releasing statement [HikariProxyPreparedStatement@952879527 wrapping com.mysql.cj.jdbc.ClientPreparedStatement: /* update for org.example.springboot.domain.Post */update posts set content='게시글 내용 0-0',created_at='2025-05-16 20:30:51.475629',status='판매완료',title='게시글 0-0',updated_at='2025-05-16 20:30:51.592734',user_id=1 where post_id=1]
2025-05-16T20:30:51.597+09:00 TRACE 22264 --- [    Test worker] o.h.r.j.i.ResourceRegistryStandardImpl   : Closing result set [null]
2025-05-16T20:30:51.597+09:00 TRACE 22264 --- [    Test worker] o.h.r.j.i.ResourceRegistryStandardImpl   : Closing prepared statement [HikariProxyPreparedStatement@952879527 wrapping com.mysql.cj.jdbc.ClientPreparedStatement: /* update for org.example.springboot.domain.Post */update posts set content='게시글 내용 0-0',created_at='2025-05-16 20:30:51.475629',status='판매완료',title='게시글 0-0',updated_at='2025-05-16 20:30:51.592734',user_id=1 where post_id=1]
2025-05-16T20:30:51.597+09:00 TRACE 22264 --- [    Test worker] o.h.e.jdbc.internal.JdbcCoordinatorImpl  : Starting after statement execution processing [ON_CLOSE]
2025-05-16T20:30:51.597+09:00 TRACE 22264 --- [    Test worker] o.h.e.jdbc.internal.JdbcCoordinatorImpl  : Starting after statement execution processing [ON_CLOSE]
2025-05-16T20:30:51.597+09:00 TRACE 22264 --- [    Test worker] o.h.e.jdbc.internal.JdbcCoordinatorImpl  : Starting after statement execution processing [ON_CLOSE]
2025-05-16T20:30:51.598+09:00 DEBUG 22264 --- [    Test worker] org.hibernate.SQL                        : 
    /* <criteria> */ select
        p1_0.post_id,
        p1_0.content,
        p1_0.created_at,
        p1_0.status,
        p1_0.title,
        p1_0.updated_at,
        p1_0.user_id 
    from
        posts p1_0 
    where
        p1_0.user_id=?
Hibernate: 
    /* <criteria> */ select
        p1_0.post_id,
        p1_0.content,
        p1_0.created_at,
        p1_0.status,
        p1_0.title,
        p1_0.updated_at,
        p1_0.user_id 
    from
        posts p1_0 
    where
        p1_0.user_id=?
2025-05-16T20:30:51.598+09:00 TRACE 22264 --- [    Test worker] o.h.r.j.i.ResourceRegistryStandardImpl   : Registering statement [HikariProxyPreparedStatement@1723057270 wrapping com.mysql.cj.jdbc.ClientPreparedStatement: /* <criteria> */ select p1_0.post_id,p1_0.content,p1_0.created_at,p1_0.status,p1_0.title,p1_0.updated_at,p1_0.user_id from posts p1_0 where p1_0.user_id=** NOT SPECIFIED **]
2025-05-16T20:30:51.598+09:00 TRACE 22264 --- [    Test worker] o.h.e.jdbc.internal.JdbcCoordinatorImpl  : Registering last query statement [HikariProxyPreparedStatement@1723057270 wrapping com.mysql.cj.jdbc.ClientPreparedStatement: /* <criteria> */ select p1_0.post_id,p1_0.content,p1_0.created_at,p1_0.status,p1_0.title,p1_0.updated_at,p1_0.user_id from posts p1_0 where p1_0.user_id=** NOT SPECIFIED **]
2025-05-16T20:30:51.598+09:00 TRACE 22264 --- [    Test worker] org.hibernate.orm.jdbc.bind              : binding parameter (1:BIGINT) <- [2]
2025-05-16T20:30:51.599+09:00 TRACE 22264 --- [    Test worker] o.h.r.j.i.ResourceRegistryStandardImpl   : Registering result set [HikariProxyResultSet@1187179917 wrapping com.mysql.cj.jdbc.result.ResultSetImpl@4ee8ba7f]
2025-05-16T20:30:51.600+09:00 TRACE 22264 --- [    Test worker] o.h.r.j.i.ResourceRegistryStandardImpl   : Releasing result set [HikariProxyResultSet@1187179917 wrapping com.mysql.cj.jdbc.result.ResultSetImpl@4ee8ba7f]
2025-05-16T20:30:51.600+09:00 TRACE 22264 --- [    Test worker] o.h.r.j.i.ResourceRegistryStandardImpl   : Closing result set [HikariProxyResultSet@1187179917 wrapping com.mysql.cj.jdbc.result.ResultSetImpl@4ee8ba7f]
2025-05-16T20:30:51.600+09:00 TRACE 22264 --- [    Test worker] o.h.r.j.i.ResourceRegistryStandardImpl   : Releasing statement [HikariProxyPreparedStatement@1723057270 wrapping com.mysql.cj.jdbc.ClientPreparedStatement: /* <criteria> */ select p1_0.post_id,p1_0.content,p1_0.created_at,p1_0.status,p1_0.title,p1_0.updated_at,p1_0.user_id from posts p1_0 where p1_0.user_id=2]
2025-05-16T20:30:51.600+09:00 TRACE 22264 --- [    Test worker] o.h.r.j.i.ResourceRegistryStandardImpl   : Closing prepared statement [HikariProxyPreparedStatement@1723057270 wrapping com.mysql.cj.jdbc.ClientPreparedStatement: /* <criteria> */ select p1_0.post_id,p1_0.content,p1_0.created_at,p1_0.status,p1_0.title,p1_0.updated_at,p1_0.user_id from posts p1_0 where p1_0.user_id=2]
2025-05-16T20:30:51.600+09:00 DEBUG 22264 --- [    Test worker] o.h.stat.internal.StatisticsImpl         : HHH000117: HQL: [CRITERIA] select p1_0.post_id,p1_0.content,p1_0.created_at,p1_0.status,p1_0.title,p1_0.updated_at,p1_0.user_id from posts p1_0 where p1_0.user_id=?, time: 0ms, rows: 3
2025-05-16T20:30:51.603+09:00 TRACE 22264 --- [    Test worker] o.h.r.j.i.ResourceRegistryStandardImpl   : Registering statement [HikariProxyPreparedStatement@592060905 wrapping com.mysql.cj.jdbc.ClientPreparedStatement: /* update for org.example.springboot.domain.Post */update posts set content=** NOT SPECIFIED **,created_at=** NOT SPECIFIED **,status=** NOT SPECIFIED **,title=** NOT SPECIFIED **,updated_at=** NOT SPECIFIED **,user_id=** NOT SPECIFIED ** where post_id=** NOT SPECIFIED **]
2025-05-16T20:30:51.603+09:00 TRACE 22264 --- [    Test worker] o.h.r.j.i.ResourceRegistryStandardImpl   : Registering result set [null]
2025-05-16T20:30:51.603+09:00 DEBUG 22264 --- [    Test worker] org.hibernate.SQL                        : 
    /* update
        for org.example.springboot.domain.Post */update posts 
    set
        content=?,
        created_at=?,
        status=?,
        title=?,
        updated_at=?,
        user_id=? 
    where
        post_id=?
Hibernate: 
    /* update
        for org.example.springboot.domain.Post */update posts 
    set
        content=?,
        created_at=?,
        status=?,
        title=?,
        updated_at=?,
        user_id=? 
    where
        post_id=?
2025-05-16T20:30:51.603+09:00 TRACE 22264 --- [    Test worker] org.hibernate.orm.jdbc.bind              : binding parameter (1:VARCHAR) <- [게시글 내용 1-0]
2025-05-16T20:30:51.603+09:00 TRACE 22264 --- [    Test worker] org.hibernate.orm.jdbc.bind              : binding parameter (2:TIMESTAMP) <- [2025-05-16T20:30:51.482993]
2025-05-16T20:30:51.603+09:00 TRACE 22264 --- [    Test worker] org.hibernate.orm.jdbc.bind              : binding parameter (3:VARCHAR) <- [예약중]
2025-05-16T20:30:51.603+09:00 TRACE 22264 --- [    Test worker] org.hibernate.orm.jdbc.bind              : binding parameter (4:VARCHAR) <- [게시글 1-0]
2025-05-16T20:30:51.603+09:00 TRACE 22264 --- [    Test worker] org.hibernate.orm.jdbc.bind              : binding parameter (5:TIMESTAMP) <- [2025-05-16T20:30:51.602884]
2025-05-16T20:30:51.603+09:00 TRACE 22264 --- [    Test worker] org.hibernate.orm.jdbc.bind              : binding parameter (6:BIGINT) <- [2]
2025-05-16T20:30:51.603+09:00 TRACE 22264 --- [    Test worker] org.hibernate.orm.jdbc.bind              : binding parameter (7:BIGINT) <- [4]
2025-05-16T20:30:51.604+09:00 TRACE 22264 --- [    Test worker] o.h.r.j.i.ResourceRegistryStandardImpl   : Releasing statement [HikariProxyPreparedStatement@592060905 wrapping com.mysql.cj.jdbc.ClientPreparedStatement: /* update for org.example.springboot.domain.Post */update posts set content='게시글 내용 1-0',created_at='2025-05-16 20:30:51.482993',status='예약중',title='게시글 1-0',updated_at='2025-05-16 20:30:51.602884',user_id=2 where post_id=4]
2025-05-16T20:30:51.604+09:00 TRACE 22264 --- [    Test worker] o.h.r.j.i.ResourceRegistryStandardImpl   : Closing result set [null]
2025-05-16T20:30:51.604+09:00 TRACE 22264 --- [    Test worker] o.h.r.j.i.ResourceRegistryStandardImpl   : Closing prepared statement [HikariProxyPreparedStatement@592060905 wrapping com.mysql.cj.jdbc.ClientPreparedStatement: /* update for org.example.springboot.domain.Post */update posts set content='게시글 내용 1-0',created_at='2025-05-16 20:30:51.482993',status='예약중',title='게시글 1-0',updated_at='2025-05-16 20:30:51.602884',user_id=2 where post_id=4]
2025-05-16T20:30:51.604+09:00 TRACE 22264 --- [    Test worker] o.h.e.jdbc.internal.JdbcCoordinatorImpl  : Starting after statement execution processing [ON_CLOSE]
2025-05-16T20:30:51.604+09:00 TRACE 22264 --- [    Test worker] o.h.e.jdbc.internal.JdbcCoordinatorImpl  : Starting after statement execution processing [ON_CLOSE]
2025-05-16T20:30:51.604+09:00 TRACE 22264 --- [    Test worker] o.h.e.jdbc.internal.JdbcCoordinatorImpl  : Starting after statement execution processing [ON_CLOSE]
2025-05-16T20:30:51.604+09:00 DEBUG 22264 --- [    Test worker] org.hibernate.SQL                        : 
    /* <criteria> */ select
        p1_0.post_id,
        p1_0.content,
        p1_0.created_at,
        p1_0.status,
        p1_0.title,
        p1_0.updated_at,
        p1_0.user_id 
    from
        posts p1_0 
    where
        p1_0.status=?
Hibernate: 
    /* <criteria> */ select
        p1_0.post_id,
        p1_0.content,
        p1_0.created_at,
        p1_0.status,
        p1_0.title,
        p1_0.updated_at,
        p1_0.user_id 
    from
        posts p1_0 
    where
        p1_0.status=?
2025-05-16T20:30:51.605+09:00 TRACE 22264 --- [    Test worker] o.h.r.j.i.ResourceRegistryStandardImpl   : Registering statement [HikariProxyPreparedStatement@209629865 wrapping com.mysql.cj.jdbc.ClientPreparedStatement: /* <criteria> */ select p1_0.post_id,p1_0.content,p1_0.created_at,p1_0.status,p1_0.title,p1_0.updated_at,p1_0.user_id from posts p1_0 where p1_0.status=** NOT SPECIFIED **]
2025-05-16T20:30:51.605+09:00 TRACE 22264 --- [    Test worker] o.h.e.jdbc.internal.JdbcCoordinatorImpl  : Registering last query statement [HikariProxyPreparedStatement@209629865 wrapping com.mysql.cj.jdbc.ClientPreparedStatement: /* <criteria> */ select p1_0.post_id,p1_0.content,p1_0.created_at,p1_0.status,p1_0.title,p1_0.updated_at,p1_0.user_id from posts p1_0 where p1_0.status=** NOT SPECIFIED **]
2025-05-16T20:30:51.605+09:00 TRACE 22264 --- [    Test worker] org.hibernate.orm.jdbc.bind              : binding parameter (1:VARCHAR) <- [판매중]
2025-05-16T20:30:51.605+09:00 TRACE 22264 --- [    Test worker] o.h.r.j.i.ResourceRegistryStandardImpl   : Registering result set [HikariProxyResultSet@2017097432 wrapping com.mysql.cj.jdbc.result.ResultSetImpl@a0d555f]
2025-05-16T20:30:51.606+09:00 TRACE 22264 --- [    Test worker] o.h.r.j.i.ResourceRegistryStandardImpl   : Releasing result set [HikariProxyResultSet@2017097432 wrapping com.mysql.cj.jdbc.result.ResultSetImpl@a0d555f]
2025-05-16T20:30:51.606+09:00 TRACE 22264 --- [    Test worker] o.h.r.j.i.ResourceRegistryStandardImpl   : Closing result set [HikariProxyResultSet@2017097432 wrapping com.mysql.cj.jdbc.result.ResultSetImpl@a0d555f]
2025-05-16T20:30:51.606+09:00 TRACE 22264 --- [    Test worker] o.h.r.j.i.ResourceRegistryStandardImpl   : Releasing statement [HikariProxyPreparedStatement@209629865 wrapping com.mysql.cj.jdbc.ClientPreparedStatement: /* <criteria> */ select p1_0.post_id,p1_0.content,p1_0.created_at,p1_0.status,p1_0.title,p1_0.updated_at,p1_0.user_id from posts p1_0 where p1_0.status='판매중']
2025-05-16T20:30:51.606+09:00 TRACE 22264 --- [    Test worker] o.h.r.j.i.ResourceRegistryStandardImpl   : Closing prepared statement [HikariProxyPreparedStatement@209629865 wrapping com.mysql.cj.jdbc.ClientPreparedStatement: /* <criteria> */ select p1_0.post_id,p1_0.content,p1_0.created_at,p1_0.status,p1_0.title,p1_0.updated_at,p1_0.user_id from posts p1_0 where p1_0.status='판매중']
2025-05-16T20:30:51.606+09:00 DEBUG 22264 --- [    Test worker] o.h.stat.internal.StatisticsImpl         : HHH000117: HQL: [CRITERIA] select p1_0.post_id,p1_0.content,p1_0.created_at,p1_0.status,p1_0.title,p1_0.updated_at,p1_0.user_id from posts p1_0 where p1_0.status=?, time: 0ms, rows: 13
2025-05-16T20:30:51.607+09:00 DEBUG 22264 --- [    Test worker] org.hibernate.SQL                        : 
    /* <criteria> */ select
        p1_0.post_id,
        p1_0.content,
        p1_0.created_at,
        p1_0.status,
        p1_0.title,
        p1_0.updated_at,
        p1_0.user_id 
    from
        posts p1_0 
    where
        p1_0.status=?
Hibernate: 
    /* <criteria> */ select
        p1_0.post_id,
        p1_0.content,
        p1_0.created_at,
        p1_0.status,
        p1_0.title,
        p1_0.updated_at,
        p1_0.user_id 
    from
        posts p1_0 
    where
        p1_0.status=?
2025-05-16T20:30:51.607+09:00 TRACE 22264 --- [    Test worker] o.h.r.j.i.ResourceRegistryStandardImpl   : Registering statement [HikariProxyPreparedStatement@1828539725 wrapping com.mysql.cj.jdbc.ClientPreparedStatement: /* <criteria> */ select p1_0.post_id,p1_0.content,p1_0.created_at,p1_0.status,p1_0.title,p1_0.updated_at,p1_0.user_id from posts p1_0 where p1_0.status=** NOT SPECIFIED **]
2025-05-16T20:30:51.607+09:00 TRACE 22264 --- [    Test worker] o.h.e.jdbc.internal.JdbcCoordinatorImpl  : Registering last query statement [HikariProxyPreparedStatement@1828539725 wrapping com.mysql.cj.jdbc.ClientPreparedStatement: /* <criteria> */ select p1_0.post_id,p1_0.content,p1_0.created_at,p1_0.status,p1_0.title,p1_0.updated_at,p1_0.user_id from posts p1_0 where p1_0.status=** NOT SPECIFIED **]
2025-05-16T20:30:51.607+09:00 TRACE 22264 --- [    Test worker] org.hibernate.orm.jdbc.bind              : binding parameter (1:VARCHAR) <- [예약중]
2025-05-16T20:30:51.608+09:00 TRACE 22264 --- [    Test worker] o.h.r.j.i.ResourceRegistryStandardImpl   : Registering result set [HikariProxyResultSet@1322072415 wrapping com.mysql.cj.jdbc.result.ResultSetImpl@7e775ef3]
2025-05-16T20:30:51.608+09:00 TRACE 22264 --- [    Test worker] o.h.r.j.i.ResourceRegistryStandardImpl   : Releasing result set [HikariProxyResultSet@1322072415 wrapping com.mysql.cj.jdbc.result.ResultSetImpl@7e775ef3]
2025-05-16T20:30:51.608+09:00 TRACE 22264 --- [    Test worker] o.h.r.j.i.ResourceRegistryStandardImpl   : Closing result set [HikariProxyResultSet@1322072415 wrapping com.mysql.cj.jdbc.result.ResultSetImpl@7e775ef3]
2025-05-16T20:30:51.608+09:00 TRACE 22264 --- [    Test worker] o.h.r.j.i.ResourceRegistryStandardImpl   : Releasing statement [HikariProxyPreparedStatement@1828539725 wrapping com.mysql.cj.jdbc.ClientPreparedStatement: /* <criteria> */ select p1_0.post_id,p1_0.content,p1_0.created_at,p1_0.status,p1_0.title,p1_0.updated_at,p1_0.user_id from posts p1_0 where p1_0.status='예약중']
2025-05-16T20:30:51.608+09:00 TRACE 22264 --- [    Test worker] o.h.r.j.i.ResourceRegistryStandardImpl   : Closing prepared statement [HikariProxyPreparedStatement@1828539725 wrapping com.mysql.cj.jdbc.ClientPreparedStatement: /* <criteria> */ select p1_0.post_id,p1_0.content,p1_0.created_at,p1_0.status,p1_0.title,p1_0.updated_at,p1_0.user_id from posts p1_0 where p1_0.status='예약중']
2025-05-16T20:30:51.608+09:00 DEBUG 22264 --- [    Test worker] o.h.stat.internal.StatisticsImpl         : HHH000117: HQL: [CRITERIA] select p1_0.post_id,p1_0.content,p1_0.created_at,p1_0.status,p1_0.title,p1_0.updated_at,p1_0.user_id from posts p1_0 where p1_0.status=?, time: 0ms, rows: 1
2025-05-16T20:30:51.609+09:00 DEBUG 22264 --- [    Test worker] org.hibernate.SQL                        : 
    /* <criteria> */ select
        p1_0.post_id,
        p1_0.content,
        p1_0.created_at,
        p1_0.status,
        p1_0.title,
        p1_0.updated_at,
        p1_0.user_id 
    from
        posts p1_0 
    where
        p1_0.status=?
Hibernate: 
    /* <criteria> */ select
        p1_0.post_id,
        p1_0.content,
        p1_0.created_at,
        p1_0.status,
        p1_0.title,
        p1_0.updated_at,
        p1_0.user_id 
    from
        posts p1_0 
    where
        p1_0.status=?
2025-05-16T20:30:51.610+09:00 TRACE 22264 --- [    Test worker] o.h.r.j.i.ResourceRegistryStandardImpl   : Registering statement [HikariProxyPreparedStatement@1969657315 wrapping com.mysql.cj.jdbc.ClientPreparedStatement: /* <criteria> */ select p1_0.post_id,p1_0.content,p1_0.created_at,p1_0.status,p1_0.title,p1_0.updated_at,p1_0.user_id from posts p1_0 where p1_0.status=** NOT SPECIFIED **]
2025-05-16T20:30:51.610+09:00 TRACE 22264 --- [    Test worker] o.h.e.jdbc.internal.JdbcCoordinatorImpl  : Registering last query statement [HikariProxyPreparedStatement@1969657315 wrapping com.mysql.cj.jdbc.ClientPreparedStatement: /* <criteria> */ select p1_0.post_id,p1_0.content,p1_0.created_at,p1_0.status,p1_0.title,p1_0.updated_at,p1_0.user_id from posts p1_0 where p1_0.status=** NOT SPECIFIED **]
2025-05-16T20:30:51.610+09:00 TRACE 22264 --- [    Test worker] org.hibernate.orm.jdbc.bind              : binding parameter (1:VARCHAR) <- [판매완료]
2025-05-16T20:30:51.610+09:00 TRACE 22264 --- [    Test worker] o.h.r.j.i.ResourceRegistryStandardImpl   : Registering result set [HikariProxyResultSet@2015920792 wrapping com.mysql.cj.jdbc.result.ResultSetImpl@544364ba]
2025-05-16T20:30:51.610+09:00 TRACE 22264 --- [    Test worker] o.h.r.j.i.ResourceRegistryStandardImpl   : Releasing result set [HikariProxyResultSet@2015920792 wrapping com.mysql.cj.jdbc.result.ResultSetImpl@544364ba]
2025-05-16T20:30:51.610+09:00 TRACE 22264 --- [    Test worker] o.h.r.j.i.ResourceRegistryStandardImpl   : Closing result set [HikariProxyResultSet@2015920792 wrapping com.mysql.cj.jdbc.result.ResultSetImpl@544364ba]
2025-05-16T20:30:51.610+09:00 TRACE 22264 --- [    Test worker] o.h.r.j.i.ResourceRegistryStandardImpl   : Releasing statement [HikariProxyPreparedStatement@1969657315 wrapping com.mysql.cj.jdbc.ClientPreparedStatement: /* <criteria> */ select p1_0.post_id,p1_0.content,p1_0.created_at,p1_0.status,p1_0.title,p1_0.updated_at,p1_0.user_id from posts p1_0 where p1_0.status='판매완료']
2025-05-16T20:30:51.610+09:00 TRACE 22264 --- [    Test worker] o.h.r.j.i.ResourceRegistryStandardImpl   : Closing prepared statement [HikariProxyPreparedStatement@1969657315 wrapping com.mysql.cj.jdbc.ClientPreparedStatement: /* <criteria> */ select p1_0.post_id,p1_0.content,p1_0.created_at,p1_0.status,p1_0.title,p1_0.updated_at,p1_0.user_id from posts p1_0 where p1_0.status='판매완료']
2025-05-16T20:30:51.611+09:00 DEBUG 22264 --- [    Test worker] o.h.stat.internal.StatisticsImpl         : HHH000117: HQL: [CRITERIA] select p1_0.post_id,p1_0.content,p1_0.created_at,p1_0.status,p1_0.title,p1_0.updated_at,p1_0.user_id from posts p1_0 where p1_0.status=?, time: 0ms, rows: 1
판매중 게시글 수: 13
예약중 게시글 수: 1
판매완료 게시글 수: 1
2025-05-16T20:30:51.634+09:00 DEBUG 22264 --- [    Test worker] o.h.e.t.internal.TransactionImpl         : rolling back
2025-05-16T20:30:51.635+09:00 TRACE 22264 --- [    Test worker] o.h.r.j.i.ResourceRegistryStandardImpl   : Releasing JDBC resources
2025-05-16T20:30:51.635+09:00 TRACE 22264 --- [    Test worker] o.h.e.jdbc.internal.JdbcCoordinatorImpl  : Starting after statement execution processing [ON_CLOSE]
2025-05-16T20:30:51.636+09:00  INFO 22264 --- [    Test worker] i.StatisticalLoggingSessionEventListener : Session Metrics {
    341666 nanoseconds spent acquiring 1 JDBC connections;
    0 nanoseconds spent releasing 0 JDBC connections;
    7375000 nanoseconds spent preparing 35 JDBC statements;
    23496376 nanoseconds spent executing 33 JDBC statements;
    2159250 nanoseconds spent executing 2 JDBC batches;
    0 nanoseconds spent performing 0 L2C puts;
    0 nanoseconds spent performing 0 L2C hits;
    0 nanoseconds spent performing 0 L2C misses;
    1913583 nanoseconds spent executing 2 flushes (flushing a total of 40 entities and 130 collections);
    1954711 nanoseconds spent executing 8 pre-partial-flushes;
    15216916 nanoseconds spent executing 8 partial-flushes (flushing a total of 120 entities and 120 collections)
}
2025-05-16T20:30:51.636+09:00 TRACE 22264 --- [    Test worker] o.h.e.jdbc.internal.JdbcCoordinatorImpl  : Closing JDBC container [org.hibernate.engine.jdbc.internal.JdbcCoordinatorImpl@4cec414d]
2025-05-16T20:30:51.636+09:00 DEBUG 22264 --- [    Test worker] o.h.e.jdbc.internal.JdbcCoordinatorImpl  : HHH000420: Closing un-released batch
2025-05-16T20:30:51.636+09:00 TRACE 22264 --- [    Test worker] o.h.e.jdbc.internal.JdbcCoordinatorImpl  : Starting after statement execution processing [ON_CLOSE]
2025-05-16T20:30:51.636+09:00 TRACE 22264 --- [    Test worker] o.h.r.j.i.ResourceRegistryStandardImpl   : Releasing JDBC resources
2025-05-16T20:30:51.636+09:00 TRACE 22264 --- [    Test worker] o.h.e.jdbc.internal.JdbcCoordinatorImpl  : Starting after statement execution processing [ON_CLOSE]
2025-05-16T20:30:51.636+09:00 TRACE 22264 --- [    Test worker] o.h.r.j.i.ResourceRegistryStandardImpl   : Releasing JDBC resources
2025-05-16T20:30:51.636+09:00 TRACE 22264 --- [    Test worker] o.h.e.jdbc.internal.JdbcCoordinatorImpl  : Starting after statement execution processing [ON_CLOSE]
]]></system-out>
  <system-err><![CDATA[Mockito is currently self-attaching to enable the inline-mock-maker. This will no longer work in future releases of the JDK. Please add Mockito as an agent to your build what is described in Mockito's documentation: https://javadoc.io/doc/org.mockito/mockito-core/latest/org/mockito/Mockito.html#0.3
WARNING: A Java agent has been loaded dynamically (/Users/chane/.gradle/caches/modules-2/files-2.1/net.bytebuddy/byte-buddy-agent/1.15.11/a38b16385e867f59a641330f0362ebe742788ed8/byte-buddy-agent-1.15.11.jar)
WARNING: If a serviceability tool is in use, please run with -XX:+EnableDynamicAgentLoading to hide this warning
WARNING: If a serviceability tool is not in use, please run with -Djdk.instrument.traceUsage for more information
WARNING: Dynamic loading of agents will be disallowed by default in a future release
]]></system-err>
</testsuite>
