<?xml version="1.0" encoding="UTF-8"?>
<testsuite name="org.example.springboot.repository.ChattingRoomRepositoryTest" tests="1" skipped="0" failures="0" errors="0" timestamp="2025-05-09T11:52:36.963Z" hostname="bagbyeongchan-ui-MacBook-Pro.local" time="0.036">
  <properties/>
  <testcase name="채팅방 등록 및 조회 테스트" classname="org.example.springboot.repository.ChattingRoomRepositoryTest" time="0.036"/>
  <system-out><![CDATA[2025-05-09T20:52:36.961+09:00  INFO 31616 --- [    Test worker] t.c.s.AnnotationConfigContextLoaderUtils : Could not detect default configuration classes for test class [org.example.springboot.repository.ChattingRoomRepositoryTest]: ChattingRoomRepositoryTest does not declare any static, non-private, non-final, nested classes annotated with @Configuration.
2025-05-09T20:52:36.962+09:00  INFO 31616 --- [    Test worker] .b.t.c.SpringBootTestContextBootstrapper : Found @SpringBootConfiguration org.example.springboot.Application for test class org.example.springboot.repository.ChattingRoomRepositoryTest
2025-05-09T20:52:36.965+09:00 DEBUG 31616 --- [    Test worker] org.hibernate.SQL                        : 
    insert 
    into
        users
        (created_at, email, name, nickname, password, phone, profile, profile_img_path, role) 
    values
        (?, ?, ?, ?, ?, ?, ?, ?, ?)
Hibernate: 
    insert 
    into
        users
        (created_at, email, name, nickname, password, phone, profile, profile_img_path, role) 
    values
        (?, ?, ?, ?, ?, ?, ?, ?, ?)
2025-05-09T20:52:36.967+09:00 DEBUG 31616 --- [    Test worker] org.hibernate.SQL                        : 
    insert 
    into
        users
        (created_at, email, name, nickname, password, phone, profile, profile_img_path, role) 
    values
        (?, ?, ?, ?, ?, ?, ?, ?, ?)
Hibernate: 
    insert 
    into
        users
        (created_at, email, name, nickname, password, phone, profile, profile_img_path, role) 
    values
        (?, ?, ?, ?, ?, ?, ?, ?, ?)
2025-05-09T20:52:36.969+09:00 DEBUG 31616 --- [    Test worker] org.hibernate.SQL                        : 
    insert 
    into
        users
        (created_at, email, name, nickname, password, phone, profile, profile_img_path, role) 
    values
        (?, ?, ?, ?, ?, ?, ?, ?, ?)
Hibernate: 
    insert 
    into
        users
        (created_at, email, name, nickname, password, phone, profile, profile_img_path, role) 
    values
        (?, ?, ?, ?, ?, ?, ?, ?, ?)
2025-05-09T20:52:36.970+09:00 DEBUG 31616 --- [    Test worker] org.hibernate.SQL                        : 
    insert 
    into
        posts
        (content, created_at, status, title, updated_at, user_id) 
    values
        (?, ?, ?, ?, ?, ?)
Hibernate: 
    insert 
    into
        posts
        (content, created_at, status, title, updated_at, user_id) 
    values
        (?, ?, ?, ?, ?, ?)
2025-05-09T20:52:36.972+09:00 DEBUG 31616 --- [    Test worker] org.hibernate.SQL                        : 
    insert 
    into
        posts
        (content, created_at, status, title, updated_at, user_id) 
    values
        (?, ?, ?, ?, ?, ?)
Hibernate: 
    insert 
    into
        posts
        (content, created_at, status, title, updated_at, user_id) 
    values
        (?, ?, ?, ?, ?, ?)
2025-05-09T20:52:36.973+09:00 DEBUG 31616 --- [    Test worker] org.hibernate.SQL                        : 
    insert 
    into
        chattingrooms
        (created_at, post_id, updated_at, user_id) 
    values
        (?, ?, ?, ?)
Hibernate: 
    insert 
    into
        chattingrooms
        (created_at, post_id, updated_at, user_id) 
    values
        (?, ?, ?, ?)
2025-05-09T20:52:36.975+09:00 DEBUG 31616 --- [    Test worker] org.hibernate.SQL                        : 
    insert 
    into
        chattingrooms
        (created_at, post_id, updated_at, user_id) 
    values
        (?, ?, ?, ?)
Hibernate: 
    insert 
    into
        chattingrooms
        (created_at, post_id, updated_at, user_id) 
    values
        (?, ?, ?, ?)
2025-05-09T20:52:36.976+09:00 DEBUG 31616 --- [    Test worker] org.hibernate.SQL                        : 
    insert 
    into
        chattingrooms
        (created_at, post_id, updated_at, user_id) 
    values
        (?, ?, ?, ?)
Hibernate: 
    insert 
    into
        chattingrooms
        (created_at, post_id, updated_at, user_id) 
    values
        (?, ?, ?, ?)
2025-05-09T20:52:36.978+09:00 DEBUG 31616 --- [    Test worker] org.hibernate.SQL                        : 
    select
        cr1_0.chattingroom_id,
        cr1_0.created_at,
        cr1_0.post_id,
        cr1_0.updated_at,
        cr1_0.user_id 
    from
        chattingrooms cr1_0
Hibernate: 
    select
        cr1_0.chattingroom_id,
        cr1_0.created_at,
        cr1_0.post_id,
        cr1_0.updated_at,
        cr1_0.user_id 
    from
        chattingrooms cr1_0
2025-05-09T20:52:36.984+09:00 DEBUG 31616 --- [    Test worker] org.hibernate.SQL                        : 
    select
        cr1_0.chattingroom_id,
        cr1_0.created_at,
        cr1_0.post_id,
        cr1_0.updated_at,
        cr1_0.user_id 
    from
        chattingrooms cr1_0 
    where
        cr1_0.user_id=?
Hibernate: 
    select
        cr1_0.chattingroom_id,
        cr1_0.created_at,
        cr1_0.post_id,
        cr1_0.updated_at,
        cr1_0.user_id 
    from
        chattingrooms cr1_0 
    where
        cr1_0.user_id=?
2025-05-09T20:52:36.986+09:00 DEBUG 31616 --- [    Test worker] org.hibernate.SQL                        : 
    select
        cr1_0.chattingroom_id,
        cr1_0.created_at,
        cr1_0.post_id,
        cr1_0.updated_at,
        cr1_0.user_id 
    from
        chattingrooms cr1_0 
    where
        cr1_0.user_id=?
Hibernate: 
    select
        cr1_0.chattingroom_id,
        cr1_0.created_at,
        cr1_0.post_id,
        cr1_0.updated_at,
        cr1_0.user_id 
    from
        chattingrooms cr1_0 
    where
        cr1_0.user_id=?
2025-05-09T20:52:36.988+09:00 DEBUG 31616 --- [    Test worker] org.hibernate.SQL                        : 
    select
        cr1_0.chattingroom_id,
        cr1_0.created_at,
        cr1_0.post_id,
        cr1_0.updated_at,
        cr1_0.user_id 
    from
        chattingrooms cr1_0 
    where
        cr1_0.post_id=?
Hibernate: 
    select
        cr1_0.chattingroom_id,
        cr1_0.created_at,
        cr1_0.post_id,
        cr1_0.updated_at,
        cr1_0.user_id 
    from
        chattingrooms cr1_0 
    where
        cr1_0.post_id=?
2025-05-09T20:52:36.990+09:00 DEBUG 31616 --- [    Test worker] org.hibernate.SQL                        : 
    select
        cr1_0.chattingroom_id,
        cr1_0.created_at,
        cr1_0.post_id,
        cr1_0.updated_at,
        cr1_0.user_id 
    from
        chattingrooms cr1_0 
    where
        cr1_0.post_id=?
Hibernate: 
    select
        cr1_0.chattingroom_id,
        cr1_0.created_at,
        cr1_0.post_id,
        cr1_0.updated_at,
        cr1_0.user_id 
    from
        chattingrooms cr1_0 
    where
        cr1_0.post_id=?
2025-05-09T20:52:36.992+09:00 DEBUG 31616 --- [    Test worker] org.hibernate.SQL                        : 
    select
        cr1_0.chattingroom_id,
        cr1_0.created_at,
        cr1_0.post_id,
        cr1_0.updated_at,
        cr1_0.user_id 
    from
        chattingrooms cr1_0 
    where
        cr1_0.user_id=? 
        and cr1_0.post_id=?
Hibernate: 
    select
        cr1_0.chattingroom_id,
        cr1_0.created_at,
        cr1_0.post_id,
        cr1_0.updated_at,
        cr1_0.user_id 
    from
        chattingrooms cr1_0 
    where
        cr1_0.user_id=? 
        and cr1_0.post_id=?
2025-05-09T20:52:36.996+09:00 DEBUG 31616 --- [    Test worker] org.hibernate.SQL                        : 
    select
        cr1_0.chattingroom_id,
        cr1_0.created_at,
        cr1_0.post_id,
        cr1_0.updated_at,
        cr1_0.user_id 
    from
        chattingrooms cr1_0 
    where
        cr1_0.post_id in (select
            p1_0.post_id 
        from
            posts p1_0 
        where
            p1_0.user_id=?)
Hibernate: 
    select
        cr1_0.chattingroom_id,
        cr1_0.created_at,
        cr1_0.post_id,
        cr1_0.updated_at,
        cr1_0.user_id 
    from
        chattingrooms cr1_0 
    where
        cr1_0.post_id in (select
            p1_0.post_id 
        from
            posts p1_0 
        where
            p1_0.user_id=?)
]]></system-out>
  <system-err><![CDATA[]]></system-err>
</testsuite>
