<?xml version="1.0" encoding="UTF-8"?>
<testsuite name="org.example.springboot.repository.PostLikeRepositoryTest" tests="1" skipped="0" failures="0" errors="0" timestamp="2025-05-09T11:52:37.058Z" hostname="bagbyeongchan-ui-MacBook-Pro.local" time="0.036">
  <properties/>
  <testcase name="게시물 좋아요 등록 및 조회 테스트" classname="org.example.springboot.repository.PostLikeRepositoryTest" time="0.036"/>
  <system-out><![CDATA[2025-05-09T20:52:37.056+09:00  INFO 31616 --- [    Test worker] t.c.s.AnnotationConfigContextLoaderUtils : Could not detect default configuration classes for test class [org.example.springboot.repository.PostLikeRepositoryTest]: PostLikeRepositoryTest does not declare any static, non-private, non-final, nested classes annotated with @Configuration.
2025-05-09T20:52:37.057+09:00  INFO 31616 --- [    Test worker] .b.t.c.SpringBootTestContextBootstrapper : Found @SpringBootConfiguration org.example.springboot.Application for test class org.example.springboot.repository.PostLikeRepositoryTest
2025-05-09T20:52:37.061+09:00 DEBUG 31616 --- [    Test worker] org.hibernate.SQL                        : 
    insert 
    into
        users
        (created_at, email, name, nickname, password, phone, profile, profile_img_path, role) 
    values
        (?, ?, ?, ?, ?, ?, ?, ?, ?)
Hibernate: 
    insert 
    into
        users
        (created_at, email, name, nickname, password, phone, profile, profile_img_path, role) 
    values
        (?, ?, ?, ?, ?, ?, ?, ?, ?)
2025-05-09T20:52:37.062+09:00 DEBUG 31616 --- [    Test worker] org.hibernate.SQL                        : 
    insert 
    into
        users
        (created_at, email, name, nickname, password, phone, profile, profile_img_path, role) 
    values
        (?, ?, ?, ?, ?, ?, ?, ?, ?)
Hibernate: 
    insert 
    into
        users
        (created_at, email, name, nickname, password, phone, profile, profile_img_path, role) 
    values
        (?, ?, ?, ?, ?, ?, ?, ?, ?)
2025-05-09T20:52:37.064+09:00 DEBUG 31616 --- [    Test worker] org.hibernate.SQL                        : 
    insert 
    into
        users
        (created_at, email, name, nickname, password, phone, profile, profile_img_path, role) 
    values
        (?, ?, ?, ?, ?, ?, ?, ?, ?)
Hibernate: 
    insert 
    into
        users
        (created_at, email, name, nickname, password, phone, profile, profile_img_path, role) 
    values
        (?, ?, ?, ?, ?, ?, ?, ?, ?)
2025-05-09T20:52:37.066+09:00 DEBUG 31616 --- [    Test worker] org.hibernate.SQL                        : 
    insert 
    into
        posts
        (content, created_at, status, title, updated_at, user_id) 
    values
        (?, ?, ?, ?, ?, ?)
Hibernate: 
    insert 
    into
        posts
        (content, created_at, status, title, updated_at, user_id) 
    values
        (?, ?, ?, ?, ?, ?)
2025-05-09T20:52:37.067+09:00 DEBUG 31616 --- [    Test worker] org.hibernate.SQL                        : 
    insert 
    into
        posts
        (content, created_at, status, title, updated_at, user_id) 
    values
        (?, ?, ?, ?, ?, ?)
Hibernate: 
    insert 
    into
        posts
        (content, created_at, status, title, updated_at, user_id) 
    values
        (?, ?, ?, ?, ?, ?)
2025-05-09T20:52:37.068+09:00 DEBUG 31616 --- [    Test worker] org.hibernate.SQL                        : 
    insert 
    into
        postlikes
        (post_id, user_id) 
    values
        (?, ?)
Hibernate: 
    insert 
    into
        postlikes
        (post_id, user_id) 
    values
        (?, ?)
2025-05-09T20:52:37.069+09:00 DEBUG 31616 --- [    Test worker] org.hibernate.SQL                        : 
    insert 
    into
        postlikes
        (post_id, user_id) 
    values
        (?, ?)
Hibernate: 
    insert 
    into
        postlikes
        (post_id, user_id) 
    values
        (?, ?)
2025-05-09T20:52:37.070+09:00 DEBUG 31616 --- [    Test worker] org.hibernate.SQL                        : 
    insert 
    into
        postlikes
        (post_id, user_id) 
    values
        (?, ?)
Hibernate: 
    insert 
    into
        postlikes
        (post_id, user_id) 
    values
        (?, ?)
2025-05-09T20:52:37.071+09:00 DEBUG 31616 --- [    Test worker] org.hibernate.SQL                        : 
    insert 
    into
        postlikes
        (post_id, user_id) 
    values
        (?, ?)
Hibernate: 
    insert 
    into
        postlikes
        (post_id, user_id) 
    values
        (?, ?)
2025-05-09T20:52:37.072+09:00 DEBUG 31616 --- [    Test worker] org.hibernate.SQL                        : 
    select
        pl1_0.id,
        pl1_0.post_id,
        pl1_0.user_id 
    from
        postlikes pl1_0
Hibernate: 
    select
        pl1_0.id,
        pl1_0.post_id,
        pl1_0.user_id 
    from
        postlikes pl1_0
2025-05-09T20:52:37.074+09:00 DEBUG 31616 --- [    Test worker] org.hibernate.SQL                        : 
    select
        pl1_0.id,
        pl1_0.post_id,
        pl1_0.user_id 
    from
        postlikes pl1_0 
    where
        pl1_0.post_id=?
Hibernate: 
    select
        pl1_0.id,
        pl1_0.post_id,
        pl1_0.user_id 
    from
        postlikes pl1_0 
    where
        pl1_0.post_id=?
2025-05-09T20:52:37.076+09:00 DEBUG 31616 --- [    Test worker] org.hibernate.SQL                        : 
    select
        pl1_0.id,
        pl1_0.post_id,
        pl1_0.user_id 
    from
        postlikes pl1_0 
    where
        pl1_0.post_id=?
Hibernate: 
    select
        pl1_0.id,
        pl1_0.post_id,
        pl1_0.user_id 
    from
        postlikes pl1_0 
    where
        pl1_0.post_id=?
2025-05-09T20:52:37.078+09:00 DEBUG 31616 --- [    Test worker] org.hibernate.SQL                        : 
    select
        pl1_0.id,
        pl1_0.post_id,
        pl1_0.user_id 
    from
        postlikes pl1_0 
    where
        pl1_0.user_id=?
Hibernate: 
    select
        pl1_0.id,
        pl1_0.post_id,
        pl1_0.user_id 
    from
        postlikes pl1_0 
    where
        pl1_0.user_id=?
2025-05-09T20:52:37.079+09:00 DEBUG 31616 --- [    Test worker] org.hibernate.SQL                        : 
    select
        pl1_0.id,
        pl1_0.post_id,
        pl1_0.user_id 
    from
        postlikes pl1_0 
    where
        pl1_0.user_id=?
Hibernate: 
    select
        pl1_0.id,
        pl1_0.post_id,
        pl1_0.user_id 
    from
        postlikes pl1_0 
    where
        pl1_0.user_id=?
2025-05-09T20:52:37.080+09:00 DEBUG 31616 --- [    Test worker] org.hibernate.SQL                        : 
    select
        pl1_0.id,
        pl1_0.post_id,
        pl1_0.user_id 
    from
        postlikes pl1_0 
    where
        pl1_0.post_id=? 
        and pl1_0.user_id=?
Hibernate: 
    select
        pl1_0.id,
        pl1_0.post_id,
        pl1_0.user_id 
    from
        postlikes pl1_0 
    where
        pl1_0.post_id=? 
        and pl1_0.user_id=?
2025-05-09T20:52:37.083+09:00 DEBUG 31616 --- [    Test worker] org.hibernate.SQL                        : 
    select
        pl1_0.id 
    from
        postlikes pl1_0 
    where
        pl1_0.post_id=? 
        and pl1_0.user_id=? 
    limit
        ?
Hibernate: 
    select
        pl1_0.id 
    from
        postlikes pl1_0 
    where
        pl1_0.post_id=? 
        and pl1_0.user_id=? 
    limit
        ?
2025-05-09T20:52:37.086+09:00 DEBUG 31616 --- [    Test worker] org.hibernate.SQL                        : 
    select
        pl1_0.id 
    from
        postlikes pl1_0 
    where
        pl1_0.post_id=? 
        and pl1_0.user_id=? 
    limit
        ?
Hibernate: 
    select
        pl1_0.id 
    from
        postlikes pl1_0 
    where
        pl1_0.post_id=? 
        and pl1_0.user_id=? 
    limit
        ?
2025-05-09T20:52:37.090+09:00 DEBUG 31616 --- [    Test worker] org.hibernate.SQL                        : 
    select
        count(pl1_0.id) 
    from
        postlikes pl1_0 
    where
        pl1_0.post_id=?
Hibernate: 
    select
        count(pl1_0.id) 
    from
        postlikes pl1_0 
    where
        pl1_0.post_id=?
2025-05-09T20:52:37.092+09:00 DEBUG 31616 --- [    Test worker] org.hibernate.SQL                        : 
    select
        count(pl1_0.id) 
    from
        postlikes pl1_0 
    where
        pl1_0.post_id=?
Hibernate: 
    select
        count(pl1_0.id) 
    from
        postlikes pl1_0 
    where
        pl1_0.post_id=?
]]></system-out>
  <system-err><![CDATA[]]></system-err>
</testsuite>
