<?xml version="1.0" encoding="UTF-8"?>
<testsuite name="org.example.springboot.repository.PostLikeRepositoryTest" tests="1" skipped="0" failures="0" errors="0" timestamp="2025-05-09T11:10:44.548Z" hostname="bagbyeongchan-ui-MacBook-Pro.local" time="0.042">
  <properties/>
  <testcase name="게시물 좋아요 등록 및 조회 테스트" classname="org.example.springboot.repository.PostLikeRepositoryTest" time="0.042"/>
  <system-out><![CDATA[2025-05-09T20:10:44.546+09:00  INFO 18646 --- [    Test worker] t.c.s.AnnotationConfigContextLoaderUtils : Could not detect default configuration classes for test class [org.example.springboot.repository.PostLikeRepositoryTest]: PostLikeRepositoryTest does not declare any static, non-private, non-final, nested classes annotated with @Configuration.
2025-05-09T20:10:44.547+09:00  INFO 18646 --- [    Test worker] .b.t.c.SpringBootTestContextBootstrapper : Found @SpringBootConfiguration org.example.springboot.Application for test class org.example.springboot.repository.PostLikeRepositoryTest
2025-05-09T20:10:44.551+09:00 DEBUG 18646 --- [    Test worker] org.hibernate.SQL                        : 
    insert 
    into
        users
        (created_at, email, name, nickname, password, phone, profile, profile_img_path, role) 
    values
        (?, ?, ?, ?, ?, ?, ?, ?, ?)
Hibernate: 
    insert 
    into
        users
        (created_at, email, name, nickname, password, phone, profile, profile_img_path, role) 
    values
        (?, ?, ?, ?, ?, ?, ?, ?, ?)
2025-05-09T20:10:44.552+09:00 DEBUG 18646 --- [    Test worker] org.hibernate.SQL                        : 
    insert 
    into
        users
        (created_at, email, name, nickname, password, phone, profile, profile_img_path, role) 
    values
        (?, ?, ?, ?, ?, ?, ?, ?, ?)
Hibernate: 
    insert 
    into
        users
        (created_at, email, name, nickname, password, phone, profile, profile_img_path, role) 
    values
        (?, ?, ?, ?, ?, ?, ?, ?, ?)
2025-05-09T20:10:44.554+09:00 DEBUG 18646 --- [    Test worker] org.hibernate.SQL                        : 
    insert 
    into
        users
        (created_at, email, name, nickname, password, phone, profile, profile_img_path, role) 
    values
        (?, ?, ?, ?, ?, ?, ?, ?, ?)
Hibernate: 
    insert 
    into
        users
        (created_at, email, name, nickname, password, phone, profile, profile_img_path, role) 
    values
        (?, ?, ?, ?, ?, ?, ?, ?, ?)
2025-05-09T20:10:44.555+09:00 DEBUG 18646 --- [    Test worker] org.hibernate.SQL                        : 
    insert 
    into
        posts
        (content, created_at, status, title, updated_at, user_id) 
    values
        (?, ?, ?, ?, ?, ?)
Hibernate: 
    insert 
    into
        posts
        (content, created_at, status, title, updated_at, user_id) 
    values
        (?, ?, ?, ?, ?, ?)
2025-05-09T20:10:44.557+09:00 DEBUG 18646 --- [    Test worker] org.hibernate.SQL                        : 
    insert 
    into
        posts
        (content, created_at, status, title, updated_at, user_id) 
    values
        (?, ?, ?, ?, ?, ?)
Hibernate: 
    insert 
    into
        posts
        (content, created_at, status, title, updated_at, user_id) 
    values
        (?, ?, ?, ?, ?, ?)
2025-05-09T20:10:44.559+09:00 DEBUG 18646 --- [    Test worker] org.hibernate.SQL                        : 
    insert 
    into
        postlikes
        (post_id, user_id) 
    values
        (?, ?)
Hibernate: 
    insert 
    into
        postlikes
        (post_id, user_id) 
    values
        (?, ?)
2025-05-09T20:10:44.560+09:00 DEBUG 18646 --- [    Test worker] org.hibernate.SQL                        : 
    insert 
    into
        postlikes
        (post_id, user_id) 
    values
        (?, ?)
Hibernate: 
    insert 
    into
        postlikes
        (post_id, user_id) 
    values
        (?, ?)
2025-05-09T20:10:44.561+09:00 DEBUG 18646 --- [    Test worker] org.hibernate.SQL                        : 
    insert 
    into
        postlikes
        (post_id, user_id) 
    values
        (?, ?)
Hibernate: 
    insert 
    into
        postlikes
        (post_id, user_id) 
    values
        (?, ?)
2025-05-09T20:10:44.562+09:00 DEBUG 18646 --- [    Test worker] org.hibernate.SQL                        : 
    insert 
    into
        postlikes
        (post_id, user_id) 
    values
        (?, ?)
Hibernate: 
    insert 
    into
        postlikes
        (post_id, user_id) 
    values
        (?, ?)
2025-05-09T20:10:44.564+09:00 DEBUG 18646 --- [    Test worker] org.hibernate.SQL                        : 
    select
        pl1_0.id,
        pl1_0.post_id,
        pl1_0.user_id 
    from
        postlikes pl1_0
Hibernate: 
    select
        pl1_0.id,
        pl1_0.post_id,
        pl1_0.user_id 
    from
        postlikes pl1_0
2025-05-09T20:10:44.567+09:00 DEBUG 18646 --- [    Test worker] org.hibernate.SQL                        : 
    select
        pl1_0.id,
        pl1_0.post_id,
        pl1_0.user_id 
    from
        postlikes pl1_0 
    where
        pl1_0.post_id=?
Hibernate: 
    select
        pl1_0.id,
        pl1_0.post_id,
        pl1_0.user_id 
    from
        postlikes pl1_0 
    where
        pl1_0.post_id=?
2025-05-09T20:10:44.568+09:00 DEBUG 18646 --- [    Test worker] org.hibernate.SQL                        : 
    select
        pl1_0.id,
        pl1_0.post_id,
        pl1_0.user_id 
    from
        postlikes pl1_0 
    where
        pl1_0.post_id=?
Hibernate: 
    select
        pl1_0.id,
        pl1_0.post_id,
        pl1_0.user_id 
    from
        postlikes pl1_0 
    where
        pl1_0.post_id=?
2025-05-09T20:10:44.570+09:00 DEBUG 18646 --- [    Test worker] org.hibernate.SQL                        : 
    select
        pl1_0.id,
        pl1_0.post_id,
        pl1_0.user_id 
    from
        postlikes pl1_0 
    where
        pl1_0.user_id=?
Hibernate: 
    select
        pl1_0.id,
        pl1_0.post_id,
        pl1_0.user_id 
    from
        postlikes pl1_0 
    where
        pl1_0.user_id=?
2025-05-09T20:10:44.572+09:00 DEBUG 18646 --- [    Test worker] org.hibernate.SQL                        : 
    select
        pl1_0.id,
        pl1_0.post_id,
        pl1_0.user_id 
    from
        postlikes pl1_0 
    where
        pl1_0.user_id=?
Hibernate: 
    select
        pl1_0.id,
        pl1_0.post_id,
        pl1_0.user_id 
    from
        postlikes pl1_0 
    where
        pl1_0.user_id=?
2025-05-09T20:10:44.574+09:00 DEBUG 18646 --- [    Test worker] org.hibernate.SQL                        : 
    select
        pl1_0.id,
        pl1_0.post_id,
        pl1_0.user_id 
    from
        postlikes pl1_0 
    where
        pl1_0.post_id=? 
        and pl1_0.user_id=?
Hibernate: 
    select
        pl1_0.id,
        pl1_0.post_id,
        pl1_0.user_id 
    from
        postlikes pl1_0 
    where
        pl1_0.post_id=? 
        and pl1_0.user_id=?
2025-05-09T20:10:44.577+09:00 DEBUG 18646 --- [    Test worker] org.hibernate.SQL                        : 
    select
        pl1_0.id 
    from
        postlikes pl1_0 
    where
        pl1_0.post_id=? 
        and pl1_0.user_id=? 
    limit
        ?
Hibernate: 
    select
        pl1_0.id 
    from
        postlikes pl1_0 
    where
        pl1_0.post_id=? 
        and pl1_0.user_id=? 
    limit
        ?
2025-05-09T20:10:44.580+09:00 DEBUG 18646 --- [    Test worker] org.hibernate.SQL                        : 
    select
        pl1_0.id 
    from
        postlikes pl1_0 
    where
        pl1_0.post_id=? 
        and pl1_0.user_id=? 
    limit
        ?
Hibernate: 
    select
        pl1_0.id 
    from
        postlikes pl1_0 
    where
        pl1_0.post_id=? 
        and pl1_0.user_id=? 
    limit
        ?
2025-05-09T20:10:44.585+09:00 DEBUG 18646 --- [    Test worker] org.hibernate.SQL                        : 
    select
        count(pl1_0.id) 
    from
        postlikes pl1_0 
    where
        pl1_0.post_id=?
Hibernate: 
    select
        count(pl1_0.id) 
    from
        postlikes pl1_0 
    where
        pl1_0.post_id=?
2025-05-09T20:10:44.587+09:00 DEBUG 18646 --- [    Test worker] org.hibernate.SQL                        : 
    select
        count(pl1_0.id) 
    from
        postlikes pl1_0 
    where
        pl1_0.post_id=?
Hibernate: 
    select
        count(pl1_0.id) 
    from
        postlikes pl1_0 
    where
        pl1_0.post_id=?
]]></system-out>
  <system-err><![CDATA[]]></system-err>
</testsuite>
